-- Found ament_cmake: 1.3.5 (/opt/ros/humble/share/ament_cmake/cmake)
-- Found rclcpp: 16.0.6 (/opt/ros/humble/share/rclcpp/cmake)
-- Found rosidl_generator_c: 3.1.5 (/opt/ros/humble/share/rosidl_generator_c/cmake)
-- Found rosidl_adapter: 3.1.5 (/opt/ros/humble/share/rosidl_adapter/cmake)
-- Found rosidl_generator_cpp: 3.1.5 (/opt/ros/humble/share/rosidl_generator_cpp/cmake)
-- Using all available rosidl_typesupport_c: rosidl_typesupport_fastrtps_c;rosidl_typesupport_introspection_c
-- Using all available rosidl_typesupport_cpp: rosidl_typesupport_fastrtps_cpp;rosidl_typesupport_introspection_cpp
-- Found rmw_implementation_cmake: 6.1.1 (/opt/ros/humble/share/rmw_implementation_cmake/cmake)
-- Found rmw_fastrtps_cpp: 6.2.4 (/opt/ros/humble/share/rmw_fastrtps_cpp/cmake)
-- Using RMW implementation 'rmw_fastrtps_cpp' as default
-- Found tf2: 0.25.4 (/opt/ros/humble/share/tf2/cmake)
-- Found tf2_ros: 0.25.4 (/opt/ros/humble/share/tf2_ros/cmake)
-- Found nav_msgs: 4.2.3 (/opt/ros/humble/share/nav_msgs/cmake)
-- Found wifibot_msgs: 0.0.0 (/home/greg/ros2_ws/install/wifibot_msgs/share/wifibot_msgs/cmake)
-- Found lib_wifibot: 0.0.0 (/home/greg/ros2_ws/install/lib_wifibot/share/lib_wifibot/cmake)
-- Found tf2_geometry_msgs: 0.25.4 (/opt/ros/humble/share/tf2_geometry_msgs/cmake)
-- Found eigen3_cmake_module: 0.1.1 (/opt/ros/humble/share/eigen3_cmake_module/cmake)
-- Found Eigen3: TRUE (found version "3.4.0") 
-- Ensuring Eigen3 include directory is part of orocos-kdl CMake target
-- Configuring done
-- Generating done
-- Build files have been written to: /home/greg/ros2_ws/build/roswifibot
[ 50%] [32mBuilding CXX object CMakeFiles/roswifibot_node.dir/src/wifibot.cpp.o[0m
[100%] [32m[1mLinking CXX executable roswifibot_node[0m
[100%] Built target roswifibot_node
-- Install configuration: ""
-- Installing: /home/greg/ros2_ws/install/roswifibot/lib/roswifibot/roswifibot_node
-- Set runtime path of "/home/greg/ros2_ws/install/roswifibot/lib/roswifibot/roswifibot_node" to ""
-- Installing: /home/greg/ros2_ws/install/roswifibot/share/roswifibot//launch
-- Installing: /home/greg/ros2_ws/install/roswifibot/share/roswifibot//launch/robot_launch.launch
-- Installing: /home/greg/ros2_ws/install/roswifibot/share/roswifibot//launch/joy_teleop_launch.py
-- Installing: /home/greg/ros2_ws/install/roswifibot/share/roswifibot//launch/firewire.launch
-- Installing: /home/greg/ros2_ws/install/roswifibot/share/roswifibot//launch/robot_launch.py
-- Installing: /home/greg/ros2_ws/install/roswifibot/share/roswifibot//launch/joy_teleop.launch
-- Installing: /home/greg/ros2_ws/install/roswifibot/share/roswifibot//launch/keyboard_teleop.launch
-- Installing: /home/greg/ros2_ws/install/roswifibot/share/roswifibot//launch/hokuyo.launch
-- Installing: /home/greg/ros2_ws/install/roswifibot/share/roswifibot//config
-- Installing: /home/greg/ros2_ws/install/roswifibot/share/roswifibot//config/wifibot.yaml
-- Installing: /home/greg/ros2_ws/install/roswifibot/share/ament_index/resource_index/package_run_dependencies/roswifibot
-- Installing: /home/greg/ros2_ws/install/roswifibot/share/ament_index/resource_index/parent_prefix_path/roswifibot
-- Installing: /home/greg/ros2_ws/install/roswifibot/share/roswifibot/environment/ament_prefix_path.sh
-- Installing: /home/greg/ros2_ws/install/roswifibot/share/roswifibot/environment/ament_prefix_path.dsv
-- Installing: /home/greg/ros2_ws/install/roswifibot/share/roswifibot/environment/path.sh
-- Installing: /home/greg/ros2_ws/install/roswifibot/share/roswifibot/environment/path.dsv
-- Installing: /home/greg/ros2_ws/install/roswifibot/share/roswifibot/local_setup.bash
-- Installing: /home/greg/ros2_ws/install/roswifibot/share/roswifibot/local_setup.sh
-- Installing: /home/greg/ros2_ws/install/roswifibot/share/roswifibot/local_setup.zsh
-- Installing: /home/greg/ros2_ws/install/roswifibot/share/roswifibot/local_setup.dsv
-- Installing: /home/greg/ros2_ws/install/roswifibot/share/roswifibot/package.dsv
-- Installing: /home/greg/ros2_ws/install/roswifibot/share/ament_index/resource_index/packages/roswifibot
-- Installing: /home/greg/ros2_ws/install/roswifibot/share/roswifibot/cmake/ament_cmake_export_dependencies-extras.cmake
-- Installing: /home/greg/ros2_ws/install/roswifibot/share/roswifibot/cmake/ament_cmake_export_include_directories-extras.cmake
-- Installing: /home/greg/ros2_ws/install/roswifibot/share/roswifibot/cmake/roswifibotConfig.cmake
-- Installing: /home/greg/ros2_ws/install/roswifibot/share/roswifibot/cmake/roswifibotConfig-version.cmake
-- Installing: /home/greg/ros2_ws/install/roswifibot/share/roswifibot/package.xml
