[0.042s] Invoking command in '/home/greg/ros2_ws/build/roswifibot': CMAKE_PREFIX_PATH=${CMAKE_PREFIX_PATH}:/opt/ros/humble /usr/bin/cmake /home/greg/ros2_ws/src/roswifibot -DCMAKE_INSTALL_PREFIX=/home/greg/ros2_ws/install/roswifibot
[0.050s] -- Found ament_cmake: 1.3.5 (/opt/ros/humble/share/ament_cmake/cmake)
[0.147s] -- Found rclcpp: 16.0.6 (/opt/ros/humble/share/rclcpp/cmake)
[0.164s] -- Found rosidl_generator_c: 3.1.5 (/opt/ros/humble/share/rosidl_generator_c/cmake)
[0.166s] -- Found rosidl_adapter: 3.1.5 (/opt/ros/humble/share/rosidl_adapter/cmake)
[0.169s] -- Found rosidl_generator_cpp: 3.1.5 (/opt/ros/humble/share/rosidl_generator_cpp/cmake)
[0.177s] -- Using all available rosidl_typesupport_c: rosidl_typesupport_fastrtps_c;rosidl_typesupport_introspection_c
[0.187s] -- Using all available rosidl_typesupport_cpp: rosidl_typesupport_fastrtps_cpp;rosidl_typesupport_introspection_cpp
[0.224s] -- Found rmw_implementation_cmake: 6.1.1 (/opt/ros/humble/share/rmw_implementation_cmake/cmake)
[0.225s] -- Found rmw_fastrtps_cpp: 6.2.4 (/opt/ros/humble/share/rmw_fastrtps_cpp/cmake)
[0.291s] -- Using RMW implementation 'rmw_fastrtps_cpp' as default
[0.392s] -- Found tf2: 0.25.4 (/opt/ros/humble/share/tf2/cmake)
[0.422s] -- Found tf2_ros: 0.25.4 (/opt/ros/humble/share/tf2_ros/cmake)
[0.643s] -- Found nav_msgs: 4.2.3 (/opt/ros/humble/share/nav_msgs/cmake)
[0.705s] -- Found wifibot_msgs: 0.0.0 (/home/greg/ros2_ws/install/wifibot_msgs/share/wifibot_msgs/cmake)
[0.705s] -- Found lib_wifibot: 0.0.0 (/home/greg/ros2_ws/install/lib_wifibot/share/lib_wifibot/cmake)
[0.709s] -- Found tf2_geometry_msgs: 0.25.4 (/opt/ros/humble/share/tf2_geometry_msgs/cmake)
[0.724s] -- Found eigen3_cmake_module: 0.1.1 (/opt/ros/humble/share/eigen3_cmake_module/cmake)
[0.726s] -- Found Eigen3: TRUE (found version "3.4.0") 
[0.726s] -- Ensuring Eigen3 include directory is part of orocos-kdl CMake target
[0.774s] -- Configuring done
[0.784s] -- Generating done
[0.786s] -- Build files have been written to: /home/greg/ros2_ws/build/roswifibot
[0.791s] Invoked command in '/home/greg/ros2_ws/build/roswifibot' returned '0': CMAKE_PREFIX_PATH=${CMAKE_PREFIX_PATH}:/opt/ros/humble /usr/bin/cmake /home/greg/ros2_ws/src/roswifibot -DCMAKE_INSTALL_PREFIX=/home/greg/ros2_ws/install/roswifibot
[0.792s] Invoking command in '/home/greg/ros2_ws/build/roswifibot': CMAKE_PREFIX_PATH=${CMAKE_PREFIX_PATH}:/opt/ros/humble /usr/bin/cmake --build /home/greg/ros2_ws/build/roswifibot -- -j16 -l16
[0.834s] [ 50%] [32mBuilding CXX object CMakeFiles/roswifibot_node.dir/src/wifibot.cpp.o[0m
[4.315s] [100%] [32m[1mLinking CXX executable roswifibot_node[0m
[4.532s] [100%] Built target roswifibot_node
[4.541s] Invoked command in '/home/greg/ros2_ws/build/roswifibot' returned '0': CMAKE_PREFIX_PATH=${CMAKE_PREFIX_PATH}:/opt/ros/humble /usr/bin/cmake --build /home/greg/ros2_ws/build/roswifibot -- -j16 -l16
[4.568s] Invoking command in '/home/greg/ros2_ws/build/roswifibot': CMAKE_PREFIX_PATH=${CMAKE_PREFIX_PATH}:/opt/ros/humble /usr/bin/cmake --install /home/greg/ros2_ws/build/roswifibot
[4.574s] -- Install configuration: ""
[4.574s] -- Installing: /home/greg/ros2_ws/install/roswifibot/lib/roswifibot/roswifibot_node
[4.575s] -- Set runtime path of "/home/greg/ros2_ws/install/roswifibot/lib/roswifibot/roswifibot_node" to ""
[4.575s] -- Installing: /home/greg/ros2_ws/install/roswifibot/share/roswifibot//launch
[4.575s] -- Installing: /home/greg/ros2_ws/install/roswifibot/share/roswifibot//launch/robot_launch.launch
[4.576s] -- Installing: /home/greg/ros2_ws/install/roswifibot/share/roswifibot//launch/joy_teleop_launch.py
[4.576s] -- Installing: /home/greg/ros2_ws/install/roswifibot/share/roswifibot//launch/firewire.launch
[4.576s] -- Installing: /home/greg/ros2_ws/install/roswifibot/share/roswifibot//launch/robot_launch.py
[4.576s] -- Installing: /home/greg/ros2_ws/install/roswifibot/share/roswifibot//launch/joy_teleop.launch
[4.576s] -- Installing: /home/greg/ros2_ws/install/roswifibot/share/roswifibot//launch/keyboard_teleop.launch
[4.576s] -- Installing: /home/greg/ros2_ws/install/roswifibot/share/roswifibot//launch/hokuyo.launch
[4.576s] -- Installing: /home/greg/ros2_ws/install/roswifibot/share/roswifibot//config
[4.576s] -- Installing: /home/greg/ros2_ws/install/roswifibot/share/roswifibot//config/wifibot.yaml
[4.576s] -- Installing: /home/greg/ros2_ws/install/roswifibot/share/ament_index/resource_index/package_run_dependencies/roswifibot
[4.576s] -- Installing: /home/greg/ros2_ws/install/roswifibot/share/ament_index/resource_index/parent_prefix_path/roswifibot
[4.576s] -- Installing: /home/greg/ros2_ws/install/roswifibot/share/roswifibot/environment/ament_prefix_path.sh
[4.576s] -- Installing: /home/greg/ros2_ws/install/roswifibot/share/roswifibot/environment/ament_prefix_path.dsv
[4.576s] -- Installing: /home/greg/ros2_ws/install/roswifibot/share/roswifibot/environment/path.sh
[4.576s] -- Installing: /home/greg/ros2_ws/install/roswifibot/share/roswifibot/environment/path.dsv
[4.576s] -- Installing: /home/greg/ros2_ws/install/roswifibot/share/roswifibot/local_setup.bash
[4.576s] -- Installing: /home/greg/ros2_ws/install/roswifibot/share/roswifibot/local_setup.sh
[4.577s] -- Installing: /home/greg/ros2_ws/install/roswifibot/share/roswifibot/local_setup.zsh
[4.577s] -- Installing: /home/greg/ros2_ws/install/roswifibot/share/roswifibot/local_setup.dsv
[4.577s] -- Installing: /home/greg/ros2_ws/install/roswifibot/share/roswifibot/package.dsv
[4.577s] -- Installing: /home/greg/ros2_ws/install/roswifibot/share/ament_index/resource_index/packages/roswifibot
[4.577s] -- Installing: /home/greg/ros2_ws/install/roswifibot/share/roswifibot/cmake/ament_cmake_export_dependencies-extras.cmake
[4.577s] -- Installing: /home/greg/ros2_ws/install/roswifibot/share/roswifibot/cmake/ament_cmake_export_include_directories-extras.cmake
[4.577s] -- Installing: /home/greg/ros2_ws/install/roswifibot/share/roswifibot/cmake/roswifibotConfig.cmake
[4.577s] -- Installing: /home/greg/ros2_ws/install/roswifibot/share/roswifibot/cmake/roswifibotConfig-version.cmake
[4.577s] -- Installing: /home/greg/ros2_ws/install/roswifibot/share/roswifibot/package.xml
[4.580s] Invoked command in '/home/greg/ros2_ws/build/roswifibot' returned '0': CMAKE_PREFIX_PATH=${CMAKE_PREFIX_PATH}:/opt/ros/humble /usr/bin/cmake --install /home/greg/ros2_ws/build/roswifibot
