[0.105s] Invoking command in '/home/greg/ros2_ws/build/lib_wifibot': CMAKE_PREFIX_PATH=${CMAKE_PREFIX_PATH}:/opt/ros/humble /usr/bin/cmake /home/greg/ros2_ws/src/lib_wifibot -DCMAKE_INSTALL_PREFIX=/home/greg/ros2_ws/install/lib_wifibot
[0.155s] -- The C compiler identification is GNU 11.4.0
[0.201s] -- The CXX compiler identification is GNU 11.4.0
[0.207s] -- Detecting C compiler ABI info
[0.263s] -- Detecting C compiler ABI info - done
[0.267s] -- Check for working C compiler: /usr/bin/cc - skipped
[0.267s] -- Detecting C compile features
[0.268s] -- Detecting C compile features - done
[0.270s] -- Detecting CXX compiler ABI info
[0.347s] -- Detecting CXX compiler ABI info - done
[0.353s] -- Check for working CXX compiler: /usr/bin/c++ - skipped
[0.353s] -- Detecting CXX compile features
[0.353s] -- Detecting CXX compile features - done
[0.354s] -- Found ament_cmake: 1.3.5 (/opt/ros/humble/share/ament_cmake/cmake)
[0.484s] -- Found Python3: /usr/bin/python3.10 (found version "3.10.12") found components: Interpreter 
[0.543s] -- Found ament_lint_auto: 0.12.8 (/opt/ros/humble/share/ament_lint_auto/cmake)
[0.595s] -- Found rosidl_default_generators: 1.2.0 (/opt/ros/humble/share/rosidl_default_generators/cmake)
[0.597s] -- Using all available rosidl_typesupport_c: rosidl_typesupport_fastrtps_c;rosidl_typesupport_introspection_c
[0.600s] -- Found rosidl_adapter: 3.1.5 (/opt/ros/humble/share/rosidl_adapter/cmake)
[0.623s] -- Using all available rosidl_typesupport_cpp: rosidl_typesupport_fastrtps_cpp;rosidl_typesupport_introspection_cpp
[0.646s] -- Added test 'cppcheck' to perform static code analysis on C / C++ code
[0.646s] -- Configured cppcheck include dirs: /home/greg/ros2_ws/src/lib_wifibot/include
[0.646s] -- Configured cppcheck exclude dirs and/or files: 
[0.647s] -- Added test 'lint_cmake' to check CMake code style
[0.648s] -- Added test 'uncrustify' to check C / C++ code style
[0.648s] -- Configured uncrustify additional arguments: 
[0.649s] -- Added test 'xmllint' to check XML markup files
[0.650s] -- Configuring done
[0.653s] -- Generating done
[0.654s] -- Build files have been written to: /home/greg/ros2_ws/build/lib_wifibot
[0.662s] Invoked command in '/home/greg/ros2_ws/build/lib_wifibot' returned '0': CMAKE_PREFIX_PATH=${CMAKE_PREFIX_PATH}:/opt/ros/humble /usr/bin/cmake /home/greg/ros2_ws/src/lib_wifibot -DCMAKE_INSTALL_PREFIX=/home/greg/ros2_ws/install/lib_wifibot
[0.664s] Invoking command in '/home/greg/ros2_ws/build/lib_wifibot': CMAKE_PREFIX_PATH=${CMAKE_PREFIX_PATH}:/opt/ros/humble /usr/bin/cmake --build /home/greg/ros2_ws/build/lib_wifibot -- -j16 -l16
[0.706s] [ 50%] [32mBuilding CXX object CMakeFiles/lib_wifibot.dir/src/libwifibot.cpp.o[0m
[0.921s] [100%] [32m[1mLinking CXX static library liblib_wifibot.a[0m
[0.948s] [100%] Built target lib_wifibot
[0.957s] Invoked command in '/home/greg/ros2_ws/build/lib_wifibot' returned '0': CMAKE_PREFIX_PATH=${CMAKE_PREFIX_PATH}:/opt/ros/humble /usr/bin/cmake --build /home/greg/ros2_ws/build/lib_wifibot -- -j16 -l16
[0.989s] Invoking command in '/home/greg/ros2_ws/build/lib_wifibot': CMAKE_PREFIX_PATH=${CMAKE_PREFIX_PATH}:/opt/ros/humble /usr/bin/cmake --install /home/greg/ros2_ws/build/lib_wifibot
[0.995s] -- Install configuration: ""
[0.995s] -- Installing: /home/greg/ros2_ws/install/lib_wifibot/share/lib_wifibot/environment/library_path.sh
[0.995s] -- Installing: /home/greg/ros2_ws/install/lib_wifibot/share/lib_wifibot/environment/library_path.dsv
[0.995s] -- Installing: /home/greg/ros2_ws/install/lib_wifibot/include/lib_wifibot
[0.996s] -- Installing: /home/greg/ros2_ws/install/lib_wifibot/include/lib_wifibot/libwifibot.h
[0.996s] -- Installing: /home/greg/ros2_ws/install/lib_wifibot/lib/liblib_wifibot.a
[0.996s] -- Installing: /home/greg/ros2_ws/install/lib_wifibot/share/ament_index/resource_index/package_run_dependencies/lib_wifibot
[0.996s] -- Installing: /home/greg/ros2_ws/install/lib_wifibot/share/ament_index/resource_index/parent_prefix_path/lib_wifibot
[0.996s] -- Installing: /home/greg/ros2_ws/install/lib_wifibot/share/lib_wifibot/environment/ament_prefix_path.sh
[0.996s] -- Installing: /home/greg/ros2_ws/install/lib_wifibot/share/lib_wifibot/environment/ament_prefix_path.dsv
[0.996s] -- Installing: /home/greg/ros2_ws/install/lib_wifibot/share/lib_wifibot/environment/path.sh
[0.996s] -- Installing: /home/greg/ros2_ws/install/lib_wifibot/share/lib_wifibot/environment/path.dsv
[0.996s] -- Installing: /home/greg/ros2_ws/install/lib_wifibot/share/lib_wifibot/local_setup.bash
[0.996s] -- Installing: /home/greg/ros2_ws/install/lib_wifibot/share/lib_wifibot/local_setup.sh
[0.996s] -- Installing: /home/greg/ros2_ws/install/lib_wifibot/share/lib_wifibot/local_setup.zsh
[0.996s] -- Installing: /home/greg/ros2_ws/install/lib_wifibot/share/lib_wifibot/local_setup.dsv
[0.998s] -- Installing: /home/greg/ros2_ws/install/lib_wifibot/share/lib_wifibot/package.dsv
[0.999s] -- Installing: /home/greg/ros2_ws/install/lib_wifibot/share/ament_index/resource_index/packages/lib_wifibot
[1.000s] -- Installing: /home/greg/ros2_ws/install/lib_wifibot/share/lib_wifibot/cmake/lib_wifibotExport.cmake
[1.001s] -- Installing: /home/greg/ros2_ws/install/lib_wifibot/share/lib_wifibot/cmake/lib_wifibotExport-noconfig.cmake
[1.001s] -- Installing: /home/greg/ros2_ws/install/lib_wifibot/share/lib_wifibot/cmake/ament_cmake_export_targets-extras.cmake
[1.001s] -- Installing: /home/greg/ros2_ws/install/lib_wifibot/share/lib_wifibot/cmake/lib_wifibotConfig.cmake
[1.001s] -- Installing: /home/greg/ros2_ws/install/lib_wifibot/share/lib_wifibot/cmake/lib_wifibotConfig-version.cmake
[1.001s] -- Installing: /home/greg/ros2_ws/install/lib_wifibot/share/lib_wifibot/package.xml
[1.001s] Invoked command in '/home/greg/ros2_ws/build/lib_wifibot' returned '0': CMAKE_PREFIX_PATH=${CMAKE_PREFIX_PATH}:/opt/ros/humble /usr/bin/cmake --install /home/greg/ros2_ws/build/lib_wifibot
