[0.169s] Invoking command in '/home/greg/ros2_ws/src/build/joy2twist': CMAKE_PREFIX_PATH=${CMAKE_PREFIX_PATH}:/opt/ros/humble /usr/bin/cmake /home/greg/ros2_ws/src/joy2twist/joy2twist -DCMAKE_INSTALL_PREFIX=/home/greg/ros2_ws/src/install/joy2twist
[0.290s] -- The C compiler identification is GNU 11.4.0
[0.413s] -- The CXX compiler identification is GNU 11.4.0
[0.427s] -- Detecting C compiler ABI info
[0.594s] -- Detecting C compiler ABI info - done
[0.601s] -- Check for working C compiler: /usr/bin/cc - skipped
[0.602s] -- Detecting C compile features
[0.602s] -- Detecting C compile features - done
[0.607s] -- Detecting CXX compiler ABI info
[0.793s] -- Detecting CXX compiler ABI info - done
[0.801s] -- Check for working CXX compiler: /usr/bin/c++ - skipped
[0.801s] -- Detecting CXX compile features
[0.802s] -- Detecting CXX compile features - done
[0.808s] -- Found ament_cmake: 1.3.5 (/opt/ros/humble/share/ament_cmake/cmake)
[1.053s] -- Found Python3: /usr/bin/python3.10 (found version "3.10.12") found components: Interpreter 
[1.209s] -- Found ament_index_cpp: 1.4.0 (/opt/ros/humble/share/ament_index_cpp/cmake)
[1.213s] -- Found rclcpp: 16.0.6 (/opt/ros/humble/share/rclcpp/cmake)
[1.291s] -- Found rosidl_generator_c: 3.1.5 (/opt/ros/humble/share/rosidl_generator_c/cmake)
[1.303s] -- Found rosidl_adapter: 3.1.5 (/opt/ros/humble/share/rosidl_adapter/cmake)
[1.321s] -- Found rosidl_generator_cpp: 3.1.5 (/opt/ros/humble/share/rosidl_generator_cpp/cmake)
[1.349s] -- Using all available rosidl_typesupport_c: rosidl_typesupport_fastrtps_c;rosidl_typesupport_introspection_c
[1.390s] -- Using all available rosidl_typesupport_cpp: rosidl_typesupport_fastrtps_cpp;rosidl_typesupport_introspection_cpp
[1.520s] -- Found rmw_implementation_cmake: 6.1.1 (/opt/ros/humble/share/rmw_implementation_cmake/cmake)
[1.525s] -- Found rmw_fastrtps_cpp: 6.2.4 (/opt/ros/humble/share/rmw_fastrtps_cpp/cmake)
[1.734s] -- Found OpenSSL: /usr/lib/x86_64-linux-gnu/libcrypto.so (found version "3.0.2")  
[1.770s] -- Found FastRTPS: /opt/ros/humble/include  
[1.842s] -- Using RMW implementation 'rmw_fastrtps_cpp' as default
[1.863s] -- Looking for pthread.h
[2.037s] -- Looking for pthread.h - found
[2.039s] -- Performing Test CMAKE_HAVE_LIBC_PTHREAD
[2.214s] -- Performing Test CMAKE_HAVE_LIBC_PTHREAD - Success
[2.217s] -- Found Threads: TRUE  
[2.472s] -- Found geometry_msgs: 4.2.3 (/opt/ros/humble/share/geometry_msgs/cmake)
[2.542s] -- Found sensor_msgs: 4.2.3 (/opt/ros/humble/share/sensor_msgs/cmake)
[2.671s] -- Found joy_linux: 3.1.0 (/opt/ros/humble/share/joy_linux/cmake)
[2.676s] -- Found ament_lint_auto: 0.12.8 (/opt/ros/humble/share/ament_lint_auto/cmake)
[2.779s] -- Configuring done
[2.803s] -- Generating done
[2.806s] -- Build files have been written to: /home/greg/ros2_ws/src/build/joy2twist
[2.829s] Invoked command in '/home/greg/ros2_ws/src/build/joy2twist' returned '0': CMAKE_PREFIX_PATH=${CMAKE_PREFIX_PATH}:/opt/ros/humble /usr/bin/cmake /home/greg/ros2_ws/src/joy2twist/joy2twist -DCMAKE_INSTALL_PREFIX=/home/greg/ros2_ws/src/install/joy2twist
[2.830s] Invoking command in '/home/greg/ros2_ws/src/build/joy2twist': CMAKE_PREFIX_PATH=${CMAKE_PREFIX_PATH}:/opt/ros/humble /usr/bin/cmake --build /home/greg/ros2_ws/src/build/joy2twist -- -j16 -l16
[2.959s] [ 33%] [32mBuilding CXX object CMakeFiles/joy2twist.dir/src/main.cpp.o[0m
[2.966s] [ 66%] [32mBuilding CXX object CMakeFiles/joy2twist.dir/src/joy2twist_node.cpp.o[0m
[13.790s] [100%] [32m[1mLinking CXX executable joy2twist[0m
[14.581s] [100%] Built target joy2twist
[14.605s] Invoked command in '/home/greg/ros2_ws/src/build/joy2twist' returned '0': CMAKE_PREFIX_PATH=${CMAKE_PREFIX_PATH}:/opt/ros/humble /usr/bin/cmake --build /home/greg/ros2_ws/src/build/joy2twist -- -j16 -l16
[14.707s] Invoking command in '/home/greg/ros2_ws/src/build/joy2twist': CMAKE_PREFIX_PATH=${CMAKE_PREFIX_PATH}:/opt/ros/humble /usr/bin/cmake --install /home/greg/ros2_ws/src/build/joy2twist
[14.724s] -- Install configuration: ""
[14.725s] -- Installing: /home/greg/ros2_ws/src/install/joy2twist/lib/joy2twist/joy2twist
[14.738s] -- Set runtime path of "/home/greg/ros2_ws/src/install/joy2twist/lib/joy2twist/joy2twist" to ""
[14.738s] -- Installing: /home/greg/ros2_ws/src/install/joy2twist/share/joy2twist//launch
[14.739s] -- Installing: /home/greg/ros2_ws/src/install/joy2twist/share/joy2twist//launch/joy2twist.launch.py
[14.739s] -- Installing: /home/greg/ros2_ws/src/install/joy2twist/share/joy2twist//launch/gamepad_controller.launch.py
[14.739s] -- Installing: /home/greg/ros2_ws/src/install/joy2twist/share/joy2twist//config
[14.740s] -- Installing: /home/greg/ros2_ws/src/install/joy2twist/share/joy2twist//config/joy2twist.yaml
[14.740s] -- Installing: /home/greg/ros2_ws/src/install/joy2twist/share/joy2twist//config/joy2twist_panther.yaml
[14.740s] -- Installing: /home/greg/ros2_ws/src/install/joy2twist/share/ament_index/resource_index/package_run_dependencies/joy2twist
[14.741s] -- Installing: /home/greg/ros2_ws/src/install/joy2twist/share/ament_index/resource_index/parent_prefix_path/joy2twist
[14.741s] -- Installing: /home/greg/ros2_ws/src/install/joy2twist/share/joy2twist/environment/ament_prefix_path.sh
[14.742s] -- Installing: /home/greg/ros2_ws/src/install/joy2twist/share/joy2twist/environment/ament_prefix_path.dsv
[14.742s] -- Installing: /home/greg/ros2_ws/src/install/joy2twist/share/joy2twist/environment/path.sh
[14.743s] -- Installing: /home/greg/ros2_ws/src/install/joy2twist/share/joy2twist/environment/path.dsv
[14.743s] -- Installing: /home/greg/ros2_ws/src/install/joy2twist/share/joy2twist/local_setup.bash
[14.743s] -- Installing: /home/greg/ros2_ws/src/install/joy2twist/share/joy2twist/local_setup.sh
[14.743s] -- Installing: /home/greg/ros2_ws/src/install/joy2twist/share/joy2twist/local_setup.zsh
[14.744s] -- Installing: /home/greg/ros2_ws/src/install/joy2twist/share/joy2twist/local_setup.dsv
[14.744s] -- Installing: /home/greg/ros2_ws/src/install/joy2twist/share/joy2twist/package.dsv
[14.745s] -- Installing: /home/greg/ros2_ws/src/install/joy2twist/share/ament_index/resource_index/packages/joy2twist
[14.745s] -- Installing: /home/greg/ros2_ws/src/install/joy2twist/share/joy2twist/cmake/ament_cmake_export_include_directories-extras.cmake
[14.746s] -- Installing: /home/greg/ros2_ws/src/install/joy2twist/share/joy2twist/cmake/joy2twistConfig.cmake
[14.746s] -- Installing: /home/greg/ros2_ws/src/install/joy2twist/share/joy2twist/cmake/joy2twistConfig-version.cmake
[14.746s] -- Installing: /home/greg/ros2_ws/src/install/joy2twist/share/joy2twist/package.xml
[14.749s] Invoked command in '/home/greg/ros2_ws/src/build/joy2twist' returned '0': CMAKE_PREFIX_PATH=${CMAKE_PREFIX_PATH}:/opt/ros/humble /usr/bin/cmake --install /home/greg/ros2_ws/src/build/joy2twist
