[0.063s] Invoking command in '/home/greg/ros2_ws/build/lib_wifibot': CMAKE_PREFIX_PATH=${CMAKE_PREFIX_PATH}:/opt/ros/humble /usr/bin/cmake --build /home/greg/ros2_ws/build/lib_wifibot -- -j16 -l16
[0.120s] [100%] Built target lib_wifibot
[0.136s] Invoked command in '/home/greg/ros2_ws/build/lib_wifibot' returned '0': CMAKE_PREFIX_PATH=${CMAKE_PREFIX_PATH}:/opt/ros/humble /usr/bin/cmake --build /home/greg/ros2_ws/build/lib_wifibot -- -j16 -l16
[0.186s] Invoking command in '/home/greg/ros2_ws/build/lib_wifibot': CMAKE_PREFIX_PATH=${CMAKE_PREFIX_PATH}:/opt/ros/humble /usr/bin/cmake --install /home/greg/ros2_ws/build/lib_wifibot
[0.193s] -- Install configuration: ""
[0.193s] -- Up-to-date: /home/greg/ros2_ws/install/lib_wifibot/share/lib_wifibot/environment/library_path.sh
[0.194s] -- Up-to-date: /home/greg/ros2_ws/install/lib_wifibot/share/lib_wifibot/environment/library_path.dsv
[0.194s] -- Up-to-date: /home/greg/ros2_ws/install/lib_wifibot/include/lib_wifibot
[0.194s] -- Up-to-date: /home/greg/ros2_ws/install/lib_wifibot/include/lib_wifibot/libwifibot.h
[0.194s] -- Up-to-date: /home/greg/ros2_ws/install/lib_wifibot/lib/liblib_wifibot.a
[0.194s] -- Up-to-date: /home/greg/ros2_ws/install/lib_wifibot/share/ament_index/resource_index/package_run_dependencies/lib_wifibot
[0.194s] -- Up-to-date: /home/greg/ros2_ws/install/lib_wifibot/share/ament_index/resource_index/parent_prefix_path/lib_wifibot
[0.195s] -- Up-to-date: /home/greg/ros2_ws/install/lib_wifibot/share/lib_wifibot/environment/ament_prefix_path.sh
[0.195s] -- Up-to-date: /home/greg/ros2_ws/install/lib_wifibot/share/lib_wifibot/environment/ament_prefix_path.dsv
[0.195s] -- Up-to-date: /home/greg/ros2_ws/install/lib_wifibot/share/lib_wifibot/environment/path.sh
[0.195s] -- Up-to-date: /home/greg/ros2_ws/install/lib_wifibot/share/lib_wifibot/environment/path.dsv
[0.195s] -- Up-to-date: /home/greg/ros2_ws/install/lib_wifibot/share/lib_wifibot/local_setup.bash
[0.195s] -- Up-to-date: /home/greg/ros2_ws/install/lib_wifibot/share/lib_wifibot/local_setup.sh
[0.195s] -- Up-to-date: /home/greg/ros2_ws/install/lib_wifibot/share/lib_wifibot/local_setup.zsh
[0.195s] -- Up-to-date: /home/greg/ros2_ws/install/lib_wifibot/share/lib_wifibot/local_setup.dsv
[0.195s] -- Installing: /home/greg/ros2_ws/install/lib_wifibot/share/lib_wifibot/package.dsv
[0.195s] -- Up-to-date: /home/greg/ros2_ws/install/lib_wifibot/share/ament_index/resource_index/packages/lib_wifibot
[0.195s] -- Up-to-date: /home/greg/ros2_ws/install/lib_wifibot/share/lib_wifibot/cmake/lib_wifibotExport.cmake
[0.195s] -- Up-to-date: /home/greg/ros2_ws/install/lib_wifibot/share/lib_wifibot/cmake/lib_wifibotExport-noconfig.cmake
[0.195s] -- Up-to-date: /home/greg/ros2_ws/install/lib_wifibot/share/lib_wifibot/cmake/ament_cmake_export_targets-extras.cmake
[0.195s] -- Up-to-date: /home/greg/ros2_ws/install/lib_wifibot/share/lib_wifibot/cmake/lib_wifibotConfig.cmake
[0.195s] -- Up-to-date: /home/greg/ros2_ws/install/lib_wifibot/share/lib_wifibot/cmake/lib_wifibotConfig-version.cmake
[0.196s] -- Up-to-date: /home/greg/ros2_ws/install/lib_wifibot/share/lib_wifibot/package.xml
[0.198s] Invoked command in '/home/greg/ros2_ws/build/lib_wifibot' returned '0': CMAKE_PREFIX_PATH=${CMAKE_PREFIX_PATH}:/opt/ros/humble /usr/bin/cmake --install /home/greg/ros2_ws/build/lib_wifibot
