[0.037s] Invoking command in '/home/greg/ros2_ws/build/roswifibot': CMAKE_PREFIX_PATH=/home/greg/ros2_ws/install/wifibot_msgs:/home/greg/ros2_ws/install/lib_wifibot:/home/greg/ros2_ws/install/arbotix:/home/greg/ros2_ws/install/arbotix_sensors:/home/greg/ros2_ws/install/arbotix_controllers:/home/greg/ros2_ws/install/arbotix_firmware:/home/greg/ros2_ws/install/arbotix_msgs:/home/greg/ros2_ws/install/roswifibot:/home/greg/ros2_ws/install/joy2twist:/opt/ros/humble LD_LIBRARY_PATH=/home/greg/ros2_ws/install/wifibot_msgs/lib:/home/greg/ros2_ws/install/arbotix_msgs/lib:/home/greg/ros2_ws/install/lib_wifibot/lib:/opt/ros/humble/lib/x86_64-linux-gnu:/opt/ros/humble/lib /usr/bin/cmake /home/greg/ros2_ws/src/roswifibot -DCMAKE_INSTALL_PREFIX=/home/greg/ros2_ws/install/roswifibot
[0.084s] -- The C compiler identification is GNU 11.4.0
[0.130s] -- The CXX compiler identification is GNU 11.4.0
[0.136s] -- Detecting C compiler ABI info
[0.197s] -- Detecting C compiler ABI info - done
[0.201s] -- Check for working C compiler: /usr/bin/cc - skipped
[0.201s] -- Detecting C compile features
[0.201s] -- Detecting C compile features - done
[0.203s] -- Detecting CXX compiler ABI info
[0.271s] -- Detecting CXX compiler ABI info - done
[0.276s] -- Check for working CXX compiler: /usr/bin/c++ - skipped
[0.276s] -- Detecting CXX compile features
[0.276s] -- Detecting CXX compile features - done
[0.278s] -- Found ament_cmake: 1.3.5 (/opt/ros/humble/share/ament_cmake/cmake)
[0.419s] -- Found Python3: /usr/bin/python3.10 (found version "3.10.12") found components: Interpreter 
[0.488s] -- Found rclcpp: 16.0.6 (/opt/ros/humble/share/rclcpp/cmake)
[0.517s] -- Found rosidl_generator_c: 3.1.5 (/opt/ros/humble/share/rosidl_generator_c/cmake)
[0.521s] -- Found rosidl_adapter: 3.1.5 (/opt/ros/humble/share/rosidl_adapter/cmake)
[0.527s] -- Found rosidl_generator_cpp: 3.1.5 (/opt/ros/humble/share/rosidl_generator_cpp/cmake)
[0.537s] -- Using all available rosidl_typesupport_c: rosidl_typesupport_fastrtps_c;rosidl_typesupport_introspection_c
[0.551s] -- Using all available rosidl_typesupport_cpp: rosidl_typesupport_fastrtps_cpp;rosidl_typesupport_introspection_cpp
[0.599s] -- Found rmw_implementation_cmake: 6.1.1 (/opt/ros/humble/share/rmw_implementation_cmake/cmake)
[0.601s] -- Found rmw_fastrtps_cpp: 6.2.4 (/opt/ros/humble/share/rmw_fastrtps_cpp/cmake)
[0.680s] -- Found OpenSSL: /usr/lib/x86_64-linux-gnu/libcrypto.so (found version "3.0.2")  
[0.697s] -- Found FastRTPS: /opt/ros/humble/include  
[0.728s] -- Using RMW implementation 'rmw_fastrtps_cpp' as default
[0.734s] -- Looking for pthread.h
[0.796s] -- Looking for pthread.h - found
[0.796s] -- Performing Test CMAKE_HAVE_LIBC_PTHREAD
[0.858s] -- Performing Test CMAKE_HAVE_LIBC_PTHREAD - Success
[0.859s] -- Found Threads: TRUE  
[0.972s] -- Found tf2: 0.25.4 (/opt/ros/humble/share/tf2/cmake)
[1.015s] -- Found tf2_ros: 0.25.4 (/opt/ros/humble/share/tf2_ros/cmake)
[1.252s] -- Found nav_msgs: 4.2.3 (/opt/ros/humble/share/nav_msgs/cmake)
[1.317s] -- Found wifibot_msgs: 0.0.0 (/home/greg/ros2_ws/install/wifibot_msgs/share/wifibot_msgs/cmake)
[1.327s] -- Found lib_wifibot: 0.0.0 (/home/greg/ros2_ws/install/lib_wifibot/share/lib_wifibot/cmake)
[1.330s] -- Found tf2_geometry_msgs: 0.25.4 (/opt/ros/humble/share/tf2_geometry_msgs/cmake)
[1.342s] -- Found eigen3_cmake_module: 0.1.1 (/opt/ros/humble/share/eigen3_cmake_module/cmake)
[1.344s] -- Found Eigen3: TRUE (found version "3.4.0") 
[1.344s] -- Ensuring Eigen3 include directory is part of orocos-kdl CMake target
[1.403s] -- Configuring done
[1.415s] -- Generating done
[1.416s] -- Build files have been written to: /home/greg/ros2_ws/build/roswifibot
[1.425s] Invoked command in '/home/greg/ros2_ws/build/roswifibot' returned '0': CMAKE_PREFIX_PATH=/home/greg/ros2_ws/install/wifibot_msgs:/home/greg/ros2_ws/install/lib_wifibot:/home/greg/ros2_ws/install/arbotix:/home/greg/ros2_ws/install/arbotix_sensors:/home/greg/ros2_ws/install/arbotix_controllers:/home/greg/ros2_ws/install/arbotix_firmware:/home/greg/ros2_ws/install/arbotix_msgs:/home/greg/ros2_ws/install/roswifibot:/home/greg/ros2_ws/install/joy2twist:/opt/ros/humble LD_LIBRARY_PATH=/home/greg/ros2_ws/install/wifibot_msgs/lib:/home/greg/ros2_ws/install/arbotix_msgs/lib:/home/greg/ros2_ws/install/lib_wifibot/lib:/opt/ros/humble/lib/x86_64-linux-gnu:/opt/ros/humble/lib /usr/bin/cmake /home/greg/ros2_ws/src/roswifibot -DCMAKE_INSTALL_PREFIX=/home/greg/ros2_ws/install/roswifibot
[1.427s] Invoking command in '/home/greg/ros2_ws/build/roswifibot': CMAKE_PREFIX_PATH=/home/greg/ros2_ws/install/wifibot_msgs:/home/greg/ros2_ws/install/lib_wifibot:/home/greg/ros2_ws/install/arbotix:/home/greg/ros2_ws/install/arbotix_sensors:/home/greg/ros2_ws/install/arbotix_controllers:/home/greg/ros2_ws/install/arbotix_firmware:/home/greg/ros2_ws/install/arbotix_msgs:/home/greg/ros2_ws/install/roswifibot:/home/greg/ros2_ws/install/joy2twist:/opt/ros/humble LD_LIBRARY_PATH=/home/greg/ros2_ws/install/wifibot_msgs/lib:/home/greg/ros2_ws/install/arbotix_msgs/lib:/home/greg/ros2_ws/install/lib_wifibot/lib:/opt/ros/humble/lib/x86_64-linux-gnu:/opt/ros/humble/lib /usr/bin/cmake --build /home/greg/ros2_ws/build/roswifibot -- -j16 -l16
[1.474s] [ 50%] [32mBuilding CXX object CMakeFiles/roswifibot_node.dir/src/wifibot.cpp.o[0m
[6.010s] [100%] [32m[1mLinking CXX executable roswifibot_node[0m
[6.227s] [100%] Built target roswifibot_node
[6.239s] Invoked command in '/home/greg/ros2_ws/build/roswifibot' returned '0': CMAKE_PREFIX_PATH=/home/greg/ros2_ws/install/wifibot_msgs:/home/greg/ros2_ws/install/lib_wifibot:/home/greg/ros2_ws/install/arbotix:/home/greg/ros2_ws/install/arbotix_sensors:/home/greg/ros2_ws/install/arbotix_controllers:/home/greg/ros2_ws/install/arbotix_firmware:/home/greg/ros2_ws/install/arbotix_msgs:/home/greg/ros2_ws/install/roswifibot:/home/greg/ros2_ws/install/joy2twist:/opt/ros/humble LD_LIBRARY_PATH=/home/greg/ros2_ws/install/wifibot_msgs/lib:/home/greg/ros2_ws/install/arbotix_msgs/lib:/home/greg/ros2_ws/install/lib_wifibot/lib:/opt/ros/humble/lib/x86_64-linux-gnu:/opt/ros/humble/lib /usr/bin/cmake --build /home/greg/ros2_ws/build/roswifibot -- -j16 -l16
[6.269s] Invoking command in '/home/greg/ros2_ws/build/roswifibot': CMAKE_PREFIX_PATH=/home/greg/ros2_ws/install/wifibot_msgs:/home/greg/ros2_ws/install/lib_wifibot:/home/greg/ros2_ws/install/arbotix:/home/greg/ros2_ws/install/arbotix_sensors:/home/greg/ros2_ws/install/arbotix_controllers:/home/greg/ros2_ws/install/arbotix_firmware:/home/greg/ros2_ws/install/arbotix_msgs:/home/greg/ros2_ws/install/roswifibot:/home/greg/ros2_ws/install/joy2twist:/opt/ros/humble LD_LIBRARY_PATH=/home/greg/ros2_ws/install/wifibot_msgs/lib:/home/greg/ros2_ws/install/arbotix_msgs/lib:/home/greg/ros2_ws/install/lib_wifibot/lib:/opt/ros/humble/lib/x86_64-linux-gnu:/opt/ros/humble/lib /usr/bin/cmake --install /home/greg/ros2_ws/build/roswifibot
[6.275s] -- Install configuration: ""
[6.275s] -- Installing: /home/greg/ros2_ws/install/roswifibot/lib/roswifibot/roswifibot_node
[6.276s] -- Set runtime path of "/home/greg/ros2_ws/install/roswifibot/lib/roswifibot/roswifibot_node" to ""
[6.276s] -- Installing: /home/greg/ros2_ws/install/roswifibot/share/roswifibot//launch
[6.276s] -- Installing: /home/greg/ros2_ws/install/roswifibot/share/roswifibot//launch/robot_launch.launch
[6.278s] -- Installing: /home/greg/ros2_ws/install/roswifibot/share/roswifibot//launch/joy_teleop_launch.py
[6.278s] -- Installing: /home/greg/ros2_ws/install/roswifibot/share/roswifibot//launch/firewire.launch
[6.279s] -- Installing: /home/greg/ros2_ws/install/roswifibot/share/roswifibot//launch/robot_launch.py
[6.279s] -- Installing: /home/greg/ros2_ws/install/roswifibot/share/roswifibot//launch/joy_teleop.launch
[6.279s] -- Installing: /home/greg/ros2_ws/install/roswifibot/share/roswifibot//launch/keyboard_teleop.launch
[6.280s] -- Installing: /home/greg/ros2_ws/install/roswifibot/share/roswifibot//launch/hokuyo.launch
[6.280s] -- Installing: /home/greg/ros2_ws/install/roswifibot/share/roswifibot//config
[6.280s] -- Installing: /home/greg/ros2_ws/install/roswifibot/share/roswifibot//config/wifibot.yaml
[6.280s] -- Installing: /home/greg/ros2_ws/install/roswifibot/share/ament_index/resource_index/package_run_dependencies/roswifibot
[6.280s] -- Installing: /home/greg/ros2_ws/install/roswifibot/share/ament_index/resource_index/parent_prefix_path/roswifibot
[6.280s] -- Installing: /home/greg/ros2_ws/install/roswifibot/share/roswifibot/environment/ament_prefix_path.sh
[6.281s] -- Installing: /home/greg/ros2_ws/install/roswifibot/share/roswifibot/environment/ament_prefix_path.dsv
[6.281s] -- Installing: /home/greg/ros2_ws/install/roswifibot/share/roswifibot/environment/path.sh
[6.281s] -- Installing: /home/greg/ros2_ws/install/roswifibot/share/roswifibot/environment/path.dsv
[6.281s] -- Installing: /home/greg/ros2_ws/install/roswifibot/share/roswifibot/local_setup.bash
[6.281s] -- Installing: /home/greg/ros2_ws/install/roswifibot/share/roswifibot/local_setup.sh
[6.281s] -- Installing: /home/greg/ros2_ws/install/roswifibot/share/roswifibot/local_setup.zsh
[6.281s] -- Installing: /home/greg/ros2_ws/install/roswifibot/share/roswifibot/local_setup.dsv
[6.281s] -- Installing: /home/greg/ros2_ws/install/roswifibot/share/roswifibot/package.dsv
[6.281s] -- Installing: /home/greg/ros2_ws/install/roswifibot/share/ament_index/resource_index/packages/roswifibot
[6.281s] -- Installing: /home/greg/ros2_ws/install/roswifibot/share/roswifibot/cmake/ament_cmake_export_dependencies-extras.cmake
[6.282s] -- Installing: /home/greg/ros2_ws/install/roswifibot/share/roswifibot/cmake/ament_cmake_export_include_directories-extras.cmake
[6.282s] -- Installing: /home/greg/ros2_ws/install/roswifibot/share/roswifibot/cmake/roswifibotConfig.cmake
[6.282s] -- Installing: /home/greg/ros2_ws/install/roswifibot/share/roswifibot/cmake/roswifibotConfig-version.cmake
[6.282s] -- Installing: /home/greg/ros2_ws/install/roswifibot/share/roswifibot/package.xml
[6.283s] Invoked command in '/home/greg/ros2_ws/build/roswifibot' returned '0': CMAKE_PREFIX_PATH=/home/greg/ros2_ws/install/wifibot_msgs:/home/greg/ros2_ws/install/lib_wifibot:/home/greg/ros2_ws/install/arbotix:/home/greg/ros2_ws/install/arbotix_sensors:/home/greg/ros2_ws/install/arbotix_controllers:/home/greg/ros2_ws/install/arbotix_firmware:/home/greg/ros2_ws/install/arbotix_msgs:/home/greg/ros2_ws/install/roswifibot:/home/greg/ros2_ws/install/joy2twist:/opt/ros/humble LD_LIBRARY_PATH=/home/greg/ros2_ws/install/wifibot_msgs/lib:/home/greg/ros2_ws/install/arbotix_msgs/lib:/home/greg/ros2_ws/install/lib_wifibot/lib:/opt/ros/humble/lib/x86_64-linux-gnu:/opt/ros/humble/lib /usr/bin/cmake --install /home/greg/ros2_ws/build/roswifibot
