-- The C compiler identification is GNU 11.4.0
-- The CXX compiler identification is GNU 11.4.0
-- Detecting C compiler ABI info
-- Detecting C compiler ABI info - done
-- Check for working C compiler: /usr/bin/cc - skipped
-- Detecting C compile features
-- Detecting C compile features - done
-- Detecting CXX compiler ABI info
-- Detecting CXX compiler ABI info - done
-- Check for working CXX compiler: /usr/bin/c++ - skipped
-- Detecting CXX compile features
-- Detecting CXX compile features - done
-- Found ament_cmake: 1.3.5 (/opt/ros/humble/share/ament_cmake/cmake)
-- Found Python3: /usr/bin/python3.10 (found version "3.10.12") found components: Interpreter 
-- Found std_msgs: 4.2.3 (/opt/ros/humble/share/std_msgs/cmake)
-- Found rosidl_generator_c: 3.1.5 (/opt/ros/humble/share/rosidl_generator_c/cmake)
-- Found rosidl_adapter: 3.1.5 (/opt/ros/humble/share/rosidl_adapter/cmake)
-- Found rosidl_generator_cpp: 3.1.5 (/opt/ros/humble/share/rosidl_generator_cpp/cmake)
-- Using all available rosidl_typesupport_c: rosidl_typesupport_fastrtps_c;rosidl_typesupport_introspection_c
-- Using all available rosidl_typesupport_cpp: rosidl_typesupport_fastrtps_cpp;rosidl_typesupport_introspection_cpp
-- Found rosidl_default_generators: 1.2.0 (/opt/ros/humble/share/rosidl_default_generators/cmake)
-- Found ament_lint_auto: 0.12.8 (/opt/ros/humble/share/ament_lint_auto/cmake)
-- Found ament_cmake_ros: 0.10.0 (/opt/ros/humble/share/ament_cmake_ros/cmake)
-- Using all available rosidl_typesupport_c: rosidl_typesupport_fastrtps_c;rosidl_typesupport_introspection_c
-- Using all available rosidl_typesupport_cpp: rosidl_typesupport_fastrtps_cpp;rosidl_typesupport_introspection_cpp
-- Found PythonInterp: /usr/bin/python3 (found suitable version "3.10.12", minimum required is "3.6") 
-- Found python_cmake_module: 0.10.0 (/opt/ros/humble/share/python_cmake_module/cmake)
-- Found PythonLibs: /usr/lib/x86_64-linux-gnu/libpython3.10.so (found suitable version "3.10.12", minimum required is "3.5") 
-- Using PYTHON_EXECUTABLE: /usr/bin/python3
-- Using PYTHON_INCLUDE_DIRS: /usr/include/python3.10
-- Using PYTHON_LIBRARIES: /usr/lib/x86_64-linux-gnu/libpython3.10.so
-- Found PythonExtra: .so  
-- Added test 'lint_cmake' to check CMake code style
-- Added test 'xmllint' to check XML markup files
-- Configuring done
-- Generating done
-- Build files have been written to: /home/greg/ros2_ws/build/arbotix_msgs
[  1%] [34m[1mGenerating C code for ROS interfaces[0m
[  2%] [34m[1mGenerating C++ code for ROS interfaces[0m
[  2%] Built target ament_cmake_python_copy_arbotix_msgs
running egg_info
creating arbotix_msgs.egg-info
writing arbotix_msgs.egg-info/PKG-INFO
writing dependency_links to arbotix_msgs.egg-info/dependency_links.txt
writing top-level names to arbotix_msgs.egg-info/top_level.txt
writing manifest file 'arbotix_msgs.egg-info/SOURCES.txt'
reading manifest file 'arbotix_msgs.egg-info/SOURCES.txt'
writing manifest file 'arbotix_msgs.egg-info/SOURCES.txt'
[  2%] Built target ament_cmake_python_build_arbotix_msgs_egg
[  2%] Built target arbotix_msgs__cpp
[  4%] [34m[1mGenerating C++ type support dispatch for ROS interfaces[0m
[  5%] [34m[1mGenerating C++ introspection for ROS interfaces[0m
[  8%] [32mBuilding C object CMakeFiles/arbotix_msgs__rosidl_generator_c.dir/rosidl_generator_c/arbotix_msgs/srv/detail/setup_channel__functions.c.o[0m
[  8%] [32mBuilding C object CMakeFiles/arbotix_msgs__rosidl_generator_c.dir/rosidl_generator_c/arbotix_msgs/srv/detail/enable__functions.c.o[0m
[ 11%] [32mBuilding C object CMakeFiles/arbotix_msgs__rosidl_generator_c.dir/rosidl_generator_c/arbotix_msgs/msg/detail/digital__functions.c.o[0m
[ 11%] [34m[1mGenerating C++ type support for eProsima Fast-RTPS[0m
[ 12%] [32mBuilding C object CMakeFiles/arbotix_msgs__rosidl_generator_c.dir/rosidl_generator_c/arbotix_msgs/srv/detail/set_speed__functions.c.o[0m
[ 14%] [32mBuilding C object CMakeFiles/arbotix_msgs__rosidl_generator_c.dir/rosidl_generator_c/arbotix_msgs/srv/detail/relax__functions.c.o[0m
[ 15%] [32mBuilding C object CMakeFiles/arbotix_msgs__rosidl_generator_c.dir/rosidl_generator_c/arbotix_msgs/msg/detail/analog__functions.c.o[0m
[ 16%] [32m[1mLinking C shared library libarbotix_msgs__rosidl_generator_c.so[0m
[ 16%] Built target arbotix_msgs__rosidl_generator_c
[ 18%] [34m[1mGenerating C type support dispatch for ROS interfaces[0m
[ 19%] [34m[1mGenerating C type support for eProsima Fast-RTPS[0m
[ 21%] [34m[1mGenerating C introspection for ROS interfaces[0m
[ 22%] [32mBuilding CXX object CMakeFiles/arbotix_msgs__rosidl_typesupport_cpp.dir/rosidl_typesupport_cpp/arbotix_msgs/srv/relax__type_support.cpp.o[0m
[ 23%] [32mBuilding CXX object CMakeFiles/arbotix_msgs__rosidl_typesupport_cpp.dir/rosidl_typesupport_cpp/arbotix_msgs/msg/analog__type_support.cpp.o[0m
[ 26%] [32mBuilding CXX object CMakeFiles/arbotix_msgs__rosidl_typesupport_cpp.dir/rosidl_typesupport_cpp/arbotix_msgs/srv/setup_channel__type_support.cpp.o[0m
[ 26%] [32mBuilding CXX object CMakeFiles/arbotix_msgs__rosidl_typesupport_cpp.dir/rosidl_typesupport_cpp/arbotix_msgs/srv/enable__type_support.cpp.o[0m
[ 28%] [32mBuilding CXX object CMakeFiles/arbotix_msgs__rosidl_typesupport_cpp.dir/rosidl_typesupport_cpp/arbotix_msgs/msg/digital__type_support.cpp.o[0m
[ 29%] [32mBuilding CXX object CMakeFiles/arbotix_msgs__rosidl_typesupport_cpp.dir/rosidl_typesupport_cpp/arbotix_msgs/srv/set_speed__type_support.cpp.o[0m
[ 30%] [32mBuilding CXX object CMakeFiles/arbotix_msgs__rosidl_typesupport_introspection_cpp.dir/rosidl_typesupport_introspection_cpp/arbotix_msgs/msg/detail/digital__type_support.cpp.o[0m
[ 32%] [32mBuilding CXX object CMakeFiles/arbotix_msgs__rosidl_typesupport_introspection_cpp.dir/rosidl_typesupport_introspection_cpp/arbotix_msgs/msg/detail/analog__type_support.cpp.o[0m
[ 33%] [32mBuilding CXX object CMakeFiles/arbotix_msgs__rosidl_typesupport_introspection_cpp.dir/rosidl_typesupport_introspection_cpp/arbotix_msgs/srv/detail/relax__type_support.cpp.o[0m
[ 35%] [32mBuilding CXX object CMakeFiles/arbotix_msgs__rosidl_typesupport_introspection_cpp.dir/rosidl_typesupport_introspection_cpp/arbotix_msgs/srv/detail/enable__type_support.cpp.o[0m
[ 36%] [32mBuilding CXX object CMakeFiles/arbotix_msgs__rosidl_typesupport_introspection_cpp.dir/rosidl_typesupport_introspection_cpp/arbotix_msgs/srv/detail/setup_channel__type_support.cpp.o[0m
[ 38%] [32mBuilding CXX object CMakeFiles/arbotix_msgs__rosidl_typesupport_introspection_cpp.dir/rosidl_typesupport_introspection_cpp/arbotix_msgs/srv/detail/set_speed__type_support.cpp.o[0m
[ 39%] [32mBuilding CXX object CMakeFiles/arbotix_msgs__rosidl_typesupport_fastrtps_cpp.dir/rosidl_typesupport_fastrtps_cpp/arbotix_msgs/msg/detail/dds_fastrtps/analog__type_support.cpp.o[0m
[ 40%] [32mBuilding CXX object CMakeFiles/arbotix_msgs__rosidl_typesupport_fastrtps_cpp.dir/rosidl_typesupport_fastrtps_cpp/arbotix_msgs/msg/detail/dds_fastrtps/digital__type_support.cpp.o[0m
[ 42%] [32mBuilding CXX object CMakeFiles/arbotix_msgs__rosidl_typesupport_c.dir/rosidl_typesupport_c/arbotix_msgs/msg/analog__type_support.cpp.o[0m
[ 45%] [32mBuilding CXX object CMakeFiles/arbotix_msgs__rosidl_typesupport_c.dir/rosidl_typesupport_c/arbotix_msgs/msg/digital__type_support.cpp.o[0m
[ 45%] [32mBuilding CXX object CMakeFiles/arbotix_msgs__rosidl_typesupport_fastrtps_cpp.dir/rosidl_typesupport_fastrtps_cpp/arbotix_msgs/srv/detail/dds_fastrtps/enable__type_support.cpp.o[0m
[ 46%] [32mBuilding CXX object CMakeFiles/arbotix_msgs__rosidl_typesupport_fastrtps_cpp.dir/rosidl_typesupport_fastrtps_cpp/arbotix_msgs/srv/detail/dds_fastrtps/relax__type_support.cpp.o[0m
[ 47%] [32m[1mLinking CXX shared library libarbotix_msgs__rosidl_typesupport_cpp.so[0m
[ 49%] [32mBuilding C object CMakeFiles/arbotix_msgs__rosidl_typesupport_introspection_c.dir/rosidl_typesupport_introspection_c/arbotix_msgs/msg/detail/analog__type_support.c.o[0m
[ 50%] [32mBuilding CXX object CMakeFiles/arbotix_msgs__rosidl_typesupport_c.dir/rosidl_typesupport_c/arbotix_msgs/srv/enable__type_support.cpp.o[0m
[ 52%] [32mBuilding CXX object CMakeFiles/arbotix_msgs__rosidl_typesupport_fastrtps_cpp.dir/rosidl_typesupport_fastrtps_cpp/arbotix_msgs/srv/detail/dds_fastrtps/setup_channel__type_support.cpp.o[0m
[ 53%] [32mBuilding CXX object CMakeFiles/arbotix_msgs__rosidl_typesupport_c.dir/rosidl_typesupport_c/arbotix_msgs/srv/relax__type_support.cpp.o[0m
[ 54%] [32mBuilding CXX object CMakeFiles/arbotix_msgs__rosidl_typesupport_fastrtps_c.dir/rosidl_typesupport_fastrtps_c/arbotix_msgs/msg/detail/analog__type_support_c.cpp.o[0m
[ 56%] [32mBuilding CXX object CMakeFiles/arbotix_msgs__rosidl_typesupport_fastrtps_c.dir/rosidl_typesupport_fastrtps_c/arbotix_msgs/msg/detail/digital__type_support_c.cpp.o[0m
[ 56%] Built target arbotix_msgs__rosidl_typesupport_cpp
[ 57%] [32mBuilding CXX object CMakeFiles/arbotix_msgs__rosidl_typesupport_c.dir/rosidl_typesupport_c/arbotix_msgs/srv/setup_channel__type_support.cpp.o[0m
[ 59%] [32mBuilding CXX object CMakeFiles/arbotix_msgs__rosidl_typesupport_c.dir/rosidl_typesupport_c/arbotix_msgs/srv/set_speed__type_support.cpp.o[0m
[ 60%] [32mBuilding C object CMakeFiles/arbotix_msgs__rosidl_typesupport_introspection_c.dir/rosidl_typesupport_introspection_c/arbotix_msgs/msg/detail/digital__type_support.c.o[0m
[ 61%] [32mBuilding CXX object CMakeFiles/arbotix_msgs__rosidl_typesupport_fastrtps_c.dir/rosidl_typesupport_fastrtps_c/arbotix_msgs/srv/detail/enable__type_support_c.cpp.o[0m
[ 63%] [32m[1mLinking CXX shared library libarbotix_msgs__rosidl_typesupport_c.so[0m
[ 64%] [32mBuilding CXX object CMakeFiles/arbotix_msgs__rosidl_typesupport_fastrtps_c.dir/rosidl_typesupport_fastrtps_c/arbotix_msgs/srv/detail/relax__type_support_c.cpp.o[0m
[ 66%] [32mBuilding C object CMakeFiles/arbotix_msgs__rosidl_typesupport_introspection_c.dir/rosidl_typesupport_introspection_c/arbotix_msgs/srv/detail/relax__type_support.c.o[0m
[ 67%] [32mBuilding C object CMakeFiles/arbotix_msgs__rosidl_typesupport_introspection_c.dir/rosidl_typesupport_introspection_c/arbotix_msgs/srv/detail/enable__type_support.c.o[0m
[ 69%] [32mBuilding CXX object CMakeFiles/arbotix_msgs__rosidl_typesupport_fastrtps_c.dir/rosidl_typesupport_fastrtps_c/arbotix_msgs/srv/detail/setup_channel__type_support_c.cpp.o[0m
[ 69%] Built target arbotix_msgs__rosidl_typesupport_c
[ 70%] [32mBuilding CXX object CMakeFiles/arbotix_msgs__rosidl_typesupport_fastrtps_c.dir/rosidl_typesupport_fastrtps_c/arbotix_msgs/srv/detail/set_speed__type_support_c.cpp.o[0m
[ 71%] [32mBuilding C object CMakeFiles/arbotix_msgs__rosidl_typesupport_introspection_c.dir/rosidl_typesupport_introspection_c/arbotix_msgs/srv/detail/setup_channel__type_support.c.o[0m
[ 73%] [32mBuilding C object CMakeFiles/arbotix_msgs__rosidl_typesupport_introspection_c.dir/rosidl_typesupport_introspection_c/arbotix_msgs/srv/detail/set_speed__type_support.c.o[0m
[ 74%] [32mBuilding CXX object CMakeFiles/arbotix_msgs__rosidl_typesupport_fastrtps_cpp.dir/rosidl_typesupport_fastrtps_cpp/arbotix_msgs/srv/detail/dds_fastrtps/set_speed__type_support.cpp.o[0m
[ 76%] [32m[1mLinking CXX shared library libarbotix_msgs__rosidl_typesupport_introspection_cpp.so[0m
[ 77%] [32m[1mLinking C shared library libarbotix_msgs__rosidl_typesupport_introspection_c.so[0m
[ 77%] Built target arbotix_msgs__rosidl_typesupport_introspection_c
[ 77%] Built target arbotix_msgs__rosidl_typesupport_introspection_cpp
[ 78%] [32m[1mLinking CXX shared library libarbotix_msgs__rosidl_typesupport_fastrtps_cpp.so[0m
[ 80%] [32m[1mLinking CXX shared library libarbotix_msgs__rosidl_typesupport_fastrtps_c.so[0m
[ 80%] Built target arbotix_msgs__rosidl_typesupport_fastrtps_cpp
[ 80%] Built target arbotix_msgs__rosidl_typesupport_fastrtps_c
[ 80%] Built target arbotix_msgs
[ 81%] [34m[1mGenerating Python code for ROS interfaces[0m
[ 81%] Built target arbotix_msgs__py
[ 84%] [32mBuilding C object CMakeFiles/arbotix_msgs__rosidl_generator_py.dir/rosidl_generator_py/arbotix_msgs/msg/_digital_s.c.o[0m
[ 84%] [32mBuilding C object CMakeFiles/arbotix_msgs__rosidl_generator_py.dir/rosidl_generator_py/arbotix_msgs/msg/_analog_s.c.o[0m
[ 85%] [32mBuilding C object CMakeFiles/arbotix_msgs__rosidl_generator_py.dir/rosidl_generator_py/arbotix_msgs/srv/_enable_s.c.o[0m
[ 87%] [32mBuilding C object CMakeFiles/arbotix_msgs__rosidl_generator_py.dir/rosidl_generator_py/arbotix_msgs/srv/_set_speed_s.c.o[0m
[ 88%] [32mBuilding C object CMakeFiles/arbotix_msgs__rosidl_generator_py.dir/rosidl_generator_py/arbotix_msgs/srv/_relax_s.c.o[0m
[ 90%] [32mBuilding C object CMakeFiles/arbotix_msgs__rosidl_generator_py.dir/rosidl_generator_py/arbotix_msgs/srv/_setup_channel_s.c.o[0m
[ 91%] [32m[1mLinking C shared library rosidl_generator_py/arbotix_msgs/libarbotix_msgs__rosidl_generator_py.so[0m
[ 91%] Built target arbotix_msgs__rosidl_generator_py
[ 94%] [32mBuilding C object CMakeFiles/arbotix_msgs__rosidl_typesupport_c__pyext.dir/rosidl_generator_py/arbotix_msgs/_arbotix_msgs_s.ep.rosidl_typesupport_c.c.o[0m
[ 94%] [32mBuilding C object CMakeFiles/arbotix_msgs__rosidl_typesupport_fastrtps_c__pyext.dir/rosidl_generator_py/arbotix_msgs/_arbotix_msgs_s.ep.rosidl_typesupport_fastrtps_c.c.o[0m
[ 95%] [32mBuilding C object CMakeFiles/arbotix_msgs__rosidl_typesupport_introspection_c__pyext.dir/rosidl_generator_py/arbotix_msgs/_arbotix_msgs_s.ep.rosidl_typesupport_introspection_c.c.o[0m
[ 97%] [32m[1mLinking C shared library rosidl_generator_py/arbotix_msgs/arbotix_msgs_s__rosidl_typesupport_c.cpython-310-x86_64-linux-gnu.so[0m
[ 98%] [32m[1mLinking C shared library rosidl_generator_py/arbotix_msgs/arbotix_msgs_s__rosidl_typesupport_introspection_c.cpython-310-x86_64-linux-gnu.so[0m
[100%] [32m[1mLinking C shared library rosidl_generator_py/arbotix_msgs/arbotix_msgs_s__rosidl_typesupport_fastrtps_c.cpython-310-x86_64-linux-gnu.so[0m
[100%] Built target arbotix_msgs__rosidl_typesupport_c__pyext
[100%] Built target arbotix_msgs__rosidl_typesupport_introspection_c__pyext
[100%] Built target arbotix_msgs__rosidl_typesupport_fastrtps_c__pyext
-- Install configuration: ""
-- Installing: /home/greg/ros2_ws/install/arbotix_msgs/share/ament_index/resource_index/rosidl_interfaces/arbotix_msgs
-- Installing: /home/greg/ros2_ws/install/arbotix_msgs/include/arbotix_msgs/arbotix_msgs
-- Installing: /home/greg/ros2_ws/install/arbotix_msgs/include/arbotix_msgs/arbotix_msgs/msg
-- Installing: /home/greg/ros2_ws/install/arbotix_msgs/include/arbotix_msgs/arbotix_msgs/msg/digital.h
-- Installing: /home/greg/ros2_ws/install/arbotix_msgs/include/arbotix_msgs/arbotix_msgs/msg/rosidl_generator_c__visibility_control.h
-- Installing: /home/greg/ros2_ws/install/arbotix_msgs/include/arbotix_msgs/arbotix_msgs/msg/detail
-- Installing: /home/greg/ros2_ws/install/arbotix_msgs/include/arbotix_msgs/arbotix_msgs/msg/detail/digital__struct.h
-- Installing: /home/greg/ros2_ws/install/arbotix_msgs/include/arbotix_msgs/arbotix_msgs/msg/detail/analog__functions.h
-- Installing: /home/greg/ros2_ws/install/arbotix_msgs/include/arbotix_msgs/arbotix_msgs/msg/detail/digital__functions.c
-- Installing: /home/greg/ros2_ws/install/arbotix_msgs/include/arbotix_msgs/arbotix_msgs/msg/detail/digital__type_support.h
-- Installing: /home/greg/ros2_ws/install/arbotix_msgs/include/arbotix_msgs/arbotix_msgs/msg/detail/analog__type_support.h
-- Installing: /home/greg/ros2_ws/install/arbotix_msgs/include/arbotix_msgs/arbotix_msgs/msg/detail/analog__struct.h
-- Installing: /home/greg/ros2_ws/install/arbotix_msgs/include/arbotix_msgs/arbotix_msgs/msg/detail/digital__functions.h
-- Installing: /home/greg/ros2_ws/install/arbotix_msgs/include/arbotix_msgs/arbotix_msgs/msg/detail/analog__functions.c
-- Installing: /home/greg/ros2_ws/install/arbotix_msgs/include/arbotix_msgs/arbotix_msgs/msg/analog.h
-- Installing: /home/greg/ros2_ws/install/arbotix_msgs/include/arbotix_msgs/arbotix_msgs/srv
-- Installing: /home/greg/ros2_ws/install/arbotix_msgs/include/arbotix_msgs/arbotix_msgs/srv/enable.h
-- Installing: /home/greg/ros2_ws/install/arbotix_msgs/include/arbotix_msgs/arbotix_msgs/srv/detail
-- Installing: /home/greg/ros2_ws/install/arbotix_msgs/include/arbotix_msgs/arbotix_msgs/srv/detail/enable__functions.h
-- Installing: /home/greg/ros2_ws/install/arbotix_msgs/include/arbotix_msgs/arbotix_msgs/srv/detail/setup_channel__functions.h
-- Installing: /home/greg/ros2_ws/install/arbotix_msgs/include/arbotix_msgs/arbotix_msgs/srv/detail/setup_channel__functions.c
-- Installing: /home/greg/ros2_ws/install/arbotix_msgs/include/arbotix_msgs/arbotix_msgs/srv/detail/setup_channel__struct.h
-- Installing: /home/greg/ros2_ws/install/arbotix_msgs/include/arbotix_msgs/arbotix_msgs/srv/detail/set_speed__struct.h
-- Installing: /home/greg/ros2_ws/install/arbotix_msgs/include/arbotix_msgs/arbotix_msgs/srv/detail/enable__type_support.h
-- Installing: /home/greg/ros2_ws/install/arbotix_msgs/include/arbotix_msgs/arbotix_msgs/srv/detail/set_speed__type_support.h
-- Installing: /home/greg/ros2_ws/install/arbotix_msgs/include/arbotix_msgs/arbotix_msgs/srv/detail/relax__type_support.h
-- Installing: /home/greg/ros2_ws/install/arbotix_msgs/include/arbotix_msgs/arbotix_msgs/srv/detail/set_speed__functions.c
-- Installing: /home/greg/ros2_ws/install/arbotix_msgs/include/arbotix_msgs/arbotix_msgs/srv/detail/set_speed__functions.h
-- Installing: /home/greg/ros2_ws/install/arbotix_msgs/include/arbotix_msgs/arbotix_msgs/srv/detail/relax__functions.c
-- Installing: /home/greg/ros2_ws/install/arbotix_msgs/include/arbotix_msgs/arbotix_msgs/srv/detail/enable__struct.h
-- Installing: /home/greg/ros2_ws/install/arbotix_msgs/include/arbotix_msgs/arbotix_msgs/srv/detail/relax__functions.h
-- Installing: /home/greg/ros2_ws/install/arbotix_msgs/include/arbotix_msgs/arbotix_msgs/srv/detail/enable__functions.c
-- Installing: /home/greg/ros2_ws/install/arbotix_msgs/include/arbotix_msgs/arbotix_msgs/srv/detail/setup_channel__type_support.h
-- Installing: /home/greg/ros2_ws/install/arbotix_msgs/include/arbotix_msgs/arbotix_msgs/srv/detail/relax__struct.h
-- Installing: /home/greg/ros2_ws/install/arbotix_msgs/include/arbotix_msgs/arbotix_msgs/srv/setup_channel.h
-- Installing: /home/greg/ros2_ws/install/arbotix_msgs/include/arbotix_msgs/arbotix_msgs/srv/set_speed.h
-- Installing: /home/greg/ros2_ws/install/arbotix_msgs/include/arbotix_msgs/arbotix_msgs/srv/relax.h
-- Installing: /home/greg/ros2_ws/install/arbotix_msgs/share/arbotix_msgs/environment/library_path.sh
-- Installing: /home/greg/ros2_ws/install/arbotix_msgs/share/arbotix_msgs/environment/library_path.dsv
-- Installing: /home/greg/ros2_ws/install/arbotix_msgs/lib/libarbotix_msgs__rosidl_generator_c.so
-- Set runtime path of "/home/greg/ros2_ws/install/arbotix_msgs/lib/libarbotix_msgs__rosidl_generator_c.so" to ""
-- Up-to-date: /home/greg/ros2_ws/install/arbotix_msgs/include/arbotix_msgs/arbotix_msgs
-- Up-to-date: /home/greg/ros2_ws/install/arbotix_msgs/include/arbotix_msgs/arbotix_msgs/msg
-- Installing: /home/greg/ros2_ws/install/arbotix_msgs/include/arbotix_msgs/arbotix_msgs/msg/rosidl_typesupport_fastrtps_c__visibility_control.h
-- Up-to-date: /home/greg/ros2_ws/install/arbotix_msgs/include/arbotix_msgs/arbotix_msgs/msg/detail
-- Installing: /home/greg/ros2_ws/install/arbotix_msgs/include/arbotix_msgs/arbotix_msgs/msg/detail/analog__rosidl_typesupport_fastrtps_c.h
-- Installing: /home/greg/ros2_ws/install/arbotix_msgs/include/arbotix_msgs/arbotix_msgs/msg/detail/digital__rosidl_typesupport_fastrtps_c.h
-- Up-to-date: /home/greg/ros2_ws/install/arbotix_msgs/include/arbotix_msgs/arbotix_msgs/srv
-- Up-to-date: /home/greg/ros2_ws/install/arbotix_msgs/include/arbotix_msgs/arbotix_msgs/srv/detail
-- Installing: /home/greg/ros2_ws/install/arbotix_msgs/include/arbotix_msgs/arbotix_msgs/srv/detail/relax__rosidl_typesupport_fastrtps_c.h
-- Installing: /home/greg/ros2_ws/install/arbotix_msgs/include/arbotix_msgs/arbotix_msgs/srv/detail/enable__rosidl_typesupport_fastrtps_c.h
-- Installing: /home/greg/ros2_ws/install/arbotix_msgs/include/arbotix_msgs/arbotix_msgs/srv/detail/set_speed__rosidl_typesupport_fastrtps_c.h
-- Installing: /home/greg/ros2_ws/install/arbotix_msgs/include/arbotix_msgs/arbotix_msgs/srv/detail/setup_channel__rosidl_typesupport_fastrtps_c.h
-- Installing: /home/greg/ros2_ws/install/arbotix_msgs/lib/libarbotix_msgs__rosidl_typesupport_fastrtps_c.so
-- Set runtime path of "/home/greg/ros2_ws/install/arbotix_msgs/lib/libarbotix_msgs__rosidl_typesupport_fastrtps_c.so" to ""
-- Up-to-date: /home/greg/ros2_ws/install/arbotix_msgs/include/arbotix_msgs/arbotix_msgs
-- Up-to-date: /home/greg/ros2_ws/install/arbotix_msgs/include/arbotix_msgs/arbotix_msgs/msg
-- Installing: /home/greg/ros2_ws/install/arbotix_msgs/include/arbotix_msgs/arbotix_msgs/msg/analog.hpp
-- Installing: /home/greg/ros2_ws/install/arbotix_msgs/include/arbotix_msgs/arbotix_msgs/msg/digital.hpp
-- Up-to-date: /home/greg/ros2_ws/install/arbotix_msgs/include/arbotix_msgs/arbotix_msgs/msg/detail
-- Installing: /home/greg/ros2_ws/install/arbotix_msgs/include/arbotix_msgs/arbotix_msgs/msg/detail/analog__builder.hpp
-- Installing: /home/greg/ros2_ws/install/arbotix_msgs/include/arbotix_msgs/arbotix_msgs/msg/detail/analog__traits.hpp
-- Installing: /home/greg/ros2_ws/install/arbotix_msgs/include/arbotix_msgs/arbotix_msgs/msg/detail/digital__struct.hpp
-- Installing: /home/greg/ros2_ws/install/arbotix_msgs/include/arbotix_msgs/arbotix_msgs/msg/detail/digital__traits.hpp
-- Installing: /home/greg/ros2_ws/install/arbotix_msgs/include/arbotix_msgs/arbotix_msgs/msg/detail/digital__builder.hpp
-- Installing: /home/greg/ros2_ws/install/arbotix_msgs/include/arbotix_msgs/arbotix_msgs/msg/detail/analog__struct.hpp
-- Up-to-date: /home/greg/ros2_ws/install/arbotix_msgs/include/arbotix_msgs/arbotix_msgs/srv
-- Installing: /home/greg/ros2_ws/install/arbotix_msgs/include/arbotix_msgs/arbotix_msgs/srv/setup_channel.hpp
-- Installing: /home/greg/ros2_ws/install/arbotix_msgs/include/arbotix_msgs/arbotix_msgs/srv/enable.hpp
-- Up-to-date: /home/greg/ros2_ws/install/arbotix_msgs/include/arbotix_msgs/arbotix_msgs/srv/detail
-- Installing: /home/greg/ros2_ws/install/arbotix_msgs/include/arbotix_msgs/arbotix_msgs/srv/detail/set_speed__builder.hpp
-- Installing: /home/greg/ros2_ws/install/arbotix_msgs/include/arbotix_msgs/arbotix_msgs/srv/detail/enable__struct.hpp
-- Installing: /home/greg/ros2_ws/install/arbotix_msgs/include/arbotix_msgs/arbotix_msgs/srv/detail/setup_channel__builder.hpp
-- Installing: /home/greg/ros2_ws/install/arbotix_msgs/include/arbotix_msgs/arbotix_msgs/srv/detail/enable__traits.hpp
-- Installing: /home/greg/ros2_ws/install/arbotix_msgs/include/arbotix_msgs/arbotix_msgs/srv/detail/relax__builder.hpp
-- Installing: /home/greg/ros2_ws/install/arbotix_msgs/include/arbotix_msgs/arbotix_msgs/srv/detail/setup_channel__traits.hpp
-- Installing: /home/greg/ros2_ws/install/arbotix_msgs/include/arbotix_msgs/arbotix_msgs/srv/detail/relax__traits.hpp
-- Installing: /home/greg/ros2_ws/install/arbotix_msgs/include/arbotix_msgs/arbotix_msgs/srv/detail/setup_channel__struct.hpp
-- Installing: /home/greg/ros2_ws/install/arbotix_msgs/include/arbotix_msgs/arbotix_msgs/srv/detail/relax__struct.hpp
-- Installing: /home/greg/ros2_ws/install/arbotix_msgs/include/arbotix_msgs/arbotix_msgs/srv/detail/enable__builder.hpp
-- Installing: /home/greg/ros2_ws/install/arbotix_msgs/include/arbotix_msgs/arbotix_msgs/srv/detail/set_speed__struct.hpp
-- Installing: /home/greg/ros2_ws/install/arbotix_msgs/include/arbotix_msgs/arbotix_msgs/srv/detail/set_speed__traits.hpp
-- Installing: /home/greg/ros2_ws/install/arbotix_msgs/include/arbotix_msgs/arbotix_msgs/srv/relax.hpp
-- Installing: /home/greg/ros2_ws/install/arbotix_msgs/include/arbotix_msgs/arbotix_msgs/srv/set_speed.hpp
-- Up-to-date: /home/greg/ros2_ws/install/arbotix_msgs/include/arbotix_msgs/arbotix_msgs
-- Up-to-date: /home/greg/ros2_ws/install/arbotix_msgs/include/arbotix_msgs/arbotix_msgs/msg
-- Installing: /home/greg/ros2_ws/install/arbotix_msgs/include/arbotix_msgs/arbotix_msgs/msg/rosidl_typesupport_fastrtps_cpp__visibility_control.h
-- Up-to-date: /home/greg/ros2_ws/install/arbotix_msgs/include/arbotix_msgs/arbotix_msgs/msg/detail
-- Installing: /home/greg/ros2_ws/install/arbotix_msgs/include/arbotix_msgs/arbotix_msgs/msg/detail/digital__rosidl_typesupport_fastrtps_cpp.hpp
-- Installing: /home/greg/ros2_ws/install/arbotix_msgs/include/arbotix_msgs/arbotix_msgs/msg/detail/analog__rosidl_typesupport_fastrtps_cpp.hpp
-- Installing: /home/greg/ros2_ws/install/arbotix_msgs/include/arbotix_msgs/arbotix_msgs/msg/detail/dds_fastrtps
-- Up-to-date: /home/greg/ros2_ws/install/arbotix_msgs/include/arbotix_msgs/arbotix_msgs/srv
-- Up-to-date: /home/greg/ros2_ws/install/arbotix_msgs/include/arbotix_msgs/arbotix_msgs/srv/detail
-- Installing: /home/greg/ros2_ws/install/arbotix_msgs/include/arbotix_msgs/arbotix_msgs/srv/detail/enable__rosidl_typesupport_fastrtps_cpp.hpp
-- Installing: /home/greg/ros2_ws/install/arbotix_msgs/include/arbotix_msgs/arbotix_msgs/srv/detail/set_speed__rosidl_typesupport_fastrtps_cpp.hpp
-- Installing: /home/greg/ros2_ws/install/arbotix_msgs/include/arbotix_msgs/arbotix_msgs/srv/detail/relax__rosidl_typesupport_fastrtps_cpp.hpp
-- Installing: /home/greg/ros2_ws/install/arbotix_msgs/include/arbotix_msgs/arbotix_msgs/srv/detail/setup_channel__rosidl_typesupport_fastrtps_cpp.hpp
-- Installing: /home/greg/ros2_ws/install/arbotix_msgs/include/arbotix_msgs/arbotix_msgs/srv/detail/dds_fastrtps
-- Installing: /home/greg/ros2_ws/install/arbotix_msgs/lib/libarbotix_msgs__rosidl_typesupport_fastrtps_cpp.so
-- Set runtime path of "/home/greg/ros2_ws/install/arbotix_msgs/lib/libarbotix_msgs__rosidl_typesupport_fastrtps_cpp.so" to ""
-- Up-to-date: /home/greg/ros2_ws/install/arbotix_msgs/include/arbotix_msgs/arbotix_msgs
-- Up-to-date: /home/greg/ros2_ws/install/arbotix_msgs/include/arbotix_msgs/arbotix_msgs/msg
-- Installing: /home/greg/ros2_ws/install/arbotix_msgs/include/arbotix_msgs/arbotix_msgs/msg/rosidl_typesupport_introspection_c__visibility_control.h
-- Up-to-date: /home/greg/ros2_ws/install/arbotix_msgs/include/arbotix_msgs/arbotix_msgs/msg/detail
-- Installing: /home/greg/ros2_ws/install/arbotix_msgs/include/arbotix_msgs/arbotix_msgs/msg/detail/analog__rosidl_typesupport_introspection_c.h
-- Installing: /home/greg/ros2_ws/install/arbotix_msgs/include/arbotix_msgs/arbotix_msgs/msg/detail/digital__rosidl_typesupport_introspection_c.h
-- Installing: /home/greg/ros2_ws/install/arbotix_msgs/include/arbotix_msgs/arbotix_msgs/msg/detail/analog__type_support.c
-- Installing: /home/greg/ros2_ws/install/arbotix_msgs/include/arbotix_msgs/arbotix_msgs/msg/detail/digital__type_support.c
-- Up-to-date: /home/greg/ros2_ws/install/arbotix_msgs/include/arbotix_msgs/arbotix_msgs/srv
-- Up-to-date: /home/greg/ros2_ws/install/arbotix_msgs/include/arbotix_msgs/arbotix_msgs/srv/detail
-- Installing: /home/greg/ros2_ws/install/arbotix_msgs/include/arbotix_msgs/arbotix_msgs/srv/detail/setup_channel__rosidl_typesupport_introspection_c.h
-- Installing: /home/greg/ros2_ws/install/arbotix_msgs/include/arbotix_msgs/arbotix_msgs/srv/detail/setup_channel__type_support.c
-- Installing: /home/greg/ros2_ws/install/arbotix_msgs/include/arbotix_msgs/arbotix_msgs/srv/detail/relax__type_support.c
-- Installing: /home/greg/ros2_ws/install/arbotix_msgs/include/arbotix_msgs/arbotix_msgs/srv/detail/enable__rosidl_typesupport_introspection_c.h
-- Installing: /home/greg/ros2_ws/install/arbotix_msgs/include/arbotix_msgs/arbotix_msgs/srv/detail/set_speed__rosidl_typesupport_introspection_c.h
-- Installing: /home/greg/ros2_ws/install/arbotix_msgs/include/arbotix_msgs/arbotix_msgs/srv/detail/relax__rosidl_typesupport_introspection_c.h
-- Installing: /home/greg/ros2_ws/install/arbotix_msgs/include/arbotix_msgs/arbotix_msgs/srv/detail/set_speed__type_support.c
-- Installing: /home/greg/ros2_ws/install/arbotix_msgs/include/arbotix_msgs/arbotix_msgs/srv/detail/enable__type_support.c
-- Installing: /home/greg/ros2_ws/install/arbotix_msgs/lib/libarbotix_msgs__rosidl_typesupport_introspection_c.so
-- Set runtime path of "/home/greg/ros2_ws/install/arbotix_msgs/lib/libarbotix_msgs__rosidl_typesupport_introspection_c.so" to ""
-- Installing: /home/greg/ros2_ws/install/arbotix_msgs/lib/libarbotix_msgs__rosidl_typesupport_c.so
-- Set runtime path of "/home/greg/ros2_ws/install/arbotix_msgs/lib/libarbotix_msgs__rosidl_typesupport_c.so" to ""
-- Up-to-date: /home/greg/ros2_ws/install/arbotix_msgs/include/arbotix_msgs/arbotix_msgs
-- Up-to-date: /home/greg/ros2_ws/install/arbotix_msgs/include/arbotix_msgs/arbotix_msgs/msg
-- Up-to-date: /home/greg/ros2_ws/install/arbotix_msgs/include/arbotix_msgs/arbotix_msgs/msg/detail
-- Installing: /home/greg/ros2_ws/install/arbotix_msgs/include/arbotix_msgs/arbotix_msgs/msg/detail/digital__rosidl_typesupport_introspection_cpp.hpp
-- Installing: /home/greg/ros2_ws/install/arbotix_msgs/include/arbotix_msgs/arbotix_msgs/msg/detail/digital__type_support.cpp
-- Installing: /home/greg/ros2_ws/install/arbotix_msgs/include/arbotix_msgs/arbotix_msgs/msg/detail/analog__rosidl_typesupport_introspection_cpp.hpp
-- Installing: /home/greg/ros2_ws/install/arbotix_msgs/include/arbotix_msgs/arbotix_msgs/msg/detail/analog__type_support.cpp
-- Up-to-date: /home/greg/ros2_ws/install/arbotix_msgs/include/arbotix_msgs/arbotix_msgs/srv
-- Up-to-date: /home/greg/ros2_ws/install/arbotix_msgs/include/arbotix_msgs/arbotix_msgs/srv/detail
-- Installing: /home/greg/ros2_ws/install/arbotix_msgs/include/arbotix_msgs/arbotix_msgs/srv/detail/set_speed__type_support.cpp
-- Installing: /home/greg/ros2_ws/install/arbotix_msgs/include/arbotix_msgs/arbotix_msgs/srv/detail/relax__rosidl_typesupport_introspection_cpp.hpp
-- Installing: /home/greg/ros2_ws/install/arbotix_msgs/include/arbotix_msgs/arbotix_msgs/srv/detail/enable__type_support.cpp
-- Installing: /home/greg/ros2_ws/install/arbotix_msgs/include/arbotix_msgs/arbotix_msgs/srv/detail/enable__rosidl_typesupport_introspection_cpp.hpp
-- Installing: /home/greg/ros2_ws/install/arbotix_msgs/include/arbotix_msgs/arbotix_msgs/srv/detail/relax__type_support.cpp
-- Installing: /home/greg/ros2_ws/install/arbotix_msgs/include/arbotix_msgs/arbotix_msgs/srv/detail/set_speed__rosidl_typesupport_introspection_cpp.hpp
-- Installing: /home/greg/ros2_ws/install/arbotix_msgs/include/arbotix_msgs/arbotix_msgs/srv/detail/setup_channel__type_support.cpp
-- Installing: /home/greg/ros2_ws/install/arbotix_msgs/include/arbotix_msgs/arbotix_msgs/srv/detail/setup_channel__rosidl_typesupport_introspection_cpp.hpp
-- Installing: /home/greg/ros2_ws/install/arbotix_msgs/lib/libarbotix_msgs__rosidl_typesupport_introspection_cpp.so
-- Set runtime path of "/home/greg/ros2_ws/install/arbotix_msgs/lib/libarbotix_msgs__rosidl_typesupport_introspection_cpp.so" to ""
-- Installing: /home/greg/ros2_ws/install/arbotix_msgs/lib/libarbotix_msgs__rosidl_typesupport_cpp.so
-- Set runtime path of "/home/greg/ros2_ws/install/arbotix_msgs/lib/libarbotix_msgs__rosidl_typesupport_cpp.so" to ""
-- Installing: /home/greg/ros2_ws/install/arbotix_msgs/share/arbotix_msgs/environment/pythonpath.sh
-- Installing: /home/greg/ros2_ws/install/arbotix_msgs/share/arbotix_msgs/environment/pythonpath.dsv
-- Installing: /home/greg/ros2_ws/install/arbotix_msgs/local/lib/python3.10/dist-packages/arbotix_msgs-0.0.0-py3.10.egg-info
-- Installing: /home/greg/ros2_ws/install/arbotix_msgs/local/lib/python3.10/dist-packages/arbotix_msgs-0.0.0-py3.10.egg-info/dependency_links.txt
-- Installing: /home/greg/ros2_ws/install/arbotix_msgs/local/lib/python3.10/dist-packages/arbotix_msgs-0.0.0-py3.10.egg-info/SOURCES.txt
-- Installing: /home/greg/ros2_ws/install/arbotix_msgs/local/lib/python3.10/dist-packages/arbotix_msgs-0.0.0-py3.10.egg-info/PKG-INFO
-- Installing: /home/greg/ros2_ws/install/arbotix_msgs/local/lib/python3.10/dist-packages/arbotix_msgs-0.0.0-py3.10.egg-info/top_level.txt
-- Installing: /home/greg/ros2_ws/install/arbotix_msgs/local/lib/python3.10/dist-packages/arbotix_msgs
-- Installing: /home/greg/ros2_ws/install/arbotix_msgs/local/lib/python3.10/dist-packages/arbotix_msgs/_arbotix_msgs_s.ep.rosidl_typesupport_introspection_c.c
-- Installing: /home/greg/ros2_ws/install/arbotix_msgs/local/lib/python3.10/dist-packages/arbotix_msgs/arbotix_msgs_s__rosidl_typesupport_c.cpython-310-x86_64-linux-gnu.so
-- Installing: /home/greg/ros2_ws/install/arbotix_msgs/local/lib/python3.10/dist-packages/arbotix_msgs/arbotix_msgs_s__rosidl_typesupport_fastrtps_c.cpython-310-x86_64-linux-gnu.so
-- Installing: /home/greg/ros2_ws/install/arbotix_msgs/local/lib/python3.10/dist-packages/arbotix_msgs/_arbotix_msgs_s.ep.rosidl_typesupport_c.c
-- Installing: /home/greg/ros2_ws/install/arbotix_msgs/local/lib/python3.10/dist-packages/arbotix_msgs/_arbotix_msgs_s.ep.rosidl_typesupport_fastrtps_c.c
-- Installing: /home/greg/ros2_ws/install/arbotix_msgs/local/lib/python3.10/dist-packages/arbotix_msgs/arbotix_msgs_s__rosidl_typesupport_introspection_c.cpython-310-x86_64-linux-gnu.so
-- Installing: /home/greg/ros2_ws/install/arbotix_msgs/local/lib/python3.10/dist-packages/arbotix_msgs/libarbotix_msgs__rosidl_generator_py.so
-- Installing: /home/greg/ros2_ws/install/arbotix_msgs/local/lib/python3.10/dist-packages/arbotix_msgs/msg
-- Installing: /home/greg/ros2_ws/install/arbotix_msgs/local/lib/python3.10/dist-packages/arbotix_msgs/msg/_digital_s.c
-- Installing: /home/greg/ros2_ws/install/arbotix_msgs/local/lib/python3.10/dist-packages/arbotix_msgs/msg/_analog.py
-- Installing: /home/greg/ros2_ws/install/arbotix_msgs/local/lib/python3.10/dist-packages/arbotix_msgs/msg/_analog_s.c
-- Installing: /home/greg/ros2_ws/install/arbotix_msgs/local/lib/python3.10/dist-packages/arbotix_msgs/msg/_digital.py
-- Installing: /home/greg/ros2_ws/install/arbotix_msgs/local/lib/python3.10/dist-packages/arbotix_msgs/msg/__init__.py
-- Installing: /home/greg/ros2_ws/install/arbotix_msgs/local/lib/python3.10/dist-packages/arbotix_msgs/srv
-- Installing: /home/greg/ros2_ws/install/arbotix_msgs/local/lib/python3.10/dist-packages/arbotix_msgs/srv/_set_speed.py
-- Installing: /home/greg/ros2_ws/install/arbotix_msgs/local/lib/python3.10/dist-packages/arbotix_msgs/srv/_set_speed_s.c
-- Installing: /home/greg/ros2_ws/install/arbotix_msgs/local/lib/python3.10/dist-packages/arbotix_msgs/srv/_setup_channel_s.c
-- Installing: /home/greg/ros2_ws/install/arbotix_msgs/local/lib/python3.10/dist-packages/arbotix_msgs/srv/_setup_channel.py
-- Installing: /home/greg/ros2_ws/install/arbotix_msgs/local/lib/python3.10/dist-packages/arbotix_msgs/srv/_enable_s.c
-- Installing: /home/greg/ros2_ws/install/arbotix_msgs/local/lib/python3.10/dist-packages/arbotix_msgs/srv/_relax.py
-- Installing: /home/greg/ros2_ws/install/arbotix_msgs/local/lib/python3.10/dist-packages/arbotix_msgs/srv/_relax_s.c
-- Installing: /home/greg/ros2_ws/install/arbotix_msgs/local/lib/python3.10/dist-packages/arbotix_msgs/srv/_enable.py
-- Installing: /home/greg/ros2_ws/install/arbotix_msgs/local/lib/python3.10/dist-packages/arbotix_msgs/srv/__init__.py
-- Installing: /home/greg/ros2_ws/install/arbotix_msgs/local/lib/python3.10/dist-packages/arbotix_msgs/__init__.py
Listing '/home/greg/ros2_ws/install/arbotix_msgs/local/lib/python3.10/dist-packages/arbotix_msgs'...
Compiling '/home/greg/ros2_ws/install/arbotix_msgs/local/lib/python3.10/dist-packages/arbotix_msgs/__init__.py'...
Listing '/home/greg/ros2_ws/install/arbotix_msgs/local/lib/python3.10/dist-packages/arbotix_msgs/msg'...
Compiling '/home/greg/ros2_ws/install/arbotix_msgs/local/lib/python3.10/dist-packages/arbotix_msgs/msg/__init__.py'...
Compiling '/home/greg/ros2_ws/install/arbotix_msgs/local/lib/python3.10/dist-packages/arbotix_msgs/msg/_analog.py'...
Compiling '/home/greg/ros2_ws/install/arbotix_msgs/local/lib/python3.10/dist-packages/arbotix_msgs/msg/_digital.py'...
Listing '/home/greg/ros2_ws/install/arbotix_msgs/local/lib/python3.10/dist-packages/arbotix_msgs/srv'...
Compiling '/home/greg/ros2_ws/install/arbotix_msgs/local/lib/python3.10/dist-packages/arbotix_msgs/srv/__init__.py'...
Compiling '/home/greg/ros2_ws/install/arbotix_msgs/local/lib/python3.10/dist-packages/arbotix_msgs/srv/_enable.py'...
Compiling '/home/greg/ros2_ws/install/arbotix_msgs/local/lib/python3.10/dist-packages/arbotix_msgs/srv/_relax.py'...
Compiling '/home/greg/ros2_ws/install/arbotix_msgs/local/lib/python3.10/dist-packages/arbotix_msgs/srv/_set_speed.py'...
Compiling '/home/greg/ros2_ws/install/arbotix_msgs/local/lib/python3.10/dist-packages/arbotix_msgs/srv/_setup_channel.py'...
-- Installing: /home/greg/ros2_ws/install/arbotix_msgs/local/lib/python3.10/dist-packages/arbotix_msgs/arbotix_msgs_s__rosidl_typesupport_fastrtps_c.cpython-310-x86_64-linux-gnu.so
-- Set runtime path of "/home/greg/ros2_ws/install/arbotix_msgs/local/lib/python3.10/dist-packages/arbotix_msgs/arbotix_msgs_s__rosidl_typesupport_fastrtps_c.cpython-310-x86_64-linux-gnu.so" to ""
-- Installing: /home/greg/ros2_ws/install/arbotix_msgs/local/lib/python3.10/dist-packages/arbotix_msgs/arbotix_msgs_s__rosidl_typesupport_introspection_c.cpython-310-x86_64-linux-gnu.so
-- Set runtime path of "/home/greg/ros2_ws/install/arbotix_msgs/local/lib/python3.10/dist-packages/arbotix_msgs/arbotix_msgs_s__rosidl_typesupport_introspection_c.cpython-310-x86_64-linux-gnu.so" to ""
-- Installing: /home/greg/ros2_ws/install/arbotix_msgs/local/lib/python3.10/dist-packages/arbotix_msgs/arbotix_msgs_s__rosidl_typesupport_c.cpython-310-x86_64-linux-gnu.so
-- Set runtime path of "/home/greg/ros2_ws/install/arbotix_msgs/local/lib/python3.10/dist-packages/arbotix_msgs/arbotix_msgs_s__rosidl_typesupport_c.cpython-310-x86_64-linux-gnu.so" to ""
-- Installing: /home/greg/ros2_ws/install/arbotix_msgs/lib/libarbotix_msgs__rosidl_generator_py.so
-- Set runtime path of "/home/greg/ros2_ws/install/arbotix_msgs/lib/libarbotix_msgs__rosidl_generator_py.so" to ""
-- Installing: /home/greg/ros2_ws/install/arbotix_msgs/share/arbotix_msgs/msg/Analog.idl
-- Installing: /home/greg/ros2_ws/install/arbotix_msgs/share/arbotix_msgs/msg/Digital.idl
-- Installing: /home/greg/ros2_ws/install/arbotix_msgs/share/arbotix_msgs/srv/Enable.idl
-- Installing: /home/greg/ros2_ws/install/arbotix_msgs/share/arbotix_msgs/srv/Relax.idl
-- Installing: /home/greg/ros2_ws/install/arbotix_msgs/share/arbotix_msgs/srv/SetupChannel.idl
-- Installing: /home/greg/ros2_ws/install/arbotix_msgs/share/arbotix_msgs/srv/SetSpeed.idl
-- Installing: /home/greg/ros2_ws/install/arbotix_msgs/share/arbotix_msgs/msg/Analog.msg
-- Installing: /home/greg/ros2_ws/install/arbotix_msgs/share/arbotix_msgs/msg/Digital.msg
-- Installing: /home/greg/ros2_ws/install/arbotix_msgs/share/arbotix_msgs/srv/Enable.srv
-- Installing: /home/greg/ros2_ws/install/arbotix_msgs/share/arbotix_msgs/srv/Enable_Request.msg
-- Installing: /home/greg/ros2_ws/install/arbotix_msgs/share/arbotix_msgs/srv/Enable_Response.msg
-- Installing: /home/greg/ros2_ws/install/arbotix_msgs/share/arbotix_msgs/srv/Relax.srv
-- Installing: /home/greg/ros2_ws/install/arbotix_msgs/share/arbotix_msgs/srv/Relax_Request.msg
-- Installing: /home/greg/ros2_ws/install/arbotix_msgs/share/arbotix_msgs/srv/Relax_Response.msg
-- Installing: /home/greg/ros2_ws/install/arbotix_msgs/share/arbotix_msgs/srv/SetupChannel.srv
-- Installing: /home/greg/ros2_ws/install/arbotix_msgs/share/arbotix_msgs/srv/SetupChannel_Request.msg
-- Installing: /home/greg/ros2_ws/install/arbotix_msgs/share/arbotix_msgs/srv/SetupChannel_Response.msg
-- Installing: /home/greg/ros2_ws/install/arbotix_msgs/share/arbotix_msgs/srv/SetSpeed.srv
-- Installing: /home/greg/ros2_ws/install/arbotix_msgs/share/arbotix_msgs/srv/SetSpeed_Request.msg
-- Installing: /home/greg/ros2_ws/install/arbotix_msgs/share/arbotix_msgs/srv/SetSpeed_Response.msg
-- Installing: /home/greg/ros2_ws/install/arbotix_msgs/share/ament_index/resource_index/package_run_dependencies/arbotix_msgs
-- Installing: /home/greg/ros2_ws/install/arbotix_msgs/share/ament_index/resource_index/parent_prefix_path/arbotix_msgs
-- Installing: /home/greg/ros2_ws/install/arbotix_msgs/share/arbotix_msgs/environment/ament_prefix_path.sh
-- Installing: /home/greg/ros2_ws/install/arbotix_msgs/share/arbotix_msgs/environment/ament_prefix_path.dsv
-- Installing: /home/greg/ros2_ws/install/arbotix_msgs/share/arbotix_msgs/environment/path.sh
-- Installing: /home/greg/ros2_ws/install/arbotix_msgs/share/arbotix_msgs/environment/path.dsv
-- Installing: /home/greg/ros2_ws/install/arbotix_msgs/share/arbotix_msgs/local_setup.bash
-- Installing: /home/greg/ros2_ws/install/arbotix_msgs/share/arbotix_msgs/local_setup.sh
-- Installing: /home/greg/ros2_ws/install/arbotix_msgs/share/arbotix_msgs/local_setup.zsh
-- Installing: /home/greg/ros2_ws/install/arbotix_msgs/share/arbotix_msgs/local_setup.dsv
-- Installing: /home/greg/ros2_ws/install/arbotix_msgs/share/arbotix_msgs/package.dsv
-- Installing: /home/greg/ros2_ws/install/arbotix_msgs/share/ament_index/resource_index/packages/arbotix_msgs
-- Installing: /home/greg/ros2_ws/install/arbotix_msgs/share/arbotix_msgs/cmake/export_arbotix_msgs__rosidl_generator_cExport.cmake
-- Installing: /home/greg/ros2_ws/install/arbotix_msgs/share/arbotix_msgs/cmake/export_arbotix_msgs__rosidl_generator_cExport-noconfig.cmake
-- Installing: /home/greg/ros2_ws/install/arbotix_msgs/share/arbotix_msgs/cmake/export_arbotix_msgs__rosidl_typesupport_fastrtps_cExport.cmake
-- Installing: /home/greg/ros2_ws/install/arbotix_msgs/share/arbotix_msgs/cmake/export_arbotix_msgs__rosidl_typesupport_fastrtps_cExport-noconfig.cmake
-- Installing: /home/greg/ros2_ws/install/arbotix_msgs/share/arbotix_msgs/cmake/export_arbotix_msgs__rosidl_generator_cppExport.cmake
-- Installing: /home/greg/ros2_ws/install/arbotix_msgs/share/arbotix_msgs/cmake/export_arbotix_msgs__rosidl_typesupport_fastrtps_cppExport.cmake
-- Installing: /home/greg/ros2_ws/install/arbotix_msgs/share/arbotix_msgs/cmake/export_arbotix_msgs__rosidl_typesupport_fastrtps_cppExport-noconfig.cmake
-- Installing: /home/greg/ros2_ws/install/arbotix_msgs/share/arbotix_msgs/cmake/arbotix_msgs__rosidl_typesupport_introspection_cExport.cmake
-- Installing: /home/greg/ros2_ws/install/arbotix_msgs/share/arbotix_msgs/cmake/arbotix_msgs__rosidl_typesupport_introspection_cExport-noconfig.cmake
-- Installing: /home/greg/ros2_ws/install/arbotix_msgs/share/arbotix_msgs/cmake/arbotix_msgs__rosidl_typesupport_cExport.cmake
-- Installing: /home/greg/ros2_ws/install/arbotix_msgs/share/arbotix_msgs/cmake/arbotix_msgs__rosidl_typesupport_cExport-noconfig.cmake
-- Installing: /home/greg/ros2_ws/install/arbotix_msgs/share/arbotix_msgs/cmake/arbotix_msgs__rosidl_typesupport_introspection_cppExport.cmake
-- Installing: /home/greg/ros2_ws/install/arbotix_msgs/share/arbotix_msgs/cmake/arbotix_msgs__rosidl_typesupport_introspection_cppExport-noconfig.cmake
-- Installing: /home/greg/ros2_ws/install/arbotix_msgs/share/arbotix_msgs/cmake/arbotix_msgs__rosidl_typesupport_cppExport.cmake
-- Installing: /home/greg/ros2_ws/install/arbotix_msgs/share/arbotix_msgs/cmake/arbotix_msgs__rosidl_typesupport_cppExport-noconfig.cmake
-- Installing: /home/greg/ros2_ws/install/arbotix_msgs/share/arbotix_msgs/cmake/export_arbotix_msgs__rosidl_generator_pyExport.cmake
-- Installing: /home/greg/ros2_ws/install/arbotix_msgs/share/arbotix_msgs/cmake/export_arbotix_msgs__rosidl_generator_pyExport-noconfig.cmake
-- Installing: /home/greg/ros2_ws/install/arbotix_msgs/share/arbotix_msgs/cmake/rosidl_cmake-extras.cmake
-- Installing: /home/greg/ros2_ws/install/arbotix_msgs/share/arbotix_msgs/cmake/ament_cmake_export_dependencies-extras.cmake
-- Installing: /home/greg/ros2_ws/install/arbotix_msgs/share/arbotix_msgs/cmake/ament_cmake_export_include_directories-extras.cmake
-- Installing: /home/greg/ros2_ws/install/arbotix_msgs/share/arbotix_msgs/cmake/ament_cmake_export_libraries-extras.cmake
-- Installing: /home/greg/ros2_ws/install/arbotix_msgs/share/arbotix_msgs/cmake/ament_cmake_export_targets-extras.cmake
-- Installing: /home/greg/ros2_ws/install/arbotix_msgs/share/arbotix_msgs/cmake/rosidl_cmake_export_typesupport_targets-extras.cmake
-- Installing: /home/greg/ros2_ws/install/arbotix_msgs/share/arbotix_msgs/cmake/rosidl_cmake_export_typesupport_libraries-extras.cmake
-- Installing: /home/greg/ros2_ws/install/arbotix_msgs/share/arbotix_msgs/cmake/arbotix_msgsConfig.cmake
-- Installing: /home/greg/ros2_ws/install/arbotix_msgs/share/arbotix_msgs/cmake/arbotix_msgsConfig-version.cmake
-- Installing: /home/greg/ros2_ws/install/arbotix_msgs/share/arbotix_msgs/package.xml
