[0.165s] Invoking command in '/home/greg/ros2_ws/build/arbotix_msgs': CMAKE_PREFIX_PATH=${CMAKE_PREFIX_PATH}:/opt/ros/humble /usr/bin/cmake /home/greg/ros2_ws/src/arbotix_msgs -DCMAKE_INSTALL_PREFIX=/home/greg/ros2_ws/install/arbotix_msgs
[0.213s] -- The C compiler identification is GNU 11.4.0
[0.259s] -- The CXX compiler identification is GNU 11.4.0
[0.266s] -- Detecting C compiler ABI info
[0.321s] -- Detecting C compiler ABI info - done
[0.326s] -- Check for working C compiler: /usr/bin/cc - skipped
[0.326s] -- Detecting C compile features
[0.326s] -- Detecting C compile features - done
[0.328s] -- Detecting CXX compiler ABI info
[0.402s] -- Detecting CXX compiler ABI info - done
[0.406s] -- Check for working CXX compiler: /usr/bin/c++ - skipped
[0.406s] -- Detecting CXX compile features
[0.406s] -- Detecting CXX compile features - done
[0.408s] -- Found ament_cmake: 1.3.5 (/opt/ros/humble/share/ament_cmake/cmake)
[0.538s] -- Found Python3: /usr/bin/python3.10 (found version "3.10.12") found components: Interpreter 
[0.599s] -- Found std_msgs: 4.2.3 (/opt/ros/humble/share/std_msgs/cmake)
[0.619s] -- Found rosidl_generator_c: 3.1.5 (/opt/ros/humble/share/rosidl_generator_c/cmake)
[0.621s] -- Found rosidl_adapter: 3.1.5 (/opt/ros/humble/share/rosidl_adapter/cmake)
[0.626s] -- Found rosidl_generator_cpp: 3.1.5 (/opt/ros/humble/share/rosidl_generator_cpp/cmake)
[0.638s] -- Using all available rosidl_typesupport_c: rosidl_typesupport_fastrtps_c;rosidl_typesupport_introspection_c
[0.655s] -- Using all available rosidl_typesupport_cpp: rosidl_typesupport_fastrtps_cpp;rosidl_typesupport_introspection_cpp
[0.693s] -- Found rosidl_default_generators: 1.2.0 (/opt/ros/humble/share/rosidl_default_generators/cmake)
[0.698s] -- Found ament_lint_auto: 0.12.8 (/opt/ros/humble/share/ament_lint_auto/cmake)
[0.923s] -- Found ament_cmake_ros: 0.10.0 (/opt/ros/humble/share/ament_cmake_ros/cmake)
[1.197s] -- Using all available rosidl_typesupport_c: rosidl_typesupport_fastrtps_c;rosidl_typesupport_introspection_c
[1.301s] -- Using all available rosidl_typesupport_cpp: rosidl_typesupport_fastrtps_cpp;rosidl_typesupport_introspection_cpp
[1.318s] -- Found PythonInterp: /usr/bin/python3 (found suitable version "3.10.12", minimum required is "3.6") 
[1.319s] -- Found python_cmake_module: 0.10.0 (/opt/ros/humble/share/python_cmake_module/cmake)
[1.338s] -- Found PythonLibs: /usr/lib/x86_64-linux-gnu/libpython3.10.so (found suitable version "3.10.12", minimum required is "3.5") 
[1.338s] -- Using PYTHON_EXECUTABLE: /usr/bin/python3
[1.338s] -- Using PYTHON_INCLUDE_DIRS: /usr/include/python3.10
[1.338s] -- Using PYTHON_LIBRARIES: /usr/lib/x86_64-linux-gnu/libpython3.10.so
[1.357s] -- Found PythonExtra: .so  
[1.400s] -- Added test 'lint_cmake' to check CMake code style
[1.401s] -- Added test 'xmllint' to check XML markup files
[1.404s] -- Configuring done
[1.453s] -- Generating done
[1.458s] -- Build files have been written to: /home/greg/ros2_ws/build/arbotix_msgs
[1.462s] Invoked command in '/home/greg/ros2_ws/build/arbotix_msgs' returned '0': CMAKE_PREFIX_PATH=${CMAKE_PREFIX_PATH}:/opt/ros/humble /usr/bin/cmake /home/greg/ros2_ws/src/arbotix_msgs -DCMAKE_INSTALL_PREFIX=/home/greg/ros2_ws/install/arbotix_msgs
[1.464s] Invoking command in '/home/greg/ros2_ws/build/arbotix_msgs': CMAKE_PREFIX_PATH=${CMAKE_PREFIX_PATH}:/opt/ros/humble /usr/bin/cmake --build /home/greg/ros2_ws/build/arbotix_msgs -- -j16 -l16
[1.501s] [  1%] [34m[1mGenerating C code for ROS interfaces[0m
[1.513s] [  2%] [34m[1mGenerating C++ code for ROS interfaces[0m
[1.525s] [  2%] Built target ament_cmake_python_copy_arbotix_msgs
[1.837s] running egg_info
[1.838s] creating arbotix_msgs.egg-info
[1.838s] writing arbotix_msgs.egg-info/PKG-INFO
[1.839s] writing dependency_links to arbotix_msgs.egg-info/dependency_links.txt
[1.840s] writing top-level names to arbotix_msgs.egg-info/top_level.txt
[1.840s] writing manifest file 'arbotix_msgs.egg-info/SOURCES.txt'
[1.843s] reading manifest file 'arbotix_msgs.egg-info/SOURCES.txt'
[1.844s] writing manifest file 'arbotix_msgs.egg-info/SOURCES.txt'
[1.879s] [  2%] Built target ament_cmake_python_build_arbotix_msgs_egg
[2.151s] [  2%] Built target arbotix_msgs__cpp
[2.163s] [  4%] [34m[1mGenerating C++ type support dispatch for ROS interfaces[0m
[2.164s] [  5%] [34m[1mGenerating C++ introspection for ROS interfaces[0m
[2.164s] [  8%] [32mBuilding C object CMakeFiles/arbotix_msgs__rosidl_generator_c.dir/rosidl_generator_c/arbotix_msgs/srv/detail/setup_channel__functions.c.o[0m
[2.165s] [  8%] [32mBuilding C object CMakeFiles/arbotix_msgs__rosidl_generator_c.dir/rosidl_generator_c/arbotix_msgs/srv/detail/enable__functions.c.o[0m
[2.167s] [ 11%] [32mBuilding C object CMakeFiles/arbotix_msgs__rosidl_generator_c.dir/rosidl_generator_c/arbotix_msgs/msg/detail/digital__functions.c.o[0m
[2.168s] [ 11%] [34m[1mGenerating C++ type support for eProsima Fast-RTPS[0m
[2.170s] [ 12%] [32mBuilding C object CMakeFiles/arbotix_msgs__rosidl_generator_c.dir/rosidl_generator_c/arbotix_msgs/srv/detail/set_speed__functions.c.o[0m
[2.170s] [ 14%] [32mBuilding C object CMakeFiles/arbotix_msgs__rosidl_generator_c.dir/rosidl_generator_c/arbotix_msgs/srv/detail/relax__functions.c.o[0m
[2.177s] [ 15%] [32mBuilding C object CMakeFiles/arbotix_msgs__rosidl_generator_c.dir/rosidl_generator_c/arbotix_msgs/msg/detail/analog__functions.c.o[0m
[2.301s] [ 16%] [32m[1mLinking C shared library libarbotix_msgs__rosidl_generator_c.so[0m
[2.366s] [ 16%] Built target arbotix_msgs__rosidl_generator_c
[2.381s] [ 18%] [34m[1mGenerating C type support dispatch for ROS interfaces[0m
[2.391s] [ 19%] [34m[1mGenerating C type support for eProsima Fast-RTPS[0m
[2.392s] [ 21%] [34m[1mGenerating C introspection for ROS interfaces[0m
[2.588s] [ 22%] [32mBuilding CXX object CMakeFiles/arbotix_msgs__rosidl_typesupport_cpp.dir/rosidl_typesupport_cpp/arbotix_msgs/srv/relax__type_support.cpp.o[0m
[2.589s] [ 23%] [32mBuilding CXX object CMakeFiles/arbotix_msgs__rosidl_typesupport_cpp.dir/rosidl_typesupport_cpp/arbotix_msgs/msg/analog__type_support.cpp.o[0m
[2.589s] [ 26%] [32mBuilding CXX object CMakeFiles/arbotix_msgs__rosidl_typesupport_cpp.dir/rosidl_typesupport_cpp/arbotix_msgs/srv/setup_channel__type_support.cpp.o[0m
[2.589s] [ 26%] [32mBuilding CXX object CMakeFiles/arbotix_msgs__rosidl_typesupport_cpp.dir/rosidl_typesupport_cpp/arbotix_msgs/srv/enable__type_support.cpp.o[0m
[2.590s] [ 28%] [32mBuilding CXX object CMakeFiles/arbotix_msgs__rosidl_typesupport_cpp.dir/rosidl_typesupport_cpp/arbotix_msgs/msg/digital__type_support.cpp.o[0m
[2.591s] [ 29%] [32mBuilding CXX object CMakeFiles/arbotix_msgs__rosidl_typesupport_cpp.dir/rosidl_typesupport_cpp/arbotix_msgs/srv/set_speed__type_support.cpp.o[0m
[2.677s] [ 30%] [32mBuilding CXX object CMakeFiles/arbotix_msgs__rosidl_typesupport_introspection_cpp.dir/rosidl_typesupport_introspection_cpp/arbotix_msgs/msg/detail/digital__type_support.cpp.o[0m
[2.678s] [ 32%] [32mBuilding CXX object CMakeFiles/arbotix_msgs__rosidl_typesupport_introspection_cpp.dir/rosidl_typesupport_introspection_cpp/arbotix_msgs/msg/detail/analog__type_support.cpp.o[0m
[2.680s] [ 33%] [32mBuilding CXX object CMakeFiles/arbotix_msgs__rosidl_typesupport_introspection_cpp.dir/rosidl_typesupport_introspection_cpp/arbotix_msgs/srv/detail/relax__type_support.cpp.o[0m
[2.688s] [ 35%] [32mBuilding CXX object CMakeFiles/arbotix_msgs__rosidl_typesupport_introspection_cpp.dir/rosidl_typesupport_introspection_cpp/arbotix_msgs/srv/detail/enable__type_support.cpp.o[0m
[2.695s] [ 36%] [32mBuilding CXX object CMakeFiles/arbotix_msgs__rosidl_typesupport_introspection_cpp.dir/rosidl_typesupport_introspection_cpp/arbotix_msgs/srv/detail/setup_channel__type_support.cpp.o[0m
[2.702s] [ 38%] [32mBuilding CXX object CMakeFiles/arbotix_msgs__rosidl_typesupport_introspection_cpp.dir/rosidl_typesupport_introspection_cpp/arbotix_msgs/srv/detail/set_speed__type_support.cpp.o[0m
[3.069s] [ 39%] [32mBuilding CXX object CMakeFiles/arbotix_msgs__rosidl_typesupport_fastrtps_cpp.dir/rosidl_typesupport_fastrtps_cpp/arbotix_msgs/msg/detail/dds_fastrtps/analog__type_support.cpp.o[0m
[3.093s] [ 40%] [32mBuilding CXX object CMakeFiles/arbotix_msgs__rosidl_typesupport_fastrtps_cpp.dir/rosidl_typesupport_fastrtps_cpp/arbotix_msgs/msg/detail/dds_fastrtps/digital__type_support.cpp.o[0m
[3.114s] [ 42%] [32mBuilding CXX object CMakeFiles/arbotix_msgs__rosidl_typesupport_c.dir/rosidl_typesupport_c/arbotix_msgs/msg/analog__type_support.cpp.o[0m
[3.130s] [ 45%] [32mBuilding CXX object CMakeFiles/arbotix_msgs__rosidl_typesupport_c.dir/rosidl_typesupport_c/arbotix_msgs/msg/digital__type_support.cpp.o[0m
[3.131s] [ 45%] [32mBuilding CXX object CMakeFiles/arbotix_msgs__rosidl_typesupport_fastrtps_cpp.dir/rosidl_typesupport_fastrtps_cpp/arbotix_msgs/srv/detail/dds_fastrtps/enable__type_support.cpp.o[0m
[3.131s] [ 46%] [32mBuilding CXX object CMakeFiles/arbotix_msgs__rosidl_typesupport_fastrtps_cpp.dir/rosidl_typesupport_fastrtps_cpp/arbotix_msgs/srv/detail/dds_fastrtps/relax__type_support.cpp.o[0m
[3.138s] [ 47%] [32m[1mLinking CXX shared library libarbotix_msgs__rosidl_typesupport_cpp.so[0m
[3.160s] [ 49%] [32mBuilding C object CMakeFiles/arbotix_msgs__rosidl_typesupport_introspection_c.dir/rosidl_typesupport_introspection_c/arbotix_msgs/msg/detail/analog__type_support.c.o[0m
[3.164s] [ 50%] [32mBuilding CXX object CMakeFiles/arbotix_msgs__rosidl_typesupport_c.dir/rosidl_typesupport_c/arbotix_msgs/srv/enable__type_support.cpp.o[0m
[3.175s] [ 52%] [32mBuilding CXX object CMakeFiles/arbotix_msgs__rosidl_typesupport_fastrtps_cpp.dir/rosidl_typesupport_fastrtps_cpp/arbotix_msgs/srv/detail/dds_fastrtps/setup_channel__type_support.cpp.o[0m
[3.175s] [ 53%] [32mBuilding CXX object CMakeFiles/arbotix_msgs__rosidl_typesupport_c.dir/rosidl_typesupport_c/arbotix_msgs/srv/relax__type_support.cpp.o[0m
[3.220s] [ 54%] [32mBuilding CXX object CMakeFiles/arbotix_msgs__rosidl_typesupport_fastrtps_c.dir/rosidl_typesupport_fastrtps_c/arbotix_msgs/msg/detail/analog__type_support_c.cpp.o[0m
[3.239s] [ 56%] [32mBuilding CXX object CMakeFiles/arbotix_msgs__rosidl_typesupport_fastrtps_c.dir/rosidl_typesupport_fastrtps_c/arbotix_msgs/msg/detail/digital__type_support_c.cpp.o[0m
[3.243s] [ 56%] Built target arbotix_msgs__rosidl_typesupport_cpp
[3.257s] [ 57%] [32mBuilding CXX object CMakeFiles/arbotix_msgs__rosidl_typesupport_c.dir/rosidl_typesupport_c/arbotix_msgs/srv/setup_channel__type_support.cpp.o[0m
[3.268s] [ 59%] [32mBuilding CXX object CMakeFiles/arbotix_msgs__rosidl_typesupport_c.dir/rosidl_typesupport_c/arbotix_msgs/srv/set_speed__type_support.cpp.o[0m
[3.316s] [ 60%] [32mBuilding C object CMakeFiles/arbotix_msgs__rosidl_typesupport_introspection_c.dir/rosidl_typesupport_introspection_c/arbotix_msgs/msg/detail/digital__type_support.c.o[0m
[3.341s] [ 61%] [32mBuilding CXX object CMakeFiles/arbotix_msgs__rosidl_typesupport_fastrtps_c.dir/rosidl_typesupport_fastrtps_c/arbotix_msgs/srv/detail/enable__type_support_c.cpp.o[0m
[3.440s] [ 63%] [32m[1mLinking CXX shared library libarbotix_msgs__rosidl_typesupport_c.so[0m
[3.467s] [ 64%] [32mBuilding CXX object CMakeFiles/arbotix_msgs__rosidl_typesupport_fastrtps_c.dir/rosidl_typesupport_fastrtps_c/arbotix_msgs/srv/detail/relax__type_support_c.cpp.o[0m
[3.484s] [ 66%] [32mBuilding C object CMakeFiles/arbotix_msgs__rosidl_typesupport_introspection_c.dir/rosidl_typesupport_introspection_c/arbotix_msgs/srv/detail/relax__type_support.c.o[0m
[3.485s] [ 67%] [32mBuilding C object CMakeFiles/arbotix_msgs__rosidl_typesupport_introspection_c.dir/rosidl_typesupport_introspection_c/arbotix_msgs/srv/detail/enable__type_support.c.o[0m
[3.497s] [ 69%] [32mBuilding CXX object CMakeFiles/arbotix_msgs__rosidl_typesupport_fastrtps_c.dir/rosidl_typesupport_fastrtps_c/arbotix_msgs/srv/detail/setup_channel__type_support_c.cpp.o[0m
[3.533s] [ 69%] Built target arbotix_msgs__rosidl_typesupport_c
[3.547s] [ 70%] [32mBuilding CXX object CMakeFiles/arbotix_msgs__rosidl_typesupport_fastrtps_c.dir/rosidl_typesupport_fastrtps_c/arbotix_msgs/srv/detail/set_speed__type_support_c.cpp.o[0m
[3.553s] [ 71%] [32mBuilding C object CMakeFiles/arbotix_msgs__rosidl_typesupport_introspection_c.dir/rosidl_typesupport_introspection_c/arbotix_msgs/srv/detail/setup_channel__type_support.c.o[0m
[3.565s] [ 73%] [32mBuilding C object CMakeFiles/arbotix_msgs__rosidl_typesupport_introspection_c.dir/rosidl_typesupport_introspection_c/arbotix_msgs/srv/detail/set_speed__type_support.c.o[0m
[3.578s] [ 74%] [32mBuilding CXX object CMakeFiles/arbotix_msgs__rosidl_typesupport_fastrtps_cpp.dir/rosidl_typesupport_fastrtps_cpp/arbotix_msgs/srv/detail/dds_fastrtps/set_speed__type_support.cpp.o[0m
[3.609s] [ 76%] [32m[1mLinking CXX shared library libarbotix_msgs__rosidl_typesupport_introspection_cpp.so[0m
[3.631s] [ 77%] [32m[1mLinking C shared library libarbotix_msgs__rosidl_typesupport_introspection_c.so[0m
[3.686s] [ 77%] Built target arbotix_msgs__rosidl_typesupport_introspection_c
[3.699s] [ 77%] Built target arbotix_msgs__rosidl_typesupport_introspection_cpp
[3.885s] [ 78%] [32m[1mLinking CXX shared library libarbotix_msgs__rosidl_typesupport_fastrtps_cpp.so[0m
[3.889s] [ 80%] [32m[1mLinking CXX shared library libarbotix_msgs__rosidl_typesupport_fastrtps_c.so[0m
[3.945s] [ 80%] Built target arbotix_msgs__rosidl_typesupport_fastrtps_cpp
[3.953s] [ 80%] Built target arbotix_msgs__rosidl_typesupport_fastrtps_c
[3.972s] [ 80%] Built target arbotix_msgs
[3.991s] [ 81%] [34m[1mGenerating Python code for ROS interfaces[0m
[4.592s] [ 81%] Built target arbotix_msgs__py
[4.611s] [ 84%] [32mBuilding C object CMakeFiles/arbotix_msgs__rosidl_generator_py.dir/rosidl_generator_py/arbotix_msgs/msg/_digital_s.c.o[0m
[4.612s] [ 84%] [32mBuilding C object CMakeFiles/arbotix_msgs__rosidl_generator_py.dir/rosidl_generator_py/arbotix_msgs/msg/_analog_s.c.o[0m
[4.613s] [ 85%] [32mBuilding C object CMakeFiles/arbotix_msgs__rosidl_generator_py.dir/rosidl_generator_py/arbotix_msgs/srv/_enable_s.c.o[0m
[4.616s] [ 87%] [32mBuilding C object CMakeFiles/arbotix_msgs__rosidl_generator_py.dir/rosidl_generator_py/arbotix_msgs/srv/_set_speed_s.c.o[0m
[4.617s] [ 88%] [32mBuilding C object CMakeFiles/arbotix_msgs__rosidl_generator_py.dir/rosidl_generator_py/arbotix_msgs/srv/_relax_s.c.o[0m
[4.617s] [ 90%] [32mBuilding C object CMakeFiles/arbotix_msgs__rosidl_generator_py.dir/rosidl_generator_py/arbotix_msgs/srv/_setup_channel_s.c.o[0m
[4.712s] [ 91%] [32m[1mLinking C shared library rosidl_generator_py/arbotix_msgs/libarbotix_msgs__rosidl_generator_py.so[0m
[4.749s] [ 91%] Built target arbotix_msgs__rosidl_generator_py
[4.772s] [ 94%] [32mBuilding C object CMakeFiles/arbotix_msgs__rosidl_typesupport_c__pyext.dir/rosidl_generator_py/arbotix_msgs/_arbotix_msgs_s.ep.rosidl_typesupport_c.c.o[0m
[4.772s] [ 94%] [32mBuilding C object CMakeFiles/arbotix_msgs__rosidl_typesupport_fastrtps_c__pyext.dir/rosidl_generator_py/arbotix_msgs/_arbotix_msgs_s.ep.rosidl_typesupport_fastrtps_c.c.o[0m
[4.775s] [ 95%] [32mBuilding C object CMakeFiles/arbotix_msgs__rosidl_typesupport_introspection_c__pyext.dir/rosidl_generator_py/arbotix_msgs/_arbotix_msgs_s.ep.rosidl_typesupport_introspection_c.c.o[0m
[4.860s] [ 97%] [32m[1mLinking C shared library rosidl_generator_py/arbotix_msgs/arbotix_msgs_s__rosidl_typesupport_c.cpython-310-x86_64-linux-gnu.so[0m
[4.861s] [ 98%] [32m[1mLinking C shared library rosidl_generator_py/arbotix_msgs/arbotix_msgs_s__rosidl_typesupport_introspection_c.cpython-310-x86_64-linux-gnu.so[0m
[4.863s] [100%] [32m[1mLinking C shared library rosidl_generator_py/arbotix_msgs/arbotix_msgs_s__rosidl_typesupport_fastrtps_c.cpython-310-x86_64-linux-gnu.so[0m
[4.892s] [100%] Built target arbotix_msgs__rosidl_typesupport_c__pyext
[4.893s] [100%] Built target arbotix_msgs__rosidl_typesupport_introspection_c__pyext
[4.895s] [100%] Built target arbotix_msgs__rosidl_typesupport_fastrtps_c__pyext
[4.905s] Invoked command in '/home/greg/ros2_ws/build/arbotix_msgs' returned '0': CMAKE_PREFIX_PATH=${CMAKE_PREFIX_PATH}:/opt/ros/humble /usr/bin/cmake --build /home/greg/ros2_ws/build/arbotix_msgs -- -j16 -l16
[5.139s] Invoking command in '/home/greg/ros2_ws/build/arbotix_msgs': CMAKE_PREFIX_PATH=${CMAKE_PREFIX_PATH}:/opt/ros/humble /usr/bin/cmake --install /home/greg/ros2_ws/build/arbotix_msgs
[5.146s] -- Install configuration: ""
[5.147s] -- Installing: /home/greg/ros2_ws/install/arbotix_msgs/share/ament_index/resource_index/rosidl_interfaces/arbotix_msgs
[5.147s] -- Installing: /home/greg/ros2_ws/install/arbotix_msgs/include/arbotix_msgs/arbotix_msgs
[5.147s] -- Installing: /home/greg/ros2_ws/install/arbotix_msgs/include/arbotix_msgs/arbotix_msgs/msg
[5.147s] -- Installing: /home/greg/ros2_ws/install/arbotix_msgs/include/arbotix_msgs/arbotix_msgs/msg/digital.h
[5.147s] -- Installing: /home/greg/ros2_ws/install/arbotix_msgs/include/arbotix_msgs/arbotix_msgs/msg/rosidl_generator_c__visibility_control.h
[5.147s] -- Installing: /home/greg/ros2_ws/install/arbotix_msgs/include/arbotix_msgs/arbotix_msgs/msg/detail
[5.147s] -- Installing: /home/greg/ros2_ws/install/arbotix_msgs/include/arbotix_msgs/arbotix_msgs/msg/detail/digital__struct.h
[5.147s] -- Installing: /home/greg/ros2_ws/install/arbotix_msgs/include/arbotix_msgs/arbotix_msgs/msg/detail/analog__functions.h
[5.148s] -- Installing: /home/greg/ros2_ws/install/arbotix_msgs/include/arbotix_msgs/arbotix_msgs/msg/detail/digital__functions.c
[5.148s] -- Installing: /home/greg/ros2_ws/install/arbotix_msgs/include/arbotix_msgs/arbotix_msgs/msg/detail/digital__type_support.h
[5.148s] -- Installing: /home/greg/ros2_ws/install/arbotix_msgs/include/arbotix_msgs/arbotix_msgs/msg/detail/analog__type_support.h
[5.148s] -- Installing: /home/greg/ros2_ws/install/arbotix_msgs/include/arbotix_msgs/arbotix_msgs/msg/detail/analog__struct.h
[5.148s] -- Installing: /home/greg/ros2_ws/install/arbotix_msgs/include/arbotix_msgs/arbotix_msgs/msg/detail/digital__functions.h
[5.148s] -- Installing: /home/greg/ros2_ws/install/arbotix_msgs/include/arbotix_msgs/arbotix_msgs/msg/detail/analog__functions.c
[5.148s] -- Installing: /home/greg/ros2_ws/install/arbotix_msgs/include/arbotix_msgs/arbotix_msgs/msg/analog.h
[5.148s] -- Installing: /home/greg/ros2_ws/install/arbotix_msgs/include/arbotix_msgs/arbotix_msgs/srv
[5.148s] -- Installing: /home/greg/ros2_ws/install/arbotix_msgs/include/arbotix_msgs/arbotix_msgs/srv/enable.h
[5.148s] -- Installing: /home/greg/ros2_ws/install/arbotix_msgs/include/arbotix_msgs/arbotix_msgs/srv/detail
[5.148s] -- Installing: /home/greg/ros2_ws/install/arbotix_msgs/include/arbotix_msgs/arbotix_msgs/srv/detail/enable__functions.h
[5.149s] -- Installing: /home/greg/ros2_ws/install/arbotix_msgs/include/arbotix_msgs/arbotix_msgs/srv/detail/setup_channel__functions.h
[5.149s] -- Installing: /home/greg/ros2_ws/install/arbotix_msgs/include/arbotix_msgs/arbotix_msgs/srv/detail/setup_channel__functions.c
[5.149s] -- Installing: /home/greg/ros2_ws/install/arbotix_msgs/include/arbotix_msgs/arbotix_msgs/srv/detail/setup_channel__struct.h
[5.149s] -- Installing: /home/greg/ros2_ws/install/arbotix_msgs/include/arbotix_msgs/arbotix_msgs/srv/detail/set_speed__struct.h
[5.151s] -- Installing: /home/greg/ros2_ws/install/arbotix_msgs/include/arbotix_msgs/arbotix_msgs/srv/detail/enable__type_support.h
[5.151s] -- Installing: /home/greg/ros2_ws/install/arbotix_msgs/include/arbotix_msgs/arbotix_msgs/srv/detail/set_speed__type_support.h
[5.151s] -- Installing: /home/greg/ros2_ws/install/arbotix_msgs/include/arbotix_msgs/arbotix_msgs/srv/detail/relax__type_support.h
[5.151s] -- Installing: /home/greg/ros2_ws/install/arbotix_msgs/include/arbotix_msgs/arbotix_msgs/srv/detail/set_speed__functions.c
[5.151s] -- Installing: /home/greg/ros2_ws/install/arbotix_msgs/include/arbotix_msgs/arbotix_msgs/srv/detail/set_speed__functions.h
[5.151s] -- Installing: /home/greg/ros2_ws/install/arbotix_msgs/include/arbotix_msgs/arbotix_msgs/srv/detail/relax__functions.c
[5.151s] -- Installing: /home/greg/ros2_ws/install/arbotix_msgs/include/arbotix_msgs/arbotix_msgs/srv/detail/enable__struct.h
[5.151s] -- Installing: /home/greg/ros2_ws/install/arbotix_msgs/include/arbotix_msgs/arbotix_msgs/srv/detail/relax__functions.h
[5.151s] -- Installing: /home/greg/ros2_ws/install/arbotix_msgs/include/arbotix_msgs/arbotix_msgs/srv/detail/enable__functions.c
[5.151s] -- Installing: /home/greg/ros2_ws/install/arbotix_msgs/include/arbotix_msgs/arbotix_msgs/srv/detail/setup_channel__type_support.h
[5.151s] -- Installing: /home/greg/ros2_ws/install/arbotix_msgs/include/arbotix_msgs/arbotix_msgs/srv/detail/relax__struct.h
[5.151s] -- Installing: /home/greg/ros2_ws/install/arbotix_msgs/include/arbotix_msgs/arbotix_msgs/srv/setup_channel.h
[5.151s] -- Installing: /home/greg/ros2_ws/install/arbotix_msgs/include/arbotix_msgs/arbotix_msgs/srv/set_speed.h
[5.151s] -- Installing: /home/greg/ros2_ws/install/arbotix_msgs/include/arbotix_msgs/arbotix_msgs/srv/relax.h
[5.151s] -- Installing: /home/greg/ros2_ws/install/arbotix_msgs/share/arbotix_msgs/environment/library_path.sh
[5.151s] -- Installing: /home/greg/ros2_ws/install/arbotix_msgs/share/arbotix_msgs/environment/library_path.dsv
[5.151s] -- Installing: /home/greg/ros2_ws/install/arbotix_msgs/lib/libarbotix_msgs__rosidl_generator_c.so
[5.151s] -- Set runtime path of "/home/greg/ros2_ws/install/arbotix_msgs/lib/libarbotix_msgs__rosidl_generator_c.so" to ""
[5.152s] -- Up-to-date: /home/greg/ros2_ws/install/arbotix_msgs/include/arbotix_msgs/arbotix_msgs
[5.152s] -- Up-to-date: /home/greg/ros2_ws/install/arbotix_msgs/include/arbotix_msgs/arbotix_msgs/msg
[5.152s] -- Installing: /home/greg/ros2_ws/install/arbotix_msgs/include/arbotix_msgs/arbotix_msgs/msg/rosidl_typesupport_fastrtps_c__visibility_control.h
[5.152s] -- Up-to-date: /home/greg/ros2_ws/install/arbotix_msgs/include/arbotix_msgs/arbotix_msgs/msg/detail
[5.152s] -- Installing: /home/greg/ros2_ws/install/arbotix_msgs/include/arbotix_msgs/arbotix_msgs/msg/detail/analog__rosidl_typesupport_fastrtps_c.h
[5.152s] -- Installing: /home/greg/ros2_ws/install/arbotix_msgs/include/arbotix_msgs/arbotix_msgs/msg/detail/digital__rosidl_typesupport_fastrtps_c.h
[5.152s] -- Up-to-date: /home/greg/ros2_ws/install/arbotix_msgs/include/arbotix_msgs/arbotix_msgs/srv
[5.152s] -- Up-to-date: /home/greg/ros2_ws/install/arbotix_msgs/include/arbotix_msgs/arbotix_msgs/srv/detail
[5.152s] -- Installing: /home/greg/ros2_ws/install/arbotix_msgs/include/arbotix_msgs/arbotix_msgs/srv/detail/relax__rosidl_typesupport_fastrtps_c.h
[5.152s] -- Installing: /home/greg/ros2_ws/install/arbotix_msgs/include/arbotix_msgs/arbotix_msgs/srv/detail/enable__rosidl_typesupport_fastrtps_c.h
[5.152s] -- Installing: /home/greg/ros2_ws/install/arbotix_msgs/include/arbotix_msgs/arbotix_msgs/srv/detail/set_speed__rosidl_typesupport_fastrtps_c.h
[5.152s] -- Installing: /home/greg/ros2_ws/install/arbotix_msgs/include/arbotix_msgs/arbotix_msgs/srv/detail/setup_channel__rosidl_typesupport_fastrtps_c.h
[5.152s] -- Installing: /home/greg/ros2_ws/install/arbotix_msgs/lib/libarbotix_msgs__rosidl_typesupport_fastrtps_c.so
[5.152s] -- Set runtime path of "/home/greg/ros2_ws/install/arbotix_msgs/lib/libarbotix_msgs__rosidl_typesupport_fastrtps_c.so" to ""
[5.152s] -- Up-to-date: /home/greg/ros2_ws/install/arbotix_msgs/include/arbotix_msgs/arbotix_msgs
[5.153s] -- Up-to-date: /home/greg/ros2_ws/install/arbotix_msgs/include/arbotix_msgs/arbotix_msgs/msg
[5.153s] -- Installing: /home/greg/ros2_ws/install/arbotix_msgs/include/arbotix_msgs/arbotix_msgs/msg/analog.hpp
[5.153s] -- Installing: /home/greg/ros2_ws/install/arbotix_msgs/include/arbotix_msgs/arbotix_msgs/msg/digital.hpp
[5.153s] -- Up-to-date: /home/greg/ros2_ws/install/arbotix_msgs/include/arbotix_msgs/arbotix_msgs/msg/detail
[5.153s] -- Installing: /home/greg/ros2_ws/install/arbotix_msgs/include/arbotix_msgs/arbotix_msgs/msg/detail/analog__builder.hpp
[5.153s] -- Installing: /home/greg/ros2_ws/install/arbotix_msgs/include/arbotix_msgs/arbotix_msgs/msg/detail/analog__traits.hpp
[5.153s] -- Installing: /home/greg/ros2_ws/install/arbotix_msgs/include/arbotix_msgs/arbotix_msgs/msg/detail/digital__struct.hpp
[5.153s] -- Installing: /home/greg/ros2_ws/install/arbotix_msgs/include/arbotix_msgs/arbotix_msgs/msg/detail/digital__traits.hpp
[5.153s] -- Installing: /home/greg/ros2_ws/install/arbotix_msgs/include/arbotix_msgs/arbotix_msgs/msg/detail/digital__builder.hpp
[5.153s] -- Installing: /home/greg/ros2_ws/install/arbotix_msgs/include/arbotix_msgs/arbotix_msgs/msg/detail/analog__struct.hpp
[5.153s] -- Up-to-date: /home/greg/ros2_ws/install/arbotix_msgs/include/arbotix_msgs/arbotix_msgs/srv
[5.153s] -- Installing: /home/greg/ros2_ws/install/arbotix_msgs/include/arbotix_msgs/arbotix_msgs/srv/setup_channel.hpp
[5.154s] -- Installing: /home/greg/ros2_ws/install/arbotix_msgs/include/arbotix_msgs/arbotix_msgs/srv/enable.hpp
[5.154s] -- Up-to-date: /home/greg/ros2_ws/install/arbotix_msgs/include/arbotix_msgs/arbotix_msgs/srv/detail
[5.154s] -- Installing: /home/greg/ros2_ws/install/arbotix_msgs/include/arbotix_msgs/arbotix_msgs/srv/detail/set_speed__builder.hpp
[5.154s] -- Installing: /home/greg/ros2_ws/install/arbotix_msgs/include/arbotix_msgs/arbotix_msgs/srv/detail/enable__struct.hpp
[5.154s] -- Installing: /home/greg/ros2_ws/install/arbotix_msgs/include/arbotix_msgs/arbotix_msgs/srv/detail/setup_channel__builder.hpp
[5.154s] -- Installing: /home/greg/ros2_ws/install/arbotix_msgs/include/arbotix_msgs/arbotix_msgs/srv/detail/enable__traits.hpp
[5.154s] -- Installing: /home/greg/ros2_ws/install/arbotix_msgs/include/arbotix_msgs/arbotix_msgs/srv/detail/relax__builder.hpp
[5.154s] -- Installing: /home/greg/ros2_ws/install/arbotix_msgs/include/arbotix_msgs/arbotix_msgs/srv/detail/setup_channel__traits.hpp
[5.154s] -- Installing: /home/greg/ros2_ws/install/arbotix_msgs/include/arbotix_msgs/arbotix_msgs/srv/detail/relax__traits.hpp
[5.154s] -- Installing: /home/greg/ros2_ws/install/arbotix_msgs/include/arbotix_msgs/arbotix_msgs/srv/detail/setup_channel__struct.hpp
[5.155s] -- Installing: /home/greg/ros2_ws/install/arbotix_msgs/include/arbotix_msgs/arbotix_msgs/srv/detail/relax__struct.hpp
[5.155s] -- Installing: /home/greg/ros2_ws/install/arbotix_msgs/include/arbotix_msgs/arbotix_msgs/srv/detail/enable__builder.hpp
[5.155s] -- Installing: /home/greg/ros2_ws/install/arbotix_msgs/include/arbotix_msgs/arbotix_msgs/srv/detail/set_speed__struct.hpp
[5.155s] -- Installing: /home/greg/ros2_ws/install/arbotix_msgs/include/arbotix_msgs/arbotix_msgs/srv/detail/set_speed__traits.hpp
[5.155s] -- Installing: /home/greg/ros2_ws/install/arbotix_msgs/include/arbotix_msgs/arbotix_msgs/srv/relax.hpp
[5.155s] -- Installing: /home/greg/ros2_ws/install/arbotix_msgs/include/arbotix_msgs/arbotix_msgs/srv/set_speed.hpp
[5.155s] -- Up-to-date: /home/greg/ros2_ws/install/arbotix_msgs/include/arbotix_msgs/arbotix_msgs
[5.155s] -- Up-to-date: /home/greg/ros2_ws/install/arbotix_msgs/include/arbotix_msgs/arbotix_msgs/msg
[5.155s] -- Installing: /home/greg/ros2_ws/install/arbotix_msgs/include/arbotix_msgs/arbotix_msgs/msg/rosidl_typesupport_fastrtps_cpp__visibility_control.h
[5.155s] -- Up-to-date: /home/greg/ros2_ws/install/arbotix_msgs/include/arbotix_msgs/arbotix_msgs/msg/detail
[5.155s] -- Installing: /home/greg/ros2_ws/install/arbotix_msgs/include/arbotix_msgs/arbotix_msgs/msg/detail/digital__rosidl_typesupport_fastrtps_cpp.hpp
[5.155s] -- Installing: /home/greg/ros2_ws/install/arbotix_msgs/include/arbotix_msgs/arbotix_msgs/msg/detail/analog__rosidl_typesupport_fastrtps_cpp.hpp
[5.155s] -- Installing: /home/greg/ros2_ws/install/arbotix_msgs/include/arbotix_msgs/arbotix_msgs/msg/detail/dds_fastrtps
[5.155s] -- Up-to-date: /home/greg/ros2_ws/install/arbotix_msgs/include/arbotix_msgs/arbotix_msgs/srv
[5.155s] -- Up-to-date: /home/greg/ros2_ws/install/arbotix_msgs/include/arbotix_msgs/arbotix_msgs/srv/detail
[5.155s] -- Installing: /home/greg/ros2_ws/install/arbotix_msgs/include/arbotix_msgs/arbotix_msgs/srv/detail/enable__rosidl_typesupport_fastrtps_cpp.hpp
[5.155s] -- Installing: /home/greg/ros2_ws/install/arbotix_msgs/include/arbotix_msgs/arbotix_msgs/srv/detail/set_speed__rosidl_typesupport_fastrtps_cpp.hpp
[5.155s] -- Installing: /home/greg/ros2_ws/install/arbotix_msgs/include/arbotix_msgs/arbotix_msgs/srv/detail/relax__rosidl_typesupport_fastrtps_cpp.hpp
[5.156s] -- Installing: /home/greg/ros2_ws/install/arbotix_msgs/include/arbotix_msgs/arbotix_msgs/srv/detail/setup_channel__rosidl_typesupport_fastrtps_cpp.hpp
[5.156s] -- Installing: /home/greg/ros2_ws/install/arbotix_msgs/include/arbotix_msgs/arbotix_msgs/srv/detail/dds_fastrtps
[5.156s] -- Installing: /home/greg/ros2_ws/install/arbotix_msgs/lib/libarbotix_msgs__rosidl_typesupport_fastrtps_cpp.so
[5.156s] -- Set runtime path of "/home/greg/ros2_ws/install/arbotix_msgs/lib/libarbotix_msgs__rosidl_typesupport_fastrtps_cpp.so" to ""
[5.156s] -- Up-to-date: /home/greg/ros2_ws/install/arbotix_msgs/include/arbotix_msgs/arbotix_msgs
[5.156s] -- Up-to-date: /home/greg/ros2_ws/install/arbotix_msgs/include/arbotix_msgs/arbotix_msgs/msg
[5.156s] -- Installing: /home/greg/ros2_ws/install/arbotix_msgs/include/arbotix_msgs/arbotix_msgs/msg/rosidl_typesupport_introspection_c__visibility_control.h
[5.156s] -- Up-to-date: /home/greg/ros2_ws/install/arbotix_msgs/include/arbotix_msgs/arbotix_msgs/msg/detail
[5.156s] -- Installing: /home/greg/ros2_ws/install/arbotix_msgs/include/arbotix_msgs/arbotix_msgs/msg/detail/analog__rosidl_typesupport_introspection_c.h
[5.156s] -- Installing: /home/greg/ros2_ws/install/arbotix_msgs/include/arbotix_msgs/arbotix_msgs/msg/detail/digital__rosidl_typesupport_introspection_c.h
[5.156s] -- Installing: /home/greg/ros2_ws/install/arbotix_msgs/include/arbotix_msgs/arbotix_msgs/msg/detail/analog__type_support.c
[5.156s] -- Installing: /home/greg/ros2_ws/install/arbotix_msgs/include/arbotix_msgs/arbotix_msgs/msg/detail/digital__type_support.c
[5.156s] -- Up-to-date: /home/greg/ros2_ws/install/arbotix_msgs/include/arbotix_msgs/arbotix_msgs/srv
[5.156s] -- Up-to-date: /home/greg/ros2_ws/install/arbotix_msgs/include/arbotix_msgs/arbotix_msgs/srv/detail
[5.156s] -- Installing: /home/greg/ros2_ws/install/arbotix_msgs/include/arbotix_msgs/arbotix_msgs/srv/detail/setup_channel__rosidl_typesupport_introspection_c.h
[5.156s] -- Installing: /home/greg/ros2_ws/install/arbotix_msgs/include/arbotix_msgs/arbotix_msgs/srv/detail/setup_channel__type_support.c
[5.156s] -- Installing: /home/greg/ros2_ws/install/arbotix_msgs/include/arbotix_msgs/arbotix_msgs/srv/detail/relax__type_support.c
[5.156s] -- Installing: /home/greg/ros2_ws/install/arbotix_msgs/include/arbotix_msgs/arbotix_msgs/srv/detail/enable__rosidl_typesupport_introspection_c.h
[5.157s] -- Installing: /home/greg/ros2_ws/install/arbotix_msgs/include/arbotix_msgs/arbotix_msgs/srv/detail/set_speed__rosidl_typesupport_introspection_c.h
[5.157s] -- Installing: /home/greg/ros2_ws/install/arbotix_msgs/include/arbotix_msgs/arbotix_msgs/srv/detail/relax__rosidl_typesupport_introspection_c.h
[5.157s] -- Installing: /home/greg/ros2_ws/install/arbotix_msgs/include/arbotix_msgs/arbotix_msgs/srv/detail/set_speed__type_support.c
[5.157s] -- Installing: /home/greg/ros2_ws/install/arbotix_msgs/include/arbotix_msgs/arbotix_msgs/srv/detail/enable__type_support.c
[5.157s] -- Installing: /home/greg/ros2_ws/install/arbotix_msgs/lib/libarbotix_msgs__rosidl_typesupport_introspection_c.so
[5.157s] -- Set runtime path of "/home/greg/ros2_ws/install/arbotix_msgs/lib/libarbotix_msgs__rosidl_typesupport_introspection_c.so" to ""
[5.157s] -- Installing: /home/greg/ros2_ws/install/arbotix_msgs/lib/libarbotix_msgs__rosidl_typesupport_c.so
[5.157s] -- Set runtime path of "/home/greg/ros2_ws/install/arbotix_msgs/lib/libarbotix_msgs__rosidl_typesupport_c.so" to ""
[5.157s] -- Up-to-date: /home/greg/ros2_ws/install/arbotix_msgs/include/arbotix_msgs/arbotix_msgs
[5.157s] -- Up-to-date: /home/greg/ros2_ws/install/arbotix_msgs/include/arbotix_msgs/arbotix_msgs/msg
[5.158s] -- Up-to-date: /home/greg/ros2_ws/install/arbotix_msgs/include/arbotix_msgs/arbotix_msgs/msg/detail
[5.158s] -- Installing: /home/greg/ros2_ws/install/arbotix_msgs/include/arbotix_msgs/arbotix_msgs/msg/detail/digital__rosidl_typesupport_introspection_cpp.hpp
[5.158s] -- Installing: /home/greg/ros2_ws/install/arbotix_msgs/include/arbotix_msgs/arbotix_msgs/msg/detail/digital__type_support.cpp
[5.158s] -- Installing: /home/greg/ros2_ws/install/arbotix_msgs/include/arbotix_msgs/arbotix_msgs/msg/detail/analog__rosidl_typesupport_introspection_cpp.hpp
[5.158s] -- Installing: /home/greg/ros2_ws/install/arbotix_msgs/include/arbotix_msgs/arbotix_msgs/msg/detail/analog__type_support.cpp
[5.158s] -- Up-to-date: /home/greg/ros2_ws/install/arbotix_msgs/include/arbotix_msgs/arbotix_msgs/srv
[5.158s] -- Up-to-date: /home/greg/ros2_ws/install/arbotix_msgs/include/arbotix_msgs/arbotix_msgs/srv/detail
[5.158s] -- Installing: /home/greg/ros2_ws/install/arbotix_msgs/include/arbotix_msgs/arbotix_msgs/srv/detail/set_speed__type_support.cpp
[5.158s] -- Installing: /home/greg/ros2_ws/install/arbotix_msgs/include/arbotix_msgs/arbotix_msgs/srv/detail/relax__rosidl_typesupport_introspection_cpp.hpp
[5.158s] -- Installing: /home/greg/ros2_ws/install/arbotix_msgs/include/arbotix_msgs/arbotix_msgs/srv/detail/enable__type_support.cpp
[5.158s] -- Installing: /home/greg/ros2_ws/install/arbotix_msgs/include/arbotix_msgs/arbotix_msgs/srv/detail/enable__rosidl_typesupport_introspection_cpp.hpp
[5.158s] -- Installing: /home/greg/ros2_ws/install/arbotix_msgs/include/arbotix_msgs/arbotix_msgs/srv/detail/relax__type_support.cpp
[5.158s] -- Installing: /home/greg/ros2_ws/install/arbotix_msgs/include/arbotix_msgs/arbotix_msgs/srv/detail/set_speed__rosidl_typesupport_introspection_cpp.hpp
[5.158s] -- Installing: /home/greg/ros2_ws/install/arbotix_msgs/include/arbotix_msgs/arbotix_msgs/srv/detail/setup_channel__type_support.cpp
[5.158s] -- Installing: /home/greg/ros2_ws/install/arbotix_msgs/include/arbotix_msgs/arbotix_msgs/srv/detail/setup_channel__rosidl_typesupport_introspection_cpp.hpp
[5.158s] -- Installing: /home/greg/ros2_ws/install/arbotix_msgs/lib/libarbotix_msgs__rosidl_typesupport_introspection_cpp.so
[5.159s] -- Set runtime path of "/home/greg/ros2_ws/install/arbotix_msgs/lib/libarbotix_msgs__rosidl_typesupport_introspection_cpp.so" to ""
[5.159s] -- Installing: /home/greg/ros2_ws/install/arbotix_msgs/lib/libarbotix_msgs__rosidl_typesupport_cpp.so
[5.159s] -- Set runtime path of "/home/greg/ros2_ws/install/arbotix_msgs/lib/libarbotix_msgs__rosidl_typesupport_cpp.so" to ""
[5.159s] -- Installing: /home/greg/ros2_ws/install/arbotix_msgs/share/arbotix_msgs/environment/pythonpath.sh
[5.159s] -- Installing: /home/greg/ros2_ws/install/arbotix_msgs/share/arbotix_msgs/environment/pythonpath.dsv
[5.159s] -- Installing: /home/greg/ros2_ws/install/arbotix_msgs/local/lib/python3.10/dist-packages/arbotix_msgs-0.0.0-py3.10.egg-info
[5.159s] -- Installing: /home/greg/ros2_ws/install/arbotix_msgs/local/lib/python3.10/dist-packages/arbotix_msgs-0.0.0-py3.10.egg-info/dependency_links.txt
[5.159s] -- Installing: /home/greg/ros2_ws/install/arbotix_msgs/local/lib/python3.10/dist-packages/arbotix_msgs-0.0.0-py3.10.egg-info/SOURCES.txt
[5.159s] -- Installing: /home/greg/ros2_ws/install/arbotix_msgs/local/lib/python3.10/dist-packages/arbotix_msgs-0.0.0-py3.10.egg-info/PKG-INFO
[5.159s] -- Installing: /home/greg/ros2_ws/install/arbotix_msgs/local/lib/python3.10/dist-packages/arbotix_msgs-0.0.0-py3.10.egg-info/top_level.txt
[5.159s] -- Installing: /home/greg/ros2_ws/install/arbotix_msgs/local/lib/python3.10/dist-packages/arbotix_msgs
[5.159s] -- Installing: /home/greg/ros2_ws/install/arbotix_msgs/local/lib/python3.10/dist-packages/arbotix_msgs/_arbotix_msgs_s.ep.rosidl_typesupport_introspection_c.c
[5.159s] -- Installing: /home/greg/ros2_ws/install/arbotix_msgs/local/lib/python3.10/dist-packages/arbotix_msgs/arbotix_msgs_s__rosidl_typesupport_c.cpython-310-x86_64-linux-gnu.so
[5.160s] -- Installing: /home/greg/ros2_ws/install/arbotix_msgs/local/lib/python3.10/dist-packages/arbotix_msgs/arbotix_msgs_s__rosidl_typesupport_fastrtps_c.cpython-310-x86_64-linux-gnu.so
[5.160s] -- Installing: /home/greg/ros2_ws/install/arbotix_msgs/local/lib/python3.10/dist-packages/arbotix_msgs/_arbotix_msgs_s.ep.rosidl_typesupport_c.c
[5.160s] -- Installing: /home/greg/ros2_ws/install/arbotix_msgs/local/lib/python3.10/dist-packages/arbotix_msgs/_arbotix_msgs_s.ep.rosidl_typesupport_fastrtps_c.c
[5.160s] -- Installing: /home/greg/ros2_ws/install/arbotix_msgs/local/lib/python3.10/dist-packages/arbotix_msgs/arbotix_msgs_s__rosidl_typesupport_introspection_c.cpython-310-x86_64-linux-gnu.so
[5.160s] -- Installing: /home/greg/ros2_ws/install/arbotix_msgs/local/lib/python3.10/dist-packages/arbotix_msgs/libarbotix_msgs__rosidl_generator_py.so
[5.160s] -- Installing: /home/greg/ros2_ws/install/arbotix_msgs/local/lib/python3.10/dist-packages/arbotix_msgs/msg
[5.160s] -- Installing: /home/greg/ros2_ws/install/arbotix_msgs/local/lib/python3.10/dist-packages/arbotix_msgs/msg/_digital_s.c
[5.160s] -- Installing: /home/greg/ros2_ws/install/arbotix_msgs/local/lib/python3.10/dist-packages/arbotix_msgs/msg/_analog.py
[5.160s] -- Installing: /home/greg/ros2_ws/install/arbotix_msgs/local/lib/python3.10/dist-packages/arbotix_msgs/msg/_analog_s.c
[5.160s] -- Installing: /home/greg/ros2_ws/install/arbotix_msgs/local/lib/python3.10/dist-packages/arbotix_msgs/msg/_digital.py
[5.161s] -- Installing: /home/greg/ros2_ws/install/arbotix_msgs/local/lib/python3.10/dist-packages/arbotix_msgs/msg/__init__.py
[5.161s] -- Installing: /home/greg/ros2_ws/install/arbotix_msgs/local/lib/python3.10/dist-packages/arbotix_msgs/srv
[5.161s] -- Installing: /home/greg/ros2_ws/install/arbotix_msgs/local/lib/python3.10/dist-packages/arbotix_msgs/srv/_set_speed.py
[5.161s] -- Installing: /home/greg/ros2_ws/install/arbotix_msgs/local/lib/python3.10/dist-packages/arbotix_msgs/srv/_set_speed_s.c
[5.161s] -- Installing: /home/greg/ros2_ws/install/arbotix_msgs/local/lib/python3.10/dist-packages/arbotix_msgs/srv/_setup_channel_s.c
[5.161s] -- Installing: /home/greg/ros2_ws/install/arbotix_msgs/local/lib/python3.10/dist-packages/arbotix_msgs/srv/_setup_channel.py
[5.161s] -- Installing: /home/greg/ros2_ws/install/arbotix_msgs/local/lib/python3.10/dist-packages/arbotix_msgs/srv/_enable_s.c
[5.161s] -- Installing: /home/greg/ros2_ws/install/arbotix_msgs/local/lib/python3.10/dist-packages/arbotix_msgs/srv/_relax.py
[5.161s] -- Installing: /home/greg/ros2_ws/install/arbotix_msgs/local/lib/python3.10/dist-packages/arbotix_msgs/srv/_relax_s.c
[5.161s] -- Installing: /home/greg/ros2_ws/install/arbotix_msgs/local/lib/python3.10/dist-packages/arbotix_msgs/srv/_enable.py
[5.161s] -- Installing: /home/greg/ros2_ws/install/arbotix_msgs/local/lib/python3.10/dist-packages/arbotix_msgs/srv/__init__.py
[5.161s] -- Installing: /home/greg/ros2_ws/install/arbotix_msgs/local/lib/python3.10/dist-packages/arbotix_msgs/__init__.py
[5.191s] Listing '/home/greg/ros2_ws/install/arbotix_msgs/local/lib/python3.10/dist-packages/arbotix_msgs'...
[5.191s] Compiling '/home/greg/ros2_ws/install/arbotix_msgs/local/lib/python3.10/dist-packages/arbotix_msgs/__init__.py'...
[5.191s] Listing '/home/greg/ros2_ws/install/arbotix_msgs/local/lib/python3.10/dist-packages/arbotix_msgs/msg'...
[5.191s] Compiling '/home/greg/ros2_ws/install/arbotix_msgs/local/lib/python3.10/dist-packages/arbotix_msgs/msg/__init__.py'...
[5.191s] Compiling '/home/greg/ros2_ws/install/arbotix_msgs/local/lib/python3.10/dist-packages/arbotix_msgs/msg/_analog.py'...
[5.191s] Compiling '/home/greg/ros2_ws/install/arbotix_msgs/local/lib/python3.10/dist-packages/arbotix_msgs/msg/_digital.py'...
[5.191s] Listing '/home/greg/ros2_ws/install/arbotix_msgs/local/lib/python3.10/dist-packages/arbotix_msgs/srv'...
[5.191s] Compiling '/home/greg/ros2_ws/install/arbotix_msgs/local/lib/python3.10/dist-packages/arbotix_msgs/srv/__init__.py'...
[5.191s] Compiling '/home/greg/ros2_ws/install/arbotix_msgs/local/lib/python3.10/dist-packages/arbotix_msgs/srv/_enable.py'...
[5.191s] Compiling '/home/greg/ros2_ws/install/arbotix_msgs/local/lib/python3.10/dist-packages/arbotix_msgs/srv/_relax.py'...
[5.191s] Compiling '/home/greg/ros2_ws/install/arbotix_msgs/local/lib/python3.10/dist-packages/arbotix_msgs/srv/_set_speed.py'...
[5.191s] Compiling '/home/greg/ros2_ws/install/arbotix_msgs/local/lib/python3.10/dist-packages/arbotix_msgs/srv/_setup_channel.py'...
[5.194s] -- Installing: /home/greg/ros2_ws/install/arbotix_msgs/local/lib/python3.10/dist-packages/arbotix_msgs/arbotix_msgs_s__rosidl_typesupport_fastrtps_c.cpython-310-x86_64-linux-gnu.so
[5.194s] -- Set runtime path of "/home/greg/ros2_ws/install/arbotix_msgs/local/lib/python3.10/dist-packages/arbotix_msgs/arbotix_msgs_s__rosidl_typesupport_fastrtps_c.cpython-310-x86_64-linux-gnu.so" to ""
[5.195s] -- Installing: /home/greg/ros2_ws/install/arbotix_msgs/local/lib/python3.10/dist-packages/arbotix_msgs/arbotix_msgs_s__rosidl_typesupport_introspection_c.cpython-310-x86_64-linux-gnu.so
[5.195s] -- Set runtime path of "/home/greg/ros2_ws/install/arbotix_msgs/local/lib/python3.10/dist-packages/arbotix_msgs/arbotix_msgs_s__rosidl_typesupport_introspection_c.cpython-310-x86_64-linux-gnu.so" to ""
[5.195s] -- Installing: /home/greg/ros2_ws/install/arbotix_msgs/local/lib/python3.10/dist-packages/arbotix_msgs/arbotix_msgs_s__rosidl_typesupport_c.cpython-310-x86_64-linux-gnu.so
[5.195s] -- Set runtime path of "/home/greg/ros2_ws/install/arbotix_msgs/local/lib/python3.10/dist-packages/arbotix_msgs/arbotix_msgs_s__rosidl_typesupport_c.cpython-310-x86_64-linux-gnu.so" to ""
[5.195s] -- Installing: /home/greg/ros2_ws/install/arbotix_msgs/lib/libarbotix_msgs__rosidl_generator_py.so
[5.196s] -- Set runtime path of "/home/greg/ros2_ws/install/arbotix_msgs/lib/libarbotix_msgs__rosidl_generator_py.so" to ""
[5.196s] -- Installing: /home/greg/ros2_ws/install/arbotix_msgs/share/arbotix_msgs/msg/Analog.idl
[5.196s] -- Installing: /home/greg/ros2_ws/install/arbotix_msgs/share/arbotix_msgs/msg/Digital.idl
[5.196s] -- Installing: /home/greg/ros2_ws/install/arbotix_msgs/share/arbotix_msgs/srv/Enable.idl
[5.196s] -- Installing: /home/greg/ros2_ws/install/arbotix_msgs/share/arbotix_msgs/srv/Relax.idl
[5.196s] -- Installing: /home/greg/ros2_ws/install/arbotix_msgs/share/arbotix_msgs/srv/SetupChannel.idl
[5.196s] -- Installing: /home/greg/ros2_ws/install/arbotix_msgs/share/arbotix_msgs/srv/SetSpeed.idl
[5.197s] -- Installing: /home/greg/ros2_ws/install/arbotix_msgs/share/arbotix_msgs/msg/Analog.msg
[5.197s] -- Installing: /home/greg/ros2_ws/install/arbotix_msgs/share/arbotix_msgs/msg/Digital.msg
[5.197s] -- Installing: /home/greg/ros2_ws/install/arbotix_msgs/share/arbotix_msgs/srv/Enable.srv
[5.197s] -- Installing: /home/greg/ros2_ws/install/arbotix_msgs/share/arbotix_msgs/srv/Enable_Request.msg
[5.197s] -- Installing: /home/greg/ros2_ws/install/arbotix_msgs/share/arbotix_msgs/srv/Enable_Response.msg
[5.197s] -- Installing: /home/greg/ros2_ws/install/arbotix_msgs/share/arbotix_msgs/srv/Relax.srv
[5.197s] -- Installing: /home/greg/ros2_ws/install/arbotix_msgs/share/arbotix_msgs/srv/Relax_Request.msg
[5.197s] -- Installing: /home/greg/ros2_ws/install/arbotix_msgs/share/arbotix_msgs/srv/Relax_Response.msg
[5.197s] -- Installing: /home/greg/ros2_ws/install/arbotix_msgs/share/arbotix_msgs/srv/SetupChannel.srv
[5.197s] -- Installing: /home/greg/ros2_ws/install/arbotix_msgs/share/arbotix_msgs/srv/SetupChannel_Request.msg
[5.197s] -- Installing: /home/greg/ros2_ws/install/arbotix_msgs/share/arbotix_msgs/srv/SetupChannel_Response.msg
[5.198s] -- Installing: /home/greg/ros2_ws/install/arbotix_msgs/share/arbotix_msgs/srv/SetSpeed.srv
[5.198s] -- Installing: /home/greg/ros2_ws/install/arbotix_msgs/share/arbotix_msgs/srv/SetSpeed_Request.msg
[5.198s] -- Installing: /home/greg/ros2_ws/install/arbotix_msgs/share/arbotix_msgs/srv/SetSpeed_Response.msg
[5.198s] -- Installing: /home/greg/ros2_ws/install/arbotix_msgs/share/ament_index/resource_index/package_run_dependencies/arbotix_msgs
[5.198s] -- Installing: /home/greg/ros2_ws/install/arbotix_msgs/share/ament_index/resource_index/parent_prefix_path/arbotix_msgs
[5.198s] -- Installing: /home/greg/ros2_ws/install/arbotix_msgs/share/arbotix_msgs/environment/ament_prefix_path.sh
[5.198s] -- Installing: /home/greg/ros2_ws/install/arbotix_msgs/share/arbotix_msgs/environment/ament_prefix_path.dsv
[5.198s] -- Installing: /home/greg/ros2_ws/install/arbotix_msgs/share/arbotix_msgs/environment/path.sh
[5.198s] -- Installing: /home/greg/ros2_ws/install/arbotix_msgs/share/arbotix_msgs/environment/path.dsv
[5.198s] -- Installing: /home/greg/ros2_ws/install/arbotix_msgs/share/arbotix_msgs/local_setup.bash
[5.199s] -- Installing: /home/greg/ros2_ws/install/arbotix_msgs/share/arbotix_msgs/local_setup.sh
[5.199s] -- Installing: /home/greg/ros2_ws/install/arbotix_msgs/share/arbotix_msgs/local_setup.zsh
[5.199s] -- Installing: /home/greg/ros2_ws/install/arbotix_msgs/share/arbotix_msgs/local_setup.dsv
[5.199s] -- Installing: /home/greg/ros2_ws/install/arbotix_msgs/share/arbotix_msgs/package.dsv
[5.199s] -- Installing: /home/greg/ros2_ws/install/arbotix_msgs/share/ament_index/resource_index/packages/arbotix_msgs
[5.199s] -- Installing: /home/greg/ros2_ws/install/arbotix_msgs/share/arbotix_msgs/cmake/export_arbotix_msgs__rosidl_generator_cExport.cmake
[5.199s] -- Installing: /home/greg/ros2_ws/install/arbotix_msgs/share/arbotix_msgs/cmake/export_arbotix_msgs__rosidl_generator_cExport-noconfig.cmake
[5.199s] -- Installing: /home/greg/ros2_ws/install/arbotix_msgs/share/arbotix_msgs/cmake/export_arbotix_msgs__rosidl_typesupport_fastrtps_cExport.cmake
[5.199s] -- Installing: /home/greg/ros2_ws/install/arbotix_msgs/share/arbotix_msgs/cmake/export_arbotix_msgs__rosidl_typesupport_fastrtps_cExport-noconfig.cmake
[5.199s] -- Installing: /home/greg/ros2_ws/install/arbotix_msgs/share/arbotix_msgs/cmake/export_arbotix_msgs__rosidl_generator_cppExport.cmake
[5.199s] -- Installing: /home/greg/ros2_ws/install/arbotix_msgs/share/arbotix_msgs/cmake/export_arbotix_msgs__rosidl_typesupport_fastrtps_cppExport.cmake
[5.199s] -- Installing: /home/greg/ros2_ws/install/arbotix_msgs/share/arbotix_msgs/cmake/export_arbotix_msgs__rosidl_typesupport_fastrtps_cppExport-noconfig.cmake
[5.200s] -- Installing: /home/greg/ros2_ws/install/arbotix_msgs/share/arbotix_msgs/cmake/arbotix_msgs__rosidl_typesupport_introspection_cExport.cmake
[5.200s] -- Installing: /home/greg/ros2_ws/install/arbotix_msgs/share/arbotix_msgs/cmake/arbotix_msgs__rosidl_typesupport_introspection_cExport-noconfig.cmake
[5.200s] -- Installing: /home/greg/ros2_ws/install/arbotix_msgs/share/arbotix_msgs/cmake/arbotix_msgs__rosidl_typesupport_cExport.cmake
[5.200s] -- Installing: /home/greg/ros2_ws/install/arbotix_msgs/share/arbotix_msgs/cmake/arbotix_msgs__rosidl_typesupport_cExport-noconfig.cmake
[5.200s] -- Installing: /home/greg/ros2_ws/install/arbotix_msgs/share/arbotix_msgs/cmake/arbotix_msgs__rosidl_typesupport_introspection_cppExport.cmake
[5.200s] -- Installing: /home/greg/ros2_ws/install/arbotix_msgs/share/arbotix_msgs/cmake/arbotix_msgs__rosidl_typesupport_introspection_cppExport-noconfig.cmake
[5.200s] -- Installing: /home/greg/ros2_ws/install/arbotix_msgs/share/arbotix_msgs/cmake/arbotix_msgs__rosidl_typesupport_cppExport.cmake
[5.200s] -- Installing: /home/greg/ros2_ws/install/arbotix_msgs/share/arbotix_msgs/cmake/arbotix_msgs__rosidl_typesupport_cppExport-noconfig.cmake
[5.200s] -- Installing: /home/greg/ros2_ws/install/arbotix_msgs/share/arbotix_msgs/cmake/export_arbotix_msgs__rosidl_generator_pyExport.cmake
[5.201s] -- Installing: /home/greg/ros2_ws/install/arbotix_msgs/share/arbotix_msgs/cmake/export_arbotix_msgs__rosidl_generator_pyExport-noconfig.cmake
[5.201s] -- Installing: /home/greg/ros2_ws/install/arbotix_msgs/share/arbotix_msgs/cmake/rosidl_cmake-extras.cmake
[5.201s] -- Installing: /home/greg/ros2_ws/install/arbotix_msgs/share/arbotix_msgs/cmake/ament_cmake_export_dependencies-extras.cmake
[5.201s] -- Installing: /home/greg/ros2_ws/install/arbotix_msgs/share/arbotix_msgs/cmake/ament_cmake_export_include_directories-extras.cmake
[5.201s] -- Installing: /home/greg/ros2_ws/install/arbotix_msgs/share/arbotix_msgs/cmake/ament_cmake_export_libraries-extras.cmake
[5.201s] -- Installing: /home/greg/ros2_ws/install/arbotix_msgs/share/arbotix_msgs/cmake/ament_cmake_export_targets-extras.cmake
[5.201s] -- Installing: /home/greg/ros2_ws/install/arbotix_msgs/share/arbotix_msgs/cmake/rosidl_cmake_export_typesupport_targets-extras.cmake
[5.201s] -- Installing: /home/greg/ros2_ws/install/arbotix_msgs/share/arbotix_msgs/cmake/rosidl_cmake_export_typesupport_libraries-extras.cmake
[5.201s] -- Installing: /home/greg/ros2_ws/install/arbotix_msgs/share/arbotix_msgs/cmake/arbotix_msgsConfig.cmake
[5.201s] -- Installing: /home/greg/ros2_ws/install/arbotix_msgs/share/arbotix_msgs/cmake/arbotix_msgsConfig-version.cmake
[5.201s] -- Installing: /home/greg/ros2_ws/install/arbotix_msgs/share/arbotix_msgs/package.xml
[5.203s] Invoked command in '/home/greg/ros2_ws/build/arbotix_msgs' returned '0': CMAKE_PREFIX_PATH=${CMAKE_PREFIX_PATH}:/opt/ros/humble /usr/bin/cmake --install /home/greg/ros2_ws/build/arbotix_msgs
