[0.751s] DEBUG:colcon:Command line arguments: ['/usr/bin/colcon', 'build']
[0.751s] DEBUG:colcon:Parsed command line arguments: Namespace(log_base=None, log_level=None, verb_name='build', build_base='build', install_base='install', merge_install=False, symlink_install=False, test_result_base=None, continue_on_error=False, executor='parallel', parallel_workers=16, event_handlers=None, ignore_user_meta=False, metas=['./colcon.meta'], base_paths=['.'], packages_ignore=None, packages_ignore_regex=None, paths=None, packages_up_to=None, packages_up_to_regex=None, packages_above=None, packages_above_and_dependencies=None, packages_above_depth=None, packages_select_by_dep=None, packages_skip_by_dep=None, packages_skip_up_to=None, packages_select_build_failed=False, packages_skip_build_finished=False, packages_select_test_failures=False, packages_skip_test_passed=False, packages_select=None, packages_skip=None, packages_select_regex=None, packages_skip_regex=None, packages_start=None, packages_end=None, allow_overriding=[], cmake_args=None, cmake_target=None, cmake_target_skip_unavailable=False, cmake_clean_cache=False, cmake_clean_first=False, cmake_force_configure=False, ament_cmake_args=None, catkin_cmake_args=None, catkin_skip_building_tests=False, verb_parser=<colcon_defaults.argument_parser.defaults.DefaultArgumentsDecorator object at 0x7f1f2569a830>, verb_extension=<colcon_core.verb.build.BuildVerb object at 0x7f1f258dace0>, main=<bound method BuildVerb.main of <colcon_core.verb.build.BuildVerb object at 0x7f1f258dace0>>)
[0.793s] Level 1:colcon.colcon_core.package_discovery:discover_packages(colcon_meta) check parameters
[0.793s] Level 1:colcon.colcon_core.package_discovery:discover_packages(recursive) check parameters
[0.793s] Level 1:colcon.colcon_core.package_discovery:discover_packages(ignore) check parameters
[0.793s] Level 1:colcon.colcon_core.package_discovery:discover_packages(path) check parameters
[0.793s] Level 1:colcon.colcon_core.package_discovery:discover_packages(colcon_meta) discover
[0.793s] Level 1:colcon.colcon_core.package_discovery:discover_packages(recursive) discover
[0.793s] INFO:colcon.colcon_core.package_discovery:Crawling recursively for packages in '/home/greg/ros2_ws'
[0.793s] Level 1:colcon.colcon_core.package_identification:_identify(.) by extensions ['ignore', 'ignore_ament_install']
[0.793s] Level 1:colcon.colcon_core.package_identification:_identify(.) by extension 'ignore'
[0.793s] Level 1:colcon.colcon_core.package_identification:_identify(.) by extension 'ignore_ament_install'
[0.794s] Level 1:colcon.colcon_core.package_identification:_identify(.) by extensions ['colcon_pkg']
[0.794s] Level 1:colcon.colcon_core.package_identification:_identify(.) by extension 'colcon_pkg'
[0.794s] Level 1:colcon.colcon_core.package_identification:_identify(.) by extensions ['colcon_meta']
[0.794s] Level 1:colcon.colcon_core.package_identification:_identify(.) by extension 'colcon_meta'
[0.794s] Level 1:colcon.colcon_core.package_identification:_identify(.) by extensions ['ros']
[0.794s] Level 1:colcon.colcon_core.package_identification:_identify(.) by extension 'ros'
[0.804s] Level 1:colcon.colcon_core.package_identification:_identify(.) by extensions ['cmake', 'python']
[0.805s] Level 1:colcon.colcon_core.package_identification:_identify(.) by extension 'cmake'
[0.805s] Level 1:colcon.colcon_core.package_identification:_identify(.) by extension 'python'
[0.805s] Level 1:colcon.colcon_core.package_identification:_identify(.) by extensions ['python_setup_py']
[0.805s] Level 1:colcon.colcon_core.package_identification:_identify(.) by extension 'python_setup_py'
[0.805s] Level 1:colcon.colcon_core.package_identification:_identify(build) by extensions ['ignore', 'ignore_ament_install']
[0.805s] Level 1:colcon.colcon_core.package_identification:_identify(build) by extension 'ignore'
[0.805s] Level 1:colcon.colcon_core.package_identification:_identify(build) ignored
[0.805s] Level 1:colcon.colcon_core.package_identification:_identify(install) by extensions ['ignore', 'ignore_ament_install']
[0.805s] Level 1:colcon.colcon_core.package_identification:_identify(install) by extension 'ignore'
[0.805s] Level 1:colcon.colcon_core.package_identification:_identify(install) ignored
[0.806s] Level 1:colcon.colcon_core.package_identification:_identify(log) by extensions ['ignore', 'ignore_ament_install']
[0.806s] Level 1:colcon.colcon_core.package_identification:_identify(log) by extension 'ignore'
[0.806s] Level 1:colcon.colcon_core.package_identification:_identify(log) ignored
[0.806s] Level 1:colcon.colcon_core.package_identification:_identify(src) by extensions ['ignore', 'ignore_ament_install']
[0.806s] Level 1:colcon.colcon_core.package_identification:_identify(src) by extension 'ignore'
[0.806s] Level 1:colcon.colcon_core.package_identification:_identify(src) by extension 'ignore_ament_install'
[0.806s] Level 1:colcon.colcon_core.package_identification:_identify(src) by extensions ['colcon_pkg']
[0.806s] Level 1:colcon.colcon_core.package_identification:_identify(src) by extension 'colcon_pkg'
[0.806s] Level 1:colcon.colcon_core.package_identification:_identify(src) by extensions ['colcon_meta']
[0.806s] Level 1:colcon.colcon_core.package_identification:_identify(src) by extension 'colcon_meta'
[0.806s] Level 1:colcon.colcon_core.package_identification:_identify(src) by extensions ['ros']
[0.806s] Level 1:colcon.colcon_core.package_identification:_identify(src) by extension 'ros'
[0.806s] Level 1:colcon.colcon_core.package_identification:_identify(src) by extensions ['cmake', 'python']
[0.806s] Level 1:colcon.colcon_core.package_identification:_identify(src) by extension 'cmake'
[0.806s] Level 1:colcon.colcon_core.package_identification:_identify(src) by extension 'python'
[0.806s] Level 1:colcon.colcon_core.package_identification:_identify(src) by extensions ['python_setup_py']
[0.806s] Level 1:colcon.colcon_core.package_identification:_identify(src) by extension 'python_setup_py'
[0.807s] Level 1:colcon.colcon_core.package_identification:_identify(src/build) by extensions ['ignore', 'ignore_ament_install']
[0.807s] Level 1:colcon.colcon_core.package_identification:_identify(src/build) by extension 'ignore'
[0.807s] Level 1:colcon.colcon_core.package_identification:_identify(src/build) ignored
[0.807s] Level 1:colcon.colcon_core.package_identification:_identify(src/install) by extensions ['ignore', 'ignore_ament_install']
[0.807s] Level 1:colcon.colcon_core.package_identification:_identify(src/install) by extension 'ignore'
[0.807s] Level 1:colcon.colcon_core.package_identification:_identify(src/install) ignored
[0.807s] Level 1:colcon.colcon_core.package_identification:_identify(src/joy2twist) by extensions ['ignore', 'ignore_ament_install']
[0.807s] Level 1:colcon.colcon_core.package_identification:_identify(src/joy2twist) by extension 'ignore'
[0.807s] Level 1:colcon.colcon_core.package_identification:_identify(src/joy2twist) by extension 'ignore_ament_install'
[0.807s] Level 1:colcon.colcon_core.package_identification:_identify(src/joy2twist) by extensions ['colcon_pkg']
[0.807s] Level 1:colcon.colcon_core.package_identification:_identify(src/joy2twist) by extension 'colcon_pkg'
[0.807s] Level 1:colcon.colcon_core.package_identification:_identify(src/joy2twist) by extensions ['colcon_meta']
[0.807s] Level 1:colcon.colcon_core.package_identification:_identify(src/joy2twist) by extension 'colcon_meta'
[0.807s] Level 1:colcon.colcon_core.package_identification:_identify(src/joy2twist) by extensions ['ros']
[0.807s] Level 1:colcon.colcon_core.package_identification:_identify(src/joy2twist) by extension 'ros'
[0.807s] Level 1:colcon.colcon_core.package_identification:_identify(src/joy2twist) by extensions ['cmake', 'python']
[0.807s] Level 1:colcon.colcon_core.package_identification:_identify(src/joy2twist) by extension 'cmake'
[0.807s] Level 1:colcon.colcon_core.package_identification:_identify(src/joy2twist) by extension 'python'
[0.807s] Level 1:colcon.colcon_core.package_identification:_identify(src/joy2twist) by extensions ['python_setup_py']
[0.807s] Level 1:colcon.colcon_core.package_identification:_identify(src/joy2twist) by extension 'python_setup_py'
[0.808s] Level 1:colcon.colcon_core.package_identification:_identify(src/joy2twist/demo) by extensions ['ignore', 'ignore_ament_install']
[0.808s] Level 1:colcon.colcon_core.package_identification:_identify(src/joy2twist/demo) by extension 'ignore'
[0.808s] Level 1:colcon.colcon_core.package_identification:_identify(src/joy2twist/demo) by extension 'ignore_ament_install'
[0.808s] Level 1:colcon.colcon_core.package_identification:_identify(src/joy2twist/demo) by extensions ['colcon_pkg']
[0.808s] Level 1:colcon.colcon_core.package_identification:_identify(src/joy2twist/demo) by extension 'colcon_pkg'
[0.808s] Level 1:colcon.colcon_core.package_identification:_identify(src/joy2twist/demo) by extensions ['colcon_meta']
[0.808s] Level 1:colcon.colcon_core.package_identification:_identify(src/joy2twist/demo) by extension 'colcon_meta'
[0.808s] Level 1:colcon.colcon_core.package_identification:_identify(src/joy2twist/demo) by extensions ['ros']
[0.808s] Level 1:colcon.colcon_core.package_identification:_identify(src/joy2twist/demo) by extension 'ros'
[0.808s] Level 1:colcon.colcon_core.package_identification:_identify(src/joy2twist/demo) by extensions ['cmake', 'python']
[0.808s] Level 1:colcon.colcon_core.package_identification:_identify(src/joy2twist/demo) by extension 'cmake'
[0.808s] Level 1:colcon.colcon_core.package_identification:_identify(src/joy2twist/demo) by extension 'python'
[0.808s] Level 1:colcon.colcon_core.package_identification:_identify(src/joy2twist/demo) by extensions ['python_setup_py']
[0.808s] Level 1:colcon.colcon_core.package_identification:_identify(src/joy2twist/demo) by extension 'python_setup_py'
[0.808s] Level 1:colcon.colcon_core.package_identification:_identify(src/joy2twist/joy2twist) by extensions ['ignore', 'ignore_ament_install']
[0.808s] Level 1:colcon.colcon_core.package_identification:_identify(src/joy2twist/joy2twist) by extension 'ignore'
[0.808s] Level 1:colcon.colcon_core.package_identification:_identify(src/joy2twist/joy2twist) by extension 'ignore_ament_install'
[0.808s] Level 1:colcon.colcon_core.package_identification:_identify(src/joy2twist/joy2twist) by extensions ['colcon_pkg']
[0.808s] Level 1:colcon.colcon_core.package_identification:_identify(src/joy2twist/joy2twist) by extension 'colcon_pkg'
[0.808s] Level 1:colcon.colcon_core.package_identification:_identify(src/joy2twist/joy2twist) by extensions ['colcon_meta']
[0.808s] Level 1:colcon.colcon_core.package_identification:_identify(src/joy2twist/joy2twist) by extension 'colcon_meta'
[0.808s] Level 1:colcon.colcon_core.package_identification:_identify(src/joy2twist/joy2twist) by extensions ['ros']
[0.808s] Level 1:colcon.colcon_core.package_identification:_identify(src/joy2twist/joy2twist) by extension 'ros'
[0.811s] DEBUG:colcon.colcon_core.package_identification:Package 'src/joy2twist/joy2twist' with type 'ros.ament_cmake' and name 'joy2twist'
[0.811s] Level 1:colcon.colcon_core.package_identification:_identify(src/lib_wifibot) by extensions ['ignore', 'ignore_ament_install']
[0.811s] Level 1:colcon.colcon_core.package_identification:_identify(src/lib_wifibot) by extension 'ignore'
[0.811s] Level 1:colcon.colcon_core.package_identification:_identify(src/lib_wifibot) by extension 'ignore_ament_install'
[0.811s] Level 1:colcon.colcon_core.package_identification:_identify(src/lib_wifibot) by extensions ['colcon_pkg']
[0.811s] Level 1:colcon.colcon_core.package_identification:_identify(src/lib_wifibot) by extension 'colcon_pkg'
[0.812s] Level 1:colcon.colcon_core.package_identification:_identify(src/lib_wifibot) by extensions ['colcon_meta']
[0.812s] Level 1:colcon.colcon_core.package_identification:_identify(src/lib_wifibot) by extension 'colcon_meta'
[0.812s] Level 1:colcon.colcon_core.package_identification:_identify(src/lib_wifibot) by extensions ['ros']
[0.812s] Level 1:colcon.colcon_core.package_identification:_identify(src/lib_wifibot) by extension 'ros'
[0.812s] DEBUG:colcon.colcon_core.package_identification:Package 'src/lib_wifibot' with type 'ros.ament_cmake' and name 'lib_wifibot'
[0.812s] Level 1:colcon.colcon_core.package_identification:_identify(src/log) by extensions ['ignore', 'ignore_ament_install']
[0.812s] Level 1:colcon.colcon_core.package_identification:_identify(src/log) by extension 'ignore'
[0.812s] Level 1:colcon.colcon_core.package_identification:_identify(src/log) ignored
[0.812s] Level 1:colcon.colcon_core.package_identification:_identify(src/roswifibot) by extensions ['ignore', 'ignore_ament_install']
[0.813s] Level 1:colcon.colcon_core.package_identification:_identify(src/roswifibot) by extension 'ignore'
[0.813s] Level 1:colcon.colcon_core.package_identification:_identify(src/roswifibot) by extension 'ignore_ament_install'
[0.813s] Level 1:colcon.colcon_core.package_identification:_identify(src/roswifibot) by extensions ['colcon_pkg']
[0.813s] Level 1:colcon.colcon_core.package_identification:_identify(src/roswifibot) by extension 'colcon_pkg'
[0.813s] Level 1:colcon.colcon_core.package_identification:_identify(src/roswifibot) by extensions ['colcon_meta']
[0.813s] Level 1:colcon.colcon_core.package_identification:_identify(src/roswifibot) by extension 'colcon_meta'
[0.813s] Level 1:colcon.colcon_core.package_identification:_identify(src/roswifibot) by extensions ['ros']
[0.813s] Level 1:colcon.colcon_core.package_identification:_identify(src/roswifibot) by extension 'ros'
[0.814s] DEBUG:colcon.colcon_core.package_identification:Package 'src/roswifibot' with type 'ros.ament_cmake' and name 'roswifibot'
[0.814s] Level 1:colcon.colcon_core.package_identification:_identify(src/wifibot_msgs) by extensions ['ignore', 'ignore_ament_install']
[0.814s] Level 1:colcon.colcon_core.package_identification:_identify(src/wifibot_msgs) by extension 'ignore'
[0.814s] Level 1:colcon.colcon_core.package_identification:_identify(src/wifibot_msgs) by extension 'ignore_ament_install'
[0.814s] Level 1:colcon.colcon_core.package_identification:_identify(src/wifibot_msgs) by extensions ['colcon_pkg']
[0.814s] Level 1:colcon.colcon_core.package_identification:_identify(src/wifibot_msgs) by extension 'colcon_pkg'
[0.814s] Level 1:colcon.colcon_core.package_identification:_identify(src/wifibot_msgs) by extensions ['colcon_meta']
[0.814s] Level 1:colcon.colcon_core.package_identification:_identify(src/wifibot_msgs) by extension 'colcon_meta'
[0.814s] Level 1:colcon.colcon_core.package_identification:_identify(src/wifibot_msgs) by extensions ['ros']
[0.814s] Level 1:colcon.colcon_core.package_identification:_identify(src/wifibot_msgs) by extension 'ros'
[0.815s] DEBUG:colcon.colcon_core.package_identification:Package 'src/wifibot_msgs' with type 'ros.ament_cmake' and name 'wifibot_msgs'
[0.815s] Level 1:colcon.colcon_core.package_discovery:discover_packages(recursive) using defaults
[0.815s] Level 1:colcon.colcon_core.package_discovery:discover_packages(ignore) discover
[0.815s] Level 1:colcon.colcon_core.package_discovery:discover_packages(ignore) using defaults
[0.815s] Level 1:colcon.colcon_core.package_discovery:discover_packages(path) discover
[0.815s] Level 1:colcon.colcon_core.package_discovery:discover_packages(path) using defaults
[0.886s] Level 1:colcon.colcon_core.package_discovery:discover_packages(prefix_path) check parameters
[0.886s] Level 1:colcon.colcon_core.package_discovery:discover_packages(prefix_path) discover
[0.909s] DEBUG:colcon.colcon_installed_package_information.package_discovery:Found 4 installed packages in /home/greg/ros2_ws/install
[0.921s] DEBUG:colcon.colcon_installed_package_information.package_discovery:Found 226 installed packages in /opt/ros/humble
[0.922s] Level 1:colcon.colcon_core.package_discovery:discover_packages(prefix_path) using defaults
[0.988s] Level 5:colcon.colcon_core.verb:set package 'joy2twist' build argument 'cmake_args' from command line to 'None'
[0.988s] Level 5:colcon.colcon_core.verb:set package 'joy2twist' build argument 'cmake_target' from command line to 'None'
[0.988s] Level 5:colcon.colcon_core.verb:set package 'joy2twist' build argument 'cmake_target_skip_unavailable' from command line to 'False'
[0.988s] Level 5:colcon.colcon_core.verb:set package 'joy2twist' build argument 'cmake_clean_cache' from command line to 'False'
[0.988s] Level 5:colcon.colcon_core.verb:set package 'joy2twist' build argument 'cmake_clean_first' from command line to 'False'
[0.989s] Level 5:colcon.colcon_core.verb:set package 'joy2twist' build argument 'cmake_force_configure' from command line to 'False'
[0.989s] Level 5:colcon.colcon_core.verb:set package 'joy2twist' build argument 'ament_cmake_args' from command line to 'None'
[0.989s] Level 5:colcon.colcon_core.verb:set package 'joy2twist' build argument 'catkin_cmake_args' from command line to 'None'
[0.989s] Level 5:colcon.colcon_core.verb:set package 'joy2twist' build argument 'catkin_skip_building_tests' from command line to 'False'
[0.989s] DEBUG:colcon.colcon_core.verb:Building package 'joy2twist' with the following arguments: {'ament_cmake_args': None, 'build_base': '/home/greg/ros2_ws/build/joy2twist', 'catkin_cmake_args': None, 'catkin_skip_building_tests': False, 'cmake_args': None, 'cmake_clean_cache': False, 'cmake_clean_first': False, 'cmake_force_configure': False, 'cmake_target': None, 'cmake_target_skip_unavailable': False, 'install_base': '/home/greg/ros2_ws/install/joy2twist', 'merge_install': False, 'path': '/home/greg/ros2_ws/src/joy2twist/joy2twist', 'symlink_install': False, 'test_result_base': None}
[1.000s] Level 5:colcon.colcon_core.verb:set package 'lib_wifibot' build argument 'cmake_args' from command line to 'None'
[1.000s] Level 5:colcon.colcon_core.verb:set package 'lib_wifibot' build argument 'cmake_target' from command line to 'None'
[1.000s] Level 5:colcon.colcon_core.verb:set package 'lib_wifibot' build argument 'cmake_target_skip_unavailable' from command line to 'False'
[1.000s] Level 5:colcon.colcon_core.verb:set package 'lib_wifibot' build argument 'cmake_clean_cache' from command line to 'False'
[1.000s] Level 5:colcon.colcon_core.verb:set package 'lib_wifibot' build argument 'cmake_clean_first' from command line to 'False'
[1.000s] Level 5:colcon.colcon_core.verb:set package 'lib_wifibot' build argument 'cmake_force_configure' from command line to 'False'
[1.000s] Level 5:colcon.colcon_core.verb:set package 'lib_wifibot' build argument 'ament_cmake_args' from command line to 'None'
[1.000s] Level 5:colcon.colcon_core.verb:set package 'lib_wifibot' build argument 'catkin_cmake_args' from command line to 'None'
[1.000s] Level 5:colcon.colcon_core.verb:set package 'lib_wifibot' build argument 'catkin_skip_building_tests' from command line to 'False'
[1.000s] DEBUG:colcon.colcon_core.verb:Building package 'lib_wifibot' with the following arguments: {'ament_cmake_args': None, 'build_base': '/home/greg/ros2_ws/build/lib_wifibot', 'catkin_cmake_args': None, 'catkin_skip_building_tests': False, 'cmake_args': None, 'cmake_clean_cache': False, 'cmake_clean_first': False, 'cmake_force_configure': False, 'cmake_target': None, 'cmake_target_skip_unavailable': False, 'install_base': '/home/greg/ros2_ws/install/lib_wifibot', 'merge_install': False, 'path': '/home/greg/ros2_ws/src/lib_wifibot', 'symlink_install': False, 'test_result_base': None}
[1.010s] Level 5:colcon.colcon_core.verb:set package 'wifibot_msgs' build argument 'cmake_args' from command line to 'None'
[1.010s] Level 5:colcon.colcon_core.verb:set package 'wifibot_msgs' build argument 'cmake_target' from command line to 'None'
[1.010s] Level 5:colcon.colcon_core.verb:set package 'wifibot_msgs' build argument 'cmake_target_skip_unavailable' from command line to 'False'
[1.010s] Level 5:colcon.colcon_core.verb:set package 'wifibot_msgs' build argument 'cmake_clean_cache' from command line to 'False'
[1.010s] Level 5:colcon.colcon_core.verb:set package 'wifibot_msgs' build argument 'cmake_clean_first' from command line to 'False'
[1.010s] Level 5:colcon.colcon_core.verb:set package 'wifibot_msgs' build argument 'cmake_force_configure' from command line to 'False'
[1.010s] Level 5:colcon.colcon_core.verb:set package 'wifibot_msgs' build argument 'ament_cmake_args' from command line to 'None'
[1.011s] Level 5:colcon.colcon_core.verb:set package 'wifibot_msgs' build argument 'catkin_cmake_args' from command line to 'None'
[1.011s] Level 5:colcon.colcon_core.verb:set package 'wifibot_msgs' build argument 'catkin_skip_building_tests' from command line to 'False'
[1.011s] DEBUG:colcon.colcon_core.verb:Building package 'wifibot_msgs' with the following arguments: {'ament_cmake_args': None, 'build_base': '/home/greg/ros2_ws/build/wifibot_msgs', 'catkin_cmake_args': None, 'catkin_skip_building_tests': False, 'cmake_args': None, 'cmake_clean_cache': False, 'cmake_clean_first': False, 'cmake_force_configure': False, 'cmake_target': None, 'cmake_target_skip_unavailable': False, 'install_base': '/home/greg/ros2_ws/install/wifibot_msgs', 'merge_install': False, 'path': '/home/greg/ros2_ws/src/wifibot_msgs', 'symlink_install': False, 'test_result_base': None}
[1.021s] Level 5:colcon.colcon_core.verb:set package 'roswifibot' build argument 'cmake_args' from command line to 'None'
[1.021s] Level 5:colcon.colcon_core.verb:set package 'roswifibot' build argument 'cmake_target' from command line to 'None'
[1.021s] Level 5:colcon.colcon_core.verb:set package 'roswifibot' build argument 'cmake_target_skip_unavailable' from command line to 'False'
[1.021s] Level 5:colcon.colcon_core.verb:set package 'roswifibot' build argument 'cmake_clean_cache' from command line to 'False'
[1.022s] Level 5:colcon.colcon_core.verb:set package 'roswifibot' build argument 'cmake_clean_first' from command line to 'False'
[1.022s] Level 5:colcon.colcon_core.verb:set package 'roswifibot' build argument 'cmake_force_configure' from command line to 'False'
[1.022s] Level 5:colcon.colcon_core.verb:set package 'roswifibot' build argument 'ament_cmake_args' from command line to 'None'
[1.022s] Level 5:colcon.colcon_core.verb:set package 'roswifibot' build argument 'catkin_cmake_args' from command line to 'None'
[1.022s] Level 5:colcon.colcon_core.verb:set package 'roswifibot' build argument 'catkin_skip_building_tests' from command line to 'False'
[1.022s] DEBUG:colcon.colcon_core.verb:Building package 'roswifibot' with the following arguments: {'ament_cmake_args': None, 'build_base': '/home/greg/ros2_ws/build/roswifibot', 'catkin_cmake_args': None, 'catkin_skip_building_tests': False, 'cmake_args': None, 'cmake_clean_cache': False, 'cmake_clean_first': False, 'cmake_force_configure': False, 'cmake_target': None, 'cmake_target_skip_unavailable': False, 'install_base': '/home/greg/ros2_ws/install/roswifibot', 'merge_install': False, 'path': '/home/greg/ros2_ws/src/roswifibot', 'symlink_install': False, 'test_result_base': None}
[1.031s] INFO:colcon.colcon_core.executor:Executing jobs using 'parallel' executor
[1.043s] DEBUG:colcon.colcon_parallel_executor.executor.parallel:run_until_complete
[1.043s] INFO:colcon.colcon_ros.task.ament_cmake.build:Building ROS package in '/home/greg/ros2_ws/src/wifibot_msgs' with build type 'ament_cmake'
[1.044s] INFO:colcon.colcon_cmake.task.cmake.build:Building CMake package in '/home/greg/ros2_ws/src/wifibot_msgs'
[1.056s] INFO:colcon.colcon_core.plugin_system:Skipping extension 'colcon_core.shell.bat': Not used on non-Windows systems
[1.056s] INFO:colcon.colcon_core.shell:Skip shell extension 'powershell' for command environment: Not usable outside of PowerShell
[1.056s] DEBUG:colcon.colcon_core.shell:Skip shell extension 'dsv' for command environment
[1.091s] INFO:colcon.colcon_ros.task.ament_cmake.build:Building ROS package in '/home/greg/ros2_ws/src/joy2twist/joy2twist' with build type 'ament_cmake'
[1.091s] INFO:colcon.colcon_cmake.task.cmake.build:Building CMake package in '/home/greg/ros2_ws/src/joy2twist/joy2twist'
[1.104s] INFO:colcon.colcon_core.shell:Skip shell extension 'powershell' for command environment: Not usable outside of PowerShell
[1.105s] DEBUG:colcon.colcon_core.shell:Skip shell extension 'dsv' for command environment
[1.139s] INFO:colcon.colcon_ros.task.ament_cmake.build:Building ROS package in '/home/greg/ros2_ws/src/lib_wifibot' with build type 'ament_cmake'
[1.139s] INFO:colcon.colcon_cmake.task.cmake.build:Building CMake package in '/home/greg/ros2_ws/src/lib_wifibot'
[1.150s] INFO:colcon.colcon_core.shell:Skip shell extension 'powershell' for command environment: Not usable outside of PowerShell
[1.150s] DEBUG:colcon.colcon_core.shell:Skip shell extension 'dsv' for command environment
[1.192s] DEBUG:colcon.colcon_core.event_handler.log_command:Invoking command in '/home/greg/ros2_ws/build/wifibot_msgs': CMAKE_PREFIX_PATH=${CMAKE_PREFIX_PATH}:/opt/ros/humble /usr/bin/cmake --build /home/greg/ros2_ws/build/wifibot_msgs -- -j16 -l16
[1.197s] DEBUG:colcon.colcon_core.event_handler.log_command:Invoking command in '/home/greg/ros2_ws/build/joy2twist': CMAKE_PREFIX_PATH=${CMAKE_PREFIX_PATH}:/opt/ros/humble /usr/bin/cmake --build /home/greg/ros2_ws/build/joy2twist -- -j16 -l16
[1.203s] DEBUG:colcon.colcon_core.event_handler.log_command:Invoking command in '/home/greg/ros2_ws/build/lib_wifibot': CMAKE_PREFIX_PATH=${CMAKE_PREFIX_PATH}:/opt/ros/humble /usr/bin/cmake --build /home/greg/ros2_ws/build/lib_wifibot -- -j16 -l16
[1.280s] DEBUG:colcon.colcon_core.event_handler.log_command:Invoked command in '/home/greg/ros2_ws/build/lib_wifibot' returned '0': CMAKE_PREFIX_PATH=${CMAKE_PREFIX_PATH}:/opt/ros/humble /usr/bin/cmake --build /home/greg/ros2_ws/build/lib_wifibot -- -j16 -l16
[1.283s] DEBUG:colcon.colcon_core.event_handler.log_command:Invoked command in '/home/greg/ros2_ws/build/joy2twist' returned '0': CMAKE_PREFIX_PATH=${CMAKE_PREFIX_PATH}:/opt/ros/humble /usr/bin/cmake --build /home/greg/ros2_ws/build/joy2twist -- -j16 -l16
[1.334s] DEBUG:colcon.colcon_core.event_handler.log_command:Invoking command in '/home/greg/ros2_ws/build/lib_wifibot': CMAKE_PREFIX_PATH=${CMAKE_PREFIX_PATH}:/opt/ros/humble /usr/bin/cmake --install /home/greg/ros2_ws/build/lib_wifibot
[1.337s] DEBUG:colcon.colcon_core.event_handler.log_command:Invoking command in '/home/greg/ros2_ws/build/joy2twist': CMAKE_PREFIX_PATH=${CMAKE_PREFIX_PATH}:/opt/ros/humble /usr/bin/cmake --install /home/greg/ros2_ws/build/joy2twist
[1.347s] Level 1:colcon.colcon_core.environment:create_environment_scripts_only(lib_wifibot)
[1.350s] DEBUG:colcon.colcon_core.event_handler.log_command:Invoked command in '/home/greg/ros2_ws/build/lib_wifibot' returned '0': CMAKE_PREFIX_PATH=${CMAKE_PREFIX_PATH}:/opt/ros/humble /usr/bin/cmake --install /home/greg/ros2_ws/build/lib_wifibot
[1.363s] Level 1:colcon.colcon_core.environment:checking '/home/greg/ros2_ws/install/lib_wifibot' for CMake module files
[1.363s] Level 1:colcon.colcon_core.environment:checking '/home/greg/ros2_ws/install/lib_wifibot' for CMake config files
[1.364s] Level 1:colcon.colcon_core.shell:create_environment_hook('lib_wifibot', 'cmake_prefix_path')
[1.377s] INFO:colcon.colcon_core.shell:Creating environment hook '/home/greg/ros2_ws/install/lib_wifibot/share/lib_wifibot/hook/cmake_prefix_path.ps1'
[1.378s] INFO:colcon.colcon_core.shell:Creating environment descriptor '/home/greg/ros2_ws/install/lib_wifibot/share/lib_wifibot/hook/cmake_prefix_path.dsv'
[1.378s] INFO:colcon.colcon_core.shell:Creating environment hook '/home/greg/ros2_ws/install/lib_wifibot/share/lib_wifibot/hook/cmake_prefix_path.sh'
[1.380s] Level 1:colcon.colcon_core.environment:checking '/home/greg/ros2_ws/install/lib_wifibot/lib'
[1.380s] Level 1:colcon.colcon_core.environment:checking '/home/greg/ros2_ws/install/lib_wifibot/bin'
[1.380s] Level 1:colcon.colcon_core.environment:checking '/home/greg/ros2_ws/install/lib_wifibot/lib/pkgconfig/lib_wifibot.pc'
[1.380s] Level 1:colcon.colcon_core.environment:checking '/home/greg/ros2_ws/install/lib_wifibot/lib/python3.10/site-packages'
[1.381s] Level 1:colcon.colcon_core.environment:checking '/home/greg/ros2_ws/install/lib_wifibot/bin'
[1.392s] INFO:colcon.colcon_core.shell:Creating package script '/home/greg/ros2_ws/install/lib_wifibot/share/lib_wifibot/package.ps1'
[1.394s] INFO:colcon.colcon_core.shell:Creating package descriptor '/home/greg/ros2_ws/install/lib_wifibot/share/lib_wifibot/package.dsv'
[1.394s] INFO:colcon.colcon_core.shell:Creating package script '/home/greg/ros2_ws/install/lib_wifibot/share/lib_wifibot/package.sh'
[1.396s] INFO:colcon.colcon_core.shell:Creating package script '/home/greg/ros2_ws/install/lib_wifibot/share/lib_wifibot/package.bash'
[1.397s] INFO:colcon.colcon_core.shell:Creating package script '/home/greg/ros2_ws/install/lib_wifibot/share/lib_wifibot/package.zsh'
[1.398s] Level 1:colcon.colcon_core.environment:create_file_with_runtime_dependencies(/home/greg/ros2_ws/install/lib_wifibot/share/colcon-core/packages/lib_wifibot)
[1.400s] Level 1:colcon.colcon_core.environment:create_environment_scripts_only(joy2twist)
[1.401s] DEBUG:colcon.colcon_core.event_handler.log_command:Invoked command in '/home/greg/ros2_ws/build/joy2twist' returned '0': CMAKE_PREFIX_PATH=${CMAKE_PREFIX_PATH}:/opt/ros/humble /usr/bin/cmake --install /home/greg/ros2_ws/build/joy2twist
[1.411s] Level 1:colcon.colcon_core.environment:checking '/home/greg/ros2_ws/install/joy2twist' for CMake module files
[1.411s] Level 1:colcon.colcon_core.environment:checking '/home/greg/ros2_ws/install/joy2twist' for CMake config files
[1.412s] Level 1:colcon.colcon_core.shell:create_environment_hook('joy2twist', 'cmake_prefix_path')
[1.423s] INFO:colcon.colcon_core.shell:Creating environment hook '/home/greg/ros2_ws/install/joy2twist/share/joy2twist/hook/cmake_prefix_path.ps1'
[1.423s] INFO:colcon.colcon_core.shell:Creating environment descriptor '/home/greg/ros2_ws/install/joy2twist/share/joy2twist/hook/cmake_prefix_path.dsv'
[1.424s] INFO:colcon.colcon_core.shell:Creating environment hook '/home/greg/ros2_ws/install/joy2twist/share/joy2twist/hook/cmake_prefix_path.sh'
[1.424s] Level 1:colcon.colcon_core.environment:checking '/home/greg/ros2_ws/install/joy2twist/lib'
[1.424s] Level 1:colcon.colcon_core.environment:checking '/home/greg/ros2_ws/install/joy2twist/bin'
[1.424s] Level 1:colcon.colcon_core.environment:checking '/home/greg/ros2_ws/install/joy2twist/lib/pkgconfig/joy2twist.pc'
[1.425s] Level 1:colcon.colcon_core.environment:checking '/home/greg/ros2_ws/install/joy2twist/lib/python3.10/site-packages'
[1.425s] Level 1:colcon.colcon_core.environment:checking '/home/greg/ros2_ws/install/joy2twist/bin'
[1.435s] INFO:colcon.colcon_core.shell:Creating package script '/home/greg/ros2_ws/install/joy2twist/share/joy2twist/package.ps1'
[1.435s] INFO:colcon.colcon_core.shell:Creating package descriptor '/home/greg/ros2_ws/install/joy2twist/share/joy2twist/package.dsv'
[1.436s] INFO:colcon.colcon_core.shell:Creating package script '/home/greg/ros2_ws/install/joy2twist/share/joy2twist/package.sh'
[1.436s] INFO:colcon.colcon_core.shell:Creating package script '/home/greg/ros2_ws/install/joy2twist/share/joy2twist/package.bash'
[1.437s] INFO:colcon.colcon_core.shell:Creating package script '/home/greg/ros2_ws/install/joy2twist/share/joy2twist/package.zsh'
[1.437s] Level 1:colcon.colcon_core.environment:create_file_with_runtime_dependencies(/home/greg/ros2_ws/install/joy2twist/share/colcon-core/packages/joy2twist)
[1.450s] Level 1:colcon.colcon_core.environment:create_environment_scripts_only(lib_wifibot)
[1.459s] Level 1:colcon.colcon_core.environment:checking '/home/greg/ros2_ws/install/lib_wifibot' for CMake module files
[1.460s] Level 1:colcon.colcon_core.environment:checking '/home/greg/ros2_ws/install/lib_wifibot' for CMake config files
[1.460s] Level 1:colcon.colcon_core.shell:create_environment_hook('lib_wifibot', 'cmake_prefix_path')
[1.470s] INFO:colcon.colcon_core.shell:Creating environment hook '/home/greg/ros2_ws/install/lib_wifibot/share/lib_wifibot/hook/cmake_prefix_path.ps1'
[1.470s] INFO:colcon.colcon_core.shell:Creating environment descriptor '/home/greg/ros2_ws/install/lib_wifibot/share/lib_wifibot/hook/cmake_prefix_path.dsv'
[1.471s] INFO:colcon.colcon_core.shell:Creating environment hook '/home/greg/ros2_ws/install/lib_wifibot/share/lib_wifibot/hook/cmake_prefix_path.sh'
[1.471s] Level 1:colcon.colcon_core.environment:checking '/home/greg/ros2_ws/install/lib_wifibot/lib'
[1.471s] Level 1:colcon.colcon_core.environment:checking '/home/greg/ros2_ws/install/lib_wifibot/bin'
[1.471s] Level 1:colcon.colcon_core.environment:checking '/home/greg/ros2_ws/install/lib_wifibot/lib/pkgconfig/lib_wifibot.pc'
[1.472s] Level 1:colcon.colcon_core.environment:checking '/home/greg/ros2_ws/install/lib_wifibot/lib/python3.10/site-packages'
[1.472s] Level 1:colcon.colcon_core.environment:checking '/home/greg/ros2_ws/install/lib_wifibot/bin'
[1.484s] INFO:colcon.colcon_core.shell:Creating package script '/home/greg/ros2_ws/install/lib_wifibot/share/lib_wifibot/package.ps1'
[1.486s] INFO:colcon.colcon_core.shell:Creating package descriptor '/home/greg/ros2_ws/install/lib_wifibot/share/lib_wifibot/package.dsv'
[1.488s] INFO:colcon.colcon_core.shell:Creating package script '/home/greg/ros2_ws/install/lib_wifibot/share/lib_wifibot/package.sh'
[1.488s] INFO:colcon.colcon_core.shell:Creating package script '/home/greg/ros2_ws/install/lib_wifibot/share/lib_wifibot/package.bash'
[1.489s] INFO:colcon.colcon_core.shell:Creating package script '/home/greg/ros2_ws/install/lib_wifibot/share/lib_wifibot/package.zsh'
[1.489s] Level 1:colcon.colcon_core.environment:create_file_with_runtime_dependencies(/home/greg/ros2_ws/install/lib_wifibot/share/colcon-core/packages/lib_wifibot)
[1.504s] Level 1:colcon.colcon_core.environment:create_environment_scripts_only(joy2twist)
[1.516s] Level 1:colcon.colcon_core.environment:checking '/home/greg/ros2_ws/install/joy2twist' for CMake module files
[1.516s] Level 1:colcon.colcon_core.environment:checking '/home/greg/ros2_ws/install/joy2twist' for CMake config files
[1.516s] Level 1:colcon.colcon_core.shell:create_environment_hook('joy2twist', 'cmake_prefix_path')
[1.527s] INFO:colcon.colcon_core.shell:Creating environment hook '/home/greg/ros2_ws/install/joy2twist/share/joy2twist/hook/cmake_prefix_path.ps1'
[1.527s] INFO:colcon.colcon_core.shell:Creating environment descriptor '/home/greg/ros2_ws/install/joy2twist/share/joy2twist/hook/cmake_prefix_path.dsv'
[1.528s] INFO:colcon.colcon_core.shell:Creating environment hook '/home/greg/ros2_ws/install/joy2twist/share/joy2twist/hook/cmake_prefix_path.sh'
[1.528s] Level 1:colcon.colcon_core.environment:checking '/home/greg/ros2_ws/install/joy2twist/lib'
[1.528s] Level 1:colcon.colcon_core.environment:checking '/home/greg/ros2_ws/install/joy2twist/bin'
[1.529s] Level 1:colcon.colcon_core.environment:checking '/home/greg/ros2_ws/install/joy2twist/lib/pkgconfig/joy2twist.pc'
[1.529s] Level 1:colcon.colcon_core.environment:checking '/home/greg/ros2_ws/install/joy2twist/lib/python3.10/site-packages'
[1.529s] Level 1:colcon.colcon_core.environment:checking '/home/greg/ros2_ws/install/joy2twist/bin'
[1.538s] INFO:colcon.colcon_core.shell:Creating package script '/home/greg/ros2_ws/install/joy2twist/share/joy2twist/package.ps1'
[1.539s] INFO:colcon.colcon_core.shell:Creating package descriptor '/home/greg/ros2_ws/install/joy2twist/share/joy2twist/package.dsv'
[1.539s] INFO:colcon.colcon_core.shell:Creating package script '/home/greg/ros2_ws/install/joy2twist/share/joy2twist/package.sh'
[1.540s] INFO:colcon.colcon_core.shell:Creating package script '/home/greg/ros2_ws/install/joy2twist/share/joy2twist/package.bash'
[1.540s] INFO:colcon.colcon_core.shell:Creating package script '/home/greg/ros2_ws/install/joy2twist/share/joy2twist/package.zsh'
[1.540s] Level 1:colcon.colcon_core.environment:create_file_with_runtime_dependencies(/home/greg/ros2_ws/install/joy2twist/share/colcon-core/packages/joy2twist)
[1.545s] DEBUG:colcon.colcon_core.event_handler.log_command:Invoked command in '/home/greg/ros2_ws/build/wifibot_msgs' returned '0': CMAKE_PREFIX_PATH=${CMAKE_PREFIX_PATH}:/opt/ros/humble /usr/bin/cmake --build /home/greg/ros2_ws/build/wifibot_msgs -- -j16 -l16
[1.655s] DEBUG:colcon.colcon_core.event_handler.log_command:Invoking command in '/home/greg/ros2_ws/build/wifibot_msgs': CMAKE_PREFIX_PATH=${CMAKE_PREFIX_PATH}:/opt/ros/humble /usr/bin/cmake --install /home/greg/ros2_ws/build/wifibot_msgs
[1.707s] Level 1:colcon.colcon_core.environment:create_environment_scripts_only(wifibot_msgs)
[1.707s] DEBUG:colcon.colcon_core.event_handler.log_command:Invoked command in '/home/greg/ros2_ws/build/wifibot_msgs' returned '0': CMAKE_PREFIX_PATH=${CMAKE_PREFIX_PATH}:/opt/ros/humble /usr/bin/cmake --install /home/greg/ros2_ws/build/wifibot_msgs
[1.718s] Level 1:colcon.colcon_core.environment:checking '/home/greg/ros2_ws/install/wifibot_msgs' for CMake module files
[1.719s] Level 1:colcon.colcon_core.environment:checking '/home/greg/ros2_ws/install/wifibot_msgs' for CMake config files
[1.719s] Level 1:colcon.colcon_core.shell:create_environment_hook('wifibot_msgs', 'cmake_prefix_path')
[1.729s] INFO:colcon.colcon_core.shell:Creating environment hook '/home/greg/ros2_ws/install/wifibot_msgs/share/wifibot_msgs/hook/cmake_prefix_path.ps1'
[1.730s] INFO:colcon.colcon_core.shell:Creating environment descriptor '/home/greg/ros2_ws/install/wifibot_msgs/share/wifibot_msgs/hook/cmake_prefix_path.dsv'
[1.730s] INFO:colcon.colcon_core.shell:Creating environment hook '/home/greg/ros2_ws/install/wifibot_msgs/share/wifibot_msgs/hook/cmake_prefix_path.sh'
[1.731s] Level 1:colcon.colcon_core.environment:checking '/home/greg/ros2_ws/install/wifibot_msgs/lib'
[1.731s] Level 1:colcon.colcon_core.shell:create_environment_hook('wifibot_msgs', 'ld_library_path_lib')
[1.741s] INFO:colcon.colcon_core.shell:Creating environment hook '/home/greg/ros2_ws/install/wifibot_msgs/share/wifibot_msgs/hook/ld_library_path_lib.ps1'
[1.741s] INFO:colcon.colcon_core.shell:Creating environment descriptor '/home/greg/ros2_ws/install/wifibot_msgs/share/wifibot_msgs/hook/ld_library_path_lib.dsv'
[1.742s] INFO:colcon.colcon_core.shell:Creating environment hook '/home/greg/ros2_ws/install/wifibot_msgs/share/wifibot_msgs/hook/ld_library_path_lib.sh'
[1.742s] Level 1:colcon.colcon_core.environment:checking '/home/greg/ros2_ws/install/wifibot_msgs/bin'
[1.742s] Level 1:colcon.colcon_core.environment:checking '/home/greg/ros2_ws/install/wifibot_msgs/lib/pkgconfig/wifibot_msgs.pc'
[1.742s] Level 1:colcon.colcon_core.environment:checking '/home/greg/ros2_ws/install/wifibot_msgs/lib/python3.10/site-packages'
[1.743s] Level 1:colcon.colcon_core.environment:checking '/home/greg/ros2_ws/install/wifibot_msgs/bin'
[1.762s] INFO:colcon.colcon_core.shell:Creating package script '/home/greg/ros2_ws/install/wifibot_msgs/share/wifibot_msgs/package.ps1'
[1.763s] INFO:colcon.colcon_core.shell:Creating package descriptor '/home/greg/ros2_ws/install/wifibot_msgs/share/wifibot_msgs/package.dsv'
[1.764s] INFO:colcon.colcon_core.shell:Creating package script '/home/greg/ros2_ws/install/wifibot_msgs/share/wifibot_msgs/package.sh'
[1.765s] INFO:colcon.colcon_core.shell:Creating package script '/home/greg/ros2_ws/install/wifibot_msgs/share/wifibot_msgs/package.bash'
[1.765s] INFO:colcon.colcon_core.shell:Creating package script '/home/greg/ros2_ws/install/wifibot_msgs/share/wifibot_msgs/package.zsh'
[1.766s] Level 1:colcon.colcon_core.environment:create_file_with_runtime_dependencies(/home/greg/ros2_ws/install/wifibot_msgs/share/colcon-core/packages/wifibot_msgs)
[1.896s] Level 1:colcon.colcon_core.environment:create_environment_scripts_only(wifibot_msgs)
[1.907s] Level 1:colcon.colcon_core.environment:checking '/home/greg/ros2_ws/install/wifibot_msgs' for CMake module files
[1.908s] Level 1:colcon.colcon_core.environment:checking '/home/greg/ros2_ws/install/wifibot_msgs' for CMake config files
[1.908s] Level 1:colcon.colcon_core.shell:create_environment_hook('wifibot_msgs', 'cmake_prefix_path')
[1.919s] INFO:colcon.colcon_core.shell:Creating environment hook '/home/greg/ros2_ws/install/wifibot_msgs/share/wifibot_msgs/hook/cmake_prefix_path.ps1'
[1.919s] INFO:colcon.colcon_core.shell:Creating environment descriptor '/home/greg/ros2_ws/install/wifibot_msgs/share/wifibot_msgs/hook/cmake_prefix_path.dsv'
[1.920s] INFO:colcon.colcon_core.shell:Creating environment hook '/home/greg/ros2_ws/install/wifibot_msgs/share/wifibot_msgs/hook/cmake_prefix_path.sh'
[1.921s] Level 1:colcon.colcon_core.environment:checking '/home/greg/ros2_ws/install/wifibot_msgs/lib'
[1.921s] Level 1:colcon.colcon_core.shell:create_environment_hook('wifibot_msgs', 'ld_library_path_lib')
[1.931s] INFO:colcon.colcon_core.shell:Creating environment hook '/home/greg/ros2_ws/install/wifibot_msgs/share/wifibot_msgs/hook/ld_library_path_lib.ps1'
[1.931s] INFO:colcon.colcon_core.shell:Creating environment descriptor '/home/greg/ros2_ws/install/wifibot_msgs/share/wifibot_msgs/hook/ld_library_path_lib.dsv'
[1.932s] INFO:colcon.colcon_core.shell:Creating environment hook '/home/greg/ros2_ws/install/wifibot_msgs/share/wifibot_msgs/hook/ld_library_path_lib.sh'
[1.932s] Level 1:colcon.colcon_core.environment:checking '/home/greg/ros2_ws/install/wifibot_msgs/bin'
[1.932s] Level 1:colcon.colcon_core.environment:checking '/home/greg/ros2_ws/install/wifibot_msgs/lib/pkgconfig/wifibot_msgs.pc'
[1.933s] Level 1:colcon.colcon_core.environment:checking '/home/greg/ros2_ws/install/wifibot_msgs/lib/python3.10/site-packages'
[1.933s] Level 1:colcon.colcon_core.environment:checking '/home/greg/ros2_ws/install/wifibot_msgs/bin'
[1.943s] INFO:colcon.colcon_core.shell:Creating package script '/home/greg/ros2_ws/install/wifibot_msgs/share/wifibot_msgs/package.ps1'
[1.944s] INFO:colcon.colcon_core.shell:Creating package descriptor '/home/greg/ros2_ws/install/wifibot_msgs/share/wifibot_msgs/package.dsv'
[1.945s] INFO:colcon.colcon_core.shell:Creating package script '/home/greg/ros2_ws/install/wifibot_msgs/share/wifibot_msgs/package.sh'
[1.945s] INFO:colcon.colcon_core.shell:Creating package script '/home/greg/ros2_ws/install/wifibot_msgs/share/wifibot_msgs/package.bash'
[1.946s] INFO:colcon.colcon_core.shell:Creating package script '/home/greg/ros2_ws/install/wifibot_msgs/share/wifibot_msgs/package.zsh'
[1.946s] Level 1:colcon.colcon_core.environment:create_file_with_runtime_dependencies(/home/greg/ros2_ws/install/wifibot_msgs/share/colcon-core/packages/wifibot_msgs)
[1.947s] INFO:colcon.colcon_ros.task.ament_cmake.build:Building ROS package in '/home/greg/ros2_ws/src/roswifibot' with build type 'ament_cmake'
[1.947s] INFO:colcon.colcon_cmake.task.cmake.build:Building CMake package in '/home/greg/ros2_ws/src/roswifibot'
[1.959s] INFO:colcon.colcon_core.shell:Skip shell extension 'powershell' for command environment: Not usable outside of PowerShell
[1.959s] DEBUG:colcon.colcon_core.shell:Skip shell extension 'dsv' for command environment
[2.010s] DEBUG:colcon.colcon_core.event_handler.log_command:Invoking command in '/home/greg/ros2_ws/build/roswifibot': CMAKE_PREFIX_PATH=/home/greg/ros2_ws/install/wifibot_msgs:/home/greg/ros2_ws/install/roswifibot:/home/greg/ros2_ws/install/lib_wifibot:/home/greg/ros2_ws/install/joy2twist:/opt/ros/humble /usr/bin/cmake --build /home/greg/ros2_ws/build/roswifibot -- -j16 -l16
[5.224s] DEBUG:colcon.colcon_core.event_handler.log_command:Invoked command in '/home/greg/ros2_ws/build/roswifibot' returned '2': CMAKE_PREFIX_PATH=/home/greg/ros2_ws/install/wifibot_msgs:/home/greg/ros2_ws/install/roswifibot:/home/greg/ros2_ws/install/lib_wifibot:/home/greg/ros2_ws/install/joy2twist:/opt/ros/humble /usr/bin/cmake --build /home/greg/ros2_ws/build/roswifibot -- -j16 -l16
[5.275s] Level 1:colcon.colcon_core.environment:create_environment_scripts_only(roswifibot)
[5.286s] Level 1:colcon.colcon_core.environment:checking '/home/greg/ros2_ws/install/roswifibot' for CMake module files
[5.286s] Level 1:colcon.colcon_core.environment:checking '/home/greg/ros2_ws/install/roswifibot' for CMake config files
[5.286s] Level 1:colcon.colcon_core.shell:create_environment_hook('roswifibot', 'cmake_prefix_path')
[5.299s] INFO:colcon.colcon_core.shell:Creating environment hook '/home/greg/ros2_ws/install/roswifibot/share/roswifibot/hook/cmake_prefix_path.ps1'
[5.299s] INFO:colcon.colcon_core.shell:Creating environment descriptor '/home/greg/ros2_ws/install/roswifibot/share/roswifibot/hook/cmake_prefix_path.dsv'
[5.300s] INFO:colcon.colcon_core.shell:Creating environment hook '/home/greg/ros2_ws/install/roswifibot/share/roswifibot/hook/cmake_prefix_path.sh'
[5.300s] Level 1:colcon.colcon_core.environment:checking '/home/greg/ros2_ws/install/roswifibot/lib'
[5.300s] Level 1:colcon.colcon_core.environment:checking '/home/greg/ros2_ws/install/roswifibot/bin'
[5.300s] Level 1:colcon.colcon_core.environment:checking '/home/greg/ros2_ws/install/roswifibot/lib/pkgconfig/roswifibot.pc'
[5.301s] Level 1:colcon.colcon_core.environment:checking '/home/greg/ros2_ws/install/roswifibot/lib/python3.10/site-packages'
[5.301s] Level 1:colcon.colcon_core.environment:checking '/home/greg/ros2_ws/install/roswifibot/bin'
[5.312s] INFO:colcon.colcon_core.shell:Creating package script '/home/greg/ros2_ws/install/roswifibot/share/roswifibot/package.ps1'
[5.313s] INFO:colcon.colcon_core.shell:Creating package descriptor '/home/greg/ros2_ws/install/roswifibot/share/roswifibot/package.dsv'
[5.313s] INFO:colcon.colcon_core.shell:Creating package script '/home/greg/ros2_ws/install/roswifibot/share/roswifibot/package.sh'
[5.313s] INFO:colcon.colcon_core.shell:Creating package script '/home/greg/ros2_ws/install/roswifibot/share/roswifibot/package.bash'
[5.314s] INFO:colcon.colcon_core.shell:Creating package script '/home/greg/ros2_ws/install/roswifibot/share/roswifibot/package.zsh'
[5.314s] Level 1:colcon.colcon_core.environment:create_file_with_runtime_dependencies(/home/greg/ros2_ws/install/roswifibot/share/colcon-core/packages/roswifibot)
[5.325s] DEBUG:colcon.colcon_parallel_executor.executor.parallel:closing loop
[5.325s] DEBUG:colcon.colcon_parallel_executor.executor.parallel:loop closed
[5.325s] DEBUG:colcon.colcon_parallel_executor.executor.parallel:run_until_complete finished with '2'
[5.325s] DEBUG:colcon.colcon_core.event_reactor:joining thread
[5.343s] INFO:colcon.colcon_core.plugin_system:Skipping extension 'colcon_notification.desktop_notification.terminal_notifier': Not used on non-Darwin systems
[5.343s] INFO:colcon.colcon_core.plugin_system:Skipping extension 'colcon_notification.desktop_notification.win32': Not used on non-Windows systems
[5.344s] INFO:colcon.colcon_notification.desktop_notification:Sending desktop notification using 'notify2'
[5.358s] DEBUG:colcon.colcon_core.event_reactor:joined thread
[5.369s] INFO:colcon.colcon_core.shell:Creating prefix script '/home/greg/ros2_ws/install/local_setup.ps1'
[5.370s] INFO:colcon.colcon_core.shell:Creating prefix util module '/home/greg/ros2_ws/install/_local_setup_util_ps1.py'
[5.371s] INFO:colcon.colcon_core.shell:Creating prefix chain script '/home/greg/ros2_ws/install/setup.ps1'
[5.384s] INFO:colcon.colcon_core.shell:Creating prefix script '/home/greg/ros2_ws/install/local_setup.sh'
[5.385s] INFO:colcon.colcon_core.shell:Creating prefix util module '/home/greg/ros2_ws/install/_local_setup_util_sh.py'
[5.385s] INFO:colcon.colcon_core.shell:Creating prefix chain script '/home/greg/ros2_ws/install/setup.sh'
[5.399s] INFO:colcon.colcon_core.shell:Creating prefix script '/home/greg/ros2_ws/install/local_setup.bash'
[5.400s] INFO:colcon.colcon_core.shell:Creating prefix chain script '/home/greg/ros2_ws/install/setup.bash'
[5.413s] INFO:colcon.colcon_core.shell:Creating prefix script '/home/greg/ros2_ws/install/local_setup.zsh'
[5.414s] INFO:colcon.colcon_core.shell:Creating prefix chain script '/home/greg/ros2_ws/install/setup.zsh'
