[0.040s] Invoking command in '/home/greg/ros2_ws/build/arbotix_sensors': CMAKE_PREFIX_PATH=/home/greg/ros2_ws/install/arbotix_msgs:/home/greg/ros2_ws/install/arbotix:/home/greg/ros2_ws/install/arbotix_sensors:/home/greg/ros2_ws/install/arbotix_controllers:/home/greg/ros2_ws/install/arbotix_firmware:/home/greg/ros2_ws/install/roswifibot:/home/greg/ros2_ws/install/wifibot_msgs:/home/greg/ros2_ws/install/lib_wifibot:/home/greg/ros2_ws/install/joy2twist:/opt/ros/humble /usr/bin/cmake --build /home/greg/ros2_ws/build/arbotix_sensors -- -j16 -l16
[0.068s] Invoked command in '/home/greg/ros2_ws/build/arbotix_sensors' returned '0': CMAKE_PREFIX_PATH=/home/greg/ros2_ws/install/arbotix_msgs:/home/greg/ros2_ws/install/arbotix:/home/greg/ros2_ws/install/arbotix_sensors:/home/greg/ros2_ws/install/arbotix_controllers:/home/greg/ros2_ws/install/arbotix_firmware:/home/greg/ros2_ws/install/roswifibot:/home/greg/ros2_ws/install/wifibot_msgs:/home/greg/ros2_ws/install/lib_wifibot:/home/greg/ros2_ws/install/joy2twist:/opt/ros/humble /usr/bin/cmake --build /home/greg/ros2_ws/build/arbotix_sensors -- -j16 -l16
[0.095s] Invoking command in '/home/greg/ros2_ws/build/arbotix_sensors': CMAKE_PREFIX_PATH=/home/greg/ros2_ws/install/arbotix_msgs:/home/greg/ros2_ws/install/arbotix:/home/greg/ros2_ws/install/arbotix_sensors:/home/greg/ros2_ws/install/arbotix_controllers:/home/greg/ros2_ws/install/arbotix_firmware:/home/greg/ros2_ws/install/roswifibot:/home/greg/ros2_ws/install/wifibot_msgs:/home/greg/ros2_ws/install/lib_wifibot:/home/greg/ros2_ws/install/joy2twist:/opt/ros/humble /usr/bin/cmake --install /home/greg/ros2_ws/build/arbotix_sensors
[0.101s] -- Install configuration: ""
[0.102s] -- Up-to-date: /home/greg/ros2_ws/install/arbotix_sensors/share/ament_index/resource_index/package_run_dependencies/arbotix_sensors
[0.102s] -- Up-to-date: /home/greg/ros2_ws/install/arbotix_sensors/share/ament_index/resource_index/parent_prefix_path/arbotix_sensors
[0.102s] -- Up-to-date: /home/greg/ros2_ws/install/arbotix_sensors/share/arbotix_sensors/environment/ament_prefix_path.sh
[0.102s] -- Up-to-date: /home/greg/ros2_ws/install/arbotix_sensors/share/arbotix_sensors/environment/ament_prefix_path.dsv
[0.102s] -- Up-to-date: /home/greg/ros2_ws/install/arbotix_sensors/share/arbotix_sensors/environment/path.sh
[0.102s] -- Up-to-date: /home/greg/ros2_ws/install/arbotix_sensors/share/arbotix_sensors/environment/path.dsv
[0.102s] -- Up-to-date: /home/greg/ros2_ws/install/arbotix_sensors/share/arbotix_sensors/local_setup.bash
[0.102s] -- Up-to-date: /home/greg/ros2_ws/install/arbotix_sensors/share/arbotix_sensors/local_setup.sh
[0.102s] -- Up-to-date: /home/greg/ros2_ws/install/arbotix_sensors/share/arbotix_sensors/local_setup.zsh
[0.103s] -- Up-to-date: /home/greg/ros2_ws/install/arbotix_sensors/share/arbotix_sensors/local_setup.dsv
[0.103s] -- Up-to-date: /home/greg/ros2_ws/install/arbotix_sensors/share/arbotix_sensors/package.dsv
[0.103s] -- Up-to-date: /home/greg/ros2_ws/install/arbotix_sensors/share/ament_index/resource_index/packages/arbotix_sensors
[0.103s] -- Up-to-date: /home/greg/ros2_ws/install/arbotix_sensors/share/arbotix_sensors/cmake/arbotix_sensorsConfig.cmake
[0.103s] -- Up-to-date: /home/greg/ros2_ws/install/arbotix_sensors/share/arbotix_sensors/cmake/arbotix_sensorsConfig-version.cmake
[0.103s] -- Up-to-date: /home/greg/ros2_ws/install/arbotix_sensors/share/arbotix_sensors/package.xml
[0.103s] -- Up-to-date: /home/greg/ros2_ws/install/arbotix_sensors/bin/arbotix_sensors/ir_ranger.py
[0.103s] -- Up-to-date: /home/greg/ros2_ws/install/arbotix_sensors/bin/arbotix_sensors/max_sonar.py
[0.132s] Invoked command in '/home/greg/ros2_ws/build/arbotix_sensors' returned '0': CMAKE_PREFIX_PATH=/home/greg/ros2_ws/install/arbotix_msgs:/home/greg/ros2_ws/install/arbotix:/home/greg/ros2_ws/install/arbotix_sensors:/home/greg/ros2_ws/install/arbotix_controllers:/home/greg/ros2_ws/install/arbotix_firmware:/home/greg/ros2_ws/install/roswifibot:/home/greg/ros2_ws/install/wifibot_msgs:/home/greg/ros2_ws/install/lib_wifibot:/home/greg/ros2_ws/install/joy2twist:/opt/ros/humble /usr/bin/cmake --install /home/greg/ros2_ws/build/arbotix_sensors
