[0.044s] Invoking command in '/home/greg/ros2_ws/build/arbotix': CMAKE_PREFIX_PATH=/home/greg/ros2_ws/install/arbotix_sensors:/home/greg/ros2_ws/install/arbotix_controllers:/home/greg/ros2_ws/install/arbotix_msgs:/home/greg/ros2_ws/install/arbotix_firmware:/home/greg/ros2_ws/install/arbotix:/home/greg/ros2_ws/install/roswifibot:/home/greg/ros2_ws/install/wifibot_msgs:/home/greg/ros2_ws/install/lib_wifibot:/home/greg/ros2_ws/install/joy2twist:/opt/ros/humble /usr/bin/cmake /home/greg/ros2_ws/src/arbotix -DCMAKE_INSTALL_PREFIX=/home/greg/ros2_ws/install/arbotix
[0.121s] -- The C compiler identification is GNU 11.4.0
[0.180s] -- The CXX compiler identification is GNU 11.4.0
[0.186s] -- Detecting C compiler ABI info
[0.262s] -- Detecting C compiler ABI info - done
[0.267s] -- Check for working C compiler: /usr/bin/cc - skipped
[0.267s] -- Detecting C compile features
[0.268s] -- Detecting C compile features - done
[0.270s] -- Detecting CXX compiler ABI info
[0.362s] -- Detecting CXX compiler ABI info - done
[0.366s] -- Check for working CXX compiler: /usr/bin/c++ - skipped
[0.366s] -- Detecting CXX compile features
[0.366s] -- Detecting CXX compile features - done
[0.368s] -- Found ament_cmake: 1.3.5 (/opt/ros/humble/share/ament_cmake/cmake)
[0.555s] -- Found Python3: /usr/bin/python3.10 (found version "3.10.12") found components: Interpreter 
[0.641s] -- Found ament_index_cpp: 1.4.0 (/opt/ros/humble/share/ament_index_cpp/cmake)
[0.705s] -- Configuring done
[0.707s] -- Generating done
[0.707s] -- Build files have been written to: /home/greg/ros2_ws/build/arbotix
[0.711s] Invoked command in '/home/greg/ros2_ws/build/arbotix' returned '0': CMAKE_PREFIX_PATH=/home/greg/ros2_ws/install/arbotix_sensors:/home/greg/ros2_ws/install/arbotix_controllers:/home/greg/ros2_ws/install/arbotix_msgs:/home/greg/ros2_ws/install/arbotix_firmware:/home/greg/ros2_ws/install/arbotix:/home/greg/ros2_ws/install/roswifibot:/home/greg/ros2_ws/install/wifibot_msgs:/home/greg/ros2_ws/install/lib_wifibot:/home/greg/ros2_ws/install/joy2twist:/opt/ros/humble /usr/bin/cmake /home/greg/ros2_ws/src/arbotix -DCMAKE_INSTALL_PREFIX=/home/greg/ros2_ws/install/arbotix
[0.712s] Invoking command in '/home/greg/ros2_ws/build/arbotix': CMAKE_PREFIX_PATH=/home/greg/ros2_ws/install/arbotix_sensors:/home/greg/ros2_ws/install/arbotix_controllers:/home/greg/ros2_ws/install/arbotix_msgs:/home/greg/ros2_ws/install/arbotix_firmware:/home/greg/ros2_ws/install/arbotix:/home/greg/ros2_ws/install/roswifibot:/home/greg/ros2_ws/install/wifibot_msgs:/home/greg/ros2_ws/install/lib_wifibot:/home/greg/ros2_ws/install/joy2twist:/opt/ros/humble /usr/bin/cmake --build /home/greg/ros2_ws/build/arbotix -- -j16 -l16
[0.747s] Invoked command in '/home/greg/ros2_ws/build/arbotix' returned '0': CMAKE_PREFIX_PATH=/home/greg/ros2_ws/install/arbotix_sensors:/home/greg/ros2_ws/install/arbotix_controllers:/home/greg/ros2_ws/install/arbotix_msgs:/home/greg/ros2_ws/install/arbotix_firmware:/home/greg/ros2_ws/install/arbotix:/home/greg/ros2_ws/install/roswifibot:/home/greg/ros2_ws/install/wifibot_msgs:/home/greg/ros2_ws/install/lib_wifibot:/home/greg/ros2_ws/install/joy2twist:/opt/ros/humble /usr/bin/cmake --build /home/greg/ros2_ws/build/arbotix -- -j16 -l16
[0.790s] Invoking command in '/home/greg/ros2_ws/build/arbotix': CMAKE_PREFIX_PATH=/home/greg/ros2_ws/install/arbotix_sensors:/home/greg/ros2_ws/install/arbotix_controllers:/home/greg/ros2_ws/install/arbotix_msgs:/home/greg/ros2_ws/install/arbotix_firmware:/home/greg/ros2_ws/install/arbotix:/home/greg/ros2_ws/install/roswifibot:/home/greg/ros2_ws/install/wifibot_msgs:/home/greg/ros2_ws/install/lib_wifibot:/home/greg/ros2_ws/install/joy2twist:/opt/ros/humble /usr/bin/cmake --install /home/greg/ros2_ws/build/arbotix
[0.805s] -- Install configuration: ""
[0.806s] -- Installing: /home/greg/ros2_ws/install/arbotix/share/ament_index/resource_index/package_run_dependencies/arbotix
[0.806s] -- Installing: /home/greg/ros2_ws/install/arbotix/share/ament_index/resource_index/parent_prefix_path/arbotix
[0.806s] -- Installing: /home/greg/ros2_ws/install/arbotix/share/arbotix/environment/ament_prefix_path.sh
[0.806s] -- Installing: /home/greg/ros2_ws/install/arbotix/share/arbotix/environment/ament_prefix_path.dsv
[0.806s] -- Installing: /home/greg/ros2_ws/install/arbotix/share/arbotix/environment/path.sh
[0.806s] -- Installing: /home/greg/ros2_ws/install/arbotix/share/arbotix/environment/path.dsv
[0.806s] -- Installing: /home/greg/ros2_ws/install/arbotix/share/arbotix/local_setup.bash
[0.807s] -- Installing: /home/greg/ros2_ws/install/arbotix/share/arbotix/local_setup.sh
[0.807s] -- Installing: /home/greg/ros2_ws/install/arbotix/share/arbotix/local_setup.zsh
[0.807s] -- Installing: /home/greg/ros2_ws/install/arbotix/share/arbotix/local_setup.dsv
[0.807s] -- Installing: /home/greg/ros2_ws/install/arbotix/share/arbotix/package.dsv
[0.807s] -- Installing: /home/greg/ros2_ws/install/arbotix/share/ament_index/resource_index/packages/arbotix
[0.807s] -- Installing: /home/greg/ros2_ws/install/arbotix/share/arbotix/cmake/arbotixConfig.cmake
[0.807s] -- Installing: /home/greg/ros2_ws/install/arbotix/share/arbotix/cmake/arbotixConfig-version.cmake
[0.807s] -- Installing: /home/greg/ros2_ws/install/arbotix/share/arbotix/package.xml
[0.809s] Invoked command in '/home/greg/ros2_ws/build/arbotix' returned '0': CMAKE_PREFIX_PATH=/home/greg/ros2_ws/install/arbotix_sensors:/home/greg/ros2_ws/install/arbotix_controllers:/home/greg/ros2_ws/install/arbotix_msgs:/home/greg/ros2_ws/install/arbotix_firmware:/home/greg/ros2_ws/install/arbotix:/home/greg/ros2_ws/install/roswifibot:/home/greg/ros2_ws/install/wifibot_msgs:/home/greg/ros2_ws/install/lib_wifibot:/home/greg/ros2_ws/install/joy2twist:/opt/ros/humble /usr/bin/cmake --install /home/greg/ros2_ws/build/arbotix
