[0.094s] Invoking command in '/home/greg/ros2_ws/src/build/roswifibot': AMENT_PREFIX_PATH=/home/greg/ros2_ws/src/install/wifibot_msgs:${AMENT_PREFIX_PATH} CMAKE_PREFIX_PATH=/home/greg/ros2_ws/src/install/wifibot_msgs:/home/greg/ros2_ws/install/roswifibot:/home/greg/ros2_ws/install/joy2twist:/home/greg/ros2_ws/install/wifibot_msgs:/home/greg/ros2_ws/install/lib_wifibot:/opt/ros/humble LD_LIBRARY_PATH=/home/greg/ros2_ws/src/install/wifibot_msgs/lib:${LD_LIBRARY_PATH} PYTHONPATH=/home/greg/ros2_ws/src/install/wifibot_msgs/local/lib/python3.10/dist-packages:${PYTHONPATH} /usr/bin/cmake /home/greg/ros2_ws/src/roswifibot -DCMAKE_INSTALL_PREFIX=/home/greg/ros2_ws/src/install/roswifibot
[0.256s] -- The C compiler identification is GNU 11.4.0
[0.453s] -- The CXX compiler identification is GNU 11.4.0
[0.468s] -- Detecting C compiler ABI info
[0.661s] -- Detecting C compiler ABI info - done
[0.668s] -- Check for working C compiler: /usr/bin/cc - skipped
[0.668s] -- Detecting C compile features
[0.669s] -- Detecting C compile features - done
[0.674s] -- Detecting CXX compiler ABI info
[0.917s] -- Detecting CXX compiler ABI info - done
[0.924s] -- Check for working CXX compiler: /usr/bin/c++ - skipped
[0.924s] -- Detecting CXX compile features
[0.925s] -- Detecting CXX compile features - done
[0.931s] -- Found ament_cmake: 1.3.5 (/opt/ros/humble/share/ament_cmake/cmake)
[1.191s] -- Found Python3: /usr/bin/python3.10 (found version "3.10.12") found components: Interpreter 
[1.355s] -- Found rclcpp: 16.0.6 (/opt/ros/humble/share/rclcpp/cmake)
[1.445s] -- Found rosidl_generator_c: 3.1.5 (/opt/ros/humble/share/rosidl_generator_c/cmake)
[1.459s] -- Found rosidl_adapter: 3.1.5 (/opt/ros/humble/share/rosidl_adapter/cmake)
[1.478s] -- Found rosidl_generator_cpp: 3.1.5 (/opt/ros/humble/share/rosidl_generator_cpp/cmake)
[1.508s] -- Using all available rosidl_typesupport_c: rosidl_typesupport_fastrtps_c;rosidl_typesupport_introspection_c
[1.547s] -- Using all available rosidl_typesupport_cpp: rosidl_typesupport_fastrtps_cpp;rosidl_typesupport_introspection_cpp
[1.685s] -- Found rmw_implementation_cmake: 6.1.1 (/opt/ros/humble/share/rmw_implementation_cmake/cmake)
[1.691s] -- Found rmw_fastrtps_cpp: 6.2.4 (/opt/ros/humble/share/rmw_fastrtps_cpp/cmake)
[1.907s] -- Found OpenSSL: /usr/lib/x86_64-linux-gnu/libcrypto.so (found version "3.0.2")  
[1.944s] -- Found FastRTPS: /opt/ros/humble/include  
[2.017s] -- Using RMW implementation 'rmw_fastrtps_cpp' as default
[2.039s] -- Looking for pthread.h
[2.220s] -- Looking for pthread.h - found
[2.222s] -- Performing Test CMAKE_HAVE_LIBC_PTHREAD
[2.400s] -- Performing Test CMAKE_HAVE_LIBC_PTHREAD - Success
[2.403s] -- Found Threads: TRUE  
[2.663s] -- Found tf2: 0.25.4 (/opt/ros/humble/share/tf2/cmake)
[2.763s] -- Found tf2_ros: 0.25.4 (/opt/ros/humble/share/tf2_ros/cmake)
[3.282s] -- Found nav_msgs: 4.2.3 (/opt/ros/humble/share/nav_msgs/cmake)
[3.404s] -- Found wifibot_msgs: 0.0.0 (/home/greg/ros2_ws/src/install/wifibot_msgs/share/wifibot_msgs/cmake)
[3.429s] -- Found lib_wifibot: 0.0.0 (/home/greg/ros2_ws/install/lib_wifibot/share/lib_wifibot/cmake)
[3.434s] -- Found tf2_geometry_msgs: 0.25.4 (/opt/ros/humble/share/tf2_geometry_msgs/cmake)
[3.459s] -- Found eigen3_cmake_module: 0.1.1 (/opt/ros/humble/share/eigen3_cmake_module/cmake)
[3.461s] -- Found Eigen3: TRUE (found version "3.4.0") 
[3.461s] -- Ensuring Eigen3 include directory is part of orocos-kdl CMake target
[3.579s] -- Configuring done
[3.612s] -- Generating done
[3.615s] -- Build files have been written to: /home/greg/ros2_ws/src/build/roswifibot
[3.632s] Invoked command in '/home/greg/ros2_ws/src/build/roswifibot' returned '0': AMENT_PREFIX_PATH=/home/greg/ros2_ws/src/install/wifibot_msgs:${AMENT_PREFIX_PATH} CMAKE_PREFIX_PATH=/home/greg/ros2_ws/src/install/wifibot_msgs:/home/greg/ros2_ws/install/roswifibot:/home/greg/ros2_ws/install/joy2twist:/home/greg/ros2_ws/install/wifibot_msgs:/home/greg/ros2_ws/install/lib_wifibot:/opt/ros/humble LD_LIBRARY_PATH=/home/greg/ros2_ws/src/install/wifibot_msgs/lib:${LD_LIBRARY_PATH} PYTHONPATH=/home/greg/ros2_ws/src/install/wifibot_msgs/local/lib/python3.10/dist-packages:${PYTHONPATH} /usr/bin/cmake /home/greg/ros2_ws/src/roswifibot -DCMAKE_INSTALL_PREFIX=/home/greg/ros2_ws/src/install/roswifibot
[3.635s] Invoking command in '/home/greg/ros2_ws/src/build/roswifibot': AMENT_PREFIX_PATH=/home/greg/ros2_ws/src/install/wifibot_msgs:${AMENT_PREFIX_PATH} CMAKE_PREFIX_PATH=/home/greg/ros2_ws/src/install/wifibot_msgs:/home/greg/ros2_ws/install/roswifibot:/home/greg/ros2_ws/install/joy2twist:/home/greg/ros2_ws/install/wifibot_msgs:/home/greg/ros2_ws/install/lib_wifibot:/opt/ros/humble LD_LIBRARY_PATH=/home/greg/ros2_ws/src/install/wifibot_msgs/lib:${LD_LIBRARY_PATH} PYTHONPATH=/home/greg/ros2_ws/src/install/wifibot_msgs/local/lib/python3.10/dist-packages:${PYTHONPATH} /usr/bin/cmake --build /home/greg/ros2_ws/src/build/roswifibot -- -j16 -l16
[3.764s] [ 50%] [32mBuilding CXX object CMakeFiles/roswifibot_node.dir/src/wifibot.cpp.o[0m
[11.260s] [100%] [32m[1mLinking CXX executable roswifibot_node[0m
[11.843s] [100%] Built target roswifibot_node
[11.869s] Invoked command in '/home/greg/ros2_ws/src/build/roswifibot' returned '0': AMENT_PREFIX_PATH=/home/greg/ros2_ws/src/install/wifibot_msgs:${AMENT_PREFIX_PATH} CMAKE_PREFIX_PATH=/home/greg/ros2_ws/src/install/wifibot_msgs:/home/greg/ros2_ws/install/roswifibot:/home/greg/ros2_ws/install/joy2twist:/home/greg/ros2_ws/install/wifibot_msgs:/home/greg/ros2_ws/install/lib_wifibot:/opt/ros/humble LD_LIBRARY_PATH=/home/greg/ros2_ws/src/install/wifibot_msgs/lib:${LD_LIBRARY_PATH} PYTHONPATH=/home/greg/ros2_ws/src/install/wifibot_msgs/local/lib/python3.10/dist-packages:${PYTHONPATH} /usr/bin/cmake --build /home/greg/ros2_ws/src/build/roswifibot -- -j16 -l16
[11.962s] Invoking command in '/home/greg/ros2_ws/src/build/roswifibot': AMENT_PREFIX_PATH=/home/greg/ros2_ws/src/install/wifibot_msgs:${AMENT_PREFIX_PATH} CMAKE_PREFIX_PATH=/home/greg/ros2_ws/src/install/wifibot_msgs:/home/greg/ros2_ws/install/roswifibot:/home/greg/ros2_ws/install/joy2twist:/home/greg/ros2_ws/install/wifibot_msgs:/home/greg/ros2_ws/install/lib_wifibot:/opt/ros/humble LD_LIBRARY_PATH=/home/greg/ros2_ws/src/install/wifibot_msgs/lib:${LD_LIBRARY_PATH} PYTHONPATH=/home/greg/ros2_ws/src/install/wifibot_msgs/local/lib/python3.10/dist-packages:${PYTHONPATH} /usr/bin/cmake --install /home/greg/ros2_ws/src/build/roswifibot
[11.981s] -- Install configuration: ""
[11.981s] -- Installing: /home/greg/ros2_ws/src/install/roswifibot/share/ament_index/resource_index/package_run_dependencies/roswifibot
[11.982s] -- Installing: /home/greg/ros2_ws/src/install/roswifibot/share/ament_index/resource_index/parent_prefix_path/roswifibot
[11.982s] -- Installing: /home/greg/ros2_ws/src/install/roswifibot/share/roswifibot/environment/ament_prefix_path.sh
[11.983s] -- Installing: /home/greg/ros2_ws/src/install/roswifibot/share/roswifibot/environment/ament_prefix_path.dsv
[11.983s] -- Installing: /home/greg/ros2_ws/src/install/roswifibot/share/roswifibot/environment/path.sh
[11.983s] -- Installing: /home/greg/ros2_ws/src/install/roswifibot/share/roswifibot/environment/path.dsv
[11.984s] -- Installing: /home/greg/ros2_ws/src/install/roswifibot/share/roswifibot/local_setup.bash
[11.984s] -- Installing: /home/greg/ros2_ws/src/install/roswifibot/share/roswifibot/local_setup.sh
[11.984s] -- Installing: /home/greg/ros2_ws/src/install/roswifibot/share/roswifibot/local_setup.zsh
[11.985s] -- Installing: /home/greg/ros2_ws/src/install/roswifibot/share/roswifibot/local_setup.dsv
[11.985s] -- Installing: /home/greg/ros2_ws/src/install/roswifibot/share/roswifibot/package.dsv
[11.986s] -- Installing: /home/greg/ros2_ws/src/install/roswifibot/share/ament_index/resource_index/packages/roswifibot
[11.986s] -- Installing: /home/greg/ros2_ws/src/install/roswifibot/share/roswifibot/cmake/ament_cmake_export_dependencies-extras.cmake
[11.987s] -- Installing: /home/greg/ros2_ws/src/install/roswifibot/share/roswifibot/cmake/ament_cmake_export_include_directories-extras.cmake
[11.987s] -- Installing: /home/greg/ros2_ws/src/install/roswifibot/share/roswifibot/cmake/roswifibotConfig.cmake
[11.987s] -- Installing: /home/greg/ros2_ws/src/install/roswifibot/share/roswifibot/cmake/roswifibotConfig-version.cmake
[11.988s] -- Installing: /home/greg/ros2_ws/src/install/roswifibot/share/roswifibot/package.xml
[11.990s] Invoked command in '/home/greg/ros2_ws/src/build/roswifibot' returned '0': AMENT_PREFIX_PATH=/home/greg/ros2_ws/src/install/wifibot_msgs:${AMENT_PREFIX_PATH} CMAKE_PREFIX_PATH=/home/greg/ros2_ws/src/install/wifibot_msgs:/home/greg/ros2_ws/install/roswifibot:/home/greg/ros2_ws/install/joy2twist:/home/greg/ros2_ws/install/wifibot_msgs:/home/greg/ros2_ws/install/lib_wifibot:/opt/ros/humble LD_LIBRARY_PATH=/home/greg/ros2_ws/src/install/wifibot_msgs/lib:${LD_LIBRARY_PATH} PYTHONPATH=/home/greg/ros2_ws/src/install/wifibot_msgs/local/lib/python3.10/dist-packages:${PYTHONPATH} /usr/bin/cmake --install /home/greg/ros2_ws/src/build/roswifibot
