[0.746s] DEBUG:colcon:Command line arguments: ['/usr/bin/colcon', 'build']
[0.746s] DEBUG:colcon:Parsed command line arguments: Namespace(log_base=None, log_level=None, verb_name='build', build_base='build', install_base='install', merge_install=False, symlink_install=False, test_result_base=None, continue_on_error=False, executor='parallel', parallel_workers=16, event_handlers=None, ignore_user_meta=False, metas=['./colcon.meta'], base_paths=['.'], packages_ignore=None, packages_ignore_regex=None, paths=None, packages_up_to=None, packages_up_to_regex=None, packages_above=None, packages_above_and_dependencies=None, packages_above_depth=None, packages_select_by_dep=None, packages_skip_by_dep=None, packages_skip_up_to=None, packages_select_build_failed=False, packages_skip_build_finished=False, packages_select_test_failures=False, packages_skip_test_passed=False, packages_select=None, packages_skip=None, packages_select_regex=None, packages_skip_regex=None, packages_start=None, packages_end=None, allow_overriding=[], cmake_args=None, cmake_target=None, cmake_target_skip_unavailable=False, cmake_clean_cache=False, cmake_clean_first=False, cmake_force_configure=False, ament_cmake_args=None, catkin_cmake_args=None, catkin_skip_building_tests=False, verb_parser=<colcon_defaults.argument_parser.defaults.DefaultArgumentsDecorator object at 0x7f217229a350>, verb_extension=<colcon_core.verb.build.BuildVerb object at 0x7f21724dace0>, main=<bound method BuildVerb.main of <colcon_core.verb.build.BuildVerb object at 0x7f21724dace0>>)
[0.784s] Level 1:colcon.colcon_core.package_discovery:discover_packages(colcon_meta) check parameters
[0.784s] Level 1:colcon.colcon_core.package_discovery:discover_packages(recursive) check parameters
[0.784s] Level 1:colcon.colcon_core.package_discovery:discover_packages(ignore) check parameters
[0.784s] Level 1:colcon.colcon_core.package_discovery:discover_packages(path) check parameters
[0.784s] Level 1:colcon.colcon_core.package_discovery:discover_packages(colcon_meta) discover
[0.784s] Level 1:colcon.colcon_core.package_discovery:discover_packages(recursive) discover
[0.784s] INFO:colcon.colcon_core.package_discovery:Crawling recursively for packages in '/home/greg/ros2_ws'
[0.784s] Level 1:colcon.colcon_core.package_identification:_identify(.) by extensions ['ignore', 'ignore_ament_install']
[0.784s] Level 1:colcon.colcon_core.package_identification:_identify(.) by extension 'ignore'
[0.784s] Level 1:colcon.colcon_core.package_identification:_identify(.) by extension 'ignore_ament_install'
[0.784s] Level 1:colcon.colcon_core.package_identification:_identify(.) by extensions ['colcon_pkg']
[0.784s] Level 1:colcon.colcon_core.package_identification:_identify(.) by extension 'colcon_pkg'
[0.785s] Level 1:colcon.colcon_core.package_identification:_identify(.) by extensions ['colcon_meta']
[0.785s] Level 1:colcon.colcon_core.package_identification:_identify(.) by extension 'colcon_meta'
[0.785s] Level 1:colcon.colcon_core.package_identification:_identify(.) by extensions ['ros']
[0.785s] Level 1:colcon.colcon_core.package_identification:_identify(.) by extension 'ros'
[0.796s] Level 1:colcon.colcon_core.package_identification:_identify(.) by extensions ['cmake', 'python']
[0.796s] Level 1:colcon.colcon_core.package_identification:_identify(.) by extension 'cmake'
[0.796s] Level 1:colcon.colcon_core.package_identification:_identify(.) by extension 'python'
[0.796s] Level 1:colcon.colcon_core.package_identification:_identify(.) by extensions ['python_setup_py']
[0.796s] Level 1:colcon.colcon_core.package_identification:_identify(.) by extension 'python_setup_py'
[0.796s] Level 1:colcon.colcon_core.package_identification:_identify(build) by extensions ['ignore', 'ignore_ament_install']
[0.796s] Level 1:colcon.colcon_core.package_identification:_identify(build) by extension 'ignore'
[0.796s] Level 1:colcon.colcon_core.package_identification:_identify(build) ignored
[0.796s] Level 1:colcon.colcon_core.package_identification:_identify(install) by extensions ['ignore', 'ignore_ament_install']
[0.796s] Level 1:colcon.colcon_core.package_identification:_identify(install) by extension 'ignore'
[0.796s] Level 1:colcon.colcon_core.package_identification:_identify(install) ignored
[0.796s] Level 1:colcon.colcon_core.package_identification:_identify(log) by extensions ['ignore', 'ignore_ament_install']
[0.796s] Level 1:colcon.colcon_core.package_identification:_identify(log) by extension 'ignore'
[0.796s] Level 1:colcon.colcon_core.package_identification:_identify(log) ignored
[0.797s] Level 1:colcon.colcon_core.package_identification:_identify(src) by extensions ['ignore', 'ignore_ament_install']
[0.797s] Level 1:colcon.colcon_core.package_identification:_identify(src) by extension 'ignore'
[0.797s] Level 1:colcon.colcon_core.package_identification:_identify(src) by extension 'ignore_ament_install'
[0.797s] Level 1:colcon.colcon_core.package_identification:_identify(src) by extensions ['colcon_pkg']
[0.797s] Level 1:colcon.colcon_core.package_identification:_identify(src) by extension 'colcon_pkg'
[0.797s] Level 1:colcon.colcon_core.package_identification:_identify(src) by extensions ['colcon_meta']
[0.797s] Level 1:colcon.colcon_core.package_identification:_identify(src) by extension 'colcon_meta'
[0.797s] Level 1:colcon.colcon_core.package_identification:_identify(src) by extensions ['ros']
[0.797s] Level 1:colcon.colcon_core.package_identification:_identify(src) by extension 'ros'
[0.797s] Level 1:colcon.colcon_core.package_identification:_identify(src) by extensions ['cmake', 'python']
[0.797s] Level 1:colcon.colcon_core.package_identification:_identify(src) by extension 'cmake'
[0.797s] Level 1:colcon.colcon_core.package_identification:_identify(src) by extension 'python'
[0.797s] Level 1:colcon.colcon_core.package_identification:_identify(src) by extensions ['python_setup_py']
[0.797s] Level 1:colcon.colcon_core.package_identification:_identify(src) by extension 'python_setup_py'
[0.797s] Level 1:colcon.colcon_core.package_identification:_identify(src/build) by extensions ['ignore', 'ignore_ament_install']
[0.797s] Level 1:colcon.colcon_core.package_identification:_identify(src/build) by extension 'ignore'
[0.797s] Level 1:colcon.colcon_core.package_identification:_identify(src/build) ignored
[0.797s] Level 1:colcon.colcon_core.package_identification:_identify(src/install) by extensions ['ignore', 'ignore_ament_install']
[0.797s] Level 1:colcon.colcon_core.package_identification:_identify(src/install) by extension 'ignore'
[0.797s] Level 1:colcon.colcon_core.package_identification:_identify(src/install) ignored
[0.797s] Level 1:colcon.colcon_core.package_identification:_identify(src/joy2twist) by extensions ['ignore', 'ignore_ament_install']
[0.797s] Level 1:colcon.colcon_core.package_identification:_identify(src/joy2twist) by extension 'ignore'
[0.797s] Level 1:colcon.colcon_core.package_identification:_identify(src/joy2twist) by extension 'ignore_ament_install'
[0.798s] Level 1:colcon.colcon_core.package_identification:_identify(src/joy2twist) by extensions ['colcon_pkg']
[0.798s] Level 1:colcon.colcon_core.package_identification:_identify(src/joy2twist) by extension 'colcon_pkg'
[0.798s] Level 1:colcon.colcon_core.package_identification:_identify(src/joy2twist) by extensions ['colcon_meta']
[0.798s] Level 1:colcon.colcon_core.package_identification:_identify(src/joy2twist) by extension 'colcon_meta'
[0.798s] Level 1:colcon.colcon_core.package_identification:_identify(src/joy2twist) by extensions ['ros']
[0.798s] Level 1:colcon.colcon_core.package_identification:_identify(src/joy2twist) by extension 'ros'
[0.798s] Level 1:colcon.colcon_core.package_identification:_identify(src/joy2twist) by extensions ['cmake', 'python']
[0.798s] Level 1:colcon.colcon_core.package_identification:_identify(src/joy2twist) by extension 'cmake'
[0.798s] Level 1:colcon.colcon_core.package_identification:_identify(src/joy2twist) by extension 'python'
[0.798s] Level 1:colcon.colcon_core.package_identification:_identify(src/joy2twist) by extensions ['python_setup_py']
[0.798s] Level 1:colcon.colcon_core.package_identification:_identify(src/joy2twist) by extension 'python_setup_py'
[0.798s] Level 1:colcon.colcon_core.package_identification:_identify(src/joy2twist/demo) by extensions ['ignore', 'ignore_ament_install']
[0.798s] Level 1:colcon.colcon_core.package_identification:_identify(src/joy2twist/demo) by extension 'ignore'
[0.798s] Level 1:colcon.colcon_core.package_identification:_identify(src/joy2twist/demo) by extension 'ignore_ament_install'
[0.798s] Level 1:colcon.colcon_core.package_identification:_identify(src/joy2twist/demo) by extensions ['colcon_pkg']
[0.798s] Level 1:colcon.colcon_core.package_identification:_identify(src/joy2twist/demo) by extension 'colcon_pkg'
[0.798s] Level 1:colcon.colcon_core.package_identification:_identify(src/joy2twist/demo) by extensions ['colcon_meta']
[0.798s] Level 1:colcon.colcon_core.package_identification:_identify(src/joy2twist/demo) by extension 'colcon_meta'
[0.798s] Level 1:colcon.colcon_core.package_identification:_identify(src/joy2twist/demo) by extensions ['ros']
[0.798s] Level 1:colcon.colcon_core.package_identification:_identify(src/joy2twist/demo) by extension 'ros'
[0.798s] Level 1:colcon.colcon_core.package_identification:_identify(src/joy2twist/demo) by extensions ['cmake', 'python']
[0.798s] Level 1:colcon.colcon_core.package_identification:_identify(src/joy2twist/demo) by extension 'cmake'
[0.798s] Level 1:colcon.colcon_core.package_identification:_identify(src/joy2twist/demo) by extension 'python'
[0.798s] Level 1:colcon.colcon_core.package_identification:_identify(src/joy2twist/demo) by extensions ['python_setup_py']
[0.798s] Level 1:colcon.colcon_core.package_identification:_identify(src/joy2twist/demo) by extension 'python_setup_py'
[0.798s] Level 1:colcon.colcon_core.package_identification:_identify(src/joy2twist/joy2twist) by extensions ['ignore', 'ignore_ament_install']
[0.798s] Level 1:colcon.colcon_core.package_identification:_identify(src/joy2twist/joy2twist) by extension 'ignore'
[0.799s] Level 1:colcon.colcon_core.package_identification:_identify(src/joy2twist/joy2twist) by extension 'ignore_ament_install'
[0.799s] Level 1:colcon.colcon_core.package_identification:_identify(src/joy2twist/joy2twist) by extensions ['colcon_pkg']
[0.799s] Level 1:colcon.colcon_core.package_identification:_identify(src/joy2twist/joy2twist) by extension 'colcon_pkg'
[0.799s] Level 1:colcon.colcon_core.package_identification:_identify(src/joy2twist/joy2twist) by extensions ['colcon_meta']
[0.799s] Level 1:colcon.colcon_core.package_identification:_identify(src/joy2twist/joy2twist) by extension 'colcon_meta'
[0.799s] Level 1:colcon.colcon_core.package_identification:_identify(src/joy2twist/joy2twist) by extensions ['ros']
[0.799s] Level 1:colcon.colcon_core.package_identification:_identify(src/joy2twist/joy2twist) by extension 'ros'
[0.801s] DEBUG:colcon.colcon_core.package_identification:Package 'src/joy2twist/joy2twist' with type 'ros.ament_cmake' and name 'joy2twist'
[0.801s] Level 1:colcon.colcon_core.package_identification:_identify(src/lib_wifibot) by extensions ['ignore', 'ignore_ament_install']
[0.801s] Level 1:colcon.colcon_core.package_identification:_identify(src/lib_wifibot) by extension 'ignore'
[0.802s] Level 1:colcon.colcon_core.package_identification:_identify(src/lib_wifibot) by extension 'ignore_ament_install'
[0.802s] Level 1:colcon.colcon_core.package_identification:_identify(src/lib_wifibot) by extensions ['colcon_pkg']
[0.802s] Level 1:colcon.colcon_core.package_identification:_identify(src/lib_wifibot) by extension 'colcon_pkg'
[0.802s] Level 1:colcon.colcon_core.package_identification:_identify(src/lib_wifibot) by extensions ['colcon_meta']
[0.802s] Level 1:colcon.colcon_core.package_identification:_identify(src/lib_wifibot) by extension 'colcon_meta'
[0.802s] Level 1:colcon.colcon_core.package_identification:_identify(src/lib_wifibot) by extensions ['ros']
[0.802s] Level 1:colcon.colcon_core.package_identification:_identify(src/lib_wifibot) by extension 'ros'
[0.802s] DEBUG:colcon.colcon_core.package_identification:Package 'src/lib_wifibot' with type 'ros.ament_cmake' and name 'lib_wifibot'
[0.802s] Level 1:colcon.colcon_core.package_identification:_identify(src/log) by extensions ['ignore', 'ignore_ament_install']
[0.802s] Level 1:colcon.colcon_core.package_identification:_identify(src/log) by extension 'ignore'
[0.802s] Level 1:colcon.colcon_core.package_identification:_identify(src/log) ignored
[0.802s] Level 1:colcon.colcon_core.package_identification:_identify(src/roswifibot) by extensions ['ignore', 'ignore_ament_install']
[0.803s] Level 1:colcon.colcon_core.package_identification:_identify(src/roswifibot) by extension 'ignore'
[0.803s] Level 1:colcon.colcon_core.package_identification:_identify(src/roswifibot) by extension 'ignore_ament_install'
[0.803s] Level 1:colcon.colcon_core.package_identification:_identify(src/roswifibot) by extensions ['colcon_pkg']
[0.803s] Level 1:colcon.colcon_core.package_identification:_identify(src/roswifibot) by extension 'colcon_pkg'
[0.803s] Level 1:colcon.colcon_core.package_identification:_identify(src/roswifibot) by extensions ['colcon_meta']
[0.803s] Level 1:colcon.colcon_core.package_identification:_identify(src/roswifibot) by extension 'colcon_meta'
[0.803s] Level 1:colcon.colcon_core.package_identification:_identify(src/roswifibot) by extensions ['ros']
[0.803s] Level 1:colcon.colcon_core.package_identification:_identify(src/roswifibot) by extension 'ros'
[0.803s] DEBUG:colcon.colcon_core.package_identification:Package 'src/roswifibot' with type 'ros.ament_cmake' and name 'roswifibot'
[0.804s] Level 1:colcon.colcon_core.package_identification:_identify(src/wifibot_msgs) by extensions ['ignore', 'ignore_ament_install']
[0.804s] Level 1:colcon.colcon_core.package_identification:_identify(src/wifibot_msgs) by extension 'ignore'
[0.804s] Level 1:colcon.colcon_core.package_identification:_identify(src/wifibot_msgs) by extension 'ignore_ament_install'
[0.804s] Level 1:colcon.colcon_core.package_identification:_identify(src/wifibot_msgs) by extensions ['colcon_pkg']
[0.804s] Level 1:colcon.colcon_core.package_identification:_identify(src/wifibot_msgs) by extension 'colcon_pkg'
[0.804s] Level 1:colcon.colcon_core.package_identification:_identify(src/wifibot_msgs) by extensions ['colcon_meta']
[0.804s] Level 1:colcon.colcon_core.package_identification:_identify(src/wifibot_msgs) by extension 'colcon_meta'
[0.804s] Level 1:colcon.colcon_core.package_identification:_identify(src/wifibot_msgs) by extensions ['ros']
[0.804s] Level 1:colcon.colcon_core.package_identification:_identify(src/wifibot_msgs) by extension 'ros'
[0.804s] DEBUG:colcon.colcon_core.package_identification:Package 'src/wifibot_msgs' with type 'ros.ament_cmake' and name 'wifibot_msgs'
[0.804s] Level 1:colcon.colcon_core.package_discovery:discover_packages(recursive) using defaults
[0.804s] Level 1:colcon.colcon_core.package_discovery:discover_packages(ignore) discover
[0.804s] Level 1:colcon.colcon_core.package_discovery:discover_packages(ignore) using defaults
[0.804s] Level 1:colcon.colcon_core.package_discovery:discover_packages(path) discover
[0.805s] Level 1:colcon.colcon_core.package_discovery:discover_packages(path) using defaults
[0.873s] Level 1:colcon.colcon_core.package_discovery:discover_packages(prefix_path) check parameters
[0.874s] Level 1:colcon.colcon_core.package_discovery:discover_packages(prefix_path) discover
[0.895s] DEBUG:colcon.colcon_installed_package_information.package_discovery:Found 4 installed packages in /home/greg/ros2_ws/install
[0.907s] DEBUG:colcon.colcon_installed_package_information.package_discovery:Found 226 installed packages in /opt/ros/humble
[0.908s] Level 1:colcon.colcon_core.package_discovery:discover_packages(prefix_path) using defaults
[0.973s] Level 5:colcon.colcon_core.verb:set package 'joy2twist' build argument 'cmake_args' from command line to 'None'
[0.973s] Level 5:colcon.colcon_core.verb:set package 'joy2twist' build argument 'cmake_target' from command line to 'None'
[0.973s] Level 5:colcon.colcon_core.verb:set package 'joy2twist' build argument 'cmake_target_skip_unavailable' from command line to 'False'
[0.973s] Level 5:colcon.colcon_core.verb:set package 'joy2twist' build argument 'cmake_clean_cache' from command line to 'False'
[0.973s] Level 5:colcon.colcon_core.verb:set package 'joy2twist' build argument 'cmake_clean_first' from command line to 'False'
[0.974s] Level 5:colcon.colcon_core.verb:set package 'joy2twist' build argument 'cmake_force_configure' from command line to 'False'
[0.974s] Level 5:colcon.colcon_core.verb:set package 'joy2twist' build argument 'ament_cmake_args' from command line to 'None'
[0.974s] Level 5:colcon.colcon_core.verb:set package 'joy2twist' build argument 'catkin_cmake_args' from command line to 'None'
[0.974s] Level 5:colcon.colcon_core.verb:set package 'joy2twist' build argument 'catkin_skip_building_tests' from command line to 'False'
[0.974s] DEBUG:colcon.colcon_core.verb:Building package 'joy2twist' with the following arguments: {'ament_cmake_args': None, 'build_base': '/home/greg/ros2_ws/build/joy2twist', 'catkin_cmake_args': None, 'catkin_skip_building_tests': False, 'cmake_args': None, 'cmake_clean_cache': False, 'cmake_clean_first': False, 'cmake_force_configure': False, 'cmake_target': None, 'cmake_target_skip_unavailable': False, 'install_base': '/home/greg/ros2_ws/install/joy2twist', 'merge_install': False, 'path': '/home/greg/ros2_ws/src/joy2twist/joy2twist', 'symlink_install': False, 'test_result_base': None}
[0.984s] Level 5:colcon.colcon_core.verb:set package 'lib_wifibot' build argument 'cmake_args' from command line to 'None'
[0.984s] Level 5:colcon.colcon_core.verb:set package 'lib_wifibot' build argument 'cmake_target' from command line to 'None'
[0.984s] Level 5:colcon.colcon_core.verb:set package 'lib_wifibot' build argument 'cmake_target_skip_unavailable' from command line to 'False'
[0.984s] Level 5:colcon.colcon_core.verb:set package 'lib_wifibot' build argument 'cmake_clean_cache' from command line to 'False'
[0.984s] Level 5:colcon.colcon_core.verb:set package 'lib_wifibot' build argument 'cmake_clean_first' from command line to 'False'
[0.984s] Level 5:colcon.colcon_core.verb:set package 'lib_wifibot' build argument 'cmake_force_configure' from command line to 'False'
[0.984s] Level 5:colcon.colcon_core.verb:set package 'lib_wifibot' build argument 'ament_cmake_args' from command line to 'None'
[0.984s] Level 5:colcon.colcon_core.verb:set package 'lib_wifibot' build argument 'catkin_cmake_args' from command line to 'None'
[0.984s] Level 5:colcon.colcon_core.verb:set package 'lib_wifibot' build argument 'catkin_skip_building_tests' from command line to 'False'
[0.984s] DEBUG:colcon.colcon_core.verb:Building package 'lib_wifibot' with the following arguments: {'ament_cmake_args': None, 'build_base': '/home/greg/ros2_ws/build/lib_wifibot', 'catkin_cmake_args': None, 'catkin_skip_building_tests': False, 'cmake_args': None, 'cmake_clean_cache': False, 'cmake_clean_first': False, 'cmake_force_configure': False, 'cmake_target': None, 'cmake_target_skip_unavailable': False, 'install_base': '/home/greg/ros2_ws/install/lib_wifibot', 'merge_install': False, 'path': '/home/greg/ros2_ws/src/lib_wifibot', 'symlink_install': False, 'test_result_base': None}
[0.994s] Level 5:colcon.colcon_core.verb:set package 'wifibot_msgs' build argument 'cmake_args' from command line to 'None'
[0.994s] Level 5:colcon.colcon_core.verb:set package 'wifibot_msgs' build argument 'cmake_target' from command line to 'None'
[0.994s] Level 5:colcon.colcon_core.verb:set package 'wifibot_msgs' build argument 'cmake_target_skip_unavailable' from command line to 'False'
[0.994s] Level 5:colcon.colcon_core.verb:set package 'wifibot_msgs' build argument 'cmake_clean_cache' from command line to 'False'
[0.994s] Level 5:colcon.colcon_core.verb:set package 'wifibot_msgs' build argument 'cmake_clean_first' from command line to 'False'
[0.994s] Level 5:colcon.colcon_core.verb:set package 'wifibot_msgs' build argument 'cmake_force_configure' from command line to 'False'
[0.994s] Level 5:colcon.colcon_core.verb:set package 'wifibot_msgs' build argument 'ament_cmake_args' from command line to 'None'
[0.995s] Level 5:colcon.colcon_core.verb:set package 'wifibot_msgs' build argument 'catkin_cmake_args' from command line to 'None'
[0.995s] Level 5:colcon.colcon_core.verb:set package 'wifibot_msgs' build argument 'catkin_skip_building_tests' from command line to 'False'
[0.995s] DEBUG:colcon.colcon_core.verb:Building package 'wifibot_msgs' with the following arguments: {'ament_cmake_args': None, 'build_base': '/home/greg/ros2_ws/build/wifibot_msgs', 'catkin_cmake_args': None, 'catkin_skip_building_tests': False, 'cmake_args': None, 'cmake_clean_cache': False, 'cmake_clean_first': False, 'cmake_force_configure': False, 'cmake_target': None, 'cmake_target_skip_unavailable': False, 'install_base': '/home/greg/ros2_ws/install/wifibot_msgs', 'merge_install': False, 'path': '/home/greg/ros2_ws/src/wifibot_msgs', 'symlink_install': False, 'test_result_base': None}
[1.005s] Level 5:colcon.colcon_core.verb:set package 'roswifibot' build argument 'cmake_args' from command line to 'None'
[1.005s] Level 5:colcon.colcon_core.verb:set package 'roswifibot' build argument 'cmake_target' from command line to 'None'
[1.005s] Level 5:colcon.colcon_core.verb:set package 'roswifibot' build argument 'cmake_target_skip_unavailable' from command line to 'False'
[1.005s] Level 5:colcon.colcon_core.verb:set package 'roswifibot' build argument 'cmake_clean_cache' from command line to 'False'
[1.005s] Level 5:colcon.colcon_core.verb:set package 'roswifibot' build argument 'cmake_clean_first' from command line to 'False'
[1.005s] Level 5:colcon.colcon_core.verb:set package 'roswifibot' build argument 'cmake_force_configure' from command line to 'False'
[1.005s] Level 5:colcon.colcon_core.verb:set package 'roswifibot' build argument 'ament_cmake_args' from command line to 'None'
[1.005s] Level 5:colcon.colcon_core.verb:set package 'roswifibot' build argument 'catkin_cmake_args' from command line to 'None'
[1.005s] Level 5:colcon.colcon_core.verb:set package 'roswifibot' build argument 'catkin_skip_building_tests' from command line to 'False'
[1.005s] DEBUG:colcon.colcon_core.verb:Building package 'roswifibot' with the following arguments: {'ament_cmake_args': None, 'build_base': '/home/greg/ros2_ws/build/roswifibot', 'catkin_cmake_args': None, 'catkin_skip_building_tests': False, 'cmake_args': None, 'cmake_clean_cache': False, 'cmake_clean_first': False, 'cmake_force_configure': False, 'cmake_target': None, 'cmake_target_skip_unavailable': False, 'install_base': '/home/greg/ros2_ws/install/roswifibot', 'merge_install': False, 'path': '/home/greg/ros2_ws/src/roswifibot', 'symlink_install': False, 'test_result_base': None}
[1.016s] INFO:colcon.colcon_core.executor:Executing jobs using 'parallel' executor
[1.026s] DEBUG:colcon.colcon_parallel_executor.executor.parallel:run_until_complete
[1.027s] INFO:colcon.colcon_ros.task.ament_cmake.build:Building ROS package in '/home/greg/ros2_ws/src/wifibot_msgs' with build type 'ament_cmake'
[1.027s] INFO:colcon.colcon_cmake.task.cmake.build:Building CMake package in '/home/greg/ros2_ws/src/wifibot_msgs'
[1.040s] INFO:colcon.colcon_core.plugin_system:Skipping extension 'colcon_core.shell.bat': Not used on non-Windows systems
[1.040s] INFO:colcon.colcon_core.shell:Skip shell extension 'powershell' for command environment: Not usable outside of PowerShell
[1.040s] DEBUG:colcon.colcon_core.shell:Skip shell extension 'dsv' for command environment
[1.078s] INFO:colcon.colcon_ros.task.ament_cmake.build:Building ROS package in '/home/greg/ros2_ws/src/joy2twist/joy2twist' with build type 'ament_cmake'
[1.078s] INFO:colcon.colcon_cmake.task.cmake.build:Building CMake package in '/home/greg/ros2_ws/src/joy2twist/joy2twist'
[1.089s] INFO:colcon.colcon_core.shell:Skip shell extension 'powershell' for command environment: Not usable outside of PowerShell
[1.089s] DEBUG:colcon.colcon_core.shell:Skip shell extension 'dsv' for command environment
[1.128s] INFO:colcon.colcon_ros.task.ament_cmake.build:Building ROS package in '/home/greg/ros2_ws/src/lib_wifibot' with build type 'ament_cmake'
[1.128s] INFO:colcon.colcon_cmake.task.cmake.build:Building CMake package in '/home/greg/ros2_ws/src/lib_wifibot'
[1.141s] INFO:colcon.colcon_core.shell:Skip shell extension 'powershell' for command environment: Not usable outside of PowerShell
[1.141s] DEBUG:colcon.colcon_core.shell:Skip shell extension 'dsv' for command environment
[1.184s] DEBUG:colcon.colcon_core.event_handler.log_command:Invoking command in '/home/greg/ros2_ws/build/wifibot_msgs': CMAKE_PREFIX_PATH=${CMAKE_PREFIX_PATH}:/opt/ros/humble /usr/bin/cmake --build /home/greg/ros2_ws/build/wifibot_msgs -- -j16 -l16
[1.188s] DEBUG:colcon.colcon_core.event_handler.log_command:Invoking command in '/home/greg/ros2_ws/build/joy2twist': CMAKE_PREFIX_PATH=${CMAKE_PREFIX_PATH}:/opt/ros/humble /usr/bin/cmake --build /home/greg/ros2_ws/build/joy2twist -- -j16 -l16
[1.193s] DEBUG:colcon.colcon_core.event_handler.log_command:Invoking command in '/home/greg/ros2_ws/build/lib_wifibot': CMAKE_PREFIX_PATH=${CMAKE_PREFIX_PATH}:/opt/ros/humble /usr/bin/cmake --build /home/greg/ros2_ws/build/lib_wifibot -- -j16 -l16
[1.268s] DEBUG:colcon.colcon_core.event_handler.log_command:Invoked command in '/home/greg/ros2_ws/build/joy2twist' returned '0': CMAKE_PREFIX_PATH=${CMAKE_PREFIX_PATH}:/opt/ros/humble /usr/bin/cmake --build /home/greg/ros2_ws/build/joy2twist -- -j16 -l16
[1.270s] DEBUG:colcon.colcon_core.event_handler.log_command:Invoked command in '/home/greg/ros2_ws/build/lib_wifibot' returned '0': CMAKE_PREFIX_PATH=${CMAKE_PREFIX_PATH}:/opt/ros/humble /usr/bin/cmake --build /home/greg/ros2_ws/build/lib_wifibot -- -j16 -l16
[1.320s] DEBUG:colcon.colcon_core.event_handler.log_command:Invoking command in '/home/greg/ros2_ws/build/lib_wifibot': CMAKE_PREFIX_PATH=${CMAKE_PREFIX_PATH}:/opt/ros/humble /usr/bin/cmake --install /home/greg/ros2_ws/build/lib_wifibot
[1.323s] DEBUG:colcon.colcon_core.event_handler.log_command:Invoking command in '/home/greg/ros2_ws/build/joy2twist': CMAKE_PREFIX_PATH=${CMAKE_PREFIX_PATH}:/opt/ros/humble /usr/bin/cmake --install /home/greg/ros2_ws/build/joy2twist
[1.333s] Level 1:colcon.colcon_core.environment:create_environment_scripts_only(lib_wifibot)
[1.334s] DEBUG:colcon.colcon_core.event_handler.log_command:Invoked command in '/home/greg/ros2_ws/build/lib_wifibot' returned '0': CMAKE_PREFIX_PATH=${CMAKE_PREFIX_PATH}:/opt/ros/humble /usr/bin/cmake --install /home/greg/ros2_ws/build/lib_wifibot
[1.351s] Level 1:colcon.colcon_core.environment:checking '/home/greg/ros2_ws/install/lib_wifibot' for CMake module files
[1.351s] Level 1:colcon.colcon_core.environment:checking '/home/greg/ros2_ws/install/lib_wifibot' for CMake config files
[1.351s] Level 1:colcon.colcon_core.shell:create_environment_hook('lib_wifibot', 'cmake_prefix_path')
[1.366s] INFO:colcon.colcon_core.shell:Creating environment hook '/home/greg/ros2_ws/install/lib_wifibot/share/lib_wifibot/hook/cmake_prefix_path.ps1'
[1.367s] INFO:colcon.colcon_core.shell:Creating environment descriptor '/home/greg/ros2_ws/install/lib_wifibot/share/lib_wifibot/hook/cmake_prefix_path.dsv'
[1.367s] INFO:colcon.colcon_core.shell:Creating environment hook '/home/greg/ros2_ws/install/lib_wifibot/share/lib_wifibot/hook/cmake_prefix_path.sh'
[1.368s] Level 1:colcon.colcon_core.environment:checking '/home/greg/ros2_ws/install/lib_wifibot/lib'
[1.369s] Level 1:colcon.colcon_core.environment:checking '/home/greg/ros2_ws/install/lib_wifibot/bin'
[1.369s] Level 1:colcon.colcon_core.environment:checking '/home/greg/ros2_ws/install/lib_wifibot/lib/pkgconfig/lib_wifibot.pc'
[1.369s] Level 1:colcon.colcon_core.environment:checking '/home/greg/ros2_ws/install/lib_wifibot/lib/python3.10/site-packages'
[1.369s] Level 1:colcon.colcon_core.environment:checking '/home/greg/ros2_ws/install/lib_wifibot/bin'
[1.380s] INFO:colcon.colcon_core.shell:Creating package script '/home/greg/ros2_ws/install/lib_wifibot/share/lib_wifibot/package.ps1'
[1.381s] INFO:colcon.colcon_core.shell:Creating package descriptor '/home/greg/ros2_ws/install/lib_wifibot/share/lib_wifibot/package.dsv'
[1.381s] INFO:colcon.colcon_core.shell:Creating package script '/home/greg/ros2_ws/install/lib_wifibot/share/lib_wifibot/package.sh'
[1.382s] INFO:colcon.colcon_core.shell:Creating package script '/home/greg/ros2_ws/install/lib_wifibot/share/lib_wifibot/package.bash'
[1.383s] INFO:colcon.colcon_core.shell:Creating package script '/home/greg/ros2_ws/install/lib_wifibot/share/lib_wifibot/package.zsh'
[1.384s] Level 1:colcon.colcon_core.environment:create_file_with_runtime_dependencies(/home/greg/ros2_ws/install/lib_wifibot/share/colcon-core/packages/lib_wifibot)
[1.387s] Level 1:colcon.colcon_core.environment:create_environment_scripts_only(joy2twist)
[1.388s] DEBUG:colcon.colcon_core.event_handler.log_command:Invoked command in '/home/greg/ros2_ws/build/joy2twist' returned '0': CMAKE_PREFIX_PATH=${CMAKE_PREFIX_PATH}:/opt/ros/humble /usr/bin/cmake --install /home/greg/ros2_ws/build/joy2twist
[1.398s] Level 1:colcon.colcon_core.environment:checking '/home/greg/ros2_ws/install/joy2twist' for CMake module files
[1.398s] Level 1:colcon.colcon_core.environment:checking '/home/greg/ros2_ws/install/joy2twist' for CMake config files
[1.398s] Level 1:colcon.colcon_core.shell:create_environment_hook('joy2twist', 'cmake_prefix_path')
[1.409s] INFO:colcon.colcon_core.shell:Creating environment hook '/home/greg/ros2_ws/install/joy2twist/share/joy2twist/hook/cmake_prefix_path.ps1'
[1.409s] INFO:colcon.colcon_core.shell:Creating environment descriptor '/home/greg/ros2_ws/install/joy2twist/share/joy2twist/hook/cmake_prefix_path.dsv'
[1.410s] INFO:colcon.colcon_core.shell:Creating environment hook '/home/greg/ros2_ws/install/joy2twist/share/joy2twist/hook/cmake_prefix_path.sh'
[1.410s] Level 1:colcon.colcon_core.environment:checking '/home/greg/ros2_ws/install/joy2twist/lib'
[1.411s] Level 1:colcon.colcon_core.environment:checking '/home/greg/ros2_ws/install/joy2twist/bin'
[1.411s] Level 1:colcon.colcon_core.environment:checking '/home/greg/ros2_ws/install/joy2twist/lib/pkgconfig/joy2twist.pc'
[1.411s] Level 1:colcon.colcon_core.environment:checking '/home/greg/ros2_ws/install/joy2twist/lib/python3.10/site-packages'
[1.411s] Level 1:colcon.colcon_core.environment:checking '/home/greg/ros2_ws/install/joy2twist/bin'
[1.421s] INFO:colcon.colcon_core.shell:Creating package script '/home/greg/ros2_ws/install/joy2twist/share/joy2twist/package.ps1'
[1.422s] INFO:colcon.colcon_core.shell:Creating package descriptor '/home/greg/ros2_ws/install/joy2twist/share/joy2twist/package.dsv'
[1.423s] INFO:colcon.colcon_core.shell:Creating package script '/home/greg/ros2_ws/install/joy2twist/share/joy2twist/package.sh'
[1.423s] INFO:colcon.colcon_core.shell:Creating package script '/home/greg/ros2_ws/install/joy2twist/share/joy2twist/package.bash'
[1.423s] INFO:colcon.colcon_core.shell:Creating package script '/home/greg/ros2_ws/install/joy2twist/share/joy2twist/package.zsh'
[1.424s] Level 1:colcon.colcon_core.environment:create_file_with_runtime_dependencies(/home/greg/ros2_ws/install/joy2twist/share/colcon-core/packages/joy2twist)
[1.438s] Level 1:colcon.colcon_core.environment:create_environment_scripts_only(lib_wifibot)
[1.448s] Level 1:colcon.colcon_core.environment:checking '/home/greg/ros2_ws/install/lib_wifibot' for CMake module files
[1.449s] Level 1:colcon.colcon_core.environment:checking '/home/greg/ros2_ws/install/lib_wifibot' for CMake config files
[1.449s] Level 1:colcon.colcon_core.shell:create_environment_hook('lib_wifibot', 'cmake_prefix_path')
[1.464s] INFO:colcon.colcon_core.shell:Creating environment hook '/home/greg/ros2_ws/install/lib_wifibot/share/lib_wifibot/hook/cmake_prefix_path.ps1'
[1.465s] INFO:colcon.colcon_core.shell:Creating environment descriptor '/home/greg/ros2_ws/install/lib_wifibot/share/lib_wifibot/hook/cmake_prefix_path.dsv'
[1.466s] INFO:colcon.colcon_core.shell:Creating environment hook '/home/greg/ros2_ws/install/lib_wifibot/share/lib_wifibot/hook/cmake_prefix_path.sh'
[1.466s] Level 1:colcon.colcon_core.environment:checking '/home/greg/ros2_ws/install/lib_wifibot/lib'
[1.467s] Level 1:colcon.colcon_core.environment:checking '/home/greg/ros2_ws/install/lib_wifibot/bin'
[1.467s] Level 1:colcon.colcon_core.environment:checking '/home/greg/ros2_ws/install/lib_wifibot/lib/pkgconfig/lib_wifibot.pc'
[1.467s] Level 1:colcon.colcon_core.environment:checking '/home/greg/ros2_ws/install/lib_wifibot/lib/python3.10/site-packages'
[1.467s] Level 1:colcon.colcon_core.environment:checking '/home/greg/ros2_ws/install/lib_wifibot/bin'
[1.478s] INFO:colcon.colcon_core.shell:Creating package script '/home/greg/ros2_ws/install/lib_wifibot/share/lib_wifibot/package.ps1'
[1.480s] INFO:colcon.colcon_core.shell:Creating package descriptor '/home/greg/ros2_ws/install/lib_wifibot/share/lib_wifibot/package.dsv'
[1.480s] INFO:colcon.colcon_core.shell:Creating package script '/home/greg/ros2_ws/install/lib_wifibot/share/lib_wifibot/package.sh'
[1.481s] INFO:colcon.colcon_core.shell:Creating package script '/home/greg/ros2_ws/install/lib_wifibot/share/lib_wifibot/package.bash'
[1.482s] INFO:colcon.colcon_core.shell:Creating package script '/home/greg/ros2_ws/install/lib_wifibot/share/lib_wifibot/package.zsh'
[1.483s] Level 1:colcon.colcon_core.environment:create_file_with_runtime_dependencies(/home/greg/ros2_ws/install/lib_wifibot/share/colcon-core/packages/lib_wifibot)
[1.496s] Level 1:colcon.colcon_core.environment:create_environment_scripts_only(joy2twist)
[1.507s] Level 1:colcon.colcon_core.environment:checking '/home/greg/ros2_ws/install/joy2twist' for CMake module files
[1.508s] Level 1:colcon.colcon_core.environment:checking '/home/greg/ros2_ws/install/joy2twist' for CMake config files
[1.508s] Level 1:colcon.colcon_core.shell:create_environment_hook('joy2twist', 'cmake_prefix_path')
[1.518s] INFO:colcon.colcon_core.shell:Creating environment hook '/home/greg/ros2_ws/install/joy2twist/share/joy2twist/hook/cmake_prefix_path.ps1'
[1.519s] INFO:colcon.colcon_core.shell:Creating environment descriptor '/home/greg/ros2_ws/install/joy2twist/share/joy2twist/hook/cmake_prefix_path.dsv'
[1.519s] INFO:colcon.colcon_core.shell:Creating environment hook '/home/greg/ros2_ws/install/joy2twist/share/joy2twist/hook/cmake_prefix_path.sh'
[1.520s] Level 1:colcon.colcon_core.environment:checking '/home/greg/ros2_ws/install/joy2twist/lib'
[1.520s] Level 1:colcon.colcon_core.environment:checking '/home/greg/ros2_ws/install/joy2twist/bin'
[1.520s] Level 1:colcon.colcon_core.environment:checking '/home/greg/ros2_ws/install/joy2twist/lib/pkgconfig/joy2twist.pc'
[1.520s] Level 1:colcon.colcon_core.environment:checking '/home/greg/ros2_ws/install/joy2twist/lib/python3.10/site-packages'
[1.521s] Level 1:colcon.colcon_core.environment:checking '/home/greg/ros2_ws/install/joy2twist/bin'
[1.531s] INFO:colcon.colcon_core.shell:Creating package script '/home/greg/ros2_ws/install/joy2twist/share/joy2twist/package.ps1'
[1.532s] INFO:colcon.colcon_core.shell:Creating package descriptor '/home/greg/ros2_ws/install/joy2twist/share/joy2twist/package.dsv'
[1.532s] INFO:colcon.colcon_core.shell:Creating package script '/home/greg/ros2_ws/install/joy2twist/share/joy2twist/package.sh'
[1.533s] INFO:colcon.colcon_core.shell:Creating package script '/home/greg/ros2_ws/install/joy2twist/share/joy2twist/package.bash'
[1.533s] INFO:colcon.colcon_core.shell:Creating package script '/home/greg/ros2_ws/install/joy2twist/share/joy2twist/package.zsh'
[1.534s] Level 1:colcon.colcon_core.environment:create_file_with_runtime_dependencies(/home/greg/ros2_ws/install/joy2twist/share/colcon-core/packages/joy2twist)
[1.537s] DEBUG:colcon.colcon_core.event_handler.log_command:Invoked command in '/home/greg/ros2_ws/build/wifibot_msgs' returned '0': CMAKE_PREFIX_PATH=${CMAKE_PREFIX_PATH}:/opt/ros/humble /usr/bin/cmake --build /home/greg/ros2_ws/build/wifibot_msgs -- -j16 -l16
[1.650s] DEBUG:colcon.colcon_core.event_handler.log_command:Invoking command in '/home/greg/ros2_ws/build/wifibot_msgs': CMAKE_PREFIX_PATH=${CMAKE_PREFIX_PATH}:/opt/ros/humble /usr/bin/cmake --install /home/greg/ros2_ws/build/wifibot_msgs
[1.702s] Level 1:colcon.colcon_core.environment:create_environment_scripts_only(wifibot_msgs)
[1.702s] DEBUG:colcon.colcon_core.event_handler.log_command:Invoked command in '/home/greg/ros2_ws/build/wifibot_msgs' returned '0': CMAKE_PREFIX_PATH=${CMAKE_PREFIX_PATH}:/opt/ros/humble /usr/bin/cmake --install /home/greg/ros2_ws/build/wifibot_msgs
[1.712s] Level 1:colcon.colcon_core.environment:checking '/home/greg/ros2_ws/install/wifibot_msgs' for CMake module files
[1.713s] Level 1:colcon.colcon_core.environment:checking '/home/greg/ros2_ws/install/wifibot_msgs' for CMake config files
[1.713s] Level 1:colcon.colcon_core.shell:create_environment_hook('wifibot_msgs', 'cmake_prefix_path')
[1.723s] INFO:colcon.colcon_core.shell:Creating environment hook '/home/greg/ros2_ws/install/wifibot_msgs/share/wifibot_msgs/hook/cmake_prefix_path.ps1'
[1.723s] INFO:colcon.colcon_core.shell:Creating environment descriptor '/home/greg/ros2_ws/install/wifibot_msgs/share/wifibot_msgs/hook/cmake_prefix_path.dsv'
[1.723s] INFO:colcon.colcon_core.shell:Creating environment hook '/home/greg/ros2_ws/install/wifibot_msgs/share/wifibot_msgs/hook/cmake_prefix_path.sh'
[1.724s] Level 1:colcon.colcon_core.environment:checking '/home/greg/ros2_ws/install/wifibot_msgs/lib'
[1.724s] Level 1:colcon.colcon_core.shell:create_environment_hook('wifibot_msgs', 'ld_library_path_lib')
[1.734s] INFO:colcon.colcon_core.shell:Creating environment hook '/home/greg/ros2_ws/install/wifibot_msgs/share/wifibot_msgs/hook/ld_library_path_lib.ps1'
[1.735s] INFO:colcon.colcon_core.shell:Creating environment descriptor '/home/greg/ros2_ws/install/wifibot_msgs/share/wifibot_msgs/hook/ld_library_path_lib.dsv'
[1.735s] INFO:colcon.colcon_core.shell:Creating environment hook '/home/greg/ros2_ws/install/wifibot_msgs/share/wifibot_msgs/hook/ld_library_path_lib.sh'
[1.735s] Level 1:colcon.colcon_core.environment:checking '/home/greg/ros2_ws/install/wifibot_msgs/bin'
[1.735s] Level 1:colcon.colcon_core.environment:checking '/home/greg/ros2_ws/install/wifibot_msgs/lib/pkgconfig/wifibot_msgs.pc'
[1.736s] Level 1:colcon.colcon_core.environment:checking '/home/greg/ros2_ws/install/wifibot_msgs/lib/python3.10/site-packages'
[1.736s] Level 1:colcon.colcon_core.environment:checking '/home/greg/ros2_ws/install/wifibot_msgs/bin'
[1.753s] INFO:colcon.colcon_core.shell:Creating package script '/home/greg/ros2_ws/install/wifibot_msgs/share/wifibot_msgs/package.ps1'
[1.754s] INFO:colcon.colcon_core.shell:Creating package descriptor '/home/greg/ros2_ws/install/wifibot_msgs/share/wifibot_msgs/package.dsv'
[1.754s] INFO:colcon.colcon_core.shell:Creating package script '/home/greg/ros2_ws/install/wifibot_msgs/share/wifibot_msgs/package.sh'
[1.755s] INFO:colcon.colcon_core.shell:Creating package script '/home/greg/ros2_ws/install/wifibot_msgs/share/wifibot_msgs/package.bash'
[1.755s] INFO:colcon.colcon_core.shell:Creating package script '/home/greg/ros2_ws/install/wifibot_msgs/share/wifibot_msgs/package.zsh'
[1.756s] Level 1:colcon.colcon_core.environment:create_file_with_runtime_dependencies(/home/greg/ros2_ws/install/wifibot_msgs/share/colcon-core/packages/wifibot_msgs)
[1.878s] Level 1:colcon.colcon_core.environment:create_environment_scripts_only(wifibot_msgs)
[1.888s] Level 1:colcon.colcon_core.environment:checking '/home/greg/ros2_ws/install/wifibot_msgs' for CMake module files
[1.889s] Level 1:colcon.colcon_core.environment:checking '/home/greg/ros2_ws/install/wifibot_msgs' for CMake config files
[1.889s] Level 1:colcon.colcon_core.shell:create_environment_hook('wifibot_msgs', 'cmake_prefix_path')
[1.903s] INFO:colcon.colcon_core.shell:Creating environment hook '/home/greg/ros2_ws/install/wifibot_msgs/share/wifibot_msgs/hook/cmake_prefix_path.ps1'
[1.904s] INFO:colcon.colcon_core.shell:Creating environment descriptor '/home/greg/ros2_ws/install/wifibot_msgs/share/wifibot_msgs/hook/cmake_prefix_path.dsv'
[1.905s] INFO:colcon.colcon_core.shell:Creating environment hook '/home/greg/ros2_ws/install/wifibot_msgs/share/wifibot_msgs/hook/cmake_prefix_path.sh'
[1.906s] Level 1:colcon.colcon_core.environment:checking '/home/greg/ros2_ws/install/wifibot_msgs/lib'
[1.906s] Level 1:colcon.colcon_core.shell:create_environment_hook('wifibot_msgs', 'ld_library_path_lib')
[1.918s] INFO:colcon.colcon_core.shell:Creating environment hook '/home/greg/ros2_ws/install/wifibot_msgs/share/wifibot_msgs/hook/ld_library_path_lib.ps1'
[1.919s] INFO:colcon.colcon_core.shell:Creating environment descriptor '/home/greg/ros2_ws/install/wifibot_msgs/share/wifibot_msgs/hook/ld_library_path_lib.dsv'
[1.920s] INFO:colcon.colcon_core.shell:Creating environment hook '/home/greg/ros2_ws/install/wifibot_msgs/share/wifibot_msgs/hook/ld_library_path_lib.sh'
[1.920s] Level 1:colcon.colcon_core.environment:checking '/home/greg/ros2_ws/install/wifibot_msgs/bin'
[1.920s] Level 1:colcon.colcon_core.environment:checking '/home/greg/ros2_ws/install/wifibot_msgs/lib/pkgconfig/wifibot_msgs.pc'
[1.921s] Level 1:colcon.colcon_core.environment:checking '/home/greg/ros2_ws/install/wifibot_msgs/lib/python3.10/site-packages'
[1.921s] Level 1:colcon.colcon_core.environment:checking '/home/greg/ros2_ws/install/wifibot_msgs/bin'
[1.931s] INFO:colcon.colcon_core.shell:Creating package script '/home/greg/ros2_ws/install/wifibot_msgs/share/wifibot_msgs/package.ps1'
[1.932s] INFO:colcon.colcon_core.shell:Creating package descriptor '/home/greg/ros2_ws/install/wifibot_msgs/share/wifibot_msgs/package.dsv'
[1.932s] INFO:colcon.colcon_core.shell:Creating package script '/home/greg/ros2_ws/install/wifibot_msgs/share/wifibot_msgs/package.sh'
[1.933s] INFO:colcon.colcon_core.shell:Creating package script '/home/greg/ros2_ws/install/wifibot_msgs/share/wifibot_msgs/package.bash'
[1.933s] INFO:colcon.colcon_core.shell:Creating package script '/home/greg/ros2_ws/install/wifibot_msgs/share/wifibot_msgs/package.zsh'
[1.934s] Level 1:colcon.colcon_core.environment:create_file_with_runtime_dependencies(/home/greg/ros2_ws/install/wifibot_msgs/share/colcon-core/packages/wifibot_msgs)
[1.934s] INFO:colcon.colcon_ros.task.ament_cmake.build:Building ROS package in '/home/greg/ros2_ws/src/roswifibot' with build type 'ament_cmake'
[1.934s] INFO:colcon.colcon_cmake.task.cmake.build:Building CMake package in '/home/greg/ros2_ws/src/roswifibot'
[1.945s] INFO:colcon.colcon_core.shell:Skip shell extension 'powershell' for command environment: Not usable outside of PowerShell
[1.946s] DEBUG:colcon.colcon_core.shell:Skip shell extension 'dsv' for command environment
[1.993s] DEBUG:colcon.colcon_core.event_handler.log_command:Invoking command in '/home/greg/ros2_ws/build/roswifibot': CMAKE_PREFIX_PATH=/home/greg/ros2_ws/install/wifibot_msgs:/home/greg/ros2_ws/install/roswifibot:/home/greg/ros2_ws/install/lib_wifibot:/home/greg/ros2_ws/install/joy2twist:/opt/ros/humble /usr/bin/cmake --build /home/greg/ros2_ws/build/roswifibot -- -j16 -l16
[2.067s] DEBUG:colcon.colcon_core.event_handler.log_command:Invoked command in '/home/greg/ros2_ws/build/roswifibot' returned '0': CMAKE_PREFIX_PATH=/home/greg/ros2_ws/install/wifibot_msgs:/home/greg/ros2_ws/install/roswifibot:/home/greg/ros2_ws/install/lib_wifibot:/home/greg/ros2_ws/install/joy2twist:/opt/ros/humble /usr/bin/cmake --build /home/greg/ros2_ws/build/roswifibot -- -j16 -l16
[2.113s] DEBUG:colcon.colcon_core.event_handler.log_command:Invoking command in '/home/greg/ros2_ws/build/roswifibot': CMAKE_PREFIX_PATH=/home/greg/ros2_ws/install/wifibot_msgs:/home/greg/ros2_ws/install/roswifibot:/home/greg/ros2_ws/install/lib_wifibot:/home/greg/ros2_ws/install/joy2twist:/opt/ros/humble /usr/bin/cmake --install /home/greg/ros2_ws/build/roswifibot
[2.124s] Level 1:colcon.colcon_core.environment:create_environment_scripts_only(roswifibot)
[2.126s] DEBUG:colcon.colcon_core.event_handler.log_command:Invoked command in '/home/greg/ros2_ws/build/roswifibot' returned '0': CMAKE_PREFIX_PATH=/home/greg/ros2_ws/install/wifibot_msgs:/home/greg/ros2_ws/install/roswifibot:/home/greg/ros2_ws/install/lib_wifibot:/home/greg/ros2_ws/install/joy2twist:/opt/ros/humble /usr/bin/cmake --install /home/greg/ros2_ws/build/roswifibot
[2.137s] Level 1:colcon.colcon_core.environment:checking '/home/greg/ros2_ws/install/roswifibot' for CMake module files
[2.138s] Level 1:colcon.colcon_core.environment:checking '/home/greg/ros2_ws/install/roswifibot' for CMake config files
[2.138s] Level 1:colcon.colcon_core.shell:create_environment_hook('roswifibot', 'cmake_prefix_path')
[2.148s] INFO:colcon.colcon_core.shell:Creating environment hook '/home/greg/ros2_ws/install/roswifibot/share/roswifibot/hook/cmake_prefix_path.ps1'
[2.149s] INFO:colcon.colcon_core.shell:Creating environment descriptor '/home/greg/ros2_ws/install/roswifibot/share/roswifibot/hook/cmake_prefix_path.dsv'
[2.149s] INFO:colcon.colcon_core.shell:Creating environment hook '/home/greg/ros2_ws/install/roswifibot/share/roswifibot/hook/cmake_prefix_path.sh'
[2.150s] Level 1:colcon.colcon_core.environment:checking '/home/greg/ros2_ws/install/roswifibot/lib'
[2.150s] Level 1:colcon.colcon_core.environment:checking '/home/greg/ros2_ws/install/roswifibot/bin'
[2.150s] Level 1:colcon.colcon_core.environment:checking '/home/greg/ros2_ws/install/roswifibot/lib/pkgconfig/roswifibot.pc'
[2.150s] Level 1:colcon.colcon_core.environment:checking '/home/greg/ros2_ws/install/roswifibot/lib/python3.10/site-packages'
[2.150s] Level 1:colcon.colcon_core.environment:checking '/home/greg/ros2_ws/install/roswifibot/bin'
[2.161s] INFO:colcon.colcon_core.shell:Creating package script '/home/greg/ros2_ws/install/roswifibot/share/roswifibot/package.ps1'
[2.161s] INFO:colcon.colcon_core.shell:Creating package descriptor '/home/greg/ros2_ws/install/roswifibot/share/roswifibot/package.dsv'
[2.162s] INFO:colcon.colcon_core.shell:Creating package script '/home/greg/ros2_ws/install/roswifibot/share/roswifibot/package.sh'
[2.163s] INFO:colcon.colcon_core.shell:Creating package script '/home/greg/ros2_ws/install/roswifibot/share/roswifibot/package.bash'
[2.163s] INFO:colcon.colcon_core.shell:Creating package script '/home/greg/ros2_ws/install/roswifibot/share/roswifibot/package.zsh'
[2.163s] Level 1:colcon.colcon_core.environment:create_file_with_runtime_dependencies(/home/greg/ros2_ws/install/roswifibot/share/colcon-core/packages/roswifibot)
[2.214s] Level 1:colcon.colcon_core.environment:create_environment_scripts_only(roswifibot)
[2.225s] Level 1:colcon.colcon_core.environment:checking '/home/greg/ros2_ws/install/roswifibot' for CMake module files
[2.225s] Level 1:colcon.colcon_core.environment:checking '/home/greg/ros2_ws/install/roswifibot' for CMake config files
[2.225s] Level 1:colcon.colcon_core.shell:create_environment_hook('roswifibot', 'cmake_prefix_path')
[2.236s] INFO:colcon.colcon_core.shell:Creating environment hook '/home/greg/ros2_ws/install/roswifibot/share/roswifibot/hook/cmake_prefix_path.ps1'
[2.236s] INFO:colcon.colcon_core.shell:Creating environment descriptor '/home/greg/ros2_ws/install/roswifibot/share/roswifibot/hook/cmake_prefix_path.dsv'
[2.237s] INFO:colcon.colcon_core.shell:Creating environment hook '/home/greg/ros2_ws/install/roswifibot/share/roswifibot/hook/cmake_prefix_path.sh'
[2.237s] Level 1:colcon.colcon_core.environment:checking '/home/greg/ros2_ws/install/roswifibot/lib'
[2.237s] Level 1:colcon.colcon_core.environment:checking '/home/greg/ros2_ws/install/roswifibot/bin'
[2.237s] Level 1:colcon.colcon_core.environment:checking '/home/greg/ros2_ws/install/roswifibot/lib/pkgconfig/roswifibot.pc'
[2.237s] Level 1:colcon.colcon_core.environment:checking '/home/greg/ros2_ws/install/roswifibot/lib/python3.10/site-packages'
[2.238s] Level 1:colcon.colcon_core.environment:checking '/home/greg/ros2_ws/install/roswifibot/bin'
[2.247s] INFO:colcon.colcon_core.shell:Creating package script '/home/greg/ros2_ws/install/roswifibot/share/roswifibot/package.ps1'
[2.248s] INFO:colcon.colcon_core.shell:Creating package descriptor '/home/greg/ros2_ws/install/roswifibot/share/roswifibot/package.dsv'
[2.248s] INFO:colcon.colcon_core.shell:Creating package script '/home/greg/ros2_ws/install/roswifibot/share/roswifibot/package.sh'
[2.249s] INFO:colcon.colcon_core.shell:Creating package script '/home/greg/ros2_ws/install/roswifibot/share/roswifibot/package.bash'
[2.249s] INFO:colcon.colcon_core.shell:Creating package script '/home/greg/ros2_ws/install/roswifibot/share/roswifibot/package.zsh'
[2.250s] Level 1:colcon.colcon_core.environment:create_file_with_runtime_dependencies(/home/greg/ros2_ws/install/roswifibot/share/colcon-core/packages/roswifibot)
[2.250s] DEBUG:colcon.colcon_parallel_executor.executor.parallel:closing loop
[2.251s] DEBUG:colcon.colcon_parallel_executor.executor.parallel:loop closed
[2.251s] DEBUG:colcon.colcon_parallel_executor.executor.parallel:run_until_complete finished with '0'
[2.251s] DEBUG:colcon.colcon_core.event_reactor:joining thread
[2.266s] INFO:colcon.colcon_core.plugin_system:Skipping extension 'colcon_notification.desktop_notification.terminal_notifier': Not used on non-Darwin systems
[2.266s] INFO:colcon.colcon_core.plugin_system:Skipping extension 'colcon_notification.desktop_notification.win32': Not used on non-Windows systems
[2.266s] INFO:colcon.colcon_notification.desktop_notification:Sending desktop notification using 'notify2'
[2.288s] DEBUG:colcon.colcon_core.event_reactor:joined thread
[2.300s] INFO:colcon.colcon_core.shell:Creating prefix script '/home/greg/ros2_ws/install/local_setup.ps1'
[2.301s] INFO:colcon.colcon_core.shell:Creating prefix util module '/home/greg/ros2_ws/install/_local_setup_util_ps1.py'
[2.302s] INFO:colcon.colcon_core.shell:Creating prefix chain script '/home/greg/ros2_ws/install/setup.ps1'
[2.313s] INFO:colcon.colcon_core.shell:Creating prefix script '/home/greg/ros2_ws/install/local_setup.sh'
[2.314s] INFO:colcon.colcon_core.shell:Creating prefix util module '/home/greg/ros2_ws/install/_local_setup_util_sh.py'
[2.314s] INFO:colcon.colcon_core.shell:Creating prefix chain script '/home/greg/ros2_ws/install/setup.sh'
[2.325s] INFO:colcon.colcon_core.shell:Creating prefix script '/home/greg/ros2_ws/install/local_setup.bash'
[2.326s] INFO:colcon.colcon_core.shell:Creating prefix chain script '/home/greg/ros2_ws/install/setup.bash'
[2.337s] INFO:colcon.colcon_core.shell:Creating prefix script '/home/greg/ros2_ws/install/local_setup.zsh'
[2.338s] INFO:colcon.colcon_core.shell:Creating prefix chain script '/home/greg/ros2_ws/install/setup.zsh'
