[0.042s] Invoking command in '/home/greg/ros2_ws/build/arbotix_python': CMAKE_PREFIX_PATH=/home/greg/ros2_ws/install/arbotix_msgs:/home/greg/ros2_ws/install/arbotix:/home/greg/ros2_ws/install/arbotix_sensors:/home/greg/ros2_ws/install/arbotix_controllers:/home/greg/ros2_ws/install/arbotix_firmware:/home/greg/ros2_ws/install/roswifibot:/home/greg/ros2_ws/install/wifibot_msgs:/home/greg/ros2_ws/install/lib_wifibot:/home/greg/ros2_ws/install/joy2twist:/opt/ros/humble /usr/bin/cmake /home/greg/ros2_ws/src/arbotix_python -DCMAKE_INSTALL_PREFIX=/home/greg/ros2_ws/install/arbotix_python
[0.086s] -- The C compiler identification is GNU 11.4.0
[0.133s] -- The CXX compiler identification is GNU 11.4.0
[0.140s] -- Detecting C compiler ABI info
[0.199s] -- Detecting C compiler ABI info - done
[0.204s] -- Check for working C compiler: /usr/bin/cc - skipped
[0.204s] -- Detecting C compile features
[0.204s] -- Detecting C compile features - done
[0.206s] -- Detecting CXX compiler ABI info
[0.276s] -- Detecting CXX compiler ABI info - done
[0.281s] -- Check for working CXX compiler: /usr/bin/c++ - skipped
[0.281s] -- Detecting CXX compile features
[0.282s] -- Detecting CXX compile features - done
[0.283s] -- Found ament_cmake_python: 1.3.5 (/opt/ros/humble/share/ament_cmake_python/cmake)
[0.284s] -- Found rclpy: 3.3.10 (/opt/ros/humble/share/rclpy/cmake)
[0.285s] -- Found tf2_ros: 0.25.4 (/opt/ros/humble/share/tf2_ros/cmake)
[0.413s] -- Found Python3: /usr/bin/python3.10 (found version "3.10.12") found components: Interpreter 
[0.502s] -- Found rosidl_generator_c: 3.1.5 (/opt/ros/humble/share/rosidl_generator_c/cmake)
[0.505s] -- Found rosidl_adapter: 3.1.5 (/opt/ros/humble/share/rosidl_adapter/cmake)
[0.513s] -- Found rosidl_generator_cpp: 3.1.5 (/opt/ros/humble/share/rosidl_generator_cpp/cmake)
[0.520s] -- Using all available rosidl_typesupport_c: rosidl_typesupport_fastrtps_c;rosidl_typesupport_introspection_c
[0.535s] -- Using all available rosidl_typesupport_cpp: rosidl_typesupport_fastrtps_cpp;rosidl_typesupport_introspection_cpp
[0.634s] -- Found rmw_implementation_cmake: 6.1.1 (/opt/ros/humble/share/rmw_implementation_cmake/cmake)
[0.636s] -- Found rmw_fastrtps_cpp: 6.2.4 (/opt/ros/humble/share/rmw_fastrtps_cpp/cmake)
[0.715s] -- Found OpenSSL: /usr/lib/x86_64-linux-gnu/libcrypto.so (found version "3.0.2")  
[0.733s] -- Found FastRTPS: /opt/ros/humble/include  
[0.764s] -- Using RMW implementation 'rmw_fastrtps_cpp' as default
[0.770s] -- Looking for pthread.h
[0.834s] -- Looking for pthread.h - found
[0.834s] -- Performing Test CMAKE_HAVE_LIBC_PTHREAD
[0.900s] -- Performing Test CMAKE_HAVE_LIBC_PTHREAD - Success
[0.900s] -- Found Threads: TRUE  
[1.229s] -- Configuring done
[1.233s] -- Generating done
[1.235s] -- Build files have been written to: /home/greg/ros2_ws/build/arbotix_python
[1.241s] Invoked command in '/home/greg/ros2_ws/build/arbotix_python' returned '0': CMAKE_PREFIX_PATH=/home/greg/ros2_ws/install/arbotix_msgs:/home/greg/ros2_ws/install/arbotix:/home/greg/ros2_ws/install/arbotix_sensors:/home/greg/ros2_ws/install/arbotix_controllers:/home/greg/ros2_ws/install/arbotix_firmware:/home/greg/ros2_ws/install/roswifibot:/home/greg/ros2_ws/install/wifibot_msgs:/home/greg/ros2_ws/install/lib_wifibot:/home/greg/ros2_ws/install/joy2twist:/opt/ros/humble /usr/bin/cmake /home/greg/ros2_ws/src/arbotix_python -DCMAKE_INSTALL_PREFIX=/home/greg/ros2_ws/install/arbotix_python
[1.243s] Invoking command in '/home/greg/ros2_ws/build/arbotix_python': CMAKE_PREFIX_PATH=/home/greg/ros2_ws/install/arbotix_msgs:/home/greg/ros2_ws/install/arbotix:/home/greg/ros2_ws/install/arbotix_sensors:/home/greg/ros2_ws/install/arbotix_controllers:/home/greg/ros2_ws/install/arbotix_firmware:/home/greg/ros2_ws/install/roswifibot:/home/greg/ros2_ws/install/wifibot_msgs:/home/greg/ros2_ws/install/lib_wifibot:/home/greg/ros2_ws/install/joy2twist:/opt/ros/humble /usr/bin/cmake --build /home/greg/ros2_ws/build/arbotix_python -- -j16 -l16
[1.277s] Invoked command in '/home/greg/ros2_ws/build/arbotix_python' returned '0': CMAKE_PREFIX_PATH=/home/greg/ros2_ws/install/arbotix_msgs:/home/greg/ros2_ws/install/arbotix:/home/greg/ros2_ws/install/arbotix_sensors:/home/greg/ros2_ws/install/arbotix_controllers:/home/greg/ros2_ws/install/arbotix_firmware:/home/greg/ros2_ws/install/roswifibot:/home/greg/ros2_ws/install/wifibot_msgs:/home/greg/ros2_ws/install/lib_wifibot:/home/greg/ros2_ws/install/joy2twist:/opt/ros/humble /usr/bin/cmake --build /home/greg/ros2_ws/build/arbotix_python -- -j16 -l16
[1.306s] Invoking command in '/home/greg/ros2_ws/build/arbotix_python': CMAKE_PREFIX_PATH=/home/greg/ros2_ws/install/arbotix_msgs:/home/greg/ros2_ws/install/arbotix:/home/greg/ros2_ws/install/arbotix_sensors:/home/greg/ros2_ws/install/arbotix_controllers:/home/greg/ros2_ws/install/arbotix_firmware:/home/greg/ros2_ws/install/roswifibot:/home/greg/ros2_ws/install/wifibot_msgs:/home/greg/ros2_ws/install/lib_wifibot:/home/greg/ros2_ws/install/joy2twist:/opt/ros/humble /usr/bin/cmake --install /home/greg/ros2_ws/build/arbotix_python
[1.323s] -- Install configuration: ""
[1.324s] -- Installing: /home/greg/ros2_ws/install/arbotix_python/share/arbotix_python//demos
[1.324s] -- Installing: /home/greg/ros2_ws/install/arbotix_python/share/arbotix_python//demos/diagnostics.yaml
[1.324s] -- Installing: /home/greg/ros2_ws/install/arbotix_python/bin/arbotix_python/arbotix_driver
[1.326s] Invoked command in '/home/greg/ros2_ws/build/arbotix_python' returned '0': CMAKE_PREFIX_PATH=/home/greg/ros2_ws/install/arbotix_msgs:/home/greg/ros2_ws/install/arbotix:/home/greg/ros2_ws/install/arbotix_sensors:/home/greg/ros2_ws/install/arbotix_controllers:/home/greg/ros2_ws/install/arbotix_firmware:/home/greg/ros2_ws/install/roswifibot:/home/greg/ros2_ws/install/wifibot_msgs:/home/greg/ros2_ws/install/lib_wifibot:/home/greg/ros2_ws/install/joy2twist:/opt/ros/humble /usr/bin/cmake --install /home/greg/ros2_ws/build/arbotix_python
