[0.098s] Invoking command in '/home/greg/ros2_ws/build/wifibot_msgs': CMAKE_PREFIX_PATH=${CMAKE_PREFIX_PATH}:/opt/ros/humble /usr/bin/cmake /home/greg/ros2_ws/src/wifibot_msgs -DCMAKE_INSTALL_PREFIX=/home/greg/ros2_ws/install/wifibot_msgs
[0.144s] -- The C compiler identification is GNU 11.4.0
[0.185s] -- The CXX compiler identification is GNU 11.4.0
[0.191s] -- Detecting C compiler ABI info
[0.248s] -- Detecting C compiler ABI info - done
[0.252s] -- Check for working C compiler: /usr/bin/cc - skipped
[0.253s] -- Detecting C compile features
[0.253s] -- Detecting C compile features - done
[0.255s] -- Detecting CXX compiler ABI info
[0.319s] -- Detecting CXX compiler ABI info - done
[0.324s] -- Check for working CXX compiler: /usr/bin/c++ - skipped
[0.324s] -- Detecting CXX compile features
[0.325s] -- Detecting CXX compile features - done
[0.326s] -- Found ament_cmake: 1.3.5 (/opt/ros/humble/share/ament_cmake/cmake)
[0.446s] -- Found Python3: /usr/bin/python3.10 (found version "3.10.12") found components: Interpreter 
[0.498s] -- Found ament_lint_auto: 0.12.8 (/opt/ros/humble/share/ament_lint_auto/cmake)
[0.544s] -- Found rosidl_default_generators: 1.2.0 (/opt/ros/humble/share/rosidl_default_generators/cmake)
[0.545s] -- Using all available rosidl_typesupport_c: rosidl_typesupport_fastrtps_c;rosidl_typesupport_introspection_c
[0.549s] -- Found rosidl_adapter: 3.1.5 (/opt/ros/humble/share/rosidl_adapter/cmake)
[0.583s] -- Using all available rosidl_typesupport_cpp: rosidl_typesupport_fastrtps_cpp;rosidl_typesupport_introspection_cpp
[0.710s] -- Found ament_cmake_ros: 0.10.0 (/opt/ros/humble/share/ament_cmake_ros/cmake)
[0.833s] -- Using all available rosidl_typesupport_c: rosidl_typesupport_fastrtps_c;rosidl_typesupport_introspection_c
[0.995s] -- Using all available rosidl_typesupport_cpp: rosidl_typesupport_fastrtps_cpp;rosidl_typesupport_introspection_cpp
[1.012s] -- Found PythonInterp: /usr/bin/python3 (found suitable version "3.10.12", minimum required is "3.6") 
[1.014s] -- Found python_cmake_module: 0.10.0 (/opt/ros/humble/share/python_cmake_module/cmake)
[1.032s] -- Found PythonLibs: /usr/lib/x86_64-linux-gnu/libpython3.10.so (found suitable version "3.10.12", minimum required is "3.5") 
[1.033s] -- Using PYTHON_EXECUTABLE: /usr/bin/python3
[1.033s] -- Using PYTHON_INCLUDE_DIRS: /usr/include/python3.10
[1.033s] -- Using PYTHON_LIBRARIES: /usr/lib/x86_64-linux-gnu/libpython3.10.so
[1.049s] -- Found PythonExtra: .so  
[1.073s] -- Added test 'lint_cmake' to check CMake code style
[1.073s] -- Added test 'xmllint' to check XML markup files
[1.076s] -- Configuring done
[1.093s] -- Generating done
[1.094s] -- Build files have been written to: /home/greg/ros2_ws/build/wifibot_msgs
[1.099s] Invoked command in '/home/greg/ros2_ws/build/wifibot_msgs' returned '0': CMAKE_PREFIX_PATH=${CMAKE_PREFIX_PATH}:/opt/ros/humble /usr/bin/cmake /home/greg/ros2_ws/src/wifibot_msgs -DCMAKE_INSTALL_PREFIX=/home/greg/ros2_ws/install/wifibot_msgs
[1.100s] Invoking command in '/home/greg/ros2_ws/build/wifibot_msgs': CMAKE_PREFIX_PATH=${CMAKE_PREFIX_PATH}:/opt/ros/humble /usr/bin/cmake --build /home/greg/ros2_ws/build/wifibot_msgs -- -j16 -l16
[1.130s] [  3%] [34m[1mGenerating C code for ROS interfaces[0m
[1.140s] [  6%] [34m[1mGenerating C++ code for ROS interfaces[0m
[1.149s] [  6%] Built target ament_cmake_python_copy_wifibot_msgs
[1.294s] running egg_info
[1.294s] creating wifibot_msgs.egg-info
[1.294s] writing wifibot_msgs.egg-info/PKG-INFO
[1.295s] writing dependency_links to wifibot_msgs.egg-info/dependency_links.txt
[1.295s] writing top-level names to wifibot_msgs.egg-info/top_level.txt
[1.295s] writing manifest file 'wifibot_msgs.egg-info/SOURCES.txt'
[1.297s] reading manifest file 'wifibot_msgs.egg-info/SOURCES.txt'
[1.297s] writing manifest file 'wifibot_msgs.egg-info/SOURCES.txt'
[1.297s] [  6%] Built target wifibot_msgs__cpp
[1.301s] [  9%] [32mBuilding C object CMakeFiles/wifibot_msgs__rosidl_generator_c.dir/rosidl_generator_c/wifibot_msgs/msg/detail/status__functions.c.o[0m
[1.306s] [ 12%] [34m[1mGenerating C++ type support for eProsima Fast-RTPS[0m
[1.307s] [ 16%] [34m[1mGenerating C++ introspection for ROS interfaces[0m
[1.308s] [ 19%] [34m[1mGenerating C++ type support dispatch for ROS interfaces[0m
[1.316s] [ 19%] Built target ament_cmake_python_build_wifibot_msgs_egg
[1.337s] [ 22%] [32m[1mLinking C shared library libwifibot_msgs__rosidl_generator_c.so[0m
[1.372s] [ 22%] Built target wifibot_msgs__rosidl_generator_c
[1.381s] [ 25%] [34m[1mGenerating C type support for eProsima Fast-RTPS[0m
[1.382s] [ 29%] [34m[1mGenerating C type support dispatch for ROS interfaces[0m
[1.384s] [ 32%] [34m[1mGenerating C introspection for ROS interfaces[0m
[1.461s] [ 35%] [32mBuilding CXX object CMakeFiles/wifibot_msgs__rosidl_typesupport_cpp.dir/rosidl_typesupport_cpp/wifibot_msgs/msg/status__type_support.cpp.o[0m
[1.470s] [ 38%] [32mBuilding CXX object CMakeFiles/wifibot_msgs__rosidl_typesupport_introspection_cpp.dir/rosidl_typesupport_introspection_cpp/wifibot_msgs/msg/detail/status__type_support.cpp.o[0m
[1.481s] [ 41%] [32mBuilding CXX object CMakeFiles/wifibot_msgs__rosidl_typesupport_fastrtps_cpp.dir/rosidl_typesupport_fastrtps_cpp/wifibot_msgs/msg/detail/dds_fastrtps/status__type_support.cpp.o[0m
[1.537s] [ 45%] [32mBuilding CXX object CMakeFiles/wifibot_msgs__rosidl_typesupport_c.dir/rosidl_typesupport_c/wifibot_msgs/msg/status__type_support.cpp.o[0m
[1.548s] [ 48%] [32mBuilding C object CMakeFiles/wifibot_msgs__rosidl_typesupport_introspection_c.dir/rosidl_typesupport_introspection_c/wifibot_msgs/msg/detail/status__type_support.c.o[0m
[1.557s] [ 51%] [32mBuilding CXX object CMakeFiles/wifibot_msgs__rosidl_typesupport_fastrtps_c.dir/rosidl_typesupport_fastrtps_c/wifibot_msgs/msg/detail/status__type_support_c.cpp.o[0m
[1.564s] [ 54%] [32m[1mLinking CXX shared library libwifibot_msgs__rosidl_typesupport_c.so[0m
[1.575s] [ 58%] [32m[1mLinking C shared library libwifibot_msgs__rosidl_typesupport_introspection_c.so[0m
[1.596s] [ 58%] Built target wifibot_msgs__rosidl_typesupport_c
[1.602s] [ 58%] Built target wifibot_msgs__rosidl_typesupport_introspection_c
[1.635s] [ 61%] [32m[1mLinking CXX shared library libwifibot_msgs__rosidl_typesupport_cpp.so[0m
[1.673s] [ 61%] Built target wifibot_msgs__rosidl_typesupport_cpp
[1.705s] [ 64%] [32m[1mLinking CXX shared library libwifibot_msgs__rosidl_typesupport_introspection_cpp.so[0m
[1.736s] [ 64%] Built target wifibot_msgs__rosidl_typesupport_introspection_cpp
[1.744s] [ 67%] [32m[1mLinking CXX shared library libwifibot_msgs__rosidl_typesupport_fastrtps_cpp.so[0m
[1.758s] [ 70%] [32m[1mLinking CXX shared library libwifibot_msgs__rosidl_typesupport_fastrtps_c.so[0m
[1.798s] [ 70%] Built target wifibot_msgs__rosidl_typesupport_fastrtps_cpp
[1.809s] [ 70%] Built target wifibot_msgs__rosidl_typesupport_fastrtps_c
[1.825s] [ 70%] Built target wifibot_msgs
[1.839s] [ 74%] [34m[1mGenerating Python code for ROS interfaces[0m
[2.031s] [ 74%] Built target wifibot_msgs__py
[2.047s] [ 77%] [32mBuilding C object CMakeFiles/wifibot_msgs__rosidl_generator_py.dir/rosidl_generator_py/wifibot_msgs/msg/_status_s.c.o[0m
[2.114s] [ 80%] [32m[1mLinking C shared library rosidl_generator_py/wifibot_msgs/libwifibot_msgs__rosidl_generator_py.so[0m
[2.144s] [ 80%] Built target wifibot_msgs__rosidl_generator_py
[2.164s] [ 90%] [32mBuilding C object CMakeFiles/wifibot_msgs__rosidl_typesupport_introspection_c__pyext.dir/rosidl_generator_py/wifibot_msgs/_wifibot_msgs_s.ep.rosidl_typesupport_introspection_c.c.o[0m
[2.164s] [ 90%] [32mBuilding C object CMakeFiles/wifibot_msgs__rosidl_typesupport_fastrtps_c__pyext.dir/rosidl_generator_py/wifibot_msgs/_wifibot_msgs_s.ep.rosidl_typesupport_fastrtps_c.c.o[0m
[2.164s] [ 90%] [32mBuilding C object CMakeFiles/wifibot_msgs__rosidl_typesupport_c__pyext.dir/rosidl_generator_py/wifibot_msgs/_wifibot_msgs_s.ep.rosidl_typesupport_c.c.o[0m
[2.222s] [ 96%] [32m[1mLinking C shared library rosidl_generator_py/wifibot_msgs/wifibot_msgs_s__rosidl_typesupport_introspection_c.cpython-310-x86_64-linux-gnu.so[0m
[2.222s] [ 96%] [32m[1mLinking C shared library rosidl_generator_py/wifibot_msgs/wifibot_msgs_s__rosidl_typesupport_c.cpython-310-x86_64-linux-gnu.so[0m
[2.224s] [100%] [32m[1mLinking C shared library rosidl_generator_py/wifibot_msgs/wifibot_msgs_s__rosidl_typesupport_fastrtps_c.cpython-310-x86_64-linux-gnu.so[0m
[2.248s] [100%] Built target wifibot_msgs__rosidl_typesupport_c__pyext
[2.248s] [100%] Built target wifibot_msgs__rosidl_typesupport_introspection_c__pyext
[2.249s] [100%] Built target wifibot_msgs__rosidl_typesupport_fastrtps_c__pyext
[2.257s] Invoked command in '/home/greg/ros2_ws/build/wifibot_msgs' returned '0': CMAKE_PREFIX_PATH=${CMAKE_PREFIX_PATH}:/opt/ros/humble /usr/bin/cmake --build /home/greg/ros2_ws/build/wifibot_msgs -- -j16 -l16
[2.332s] Invoking command in '/home/greg/ros2_ws/build/wifibot_msgs': CMAKE_PREFIX_PATH=${CMAKE_PREFIX_PATH}:/opt/ros/humble /usr/bin/cmake --install /home/greg/ros2_ws/build/wifibot_msgs
[2.338s] -- Install configuration: ""
[2.361s] -- Installing: /home/greg/ros2_ws/install/wifibot_msgs/share/ament_index/resource_index/rosidl_interfaces/wifibot_msgs
[2.361s] -- Installing: /home/greg/ros2_ws/install/wifibot_msgs/include/wifibot_msgs/wifibot_msgs
[2.361s] -- Installing: /home/greg/ros2_ws/install/wifibot_msgs/include/wifibot_msgs/wifibot_msgs/msg
[2.361s] -- Installing: /home/greg/ros2_ws/install/wifibot_msgs/include/wifibot_msgs/wifibot_msgs/msg/status.h
[2.361s] -- Installing: /home/greg/ros2_ws/install/wifibot_msgs/include/wifibot_msgs/wifibot_msgs/msg/rosidl_generator_c__visibility_control.h
[2.362s] -- Installing: /home/greg/ros2_ws/install/wifibot_msgs/include/wifibot_msgs/wifibot_msgs/msg/detail
[2.362s] -- Installing: /home/greg/ros2_ws/install/wifibot_msgs/include/wifibot_msgs/wifibot_msgs/msg/detail/status__type_support.h
[2.362s] -- Installing: /home/greg/ros2_ws/install/wifibot_msgs/include/wifibot_msgs/wifibot_msgs/msg/detail/status__functions.h
[2.362s] -- Installing: /home/greg/ros2_ws/install/wifibot_msgs/include/wifibot_msgs/wifibot_msgs/msg/detail/status__struct.h
[2.362s] -- Installing: /home/greg/ros2_ws/install/wifibot_msgs/include/wifibot_msgs/wifibot_msgs/msg/detail/status__functions.c
[2.362s] -- Installing: /home/greg/ros2_ws/install/wifibot_msgs/share/wifibot_msgs/environment/library_path.sh
[2.362s] -- Installing: /home/greg/ros2_ws/install/wifibot_msgs/share/wifibot_msgs/environment/library_path.dsv
[2.362s] -- Installing: /home/greg/ros2_ws/install/wifibot_msgs/lib/libwifibot_msgs__rosidl_generator_c.so
[2.362s] -- Set runtime path of "/home/greg/ros2_ws/install/wifibot_msgs/lib/libwifibot_msgs__rosidl_generator_c.so" to ""
[2.362s] -- Up-to-date: /home/greg/ros2_ws/install/wifibot_msgs/include/wifibot_msgs/wifibot_msgs
[2.363s] -- Up-to-date: /home/greg/ros2_ws/install/wifibot_msgs/include/wifibot_msgs/wifibot_msgs/msg
[2.363s] -- Installing: /home/greg/ros2_ws/install/wifibot_msgs/include/wifibot_msgs/wifibot_msgs/msg/rosidl_typesupport_fastrtps_c__visibility_control.h
[2.363s] -- Up-to-date: /home/greg/ros2_ws/install/wifibot_msgs/include/wifibot_msgs/wifibot_msgs/msg/detail
[2.363s] -- Installing: /home/greg/ros2_ws/install/wifibot_msgs/include/wifibot_msgs/wifibot_msgs/msg/detail/status__rosidl_typesupport_fastrtps_c.h
[2.363s] -- Installing: /home/greg/ros2_ws/install/wifibot_msgs/lib/libwifibot_msgs__rosidl_typesupport_fastrtps_c.so
[2.363s] -- Set runtime path of "/home/greg/ros2_ws/install/wifibot_msgs/lib/libwifibot_msgs__rosidl_typesupport_fastrtps_c.so" to ""
[2.363s] -- Up-to-date: /home/greg/ros2_ws/install/wifibot_msgs/include/wifibot_msgs/wifibot_msgs
[2.363s] -- Up-to-date: /home/greg/ros2_ws/install/wifibot_msgs/include/wifibot_msgs/wifibot_msgs/msg
[2.363s] -- Installing: /home/greg/ros2_ws/install/wifibot_msgs/include/wifibot_msgs/wifibot_msgs/msg/rosidl_typesupport_introspection_c__visibility_control.h
[2.363s] -- Up-to-date: /home/greg/ros2_ws/install/wifibot_msgs/include/wifibot_msgs/wifibot_msgs/msg/detail
[2.363s] -- Installing: /home/greg/ros2_ws/install/wifibot_msgs/include/wifibot_msgs/wifibot_msgs/msg/detail/status__rosidl_typesupport_introspection_c.h
[2.363s] -- Installing: /home/greg/ros2_ws/install/wifibot_msgs/include/wifibot_msgs/wifibot_msgs/msg/detail/status__type_support.c
[2.363s] -- Installing: /home/greg/ros2_ws/install/wifibot_msgs/lib/libwifibot_msgs__rosidl_typesupport_introspection_c.so
[2.364s] -- Set runtime path of "/home/greg/ros2_ws/install/wifibot_msgs/lib/libwifibot_msgs__rosidl_typesupport_introspection_c.so" to ""
[2.364s] -- Installing: /home/greg/ros2_ws/install/wifibot_msgs/lib/libwifibot_msgs__rosidl_typesupport_c.so
[2.364s] -- Set runtime path of "/home/greg/ros2_ws/install/wifibot_msgs/lib/libwifibot_msgs__rosidl_typesupport_c.so" to ""
[2.364s] -- Up-to-date: /home/greg/ros2_ws/install/wifibot_msgs/include/wifibot_msgs/wifibot_msgs
[2.364s] -- Up-to-date: /home/greg/ros2_ws/install/wifibot_msgs/include/wifibot_msgs/wifibot_msgs/msg
[2.364s] -- Up-to-date: /home/greg/ros2_ws/install/wifibot_msgs/include/wifibot_msgs/wifibot_msgs/msg/detail
[2.364s] -- Installing: /home/greg/ros2_ws/install/wifibot_msgs/include/wifibot_msgs/wifibot_msgs/msg/detail/status__builder.hpp
[2.365s] -- Installing: /home/greg/ros2_ws/install/wifibot_msgs/include/wifibot_msgs/wifibot_msgs/msg/detail/status__traits.hpp
[2.365s] -- Installing: /home/greg/ros2_ws/install/wifibot_msgs/include/wifibot_msgs/wifibot_msgs/msg/detail/status__struct.hpp
[2.365s] -- Installing: /home/greg/ros2_ws/install/wifibot_msgs/include/wifibot_msgs/wifibot_msgs/msg/status.hpp
[2.365s] -- Up-to-date: /home/greg/ros2_ws/install/wifibot_msgs/include/wifibot_msgs/wifibot_msgs
[2.365s] -- Up-to-date: /home/greg/ros2_ws/install/wifibot_msgs/include/wifibot_msgs/wifibot_msgs/msg
[2.365s] -- Installing: /home/greg/ros2_ws/install/wifibot_msgs/include/wifibot_msgs/wifibot_msgs/msg/rosidl_typesupport_fastrtps_cpp__visibility_control.h
[2.365s] -- Up-to-date: /home/greg/ros2_ws/install/wifibot_msgs/include/wifibot_msgs/wifibot_msgs/msg/detail
[2.365s] -- Installing: /home/greg/ros2_ws/install/wifibot_msgs/include/wifibot_msgs/wifibot_msgs/msg/detail/status__rosidl_typesupport_fastrtps_cpp.hpp
[2.365s] -- Installing: /home/greg/ros2_ws/install/wifibot_msgs/include/wifibot_msgs/wifibot_msgs/msg/detail/dds_fastrtps
[2.365s] -- Installing: /home/greg/ros2_ws/install/wifibot_msgs/lib/libwifibot_msgs__rosidl_typesupport_fastrtps_cpp.so
[2.365s] -- Set runtime path of "/home/greg/ros2_ws/install/wifibot_msgs/lib/libwifibot_msgs__rosidl_typesupport_fastrtps_cpp.so" to ""
[2.365s] -- Up-to-date: /home/greg/ros2_ws/install/wifibot_msgs/include/wifibot_msgs/wifibot_msgs
[2.365s] -- Up-to-date: /home/greg/ros2_ws/install/wifibot_msgs/include/wifibot_msgs/wifibot_msgs/msg
[2.365s] -- Up-to-date: /home/greg/ros2_ws/install/wifibot_msgs/include/wifibot_msgs/wifibot_msgs/msg/detail
[2.365s] -- Installing: /home/greg/ros2_ws/install/wifibot_msgs/include/wifibot_msgs/wifibot_msgs/msg/detail/status__type_support.cpp
[2.366s] -- Installing: /home/greg/ros2_ws/install/wifibot_msgs/include/wifibot_msgs/wifibot_msgs/msg/detail/status__rosidl_typesupport_introspection_cpp.hpp
[2.366s] -- Installing: /home/greg/ros2_ws/install/wifibot_msgs/lib/libwifibot_msgs__rosidl_typesupport_introspection_cpp.so
[2.366s] -- Set runtime path of "/home/greg/ros2_ws/install/wifibot_msgs/lib/libwifibot_msgs__rosidl_typesupport_introspection_cpp.so" to ""
[2.366s] -- Installing: /home/greg/ros2_ws/install/wifibot_msgs/lib/libwifibot_msgs__rosidl_typesupport_cpp.so
[2.366s] -- Set runtime path of "/home/greg/ros2_ws/install/wifibot_msgs/lib/libwifibot_msgs__rosidl_typesupport_cpp.so" to ""
[2.366s] -- Installing: /home/greg/ros2_ws/install/wifibot_msgs/share/wifibot_msgs/environment/pythonpath.sh
[2.366s] -- Installing: /home/greg/ros2_ws/install/wifibot_msgs/share/wifibot_msgs/environment/pythonpath.dsv
[2.366s] -- Installing: /home/greg/ros2_ws/install/wifibot_msgs/local/lib/python3.10/dist-packages/wifibot_msgs-0.0.0-py3.10.egg-info
[2.366s] -- Installing: /home/greg/ros2_ws/install/wifibot_msgs/local/lib/python3.10/dist-packages/wifibot_msgs-0.0.0-py3.10.egg-info/dependency_links.txt
[2.366s] -- Installing: /home/greg/ros2_ws/install/wifibot_msgs/local/lib/python3.10/dist-packages/wifibot_msgs-0.0.0-py3.10.egg-info/SOURCES.txt
[2.366s] -- Installing: /home/greg/ros2_ws/install/wifibot_msgs/local/lib/python3.10/dist-packages/wifibot_msgs-0.0.0-py3.10.egg-info/PKG-INFO
[2.366s] -- Installing: /home/greg/ros2_ws/install/wifibot_msgs/local/lib/python3.10/dist-packages/wifibot_msgs-0.0.0-py3.10.egg-info/top_level.txt
[2.367s] -- Installing: /home/greg/ros2_ws/install/wifibot_msgs/local/lib/python3.10/dist-packages/wifibot_msgs
[2.367s] -- Installing: /home/greg/ros2_ws/install/wifibot_msgs/local/lib/python3.10/dist-packages/wifibot_msgs/wifibot_msgs_s__rosidl_typesupport_fastrtps_c.cpython-310-x86_64-linux-gnu.so
[2.367s] -- Installing: /home/greg/ros2_ws/install/wifibot_msgs/local/lib/python3.10/dist-packages/wifibot_msgs/libwifibot_msgs__rosidl_generator_py.so
[2.367s] -- Installing: /home/greg/ros2_ws/install/wifibot_msgs/local/lib/python3.10/dist-packages/wifibot_msgs/wifibot_msgs_s__rosidl_typesupport_c.cpython-310-x86_64-linux-gnu.so
[2.367s] -- Installing: /home/greg/ros2_ws/install/wifibot_msgs/local/lib/python3.10/dist-packages/wifibot_msgs/_wifibot_msgs_s.ep.rosidl_typesupport_c.c
[2.367s] -- Installing: /home/greg/ros2_ws/install/wifibot_msgs/local/lib/python3.10/dist-packages/wifibot_msgs/_wifibot_msgs_s.ep.rosidl_typesupport_introspection_c.c
[2.367s] -- Installing: /home/greg/ros2_ws/install/wifibot_msgs/local/lib/python3.10/dist-packages/wifibot_msgs/msg
[2.367s] -- Installing: /home/greg/ros2_ws/install/wifibot_msgs/local/lib/python3.10/dist-packages/wifibot_msgs/msg/_status_s.c
[2.367s] -- Installing: /home/greg/ros2_ws/install/wifibot_msgs/local/lib/python3.10/dist-packages/wifibot_msgs/msg/_status.py
[2.367s] -- Installing: /home/greg/ros2_ws/install/wifibot_msgs/local/lib/python3.10/dist-packages/wifibot_msgs/msg/__init__.py
[2.367s] -- Installing: /home/greg/ros2_ws/install/wifibot_msgs/local/lib/python3.10/dist-packages/wifibot_msgs/wifibot_msgs_s__rosidl_typesupport_introspection_c.cpython-310-x86_64-linux-gnu.so
[2.367s] -- Installing: /home/greg/ros2_ws/install/wifibot_msgs/local/lib/python3.10/dist-packages/wifibot_msgs/__init__.py
[2.367s] -- Installing: /home/greg/ros2_ws/install/wifibot_msgs/local/lib/python3.10/dist-packages/wifibot_msgs/_wifibot_msgs_s.ep.rosidl_typesupport_fastrtps_c.c
[2.394s] Listing '/home/greg/ros2_ws/install/wifibot_msgs/local/lib/python3.10/dist-packages/wifibot_msgs'...
[2.394s] Compiling '/home/greg/ros2_ws/install/wifibot_msgs/local/lib/python3.10/dist-packages/wifibot_msgs/__init__.py'...
[2.394s] Listing '/home/greg/ros2_ws/install/wifibot_msgs/local/lib/python3.10/dist-packages/wifibot_msgs/msg'...
[2.394s] Compiling '/home/greg/ros2_ws/install/wifibot_msgs/local/lib/python3.10/dist-packages/wifibot_msgs/msg/__init__.py'...
[2.394s] Compiling '/home/greg/ros2_ws/install/wifibot_msgs/local/lib/python3.10/dist-packages/wifibot_msgs/msg/_status.py'...
[2.397s] -- Installing: /home/greg/ros2_ws/install/wifibot_msgs/local/lib/python3.10/dist-packages/wifibot_msgs/wifibot_msgs_s__rosidl_typesupport_fastrtps_c.cpython-310-x86_64-linux-gnu.so
[2.397s] -- Set runtime path of "/home/greg/ros2_ws/install/wifibot_msgs/local/lib/python3.10/dist-packages/wifibot_msgs/wifibot_msgs_s__rosidl_typesupport_fastrtps_c.cpython-310-x86_64-linux-gnu.so" to ""
[2.398s] -- Installing: /home/greg/ros2_ws/install/wifibot_msgs/local/lib/python3.10/dist-packages/wifibot_msgs/wifibot_msgs_s__rosidl_typesupport_introspection_c.cpython-310-x86_64-linux-gnu.so
[2.398s] -- Set runtime path of "/home/greg/ros2_ws/install/wifibot_msgs/local/lib/python3.10/dist-packages/wifibot_msgs/wifibot_msgs_s__rosidl_typesupport_introspection_c.cpython-310-x86_64-linux-gnu.so" to ""
[2.398s] -- Installing: /home/greg/ros2_ws/install/wifibot_msgs/local/lib/python3.10/dist-packages/wifibot_msgs/wifibot_msgs_s__rosidl_typesupport_c.cpython-310-x86_64-linux-gnu.so
[2.398s] -- Set runtime path of "/home/greg/ros2_ws/install/wifibot_msgs/local/lib/python3.10/dist-packages/wifibot_msgs/wifibot_msgs_s__rosidl_typesupport_c.cpython-310-x86_64-linux-gnu.so" to ""
[2.398s] -- Installing: /home/greg/ros2_ws/install/wifibot_msgs/lib/libwifibot_msgs__rosidl_generator_py.so
[2.398s] -- Set runtime path of "/home/greg/ros2_ws/install/wifibot_msgs/lib/libwifibot_msgs__rosidl_generator_py.so" to ""
[2.399s] -- Installing: /home/greg/ros2_ws/install/wifibot_msgs/share/wifibot_msgs/msg/Status.idl
[2.399s] -- Installing: /home/greg/ros2_ws/install/wifibot_msgs/share/wifibot_msgs/msg/Status.msg
[2.399s] -- Installing: /home/greg/ros2_ws/install/wifibot_msgs/share/ament_index/resource_index/package_run_dependencies/wifibot_msgs
[2.399s] -- Installing: /home/greg/ros2_ws/install/wifibot_msgs/share/ament_index/resource_index/parent_prefix_path/wifibot_msgs
[2.399s] -- Installing: /home/greg/ros2_ws/install/wifibot_msgs/share/wifibot_msgs/environment/ament_prefix_path.sh
[2.399s] -- Installing: /home/greg/ros2_ws/install/wifibot_msgs/share/wifibot_msgs/environment/ament_prefix_path.dsv
[2.399s] -- Installing: /home/greg/ros2_ws/install/wifibot_msgs/share/wifibot_msgs/environment/path.sh
[2.399s] -- Installing: /home/greg/ros2_ws/install/wifibot_msgs/share/wifibot_msgs/environment/path.dsv
[2.399s] -- Installing: /home/greg/ros2_ws/install/wifibot_msgs/share/wifibot_msgs/local_setup.bash
[2.400s] -- Installing: /home/greg/ros2_ws/install/wifibot_msgs/share/wifibot_msgs/local_setup.sh
[2.400s] -- Installing: /home/greg/ros2_ws/install/wifibot_msgs/share/wifibot_msgs/local_setup.zsh
[2.400s] -- Installing: /home/greg/ros2_ws/install/wifibot_msgs/share/wifibot_msgs/local_setup.dsv
[2.400s] -- Installing: /home/greg/ros2_ws/install/wifibot_msgs/share/wifibot_msgs/package.dsv
[2.400s] -- Installing: /home/greg/ros2_ws/install/wifibot_msgs/share/ament_index/resource_index/packages/wifibot_msgs
[2.400s] -- Installing: /home/greg/ros2_ws/install/wifibot_msgs/share/wifibot_msgs/cmake/export_wifibot_msgs__rosidl_generator_cExport.cmake
[2.400s] -- Installing: /home/greg/ros2_ws/install/wifibot_msgs/share/wifibot_msgs/cmake/export_wifibot_msgs__rosidl_generator_cExport-noconfig.cmake
[2.400s] -- Installing: /home/greg/ros2_ws/install/wifibot_msgs/share/wifibot_msgs/cmake/export_wifibot_msgs__rosidl_typesupport_fastrtps_cExport.cmake
[2.400s] -- Installing: /home/greg/ros2_ws/install/wifibot_msgs/share/wifibot_msgs/cmake/export_wifibot_msgs__rosidl_typesupport_fastrtps_cExport-noconfig.cmake
[2.400s] -- Installing: /home/greg/ros2_ws/install/wifibot_msgs/share/wifibot_msgs/cmake/wifibot_msgs__rosidl_typesupport_introspection_cExport.cmake
[2.400s] -- Installing: /home/greg/ros2_ws/install/wifibot_msgs/share/wifibot_msgs/cmake/wifibot_msgs__rosidl_typesupport_introspection_cExport-noconfig.cmake
[2.401s] -- Installing: /home/greg/ros2_ws/install/wifibot_msgs/share/wifibot_msgs/cmake/wifibot_msgs__rosidl_typesupport_cExport.cmake
[2.401s] -- Installing: /home/greg/ros2_ws/install/wifibot_msgs/share/wifibot_msgs/cmake/wifibot_msgs__rosidl_typesupport_cExport-noconfig.cmake
[2.401s] -- Installing: /home/greg/ros2_ws/install/wifibot_msgs/share/wifibot_msgs/cmake/export_wifibot_msgs__rosidl_generator_cppExport.cmake
[2.401s] -- Installing: /home/greg/ros2_ws/install/wifibot_msgs/share/wifibot_msgs/cmake/export_wifibot_msgs__rosidl_typesupport_fastrtps_cppExport.cmake
[2.401s] -- Installing: /home/greg/ros2_ws/install/wifibot_msgs/share/wifibot_msgs/cmake/export_wifibot_msgs__rosidl_typesupport_fastrtps_cppExport-noconfig.cmake
[2.401s] -- Installing: /home/greg/ros2_ws/install/wifibot_msgs/share/wifibot_msgs/cmake/wifibot_msgs__rosidl_typesupport_introspection_cppExport.cmake
[2.401s] -- Installing: /home/greg/ros2_ws/install/wifibot_msgs/share/wifibot_msgs/cmake/wifibot_msgs__rosidl_typesupport_introspection_cppExport-noconfig.cmake
[2.401s] -- Installing: /home/greg/ros2_ws/install/wifibot_msgs/share/wifibot_msgs/cmake/wifibot_msgs__rosidl_typesupport_cppExport.cmake
[2.401s] -- Installing: /home/greg/ros2_ws/install/wifibot_msgs/share/wifibot_msgs/cmake/wifibot_msgs__rosidl_typesupport_cppExport-noconfig.cmake
[2.401s] -- Installing: /home/greg/ros2_ws/install/wifibot_msgs/share/wifibot_msgs/cmake/export_wifibot_msgs__rosidl_generator_pyExport.cmake
[2.402s] -- Installing: /home/greg/ros2_ws/install/wifibot_msgs/share/wifibot_msgs/cmake/export_wifibot_msgs__rosidl_generator_pyExport-noconfig.cmake
[2.402s] -- Installing: /home/greg/ros2_ws/install/wifibot_msgs/share/wifibot_msgs/cmake/rosidl_cmake-extras.cmake
[2.402s] -- Installing: /home/greg/ros2_ws/install/wifibot_msgs/share/wifibot_msgs/cmake/ament_cmake_export_include_directories-extras.cmake
[2.402s] -- Installing: /home/greg/ros2_ws/install/wifibot_msgs/share/wifibot_msgs/cmake/ament_cmake_export_libraries-extras.cmake
[2.402s] -- Installing: /home/greg/ros2_ws/install/wifibot_msgs/share/wifibot_msgs/cmake/ament_cmake_export_targets-extras.cmake
[2.402s] -- Installing: /home/greg/ros2_ws/install/wifibot_msgs/share/wifibot_msgs/cmake/rosidl_cmake_export_typesupport_targets-extras.cmake
[2.402s] -- Installing: /home/greg/ros2_ws/install/wifibot_msgs/share/wifibot_msgs/cmake/ament_cmake_export_dependencies-extras.cmake
[2.402s] -- Installing: /home/greg/ros2_ws/install/wifibot_msgs/share/wifibot_msgs/cmake/rosidl_cmake_export_typesupport_libraries-extras.cmake
[2.402s] -- Installing: /home/greg/ros2_ws/install/wifibot_msgs/share/wifibot_msgs/cmake/wifibot_msgsConfig.cmake
[2.402s] -- Installing: /home/greg/ros2_ws/install/wifibot_msgs/share/wifibot_msgs/cmake/wifibot_msgsConfig-version.cmake
[2.402s] -- Installing: /home/greg/ros2_ws/install/wifibot_msgs/share/wifibot_msgs/package.xml
[2.404s] Invoked command in '/home/greg/ros2_ws/build/wifibot_msgs' returned '0': CMAKE_PREFIX_PATH=${CMAKE_PREFIX_PATH}:/opt/ros/humble /usr/bin/cmake --install /home/greg/ros2_ws/build/wifibot_msgs
