-- Install configuration: ""
-- Up-to-date: /home/greg/ros2_ws/install/arbotix_controllers/bin/arbotix_controllers/gripper_controller
-- Up-to-date: /home/greg/ros2_ws/install/arbotix_controllers/bin/arbotix_controllers/one_side_gripper_controller.py
-- Up-to-date: /home/greg/ros2_ws/install/arbotix_controllers/bin/arbotix_controllers/parallel_gripper_controller.py
-- Up-to-date: /home/greg/ros2_ws/install/arbotix_controllers/bin/arbotix_controllers/parallel_single_servo_controller.py
-- Up-to-date: /home/greg/ros2_ws/install/arbotix_controllers/share/ament_index/resource_index/package_run_dependencies/arbotix_controllers
-- Up-to-date: /home/greg/ros2_ws/install/arbotix_controllers/share/ament_index/resource_index/parent_prefix_path/arbotix_controllers
-- Up-to-date: /home/greg/ros2_ws/install/arbotix_controllers/share/arbotix_controllers/environment/ament_prefix_path.sh
-- Up-to-date: /home/greg/ros2_ws/install/arbotix_controllers/share/arbotix_controllers/environment/ament_prefix_path.dsv
-- Up-to-date: /home/greg/ros2_ws/install/arbotix_controllers/share/arbotix_controllers/environment/path.sh
-- Up-to-date: /home/greg/ros2_ws/install/arbotix_controllers/share/arbotix_controllers/environment/path.dsv
-- Up-to-date: /home/greg/ros2_ws/install/arbotix_controllers/share/arbotix_controllers/local_setup.bash
-- Up-to-date: /home/greg/ros2_ws/install/arbotix_controllers/share/arbotix_controllers/local_setup.sh
-- Up-to-date: /home/greg/ros2_ws/install/arbotix_controllers/share/arbotix_controllers/local_setup.zsh
-- Up-to-date: /home/greg/ros2_ws/install/arbotix_controllers/share/arbotix_controllers/local_setup.dsv
-- Up-to-date: /home/greg/ros2_ws/install/arbotix_controllers/share/arbotix_controllers/package.dsv
-- Up-to-date: /home/greg/ros2_ws/install/arbotix_controllers/share/ament_index/resource_index/packages/arbotix_controllers
-- Up-to-date: /home/greg/ros2_ws/install/arbotix_controllers/share/arbotix_controllers/cmake/arbotix_controllersConfig.cmake
-- Up-to-date: /home/greg/ros2_ws/install/arbotix_controllers/share/arbotix_controllers/cmake/arbotix_controllersConfig-version.cmake
-- Up-to-date: /home/greg/ros2_ws/install/arbotix_controllers/share/arbotix_controllers/package.xml
