[0.067s] Invoking command in '/home/greg/ros2_ws/build/arbotix_controllers': CMAKE_PREFIX_PATH=/home/greg/ros2_ws/install/arbotix_msgs:/home/greg/ros2_ws/install/arbotix:/home/greg/ros2_ws/install/arbotix_sensors:/home/greg/ros2_ws/install/arbotix_controllers:/home/greg/ros2_ws/install/arbotix_firmware:/home/greg/ros2_ws/install/roswifibot:/home/greg/ros2_ws/install/wifibot_msgs:/home/greg/ros2_ws/install/lib_wifibot:/home/greg/ros2_ws/install/joy2twist:/opt/ros/humble /usr/bin/cmake --build /home/greg/ros2_ws/build/arbotix_controllers -- -j16 -l16
[0.099s] Invoked command in '/home/greg/ros2_ws/build/arbotix_controllers' returned '0': CMAKE_PREFIX_PATH=/home/greg/ros2_ws/install/arbotix_msgs:/home/greg/ros2_ws/install/arbotix:/home/greg/ros2_ws/install/arbotix_sensors:/home/greg/ros2_ws/install/arbotix_controllers:/home/greg/ros2_ws/install/arbotix_firmware:/home/greg/ros2_ws/install/roswifibot:/home/greg/ros2_ws/install/wifibot_msgs:/home/greg/ros2_ws/install/lib_wifibot:/home/greg/ros2_ws/install/joy2twist:/opt/ros/humble /usr/bin/cmake --build /home/greg/ros2_ws/build/arbotix_controllers -- -j16 -l16
[0.125s] Invoking command in '/home/greg/ros2_ws/build/arbotix_controllers': CMAKE_PREFIX_PATH=/home/greg/ros2_ws/install/arbotix_msgs:/home/greg/ros2_ws/install/arbotix:/home/greg/ros2_ws/install/arbotix_sensors:/home/greg/ros2_ws/install/arbotix_controllers:/home/greg/ros2_ws/install/arbotix_firmware:/home/greg/ros2_ws/install/roswifibot:/home/greg/ros2_ws/install/wifibot_msgs:/home/greg/ros2_ws/install/lib_wifibot:/home/greg/ros2_ws/install/joy2twist:/opt/ros/humble /usr/bin/cmake --install /home/greg/ros2_ws/build/arbotix_controllers
[0.131s] -- Install configuration: ""
[0.132s] -- Up-to-date: /home/greg/ros2_ws/install/arbotix_controllers/bin/arbotix_controllers/gripper_controller
[0.132s] -- Up-to-date: /home/greg/ros2_ws/install/arbotix_controllers/bin/arbotix_controllers/one_side_gripper_controller.py
[0.132s] -- Up-to-date: /home/greg/ros2_ws/install/arbotix_controllers/bin/arbotix_controllers/parallel_gripper_controller.py
[0.132s] -- Up-to-date: /home/greg/ros2_ws/install/arbotix_controllers/bin/arbotix_controllers/parallel_single_servo_controller.py
[0.132s] -- Up-to-date: /home/greg/ros2_ws/install/arbotix_controllers/share/ament_index/resource_index/package_run_dependencies/arbotix_controllers
[0.132s] -- Up-to-date: /home/greg/ros2_ws/install/arbotix_controllers/share/ament_index/resource_index/parent_prefix_path/arbotix_controllers
[0.132s] -- Up-to-date: /home/greg/ros2_ws/install/arbotix_controllers/share/arbotix_controllers/environment/ament_prefix_path.sh
[0.132s] -- Up-to-date: /home/greg/ros2_ws/install/arbotix_controllers/share/arbotix_controllers/environment/ament_prefix_path.dsv
[0.132s] -- Up-to-date: /home/greg/ros2_ws/install/arbotix_controllers/share/arbotix_controllers/environment/path.sh
[0.132s] -- Up-to-date: /home/greg/ros2_ws/install/arbotix_controllers/share/arbotix_controllers/environment/path.dsv
[0.133s] -- Up-to-date: /home/greg/ros2_ws/install/arbotix_controllers/share/arbotix_controllers/local_setup.bash
[0.133s] -- Up-to-date: /home/greg/ros2_ws/install/arbotix_controllers/share/arbotix_controllers/local_setup.sh
[0.133s] -- Up-to-date: /home/greg/ros2_ws/install/arbotix_controllers/share/arbotix_controllers/local_setup.zsh
[0.134s] -- Up-to-date: /home/greg/ros2_ws/install/arbotix_controllers/share/arbotix_controllers/local_setup.dsv
[0.134s] -- Up-to-date: /home/greg/ros2_ws/install/arbotix_controllers/share/arbotix_controllers/package.dsv
[0.134s] -- Up-to-date: /home/greg/ros2_ws/install/arbotix_controllers/share/ament_index/resource_index/packages/arbotix_controllers
[0.134s] -- Up-to-date: /home/greg/ros2_ws/install/arbotix_controllers/share/arbotix_controllers/cmake/arbotix_controllersConfig.cmake
[0.134s] -- Up-to-date: /home/greg/ros2_ws/install/arbotix_controllers/share/arbotix_controllers/cmake/arbotix_controllersConfig-version.cmake
[0.134s] -- Up-to-date: /home/greg/ros2_ws/install/arbotix_controllers/share/arbotix_controllers/package.xml
[0.136s] Invoked command in '/home/greg/ros2_ws/build/arbotix_controllers' returned '0': CMAKE_PREFIX_PATH=/home/greg/ros2_ws/install/arbotix_msgs:/home/greg/ros2_ws/install/arbotix:/home/greg/ros2_ws/install/arbotix_sensors:/home/greg/ros2_ws/install/arbotix_controllers:/home/greg/ros2_ws/install/arbotix_firmware:/home/greg/ros2_ws/install/roswifibot:/home/greg/ros2_ws/install/wifibot_msgs:/home/greg/ros2_ws/install/lib_wifibot:/home/greg/ros2_ws/install/joy2twist:/opt/ros/humble /usr/bin/cmake --install /home/greg/ros2_ws/build/arbotix_controllers
