-- The C compiler identification is GNU 11.4.0
-- The CXX compiler identification is GNU 11.4.0
-- Detecting C compiler ABI info
-- Detecting C compiler ABI info - done
-- Check for working C compiler: /usr/bin/cc - skipped
-- Detecting C compile features
-- Detecting C compile features - done
-- Detecting CXX compiler ABI info
-- Detecting CXX compiler ABI info - done
-- Check for working CXX compiler: /usr/bin/c++ - skipped
-- Detecting CXX compile features
-- Detecting CXX compile features - done
-- Found ament_cmake: 1.3.5 (/opt/ros/humble/share/ament_cmake/cmake)
-- Found Python3: /usr/bin/python3.10 (found version "3.10.12") found components: Interpreter 
-- Found ament_lint_auto: 0.12.8 (/opt/ros/humble/share/ament_lint_auto/cmake)
-- Found rosidl_default_generators: 1.2.0 (/opt/ros/humble/share/rosidl_default_generators/cmake)
-- Using all available rosidl_typesupport_c: rosidl_typesupport_fastrtps_c;rosidl_typesupport_introspection_c
-- Found rosidl_adapter: 3.1.5 (/opt/ros/humble/share/rosidl_adapter/cmake)
-- Using all available rosidl_typesupport_cpp: rosidl_typesupport_fastrtps_cpp;rosidl_typesupport_introspection_cpp
-- Added test 'cppcheck' to perform static code analysis on C / C++ code
-- Configured cppcheck include dirs: /home/greg/ros2_ws/src/lib_wifibot/include
-- Configured cppcheck exclude dirs and/or files: 
-- Added test 'lint_cmake' to check CMake code style
-- Added test 'uncrustify' to check C / C++ code style
-- Configured uncrustify additional arguments: 
-- Added test 'xmllint' to check XML markup files
-- Configuring done
-- Generating done
-- Build files have been written to: /home/greg/ros2_ws/src/build/lib_wifibot
[ 50%] [32mBuilding CXX object CMakeFiles/lib_wifibot.dir/src/libwifibot.cpp.o[0m
[100%] [32m[1mLinking CXX static library liblib_wifibot.a[0m
[100%] Built target lib_wifibot
-- Install configuration: ""
-- Installing: /home/greg/ros2_ws/src/install/lib_wifibot/share/lib_wifibot/environment/library_path.sh
-- Installing: /home/greg/ros2_ws/src/install/lib_wifibot/share/lib_wifibot/environment/library_path.dsv
-- Installing: /home/greg/ros2_ws/src/install/lib_wifibot/include/lib_wifibot
-- Installing: /home/greg/ros2_ws/src/install/lib_wifibot/include/lib_wifibot/libwifibot.h
-- Installing: /home/greg/ros2_ws/src/install/lib_wifibot/lib/liblib_wifibot.a
-- Installing: /home/greg/ros2_ws/src/install/lib_wifibot/share/ament_index/resource_index/package_run_dependencies/lib_wifibot
-- Installing: /home/greg/ros2_ws/src/install/lib_wifibot/share/ament_index/resource_index/parent_prefix_path/lib_wifibot
-- Installing: /home/greg/ros2_ws/src/install/lib_wifibot/share/lib_wifibot/environment/ament_prefix_path.sh
-- Installing: /home/greg/ros2_ws/src/install/lib_wifibot/share/lib_wifibot/environment/ament_prefix_path.dsv
-- Installing: /home/greg/ros2_ws/src/install/lib_wifibot/share/lib_wifibot/environment/path.sh
-- Installing: /home/greg/ros2_ws/src/install/lib_wifibot/share/lib_wifibot/environment/path.dsv
-- Installing: /home/greg/ros2_ws/src/install/lib_wifibot/share/lib_wifibot/local_setup.bash
-- Installing: /home/greg/ros2_ws/src/install/lib_wifibot/share/lib_wifibot/local_setup.sh
-- Installing: /home/greg/ros2_ws/src/install/lib_wifibot/share/lib_wifibot/local_setup.zsh
-- Installing: /home/greg/ros2_ws/src/install/lib_wifibot/share/lib_wifibot/local_setup.dsv
-- Installing: /home/greg/ros2_ws/src/install/lib_wifibot/share/lib_wifibot/package.dsv
-- Installing: /home/greg/ros2_ws/src/install/lib_wifibot/share/ament_index/resource_index/packages/lib_wifibot
-- Installing: /home/greg/ros2_ws/src/install/lib_wifibot/share/lib_wifibot/cmake/lib_wifibotExport.cmake
-- Installing: /home/greg/ros2_ws/src/install/lib_wifibot/share/lib_wifibot/cmake/lib_wifibotExport-noconfig.cmake
-- Installing: /home/greg/ros2_ws/src/install/lib_wifibot/share/lib_wifibot/cmake/ament_cmake_export_targets-extras.cmake
-- Installing: /home/greg/ros2_ws/src/install/lib_wifibot/share/lib_wifibot/cmake/lib_wifibotConfig.cmake
-- Installing: /home/greg/ros2_ws/src/install/lib_wifibot/share/lib_wifibot/cmake/lib_wifibotConfig-version.cmake
-- Installing: /home/greg/ros2_ws/src/install/lib_wifibot/share/lib_wifibot/package.xml
