[0.099s] Invoking command in '/home/greg/ros2_ws/src/build/lib_wifibot': CMAKE_PREFIX_PATH=${CMAKE_PREFIX_PATH}:/opt/ros/humble /usr/bin/cmake /home/greg/ros2_ws/src/lib_wifibot -DCMAKE_INSTALL_PREFIX=/home/greg/ros2_ws/src/install/lib_wifibot
[0.221s] -- The C compiler identification is GNU 11.4.0
[0.348s] -- The CXX compiler identification is GNU 11.4.0
[0.363s] -- Detecting C compiler ABI info
[0.530s] -- Detecting C compiler ABI info - done
[0.537s] -- Check for working C compiler: /usr/bin/cc - skipped
[0.538s] -- Detecting C compile features
[0.539s] -- Detecting C compile features - done
[0.544s] -- Detecting CXX compiler ABI info
[0.731s] -- Detecting CXX compiler ABI info - done
[0.737s] -- Check for working CXX compiler: /usr/bin/c++ - skipped
[0.738s] -- Detecting CXX compile features
[0.738s] -- Detecting CXX compile features - done
[0.744s] -- Found ament_cmake: 1.3.5 (/opt/ros/humble/share/ament_cmake/cmake)
[0.993s] -- Found Python3: /usr/bin/python3.10 (found version "3.10.12") found components: Interpreter 
[1.150s] -- Found ament_lint_auto: 0.12.8 (/opt/ros/humble/share/ament_lint_auto/cmake)
[1.274s] -- Found rosidl_default_generators: 1.2.0 (/opt/ros/humble/share/rosidl_default_generators/cmake)
[1.280s] -- Using all available rosidl_typesupport_c: rosidl_typesupport_fastrtps_c;rosidl_typesupport_introspection_c
[1.297s] -- Found rosidl_adapter: 3.1.5 (/opt/ros/humble/share/rosidl_adapter/cmake)
[1.376s] -- Using all available rosidl_typesupport_cpp: rosidl_typesupport_fastrtps_cpp;rosidl_typesupport_introspection_cpp
[1.455s] -- Added test 'cppcheck' to perform static code analysis on C / C++ code
[1.456s] -- Configured cppcheck include dirs: /home/greg/ros2_ws/src/lib_wifibot/include
[1.456s] -- Configured cppcheck exclude dirs and/or files: 
[1.457s] -- Added test 'lint_cmake' to check CMake code style
[1.461s] -- Added test 'uncrustify' to check C / C++ code style
[1.461s] -- Configured uncrustify additional arguments: 
[1.462s] -- Added test 'xmllint' to check XML markup files
[1.466s] -- Configuring done
[1.478s] -- Generating done
[1.480s] -- Build files have been written to: /home/greg/ros2_ws/src/build/lib_wifibot
[1.489s] Invoked command in '/home/greg/ros2_ws/src/build/lib_wifibot' returned '0': CMAKE_PREFIX_PATH=${CMAKE_PREFIX_PATH}:/opt/ros/humble /usr/bin/cmake /home/greg/ros2_ws/src/lib_wifibot -DCMAKE_INSTALL_PREFIX=/home/greg/ros2_ws/src/install/lib_wifibot
[1.495s] Invoking command in '/home/greg/ros2_ws/src/build/lib_wifibot': CMAKE_PREFIX_PATH=${CMAKE_PREFIX_PATH}:/opt/ros/humble /usr/bin/cmake --build /home/greg/ros2_ws/src/build/lib_wifibot -- -j16 -l16
[1.615s] [ 50%] [32mBuilding CXX object CMakeFiles/lib_wifibot.dir/src/libwifibot.cpp.o[0m
[2.018s] [100%] [32m[1mLinking CXX static library liblib_wifibot.a[0m
[2.093s] [100%] Built target lib_wifibot
[2.118s] Invoked command in '/home/greg/ros2_ws/src/build/lib_wifibot' returned '0': CMAKE_PREFIX_PATH=${CMAKE_PREFIX_PATH}:/opt/ros/humble /usr/bin/cmake --build /home/greg/ros2_ws/src/build/lib_wifibot -- -j16 -l16
[2.229s] Invoking command in '/home/greg/ros2_ws/src/build/lib_wifibot': CMAKE_PREFIX_PATH=${CMAKE_PREFIX_PATH}:/opt/ros/humble /usr/bin/cmake --install /home/greg/ros2_ws/src/build/lib_wifibot
[2.246s] -- Install configuration: ""
[2.246s] -- Installing: /home/greg/ros2_ws/src/install/lib_wifibot/share/lib_wifibot/environment/library_path.sh
[2.246s] -- Installing: /home/greg/ros2_ws/src/install/lib_wifibot/share/lib_wifibot/environment/library_path.dsv
[2.247s] -- Installing: /home/greg/ros2_ws/src/install/lib_wifibot/include/lib_wifibot
[2.247s] -- Installing: /home/greg/ros2_ws/src/install/lib_wifibot/include/lib_wifibot/libwifibot.h
[2.247s] -- Installing: /home/greg/ros2_ws/src/install/lib_wifibot/lib/liblib_wifibot.a
[2.248s] -- Installing: /home/greg/ros2_ws/src/install/lib_wifibot/share/ament_index/resource_index/package_run_dependencies/lib_wifibot
[2.248s] -- Installing: /home/greg/ros2_ws/src/install/lib_wifibot/share/ament_index/resource_index/parent_prefix_path/lib_wifibot
[2.249s] -- Installing: /home/greg/ros2_ws/src/install/lib_wifibot/share/lib_wifibot/environment/ament_prefix_path.sh
[2.249s] -- Installing: /home/greg/ros2_ws/src/install/lib_wifibot/share/lib_wifibot/environment/ament_prefix_path.dsv
[2.250s] -- Installing: /home/greg/ros2_ws/src/install/lib_wifibot/share/lib_wifibot/environment/path.sh
[2.250s] -- Installing: /home/greg/ros2_ws/src/install/lib_wifibot/share/lib_wifibot/environment/path.dsv
[2.250s] -- Installing: /home/greg/ros2_ws/src/install/lib_wifibot/share/lib_wifibot/local_setup.bash
[2.251s] -- Installing: /home/greg/ros2_ws/src/install/lib_wifibot/share/lib_wifibot/local_setup.sh
[2.251s] -- Installing: /home/greg/ros2_ws/src/install/lib_wifibot/share/lib_wifibot/local_setup.zsh
[2.251s] -- Installing: /home/greg/ros2_ws/src/install/lib_wifibot/share/lib_wifibot/local_setup.dsv
[2.252s] -- Installing: /home/greg/ros2_ws/src/install/lib_wifibot/share/lib_wifibot/package.dsv
[2.252s] -- Installing: /home/greg/ros2_ws/src/install/lib_wifibot/share/ament_index/resource_index/packages/lib_wifibot
[2.253s] -- Installing: /home/greg/ros2_ws/src/install/lib_wifibot/share/lib_wifibot/cmake/lib_wifibotExport.cmake
[2.254s] -- Installing: /home/greg/ros2_ws/src/install/lib_wifibot/share/lib_wifibot/cmake/lib_wifibotExport-noconfig.cmake
[2.254s] -- Installing: /home/greg/ros2_ws/src/install/lib_wifibot/share/lib_wifibot/cmake/ament_cmake_export_targets-extras.cmake
[2.254s] -- Installing: /home/greg/ros2_ws/src/install/lib_wifibot/share/lib_wifibot/cmake/lib_wifibotConfig.cmake
[2.255s] -- Installing: /home/greg/ros2_ws/src/install/lib_wifibot/share/lib_wifibot/cmake/lib_wifibotConfig-version.cmake
[2.255s] -- Installing: /home/greg/ros2_ws/src/install/lib_wifibot/share/lib_wifibot/package.xml
[2.258s] Invoked command in '/home/greg/ros2_ws/src/build/lib_wifibot' returned '0': CMAKE_PREFIX_PATH=${CMAKE_PREFIX_PATH}:/opt/ros/humble /usr/bin/cmake --install /home/greg/ros2_ws/src/build/lib_wifibot
