[0.106s] Invoking command in '/home/greg/ros2_ws/build/joy2twist': CMAKE_PREFIX_PATH=${CMAKE_PREFIX_PATH}:/opt/ros/humble /usr/bin/cmake /home/greg/ros2_ws/src/joy2twist/joy2twist -DCMAKE_INSTALL_PREFIX=/home/greg/ros2_ws/install/joy2twist
[0.169s] -- The C compiler identification is GNU 11.4.0
[0.227s] -- The CXX compiler identification is GNU 11.4.0
[0.235s] -- Detecting C compiler ABI info
[0.321s] -- Detecting C compiler ABI info - done
[0.327s] -- Check for working C compiler: /usr/bin/cc - skipped
[0.328s] -- Detecting C compile features
[0.328s] -- Detecting C compile features - done
[0.331s] -- Detecting CXX compiler ABI info
[0.428s] -- Detecting CXX compiler ABI info - done
[0.437s] -- Check for working CXX compiler: /usr/bin/c++ - skipped
[0.438s] -- Detecting CXX compile features
[0.438s] -- Detecting CXX compile features - done
[0.441s] -- Found ament_cmake: 1.3.5 (/opt/ros/humble/share/ament_cmake/cmake)
[0.646s] -- Found Python3: /usr/bin/python3.10 (found version "3.10.12") found components: Interpreter 
[0.727s] -- Found ament_index_cpp: 1.4.0 (/opt/ros/humble/share/ament_index_cpp/cmake)
[0.729s] -- Found rclcpp: 16.0.6 (/opt/ros/humble/share/rclcpp/cmake)
[0.762s] -- Found rosidl_generator_c: 3.1.5 (/opt/ros/humble/share/rosidl_generator_c/cmake)
[0.766s] -- Found rosidl_adapter: 3.1.5 (/opt/ros/humble/share/rosidl_adapter/cmake)
[0.773s] -- Found rosidl_generator_cpp: 3.1.5 (/opt/ros/humble/share/rosidl_generator_cpp/cmake)
[0.787s] -- Using all available rosidl_typesupport_c: rosidl_typesupport_fastrtps_c;rosidl_typesupport_introspection_c
[0.805s] -- Using all available rosidl_typesupport_cpp: rosidl_typesupport_fastrtps_cpp;rosidl_typesupport_introspection_cpp
[0.865s] -- Found rmw_implementation_cmake: 6.1.1 (/opt/ros/humble/share/rmw_implementation_cmake/cmake)
[0.866s] -- Found rmw_fastrtps_cpp: 6.2.4 (/opt/ros/humble/share/rmw_fastrtps_cpp/cmake)
[0.973s] -- Found OpenSSL: /usr/lib/x86_64-linux-gnu/libcrypto.so (found version "3.0.2")  
[1.000s] -- Found FastRTPS: /opt/ros/humble/include  
[1.040s] -- Using RMW implementation 'rmw_fastrtps_cpp' as default
[1.047s] -- Looking for pthread.h
[1.131s] -- Looking for pthread.h - found
[1.131s] -- Performing Test CMAKE_HAVE_LIBC_PTHREAD
[1.221s] -- Performing Test CMAKE_HAVE_LIBC_PTHREAD - Success
[1.222s] -- Found Threads: TRUE  
[1.387s] -- Found geometry_msgs: 4.2.3 (/opt/ros/humble/share/geometry_msgs/cmake)
[1.434s] -- Found sensor_msgs: 4.2.3 (/opt/ros/humble/share/sensor_msgs/cmake)
[1.523s] -- Found joy_linux: 3.1.0 (/opt/ros/humble/share/joy_linux/cmake)
[1.526s] -- Found ament_lint_auto: 0.12.8 (/opt/ros/humble/share/ament_lint_auto/cmake)
[1.593s] -- Configuring done
[1.603s] -- Generating done
[1.604s] -- Build files have been written to: /home/greg/ros2_ws/build/joy2twist
[1.613s] Invoked command in '/home/greg/ros2_ws/build/joy2twist' returned '0': CMAKE_PREFIX_PATH=${CMAKE_PREFIX_PATH}:/opt/ros/humble /usr/bin/cmake /home/greg/ros2_ws/src/joy2twist/joy2twist -DCMAKE_INSTALL_PREFIX=/home/greg/ros2_ws/install/joy2twist
[1.615s] Invoking command in '/home/greg/ros2_ws/build/joy2twist': CMAKE_PREFIX_PATH=${CMAKE_PREFIX_PATH}:/opt/ros/humble /usr/bin/cmake --build /home/greg/ros2_ws/build/joy2twist -- -j16 -l16
[1.676s] [ 33%] [32mBuilding CXX object CMakeFiles/joy2twist.dir/src/main.cpp.o[0m
[1.677s] [ 66%] [32mBuilding CXX object CMakeFiles/joy2twist.dir/src/joy2twist_node.cpp.o[0m
[9.614s] [100%] [32m[1mLinking CXX executable joy2twist[0m
[10.012s] [100%] Built target joy2twist
[10.025s] Invoked command in '/home/greg/ros2_ws/build/joy2twist' returned '0': CMAKE_PREFIX_PATH=${CMAKE_PREFIX_PATH}:/opt/ros/humble /usr/bin/cmake --build /home/greg/ros2_ws/build/joy2twist -- -j16 -l16
[10.071s] Invoking command in '/home/greg/ros2_ws/build/joy2twist': CMAKE_PREFIX_PATH=${CMAKE_PREFIX_PATH}:/opt/ros/humble /usr/bin/cmake --install /home/greg/ros2_ws/build/joy2twist
[10.079s] -- Install configuration: ""
[10.079s] -- Installing: /home/greg/ros2_ws/install/joy2twist/lib/joy2twist/joy2twist
[10.083s] -- Set runtime path of "/home/greg/ros2_ws/install/joy2twist/lib/joy2twist/joy2twist" to ""
[10.083s] -- Installing: /home/greg/ros2_ws/install/joy2twist/share/joy2twist//launch
[10.083s] -- Installing: /home/greg/ros2_ws/install/joy2twist/share/joy2twist//launch/joy2twist.launch.py
[10.084s] -- Installing: /home/greg/ros2_ws/install/joy2twist/share/joy2twist//launch/gamepad_controller.launch.py
[10.084s] -- Installing: /home/greg/ros2_ws/install/joy2twist/share/joy2twist//config
[10.084s] -- Installing: /home/greg/ros2_ws/install/joy2twist/share/joy2twist//config/joy2twist.yaml
[10.084s] -- Installing: /home/greg/ros2_ws/install/joy2twist/share/joy2twist//config/joy2twist_panther.yaml
[10.084s] -- Installing: /home/greg/ros2_ws/install/joy2twist/share/ament_index/resource_index/package_run_dependencies/joy2twist
[10.084s] -- Installing: /home/greg/ros2_ws/install/joy2twist/share/ament_index/resource_index/parent_prefix_path/joy2twist
[10.085s] -- Installing: /home/greg/ros2_ws/install/joy2twist/share/joy2twist/environment/ament_prefix_path.sh
[10.085s] -- Installing: /home/greg/ros2_ws/install/joy2twist/share/joy2twist/environment/ament_prefix_path.dsv
[10.085s] -- Installing: /home/greg/ros2_ws/install/joy2twist/share/joy2twist/environment/path.sh
[10.085s] -- Installing: /home/greg/ros2_ws/install/joy2twist/share/joy2twist/environment/path.dsv
[10.085s] -- Installing: /home/greg/ros2_ws/install/joy2twist/share/joy2twist/local_setup.bash
[10.085s] -- Installing: /home/greg/ros2_ws/install/joy2twist/share/joy2twist/local_setup.sh
[10.086s] -- Installing: /home/greg/ros2_ws/install/joy2twist/share/joy2twist/local_setup.zsh
[10.086s] -- Installing: /home/greg/ros2_ws/install/joy2twist/share/joy2twist/local_setup.dsv
[10.086s] -- Installing: /home/greg/ros2_ws/install/joy2twist/share/joy2twist/package.dsv
[10.086s] -- Installing: /home/greg/ros2_ws/install/joy2twist/share/ament_index/resource_index/packages/joy2twist
[10.086s] -- Installing: /home/greg/ros2_ws/install/joy2twist/share/joy2twist/cmake/ament_cmake_export_include_directories-extras.cmake
[10.086s] -- Installing: /home/greg/ros2_ws/install/joy2twist/share/joy2twist/cmake/joy2twistConfig.cmake
[10.086s] -- Installing: /home/greg/ros2_ws/install/joy2twist/share/joy2twist/cmake/joy2twistConfig-version.cmake
[10.086s] -- Installing: /home/greg/ros2_ws/install/joy2twist/share/joy2twist/package.xml
[10.088s] Invoked command in '/home/greg/ros2_ws/build/joy2twist' returned '0': CMAKE_PREFIX_PATH=${CMAKE_PREFIX_PATH}:/opt/ros/humble /usr/bin/cmake --install /home/greg/ros2_ws/build/joy2twist
