[0.788s] DEBUG:colcon:Command line arguments: ['/usr/bin/colcon', 'build']
[0.788s] DEBUG:colcon:Parsed command line arguments: Namespace(log_base=None, log_level=None, verb_name='build', build_base='build', install_base='install', merge_install=False, symlink_install=False, test_result_base=None, continue_on_error=False, executor='parallel', parallel_workers=16, event_handlers=None, ignore_user_meta=False, metas=['./colcon.meta'], base_paths=['.'], packages_ignore=None, packages_ignore_regex=None, paths=None, packages_up_to=None, packages_up_to_regex=None, packages_above=None, packages_above_and_dependencies=None, packages_above_depth=None, packages_select_by_dep=None, packages_skip_by_dep=None, packages_skip_up_to=None, packages_select_build_failed=False, packages_skip_build_finished=False, packages_select_test_failures=False, packages_skip_test_passed=False, packages_select=None, packages_skip=None, packages_select_regex=None, packages_skip_regex=None, packages_start=None, packages_end=None, allow_overriding=[], cmake_args=None, cmake_target=None, cmake_target_skip_unavailable=False, cmake_clean_cache=False, cmake_clean_first=False, cmake_force_configure=False, ament_cmake_args=None, catkin_cmake_args=None, catkin_skip_building_tests=False, verb_parser=<colcon_defaults.argument_parser.defaults.DefaultArgumentsDecorator object at 0x7fc0f14b55d0>, verb_extension=<colcon_core.verb.build.BuildVerb object at 0x7fc0f1702ce0>, main=<bound method BuildVerb.main of <colcon_core.verb.build.BuildVerb object at 0x7fc0f1702ce0>>)
[0.829s] Level 1:colcon.colcon_core.package_discovery:discover_packages(colcon_meta) check parameters
[0.830s] Level 1:colcon.colcon_core.package_discovery:discover_packages(recursive) check parameters
[0.830s] Level 1:colcon.colcon_core.package_discovery:discover_packages(ignore) check parameters
[0.830s] Level 1:colcon.colcon_core.package_discovery:discover_packages(path) check parameters
[0.830s] Level 1:colcon.colcon_core.package_discovery:discover_packages(colcon_meta) discover
[0.830s] Level 1:colcon.colcon_core.package_discovery:discover_packages(recursive) discover
[0.830s] INFO:colcon.colcon_core.package_discovery:Crawling recursively for packages in '/home/greg/ros2_ws'
[0.830s] Level 1:colcon.colcon_core.package_identification:_identify(.) by extensions ['ignore', 'ignore_ament_install']
[0.830s] Level 1:colcon.colcon_core.package_identification:_identify(.) by extension 'ignore'
[0.830s] Level 1:colcon.colcon_core.package_identification:_identify(.) by extension 'ignore_ament_install'
[0.830s] Level 1:colcon.colcon_core.package_identification:_identify(.) by extensions ['colcon_pkg']
[0.830s] Level 1:colcon.colcon_core.package_identification:_identify(.) by extension 'colcon_pkg'
[0.830s] Level 1:colcon.colcon_core.package_identification:_identify(.) by extensions ['colcon_meta']
[0.830s] Level 1:colcon.colcon_core.package_identification:_identify(.) by extension 'colcon_meta'
[0.830s] Level 1:colcon.colcon_core.package_identification:_identify(.) by extensions ['ros']
[0.830s] Level 1:colcon.colcon_core.package_identification:_identify(.) by extension 'ros'
[0.841s] Level 1:colcon.colcon_core.package_identification:_identify(.) by extensions ['cmake', 'python']
[0.841s] Level 1:colcon.colcon_core.package_identification:_identify(.) by extension 'cmake'
[0.841s] Level 1:colcon.colcon_core.package_identification:_identify(.) by extension 'python'
[0.841s] Level 1:colcon.colcon_core.package_identification:_identify(.) by extensions ['python_setup_py']
[0.841s] Level 1:colcon.colcon_core.package_identification:_identify(.) by extension 'python_setup_py'
[0.841s] Level 1:colcon.colcon_core.package_identification:_identify(build) by extensions ['ignore', 'ignore_ament_install']
[0.841s] Level 1:colcon.colcon_core.package_identification:_identify(build) by extension 'ignore'
[0.842s] Level 1:colcon.colcon_core.package_identification:_identify(build) ignored
[0.842s] Level 1:colcon.colcon_core.package_identification:_identify(install) by extensions ['ignore', 'ignore_ament_install']
[0.842s] Level 1:colcon.colcon_core.package_identification:_identify(install) by extension 'ignore'
[0.842s] Level 1:colcon.colcon_core.package_identification:_identify(install) ignored
[0.842s] Level 1:colcon.colcon_core.package_identification:_identify(log) by extensions ['ignore', 'ignore_ament_install']
[0.842s] Level 1:colcon.colcon_core.package_identification:_identify(log) by extension 'ignore'
[0.842s] Level 1:colcon.colcon_core.package_identification:_identify(log) ignored
[0.842s] Level 1:colcon.colcon_core.package_identification:_identify(src) by extensions ['ignore', 'ignore_ament_install']
[0.842s] Level 1:colcon.colcon_core.package_identification:_identify(src) by extension 'ignore'
[0.842s] Level 1:colcon.colcon_core.package_identification:_identify(src) by extension 'ignore_ament_install'
[0.842s] Level 1:colcon.colcon_core.package_identification:_identify(src) by extensions ['colcon_pkg']
[0.842s] Level 1:colcon.colcon_core.package_identification:_identify(src) by extension 'colcon_pkg'
[0.842s] Level 1:colcon.colcon_core.package_identification:_identify(src) by extensions ['colcon_meta']
[0.842s] Level 1:colcon.colcon_core.package_identification:_identify(src) by extension 'colcon_meta'
[0.842s] Level 1:colcon.colcon_core.package_identification:_identify(src) by extensions ['ros']
[0.842s] Level 1:colcon.colcon_core.package_identification:_identify(src) by extension 'ros'
[0.842s] Level 1:colcon.colcon_core.package_identification:_identify(src) by extensions ['cmake', 'python']
[0.842s] Level 1:colcon.colcon_core.package_identification:_identify(src) by extension 'cmake'
[0.842s] Level 1:colcon.colcon_core.package_identification:_identify(src) by extension 'python'
[0.842s] Level 1:colcon.colcon_core.package_identification:_identify(src) by extensions ['python_setup_py']
[0.842s] Level 1:colcon.colcon_core.package_identification:_identify(src) by extension 'python_setup_py'
[0.843s] Level 1:colcon.colcon_core.package_identification:_identify(src/build) by extensions ['ignore', 'ignore_ament_install']
[0.843s] Level 1:colcon.colcon_core.package_identification:_identify(src/build) by extension 'ignore'
[0.843s] Level 1:colcon.colcon_core.package_identification:_identify(src/build) ignored
[0.843s] Level 1:colcon.colcon_core.package_identification:_identify(src/install) by extensions ['ignore', 'ignore_ament_install']
[0.843s] Level 1:colcon.colcon_core.package_identification:_identify(src/install) by extension 'ignore'
[0.843s] Level 1:colcon.colcon_core.package_identification:_identify(src/install) ignored
[0.843s] Level 1:colcon.colcon_core.package_identification:_identify(src/joy2twist) by extensions ['ignore', 'ignore_ament_install']
[0.843s] Level 1:colcon.colcon_core.package_identification:_identify(src/joy2twist) by extension 'ignore'
[0.843s] Level 1:colcon.colcon_core.package_identification:_identify(src/joy2twist) by extension 'ignore_ament_install'
[0.843s] Level 1:colcon.colcon_core.package_identification:_identify(src/joy2twist) by extensions ['colcon_pkg']
[0.843s] Level 1:colcon.colcon_core.package_identification:_identify(src/joy2twist) by extension 'colcon_pkg'
[0.843s] Level 1:colcon.colcon_core.package_identification:_identify(src/joy2twist) by extensions ['colcon_meta']
[0.843s] Level 1:colcon.colcon_core.package_identification:_identify(src/joy2twist) by extension 'colcon_meta'
[0.843s] Level 1:colcon.colcon_core.package_identification:_identify(src/joy2twist) by extensions ['ros']
[0.843s] Level 1:colcon.colcon_core.package_identification:_identify(src/joy2twist) by extension 'ros'
[0.843s] Level 1:colcon.colcon_core.package_identification:_identify(src/joy2twist) by extensions ['cmake', 'python']
[0.843s] Level 1:colcon.colcon_core.package_identification:_identify(src/joy2twist) by extension 'cmake'
[0.843s] Level 1:colcon.colcon_core.package_identification:_identify(src/joy2twist) by extension 'python'
[0.843s] Level 1:colcon.colcon_core.package_identification:_identify(src/joy2twist) by extensions ['python_setup_py']
[0.843s] Level 1:colcon.colcon_core.package_identification:_identify(src/joy2twist) by extension 'python_setup_py'
[0.843s] Level 1:colcon.colcon_core.package_identification:_identify(src/joy2twist/demo) by extensions ['ignore', 'ignore_ament_install']
[0.843s] Level 1:colcon.colcon_core.package_identification:_identify(src/joy2twist/demo) by extension 'ignore'
[0.844s] Level 1:colcon.colcon_core.package_identification:_identify(src/joy2twist/demo) by extension 'ignore_ament_install'
[0.844s] Level 1:colcon.colcon_core.package_identification:_identify(src/joy2twist/demo) by extensions ['colcon_pkg']
[0.844s] Level 1:colcon.colcon_core.package_identification:_identify(src/joy2twist/demo) by extension 'colcon_pkg'
[0.844s] Level 1:colcon.colcon_core.package_identification:_identify(src/joy2twist/demo) by extensions ['colcon_meta']
[0.844s] Level 1:colcon.colcon_core.package_identification:_identify(src/joy2twist/demo) by extension 'colcon_meta'
[0.844s] Level 1:colcon.colcon_core.package_identification:_identify(src/joy2twist/demo) by extensions ['ros']
[0.844s] Level 1:colcon.colcon_core.package_identification:_identify(src/joy2twist/demo) by extension 'ros'
[0.844s] Level 1:colcon.colcon_core.package_identification:_identify(src/joy2twist/demo) by extensions ['cmake', 'python']
[0.844s] Level 1:colcon.colcon_core.package_identification:_identify(src/joy2twist/demo) by extension 'cmake'
[0.844s] Level 1:colcon.colcon_core.package_identification:_identify(src/joy2twist/demo) by extension 'python'
[0.844s] Level 1:colcon.colcon_core.package_identification:_identify(src/joy2twist/demo) by extensions ['python_setup_py']
[0.844s] Level 1:colcon.colcon_core.package_identification:_identify(src/joy2twist/demo) by extension 'python_setup_py'
[0.844s] Level 1:colcon.colcon_core.package_identification:_identify(src/joy2twist/joy2twist) by extensions ['ignore', 'ignore_ament_install']
[0.844s] Level 1:colcon.colcon_core.package_identification:_identify(src/joy2twist/joy2twist) by extension 'ignore'
[0.844s] Level 1:colcon.colcon_core.package_identification:_identify(src/joy2twist/joy2twist) by extension 'ignore_ament_install'
[0.844s] Level 1:colcon.colcon_core.package_identification:_identify(src/joy2twist/joy2twist) by extensions ['colcon_pkg']
[0.844s] Level 1:colcon.colcon_core.package_identification:_identify(src/joy2twist/joy2twist) by extension 'colcon_pkg'
[0.844s] Level 1:colcon.colcon_core.package_identification:_identify(src/joy2twist/joy2twist) by extensions ['colcon_meta']
[0.844s] Level 1:colcon.colcon_core.package_identification:_identify(src/joy2twist/joy2twist) by extension 'colcon_meta'
[0.844s] Level 1:colcon.colcon_core.package_identification:_identify(src/joy2twist/joy2twist) by extensions ['ros']
[0.844s] Level 1:colcon.colcon_core.package_identification:_identify(src/joy2twist/joy2twist) by extension 'ros'
[0.846s] DEBUG:colcon.colcon_core.package_identification:Package 'src/joy2twist/joy2twist' with type 'ros.ament_cmake' and name 'joy2twist'
[0.847s] Level 1:colcon.colcon_core.package_identification:_identify(src/lib_wifibot) by extensions ['ignore', 'ignore_ament_install']
[0.847s] Level 1:colcon.colcon_core.package_identification:_identify(src/lib_wifibot) by extension 'ignore'
[0.847s] Level 1:colcon.colcon_core.package_identification:_identify(src/lib_wifibot) by extension 'ignore_ament_install'
[0.847s] Level 1:colcon.colcon_core.package_identification:_identify(src/lib_wifibot) by extensions ['colcon_pkg']
[0.847s] Level 1:colcon.colcon_core.package_identification:_identify(src/lib_wifibot) by extension 'colcon_pkg'
[0.847s] Level 1:colcon.colcon_core.package_identification:_identify(src/lib_wifibot) by extensions ['colcon_meta']
[0.847s] Level 1:colcon.colcon_core.package_identification:_identify(src/lib_wifibot) by extension 'colcon_meta'
[0.847s] Level 1:colcon.colcon_core.package_identification:_identify(src/lib_wifibot) by extensions ['ros']
[0.847s] Level 1:colcon.colcon_core.package_identification:_identify(src/lib_wifibot) by extension 'ros'
[0.847s] DEBUG:colcon.colcon_core.package_identification:Package 'src/lib_wifibot' with type 'ros.ament_cmake' and name 'lib_wifibot'
[0.848s] Level 1:colcon.colcon_core.package_identification:_identify(src/log) by extensions ['ignore', 'ignore_ament_install']
[0.848s] Level 1:colcon.colcon_core.package_identification:_identify(src/log) by extension 'ignore'
[0.848s] Level 1:colcon.colcon_core.package_identification:_identify(src/log) ignored
[0.848s] Level 1:colcon.colcon_core.package_identification:_identify(src/roswifibot) by extensions ['ignore', 'ignore_ament_install']
[0.848s] Level 1:colcon.colcon_core.package_identification:_identify(src/roswifibot) by extension 'ignore'
[0.848s] Level 1:colcon.colcon_core.package_identification:_identify(src/roswifibot) by extension 'ignore_ament_install'
[0.848s] Level 1:colcon.colcon_core.package_identification:_identify(src/roswifibot) by extensions ['colcon_pkg']
[0.848s] Level 1:colcon.colcon_core.package_identification:_identify(src/roswifibot) by extension 'colcon_pkg'
[0.848s] Level 1:colcon.colcon_core.package_identification:_identify(src/roswifibot) by extensions ['colcon_meta']
[0.848s] Level 1:colcon.colcon_core.package_identification:_identify(src/roswifibot) by extension 'colcon_meta'
[0.848s] Level 1:colcon.colcon_core.package_identification:_identify(src/roswifibot) by extensions ['ros']
[0.848s] Level 1:colcon.colcon_core.package_identification:_identify(src/roswifibot) by extension 'ros'
[0.849s] DEBUG:colcon.colcon_core.package_identification:Package 'src/roswifibot' with type 'ros.ament_cmake' and name 'roswifibot'
[0.849s] Level 1:colcon.colcon_core.package_identification:_identify(src/wifibot_msgs) by extensions ['ignore', 'ignore_ament_install']
[0.849s] Level 1:colcon.colcon_core.package_identification:_identify(src/wifibot_msgs) by extension 'ignore'
[0.849s] Level 1:colcon.colcon_core.package_identification:_identify(src/wifibot_msgs) by extension 'ignore_ament_install'
[0.849s] Level 1:colcon.colcon_core.package_identification:_identify(src/wifibot_msgs) by extensions ['colcon_pkg']
[0.849s] Level 1:colcon.colcon_core.package_identification:_identify(src/wifibot_msgs) by extension 'colcon_pkg'
[0.849s] Level 1:colcon.colcon_core.package_identification:_identify(src/wifibot_msgs) by extensions ['colcon_meta']
[0.849s] Level 1:colcon.colcon_core.package_identification:_identify(src/wifibot_msgs) by extension 'colcon_meta'
[0.849s] Level 1:colcon.colcon_core.package_identification:_identify(src/wifibot_msgs) by extensions ['ros']
[0.849s] Level 1:colcon.colcon_core.package_identification:_identify(src/wifibot_msgs) by extension 'ros'
[0.849s] DEBUG:colcon.colcon_core.package_identification:Package 'src/wifibot_msgs' with type 'ros.ament_cmake' and name 'wifibot_msgs'
[0.849s] Level 1:colcon.colcon_core.package_discovery:discover_packages(recursive) using defaults
[0.850s] Level 1:colcon.colcon_core.package_discovery:discover_packages(ignore) discover
[0.850s] Level 1:colcon.colcon_core.package_discovery:discover_packages(ignore) using defaults
[0.850s] Level 1:colcon.colcon_core.package_discovery:discover_packages(path) discover
[0.850s] Level 1:colcon.colcon_core.package_discovery:discover_packages(path) using defaults
[0.924s] Level 1:colcon.colcon_core.package_discovery:discover_packages(prefix_path) check parameters
[0.924s] Level 1:colcon.colcon_core.package_discovery:discover_packages(prefix_path) discover
[0.946s] DEBUG:colcon.colcon_installed_package_information.package_discovery:Found 4 installed packages in /home/greg/ros2_ws/install
[0.958s] DEBUG:colcon.colcon_installed_package_information.package_discovery:Found 226 installed packages in /opt/ros/humble
[0.959s] Level 1:colcon.colcon_core.package_discovery:discover_packages(prefix_path) using defaults
[1.025s] Level 5:colcon.colcon_core.verb:set package 'joy2twist' build argument 'cmake_args' from command line to 'None'
[1.025s] Level 5:colcon.colcon_core.verb:set package 'joy2twist' build argument 'cmake_target' from command line to 'None'
[1.025s] Level 5:colcon.colcon_core.verb:set package 'joy2twist' build argument 'cmake_target_skip_unavailable' from command line to 'False'
[1.025s] Level 5:colcon.colcon_core.verb:set package 'joy2twist' build argument 'cmake_clean_cache' from command line to 'False'
[1.025s] Level 5:colcon.colcon_core.verb:set package 'joy2twist' build argument 'cmake_clean_first' from command line to 'False'
[1.025s] Level 5:colcon.colcon_core.verb:set package 'joy2twist' build argument 'cmake_force_configure' from command line to 'False'
[1.025s] Level 5:colcon.colcon_core.verb:set package 'joy2twist' build argument 'ament_cmake_args' from command line to 'None'
[1.025s] Level 5:colcon.colcon_core.verb:set package 'joy2twist' build argument 'catkin_cmake_args' from command line to 'None'
[1.025s] Level 5:colcon.colcon_core.verb:set package 'joy2twist' build argument 'catkin_skip_building_tests' from command line to 'False'
[1.025s] DEBUG:colcon.colcon_core.verb:Building package 'joy2twist' with the following arguments: {'ament_cmake_args': None, 'build_base': '/home/greg/ros2_ws/build/joy2twist', 'catkin_cmake_args': None, 'catkin_skip_building_tests': False, 'cmake_args': None, 'cmake_clean_cache': False, 'cmake_clean_first': False, 'cmake_force_configure': False, 'cmake_target': None, 'cmake_target_skip_unavailable': False, 'install_base': '/home/greg/ros2_ws/install/joy2twist', 'merge_install': False, 'path': '/home/greg/ros2_ws/src/joy2twist/joy2twist', 'symlink_install': False, 'test_result_base': None}
[1.035s] Level 5:colcon.colcon_core.verb:set package 'lib_wifibot' build argument 'cmake_args' from command line to 'None'
[1.035s] Level 5:colcon.colcon_core.verb:set package 'lib_wifibot' build argument 'cmake_target' from command line to 'None'
[1.035s] Level 5:colcon.colcon_core.verb:set package 'lib_wifibot' build argument 'cmake_target_skip_unavailable' from command line to 'False'
[1.035s] Level 5:colcon.colcon_core.verb:set package 'lib_wifibot' build argument 'cmake_clean_cache' from command line to 'False'
[1.035s] Level 5:colcon.colcon_core.verb:set package 'lib_wifibot' build argument 'cmake_clean_first' from command line to 'False'
[1.035s] Level 5:colcon.colcon_core.verb:set package 'lib_wifibot' build argument 'cmake_force_configure' from command line to 'False'
[1.035s] Level 5:colcon.colcon_core.verb:set package 'lib_wifibot' build argument 'ament_cmake_args' from command line to 'None'
[1.036s] Level 5:colcon.colcon_core.verb:set package 'lib_wifibot' build argument 'catkin_cmake_args' from command line to 'None'
[1.036s] Level 5:colcon.colcon_core.verb:set package 'lib_wifibot' build argument 'catkin_skip_building_tests' from command line to 'False'
[1.036s] DEBUG:colcon.colcon_core.verb:Building package 'lib_wifibot' with the following arguments: {'ament_cmake_args': None, 'build_base': '/home/greg/ros2_ws/build/lib_wifibot', 'catkin_cmake_args': None, 'catkin_skip_building_tests': False, 'cmake_args': None, 'cmake_clean_cache': False, 'cmake_clean_first': False, 'cmake_force_configure': False, 'cmake_target': None, 'cmake_target_skip_unavailable': False, 'install_base': '/home/greg/ros2_ws/install/lib_wifibot', 'merge_install': False, 'path': '/home/greg/ros2_ws/src/lib_wifibot', 'symlink_install': False, 'test_result_base': None}
[1.046s] Level 5:colcon.colcon_core.verb:set package 'wifibot_msgs' build argument 'cmake_args' from command line to 'None'
[1.046s] Level 5:colcon.colcon_core.verb:set package 'wifibot_msgs' build argument 'cmake_target' from command line to 'None'
[1.046s] Level 5:colcon.colcon_core.verb:set package 'wifibot_msgs' build argument 'cmake_target_skip_unavailable' from command line to 'False'
[1.046s] Level 5:colcon.colcon_core.verb:set package 'wifibot_msgs' build argument 'cmake_clean_cache' from command line to 'False'
[1.046s] Level 5:colcon.colcon_core.verb:set package 'wifibot_msgs' build argument 'cmake_clean_first' from command line to 'False'
[1.046s] Level 5:colcon.colcon_core.verb:set package 'wifibot_msgs' build argument 'cmake_force_configure' from command line to 'False'
[1.046s] Level 5:colcon.colcon_core.verb:set package 'wifibot_msgs' build argument 'ament_cmake_args' from command line to 'None'
[1.046s] Level 5:colcon.colcon_core.verb:set package 'wifibot_msgs' build argument 'catkin_cmake_args' from command line to 'None'
[1.047s] Level 5:colcon.colcon_core.verb:set package 'wifibot_msgs' build argument 'catkin_skip_building_tests' from command line to 'False'
[1.047s] DEBUG:colcon.colcon_core.verb:Building package 'wifibot_msgs' with the following arguments: {'ament_cmake_args': None, 'build_base': '/home/greg/ros2_ws/build/wifibot_msgs', 'catkin_cmake_args': None, 'catkin_skip_building_tests': False, 'cmake_args': None, 'cmake_clean_cache': False, 'cmake_clean_first': False, 'cmake_force_configure': False, 'cmake_target': None, 'cmake_target_skip_unavailable': False, 'install_base': '/home/greg/ros2_ws/install/wifibot_msgs', 'merge_install': False, 'path': '/home/greg/ros2_ws/src/wifibot_msgs', 'symlink_install': False, 'test_result_base': None}
[1.058s] Level 5:colcon.colcon_core.verb:set package 'roswifibot' build argument 'cmake_args' from command line to 'None'
[1.058s] Level 5:colcon.colcon_core.verb:set package 'roswifibot' build argument 'cmake_target' from command line to 'None'
[1.058s] Level 5:colcon.colcon_core.verb:set package 'roswifibot' build argument 'cmake_target_skip_unavailable' from command line to 'False'
[1.058s] Level 5:colcon.colcon_core.verb:set package 'roswifibot' build argument 'cmake_clean_cache' from command line to 'False'
[1.058s] Level 5:colcon.colcon_core.verb:set package 'roswifibot' build argument 'cmake_clean_first' from command line to 'False'
[1.058s] Level 5:colcon.colcon_core.verb:set package 'roswifibot' build argument 'cmake_force_configure' from command line to 'False'
[1.058s] Level 5:colcon.colcon_core.verb:set package 'roswifibot' build argument 'ament_cmake_args' from command line to 'None'
[1.058s] Level 5:colcon.colcon_core.verb:set package 'roswifibot' build argument 'catkin_cmake_args' from command line to 'None'
[1.058s] Level 5:colcon.colcon_core.verb:set package 'roswifibot' build argument 'catkin_skip_building_tests' from command line to 'False'
[1.058s] DEBUG:colcon.colcon_core.verb:Building package 'roswifibot' with the following arguments: {'ament_cmake_args': None, 'build_base': '/home/greg/ros2_ws/build/roswifibot', 'catkin_cmake_args': None, 'catkin_skip_building_tests': False, 'cmake_args': None, 'cmake_clean_cache': False, 'cmake_clean_first': False, 'cmake_force_configure': False, 'cmake_target': None, 'cmake_target_skip_unavailable': False, 'install_base': '/home/greg/ros2_ws/install/roswifibot', 'merge_install': False, 'path': '/home/greg/ros2_ws/src/roswifibot', 'symlink_install': False, 'test_result_base': None}
[1.068s] INFO:colcon.colcon_core.executor:Executing jobs using 'parallel' executor
[1.081s] DEBUG:colcon.colcon_parallel_executor.executor.parallel:run_until_complete
[1.082s] INFO:colcon.colcon_ros.task.ament_cmake.build:Building ROS package in '/home/greg/ros2_ws/src/wifibot_msgs' with build type 'ament_cmake'
[1.082s] INFO:colcon.colcon_cmake.task.cmake.build:Building CMake package in '/home/greg/ros2_ws/src/wifibot_msgs'
[1.095s] INFO:colcon.colcon_core.plugin_system:Skipping extension 'colcon_core.shell.bat': Not used on non-Windows systems
[1.095s] INFO:colcon.colcon_core.shell:Skip shell extension 'powershell' for command environment: Not usable outside of PowerShell
[1.095s] DEBUG:colcon.colcon_core.shell:Skip shell extension 'dsv' for command environment
[1.137s] INFO:colcon.colcon_ros.task.ament_cmake.build:Building ROS package in '/home/greg/ros2_ws/src/joy2twist/joy2twist' with build type 'ament_cmake'
[1.137s] INFO:colcon.colcon_cmake.task.cmake.build:Building CMake package in '/home/greg/ros2_ws/src/joy2twist/joy2twist'
[1.152s] INFO:colcon.colcon_core.shell:Skip shell extension 'powershell' for command environment: Not usable outside of PowerShell
[1.152s] DEBUG:colcon.colcon_core.shell:Skip shell extension 'dsv' for command environment
[1.191s] INFO:colcon.colcon_ros.task.ament_cmake.build:Building ROS package in '/home/greg/ros2_ws/src/lib_wifibot' with build type 'ament_cmake'
[1.191s] INFO:colcon.colcon_cmake.task.cmake.build:Building CMake package in '/home/greg/ros2_ws/src/lib_wifibot'
[1.204s] INFO:colcon.colcon_core.shell:Skip shell extension 'powershell' for command environment: Not usable outside of PowerShell
[1.204s] DEBUG:colcon.colcon_core.shell:Skip shell extension 'dsv' for command environment
[1.246s] DEBUG:colcon.colcon_core.event_handler.log_command:Invoking command in '/home/greg/ros2_ws/build/wifibot_msgs': CMAKE_PREFIX_PATH=${CMAKE_PREFIX_PATH}:/opt/ros/humble /usr/bin/cmake --build /home/greg/ros2_ws/build/wifibot_msgs -- -j16 -l16
[1.252s] DEBUG:colcon.colcon_core.event_handler.log_command:Invoking command in '/home/greg/ros2_ws/build/joy2twist': CMAKE_PREFIX_PATH=${CMAKE_PREFIX_PATH}:/opt/ros/humble /usr/bin/cmake --build /home/greg/ros2_ws/build/joy2twist -- -j16 -l16
[1.255s] DEBUG:colcon.colcon_core.event_handler.log_command:Invoking command in '/home/greg/ros2_ws/build/lib_wifibot': CMAKE_PREFIX_PATH=${CMAKE_PREFIX_PATH}:/opt/ros/humble /usr/bin/cmake --build /home/greg/ros2_ws/build/lib_wifibot -- -j16 -l16
[1.325s] DEBUG:colcon.colcon_core.event_handler.log_command:Invoked command in '/home/greg/ros2_ws/build/lib_wifibot' returned '0': CMAKE_PREFIX_PATH=${CMAKE_PREFIX_PATH}:/opt/ros/humble /usr/bin/cmake --build /home/greg/ros2_ws/build/lib_wifibot -- -j16 -l16
[1.330s] DEBUG:colcon.colcon_core.event_handler.log_command:Invoked command in '/home/greg/ros2_ws/build/joy2twist' returned '0': CMAKE_PREFIX_PATH=${CMAKE_PREFIX_PATH}:/opt/ros/humble /usr/bin/cmake --build /home/greg/ros2_ws/build/joy2twist -- -j16 -l16
[1.384s] DEBUG:colcon.colcon_core.event_handler.log_command:Invoking command in '/home/greg/ros2_ws/build/lib_wifibot': CMAKE_PREFIX_PATH=${CMAKE_PREFIX_PATH}:/opt/ros/humble /usr/bin/cmake --install /home/greg/ros2_ws/build/lib_wifibot
[1.387s] DEBUG:colcon.colcon_core.event_handler.log_command:Invoking command in '/home/greg/ros2_ws/build/joy2twist': CMAKE_PREFIX_PATH=${CMAKE_PREFIX_PATH}:/opt/ros/humble /usr/bin/cmake --install /home/greg/ros2_ws/build/joy2twist
[1.395s] Level 1:colcon.colcon_core.environment:create_environment_scripts_only(lib_wifibot)
[1.401s] DEBUG:colcon.colcon_core.event_handler.log_command:Invoked command in '/home/greg/ros2_ws/build/lib_wifibot' returned '0': CMAKE_PREFIX_PATH=${CMAKE_PREFIX_PATH}:/opt/ros/humble /usr/bin/cmake --install /home/greg/ros2_ws/build/lib_wifibot
[1.412s] Level 1:colcon.colcon_core.environment:checking '/home/greg/ros2_ws/install/lib_wifibot' for CMake module files
[1.413s] Level 1:colcon.colcon_core.environment:checking '/home/greg/ros2_ws/install/lib_wifibot' for CMake config files
[1.413s] Level 1:colcon.colcon_core.shell:create_environment_hook('lib_wifibot', 'cmake_prefix_path')
[1.425s] INFO:colcon.colcon_core.shell:Creating environment hook '/home/greg/ros2_ws/install/lib_wifibot/share/lib_wifibot/hook/cmake_prefix_path.ps1'
[1.426s] INFO:colcon.colcon_core.shell:Creating environment descriptor '/home/greg/ros2_ws/install/lib_wifibot/share/lib_wifibot/hook/cmake_prefix_path.dsv'
[1.427s] INFO:colcon.colcon_core.shell:Creating environment hook '/home/greg/ros2_ws/install/lib_wifibot/share/lib_wifibot/hook/cmake_prefix_path.sh'
[1.428s] Level 1:colcon.colcon_core.environment:checking '/home/greg/ros2_ws/install/lib_wifibot/lib'
[1.429s] Level 1:colcon.colcon_core.environment:checking '/home/greg/ros2_ws/install/lib_wifibot/bin'
[1.429s] Level 1:colcon.colcon_core.environment:checking '/home/greg/ros2_ws/install/lib_wifibot/lib/pkgconfig/lib_wifibot.pc'
[1.429s] Level 1:colcon.colcon_core.environment:checking '/home/greg/ros2_ws/install/lib_wifibot/lib/python3.10/site-packages'
[1.429s] Level 1:colcon.colcon_core.environment:checking '/home/greg/ros2_ws/install/lib_wifibot/bin'
[1.442s] INFO:colcon.colcon_core.shell:Creating package script '/home/greg/ros2_ws/install/lib_wifibot/share/lib_wifibot/package.ps1'
[1.443s] INFO:colcon.colcon_core.shell:Creating package descriptor '/home/greg/ros2_ws/install/lib_wifibot/share/lib_wifibot/package.dsv'
[1.444s] INFO:colcon.colcon_core.shell:Creating package script '/home/greg/ros2_ws/install/lib_wifibot/share/lib_wifibot/package.sh'
[1.445s] INFO:colcon.colcon_core.shell:Creating package script '/home/greg/ros2_ws/install/lib_wifibot/share/lib_wifibot/package.bash'
[1.446s] INFO:colcon.colcon_core.shell:Creating package script '/home/greg/ros2_ws/install/lib_wifibot/share/lib_wifibot/package.zsh'
[1.446s] Level 1:colcon.colcon_core.environment:create_file_with_runtime_dependencies(/home/greg/ros2_ws/install/lib_wifibot/share/colcon-core/packages/lib_wifibot)
[1.449s] Level 1:colcon.colcon_core.environment:create_environment_scripts_only(joy2twist)
[1.450s] DEBUG:colcon.colcon_core.event_handler.log_command:Invoked command in '/home/greg/ros2_ws/build/joy2twist' returned '0': CMAKE_PREFIX_PATH=${CMAKE_PREFIX_PATH}:/opt/ros/humble /usr/bin/cmake --install /home/greg/ros2_ws/build/joy2twist
[1.460s] Level 1:colcon.colcon_core.environment:checking '/home/greg/ros2_ws/install/joy2twist' for CMake module files
[1.461s] Level 1:colcon.colcon_core.environment:checking '/home/greg/ros2_ws/install/joy2twist' for CMake config files
[1.461s] Level 1:colcon.colcon_core.shell:create_environment_hook('joy2twist', 'cmake_prefix_path')
[1.471s] INFO:colcon.colcon_core.shell:Creating environment hook '/home/greg/ros2_ws/install/joy2twist/share/joy2twist/hook/cmake_prefix_path.ps1'
[1.472s] INFO:colcon.colcon_core.shell:Creating environment descriptor '/home/greg/ros2_ws/install/joy2twist/share/joy2twist/hook/cmake_prefix_path.dsv'
[1.472s] INFO:colcon.colcon_core.shell:Creating environment hook '/home/greg/ros2_ws/install/joy2twist/share/joy2twist/hook/cmake_prefix_path.sh'
[1.473s] Level 1:colcon.colcon_core.environment:checking '/home/greg/ros2_ws/install/joy2twist/lib'
[1.473s] Level 1:colcon.colcon_core.environment:checking '/home/greg/ros2_ws/install/joy2twist/bin'
[1.473s] Level 1:colcon.colcon_core.environment:checking '/home/greg/ros2_ws/install/joy2twist/lib/pkgconfig/joy2twist.pc'
[1.473s] Level 1:colcon.colcon_core.environment:checking '/home/greg/ros2_ws/install/joy2twist/lib/python3.10/site-packages'
[1.474s] Level 1:colcon.colcon_core.environment:checking '/home/greg/ros2_ws/install/joy2twist/bin'
[1.484s] INFO:colcon.colcon_core.shell:Creating package script '/home/greg/ros2_ws/install/joy2twist/share/joy2twist/package.ps1'
[1.485s] INFO:colcon.colcon_core.shell:Creating package descriptor '/home/greg/ros2_ws/install/joy2twist/share/joy2twist/package.dsv'
[1.485s] INFO:colcon.colcon_core.shell:Creating package script '/home/greg/ros2_ws/install/joy2twist/share/joy2twist/package.sh'
[1.486s] INFO:colcon.colcon_core.shell:Creating package script '/home/greg/ros2_ws/install/joy2twist/share/joy2twist/package.bash'
[1.486s] INFO:colcon.colcon_core.shell:Creating package script '/home/greg/ros2_ws/install/joy2twist/share/joy2twist/package.zsh'
[1.487s] Level 1:colcon.colcon_core.environment:create_file_with_runtime_dependencies(/home/greg/ros2_ws/install/joy2twist/share/colcon-core/packages/joy2twist)
[1.500s] Level 1:colcon.colcon_core.environment:create_environment_scripts_only(lib_wifibot)
[1.511s] Level 1:colcon.colcon_core.environment:checking '/home/greg/ros2_ws/install/lib_wifibot' for CMake module files
[1.511s] Level 1:colcon.colcon_core.environment:checking '/home/greg/ros2_ws/install/lib_wifibot' for CMake config files
[1.511s] Level 1:colcon.colcon_core.shell:create_environment_hook('lib_wifibot', 'cmake_prefix_path')
[1.522s] INFO:colcon.colcon_core.shell:Creating environment hook '/home/greg/ros2_ws/install/lib_wifibot/share/lib_wifibot/hook/cmake_prefix_path.ps1'
[1.523s] INFO:colcon.colcon_core.shell:Creating environment descriptor '/home/greg/ros2_ws/install/lib_wifibot/share/lib_wifibot/hook/cmake_prefix_path.dsv'
[1.524s] INFO:colcon.colcon_core.shell:Creating environment hook '/home/greg/ros2_ws/install/lib_wifibot/share/lib_wifibot/hook/cmake_prefix_path.sh'
[1.524s] Level 1:colcon.colcon_core.environment:checking '/home/greg/ros2_ws/install/lib_wifibot/lib'
[1.524s] Level 1:colcon.colcon_core.environment:checking '/home/greg/ros2_ws/install/lib_wifibot/bin'
[1.524s] Level 1:colcon.colcon_core.environment:checking '/home/greg/ros2_ws/install/lib_wifibot/lib/pkgconfig/lib_wifibot.pc'
[1.525s] Level 1:colcon.colcon_core.environment:checking '/home/greg/ros2_ws/install/lib_wifibot/lib/python3.10/site-packages'
[1.525s] Level 1:colcon.colcon_core.environment:checking '/home/greg/ros2_ws/install/lib_wifibot/bin'
[1.537s] INFO:colcon.colcon_core.shell:Creating package script '/home/greg/ros2_ws/install/lib_wifibot/share/lib_wifibot/package.ps1'
[1.537s] INFO:colcon.colcon_core.shell:Creating package descriptor '/home/greg/ros2_ws/install/lib_wifibot/share/lib_wifibot/package.dsv'
[1.538s] INFO:colcon.colcon_core.shell:Creating package script '/home/greg/ros2_ws/install/lib_wifibot/share/lib_wifibot/package.sh'
[1.539s] INFO:colcon.colcon_core.shell:Creating package script '/home/greg/ros2_ws/install/lib_wifibot/share/lib_wifibot/package.bash'
[1.539s] INFO:colcon.colcon_core.shell:Creating package script '/home/greg/ros2_ws/install/lib_wifibot/share/lib_wifibot/package.zsh'
[1.540s] Level 1:colcon.colcon_core.environment:create_file_with_runtime_dependencies(/home/greg/ros2_ws/install/lib_wifibot/share/colcon-core/packages/lib_wifibot)
[1.554s] Level 1:colcon.colcon_core.environment:create_environment_scripts_only(joy2twist)
[1.565s] Level 1:colcon.colcon_core.environment:checking '/home/greg/ros2_ws/install/joy2twist' for CMake module files
[1.566s] Level 1:colcon.colcon_core.environment:checking '/home/greg/ros2_ws/install/joy2twist' for CMake config files
[1.566s] Level 1:colcon.colcon_core.shell:create_environment_hook('joy2twist', 'cmake_prefix_path')
[1.579s] INFO:colcon.colcon_core.shell:Creating environment hook '/home/greg/ros2_ws/install/joy2twist/share/joy2twist/hook/cmake_prefix_path.ps1'
[1.580s] INFO:colcon.colcon_core.shell:Creating environment descriptor '/home/greg/ros2_ws/install/joy2twist/share/joy2twist/hook/cmake_prefix_path.dsv'
[1.580s] INFO:colcon.colcon_core.shell:Creating environment hook '/home/greg/ros2_ws/install/joy2twist/share/joy2twist/hook/cmake_prefix_path.sh'
[1.581s] Level 1:colcon.colcon_core.environment:checking '/home/greg/ros2_ws/install/joy2twist/lib'
[1.581s] Level 1:colcon.colcon_core.environment:checking '/home/greg/ros2_ws/install/joy2twist/bin'
[1.581s] Level 1:colcon.colcon_core.environment:checking '/home/greg/ros2_ws/install/joy2twist/lib/pkgconfig/joy2twist.pc'
[1.581s] Level 1:colcon.colcon_core.environment:checking '/home/greg/ros2_ws/install/joy2twist/lib/python3.10/site-packages'
[1.581s] Level 1:colcon.colcon_core.environment:checking '/home/greg/ros2_ws/install/joy2twist/bin'
[1.592s] INFO:colcon.colcon_core.shell:Creating package script '/home/greg/ros2_ws/install/joy2twist/share/joy2twist/package.ps1'
[1.593s] INFO:colcon.colcon_core.shell:Creating package descriptor '/home/greg/ros2_ws/install/joy2twist/share/joy2twist/package.dsv'
[1.593s] INFO:colcon.colcon_core.shell:Creating package script '/home/greg/ros2_ws/install/joy2twist/share/joy2twist/package.sh'
[1.594s] INFO:colcon.colcon_core.shell:Creating package script '/home/greg/ros2_ws/install/joy2twist/share/joy2twist/package.bash'
[1.594s] INFO:colcon.colcon_core.shell:Creating package script '/home/greg/ros2_ws/install/joy2twist/share/joy2twist/package.zsh'
[1.595s] Level 1:colcon.colcon_core.environment:create_file_with_runtime_dependencies(/home/greg/ros2_ws/install/joy2twist/share/colcon-core/packages/joy2twist)
[1.597s] DEBUG:colcon.colcon_core.event_handler.log_command:Invoked command in '/home/greg/ros2_ws/build/wifibot_msgs' returned '0': CMAKE_PREFIX_PATH=${CMAKE_PREFIX_PATH}:/opt/ros/humble /usr/bin/cmake --build /home/greg/ros2_ws/build/wifibot_msgs -- -j16 -l16
[1.730s] DEBUG:colcon.colcon_core.event_handler.log_command:Invoking command in '/home/greg/ros2_ws/build/wifibot_msgs': CMAKE_PREFIX_PATH=${CMAKE_PREFIX_PATH}:/opt/ros/humble /usr/bin/cmake --install /home/greg/ros2_ws/build/wifibot_msgs
[1.786s] Level 1:colcon.colcon_core.environment:create_environment_scripts_only(wifibot_msgs)
[1.786s] DEBUG:colcon.colcon_core.event_handler.log_command:Invoked command in '/home/greg/ros2_ws/build/wifibot_msgs' returned '0': CMAKE_PREFIX_PATH=${CMAKE_PREFIX_PATH}:/opt/ros/humble /usr/bin/cmake --install /home/greg/ros2_ws/build/wifibot_msgs
[1.798s] Level 1:colcon.colcon_core.environment:checking '/home/greg/ros2_ws/install/wifibot_msgs' for CMake module files
[1.799s] Level 1:colcon.colcon_core.environment:checking '/home/greg/ros2_ws/install/wifibot_msgs' for CMake config files
[1.799s] Level 1:colcon.colcon_core.shell:create_environment_hook('wifibot_msgs', 'cmake_prefix_path')
[1.810s] INFO:colcon.colcon_core.shell:Creating environment hook '/home/greg/ros2_ws/install/wifibot_msgs/share/wifibot_msgs/hook/cmake_prefix_path.ps1'
[1.810s] INFO:colcon.colcon_core.shell:Creating environment descriptor '/home/greg/ros2_ws/install/wifibot_msgs/share/wifibot_msgs/hook/cmake_prefix_path.dsv'
[1.811s] INFO:colcon.colcon_core.shell:Creating environment hook '/home/greg/ros2_ws/install/wifibot_msgs/share/wifibot_msgs/hook/cmake_prefix_path.sh'
[1.811s] Level 1:colcon.colcon_core.environment:checking '/home/greg/ros2_ws/install/wifibot_msgs/lib'
[1.811s] Level 1:colcon.colcon_core.shell:create_environment_hook('wifibot_msgs', 'ld_library_path_lib')
[1.822s] INFO:colcon.colcon_core.shell:Creating environment hook '/home/greg/ros2_ws/install/wifibot_msgs/share/wifibot_msgs/hook/ld_library_path_lib.ps1'
[1.823s] INFO:colcon.colcon_core.shell:Creating environment descriptor '/home/greg/ros2_ws/install/wifibot_msgs/share/wifibot_msgs/hook/ld_library_path_lib.dsv'
[1.823s] INFO:colcon.colcon_core.shell:Creating environment hook '/home/greg/ros2_ws/install/wifibot_msgs/share/wifibot_msgs/hook/ld_library_path_lib.sh'
[1.824s] Level 1:colcon.colcon_core.environment:checking '/home/greg/ros2_ws/install/wifibot_msgs/bin'
[1.824s] Level 1:colcon.colcon_core.environment:checking '/home/greg/ros2_ws/install/wifibot_msgs/lib/pkgconfig/wifibot_msgs.pc'
[1.824s] Level 1:colcon.colcon_core.environment:checking '/home/greg/ros2_ws/install/wifibot_msgs/lib/python3.10/site-packages'
[1.824s] Level 1:colcon.colcon_core.environment:checking '/home/greg/ros2_ws/install/wifibot_msgs/bin'
[1.846s] INFO:colcon.colcon_core.shell:Creating package script '/home/greg/ros2_ws/install/wifibot_msgs/share/wifibot_msgs/package.ps1'
[1.847s] INFO:colcon.colcon_core.shell:Creating package descriptor '/home/greg/ros2_ws/install/wifibot_msgs/share/wifibot_msgs/package.dsv'
[1.847s] INFO:colcon.colcon_core.shell:Creating package script '/home/greg/ros2_ws/install/wifibot_msgs/share/wifibot_msgs/package.sh'
[1.848s] INFO:colcon.colcon_core.shell:Creating package script '/home/greg/ros2_ws/install/wifibot_msgs/share/wifibot_msgs/package.bash'
[1.848s] INFO:colcon.colcon_core.shell:Creating package script '/home/greg/ros2_ws/install/wifibot_msgs/share/wifibot_msgs/package.zsh'
[1.849s] Level 1:colcon.colcon_core.environment:create_file_with_runtime_dependencies(/home/greg/ros2_ws/install/wifibot_msgs/share/colcon-core/packages/wifibot_msgs)
[1.979s] Level 1:colcon.colcon_core.environment:create_environment_scripts_only(wifibot_msgs)
[1.990s] Level 1:colcon.colcon_core.environment:checking '/home/greg/ros2_ws/install/wifibot_msgs' for CMake module files
[1.991s] Level 1:colcon.colcon_core.environment:checking '/home/greg/ros2_ws/install/wifibot_msgs' for CMake config files
[1.991s] Level 1:colcon.colcon_core.shell:create_environment_hook('wifibot_msgs', 'cmake_prefix_path')
[2.002s] INFO:colcon.colcon_core.shell:Creating environment hook '/home/greg/ros2_ws/install/wifibot_msgs/share/wifibot_msgs/hook/cmake_prefix_path.ps1'
[2.002s] INFO:colcon.colcon_core.shell:Creating environment descriptor '/home/greg/ros2_ws/install/wifibot_msgs/share/wifibot_msgs/hook/cmake_prefix_path.dsv'
[2.003s] INFO:colcon.colcon_core.shell:Creating environment hook '/home/greg/ros2_ws/install/wifibot_msgs/share/wifibot_msgs/hook/cmake_prefix_path.sh'
[2.003s] Level 1:colcon.colcon_core.environment:checking '/home/greg/ros2_ws/install/wifibot_msgs/lib'
[2.003s] Level 1:colcon.colcon_core.shell:create_environment_hook('wifibot_msgs', 'ld_library_path_lib')
[2.014s] INFO:colcon.colcon_core.shell:Creating environment hook '/home/greg/ros2_ws/install/wifibot_msgs/share/wifibot_msgs/hook/ld_library_path_lib.ps1'
[2.015s] INFO:colcon.colcon_core.shell:Creating environment descriptor '/home/greg/ros2_ws/install/wifibot_msgs/share/wifibot_msgs/hook/ld_library_path_lib.dsv'
[2.015s] INFO:colcon.colcon_core.shell:Creating environment hook '/home/greg/ros2_ws/install/wifibot_msgs/share/wifibot_msgs/hook/ld_library_path_lib.sh'
[2.015s] Level 1:colcon.colcon_core.environment:checking '/home/greg/ros2_ws/install/wifibot_msgs/bin'
[2.016s] Level 1:colcon.colcon_core.environment:checking '/home/greg/ros2_ws/install/wifibot_msgs/lib/pkgconfig/wifibot_msgs.pc'
[2.016s] Level 1:colcon.colcon_core.environment:checking '/home/greg/ros2_ws/install/wifibot_msgs/lib/python3.10/site-packages'
[2.016s] Level 1:colcon.colcon_core.environment:checking '/home/greg/ros2_ws/install/wifibot_msgs/bin'
[2.029s] INFO:colcon.colcon_core.shell:Creating package script '/home/greg/ros2_ws/install/wifibot_msgs/share/wifibot_msgs/package.ps1'
[2.030s] INFO:colcon.colcon_core.shell:Creating package descriptor '/home/greg/ros2_ws/install/wifibot_msgs/share/wifibot_msgs/package.dsv'
[2.030s] INFO:colcon.colcon_core.shell:Creating package script '/home/greg/ros2_ws/install/wifibot_msgs/share/wifibot_msgs/package.sh'
[2.031s] INFO:colcon.colcon_core.shell:Creating package script '/home/greg/ros2_ws/install/wifibot_msgs/share/wifibot_msgs/package.bash'
[2.031s] INFO:colcon.colcon_core.shell:Creating package script '/home/greg/ros2_ws/install/wifibot_msgs/share/wifibot_msgs/package.zsh'
[2.032s] Level 1:colcon.colcon_core.environment:create_file_with_runtime_dependencies(/home/greg/ros2_ws/install/wifibot_msgs/share/colcon-core/packages/wifibot_msgs)
[2.032s] INFO:colcon.colcon_ros.task.ament_cmake.build:Building ROS package in '/home/greg/ros2_ws/src/roswifibot' with build type 'ament_cmake'
[2.033s] INFO:colcon.colcon_cmake.task.cmake.build:Building CMake package in '/home/greg/ros2_ws/src/roswifibot'
[2.045s] INFO:colcon.colcon_core.shell:Skip shell extension 'powershell' for command environment: Not usable outside of PowerShell
[2.045s] DEBUG:colcon.colcon_core.shell:Skip shell extension 'dsv' for command environment
[2.091s] DEBUG:colcon.colcon_core.event_handler.log_command:Invoking command in '/home/greg/ros2_ws/build/roswifibot': CMAKE_PREFIX_PATH=/home/greg/ros2_ws/install/wifibot_msgs:/home/greg/ros2_ws/install/roswifibot:/home/greg/ros2_ws/install/lib_wifibot:/home/greg/ros2_ws/install/joy2twist:/opt/ros/humble /usr/bin/cmake --build /home/greg/ros2_ws/build/roswifibot -- -j16 -l16
[5.652s] DEBUG:colcon.colcon_core.event_handler.log_command:Invoked command in '/home/greg/ros2_ws/build/roswifibot' returned '2': CMAKE_PREFIX_PATH=/home/greg/ros2_ws/install/wifibot_msgs:/home/greg/ros2_ws/install/roswifibot:/home/greg/ros2_ws/install/lib_wifibot:/home/greg/ros2_ws/install/joy2twist:/opt/ros/humble /usr/bin/cmake --build /home/greg/ros2_ws/build/roswifibot -- -j16 -l16
[5.706s] Level 1:colcon.colcon_core.environment:create_environment_scripts_only(roswifibot)
[5.716s] Level 1:colcon.colcon_core.environment:checking '/home/greg/ros2_ws/install/roswifibot' for CMake module files
[5.717s] Level 1:colcon.colcon_core.environment:checking '/home/greg/ros2_ws/install/roswifibot' for CMake config files
[5.717s] Level 1:colcon.colcon_core.shell:create_environment_hook('roswifibot', 'cmake_prefix_path')
[5.727s] INFO:colcon.colcon_core.shell:Creating environment hook '/home/greg/ros2_ws/install/roswifibot/share/roswifibot/hook/cmake_prefix_path.ps1'
[5.727s] INFO:colcon.colcon_core.shell:Creating environment descriptor '/home/greg/ros2_ws/install/roswifibot/share/roswifibot/hook/cmake_prefix_path.dsv'
[5.728s] INFO:colcon.colcon_core.shell:Creating environment hook '/home/greg/ros2_ws/install/roswifibot/share/roswifibot/hook/cmake_prefix_path.sh'
[5.728s] Level 1:colcon.colcon_core.environment:checking '/home/greg/ros2_ws/install/roswifibot/lib'
[5.728s] Level 1:colcon.colcon_core.environment:checking '/home/greg/ros2_ws/install/roswifibot/bin'
[5.729s] Level 1:colcon.colcon_core.environment:checking '/home/greg/ros2_ws/install/roswifibot/lib/pkgconfig/roswifibot.pc'
[5.729s] Level 1:colcon.colcon_core.environment:checking '/home/greg/ros2_ws/install/roswifibot/lib/python3.10/site-packages'
[5.729s] Level 1:colcon.colcon_core.environment:checking '/home/greg/ros2_ws/install/roswifibot/bin'
[5.740s] INFO:colcon.colcon_core.shell:Creating package script '/home/greg/ros2_ws/install/roswifibot/share/roswifibot/package.ps1'
[5.740s] INFO:colcon.colcon_core.shell:Creating package descriptor '/home/greg/ros2_ws/install/roswifibot/share/roswifibot/package.dsv'
[5.741s] INFO:colcon.colcon_core.shell:Creating package script '/home/greg/ros2_ws/install/roswifibot/share/roswifibot/package.sh'
[5.742s] INFO:colcon.colcon_core.shell:Creating package script '/home/greg/ros2_ws/install/roswifibot/share/roswifibot/package.bash'
[5.742s] INFO:colcon.colcon_core.shell:Creating package script '/home/greg/ros2_ws/install/roswifibot/share/roswifibot/package.zsh'
[5.742s] Level 1:colcon.colcon_core.environment:create_file_with_runtime_dependencies(/home/greg/ros2_ws/install/roswifibot/share/colcon-core/packages/roswifibot)
[5.743s] DEBUG:colcon.colcon_parallel_executor.executor.parallel:closing loop
[5.744s] DEBUG:colcon.colcon_parallel_executor.executor.parallel:loop closed
[5.744s] DEBUG:colcon.colcon_parallel_executor.executor.parallel:run_until_complete finished with '2'
[5.744s] DEBUG:colcon.colcon_core.event_reactor:joining thread
[5.760s] INFO:colcon.colcon_core.plugin_system:Skipping extension 'colcon_notification.desktop_notification.terminal_notifier': Not used on non-Darwin systems
[5.760s] INFO:colcon.colcon_core.plugin_system:Skipping extension 'colcon_notification.desktop_notification.win32': Not used on non-Windows systems
[5.760s] INFO:colcon.colcon_notification.desktop_notification:Sending desktop notification using 'notify2'
[5.778s] DEBUG:colcon.colcon_core.event_reactor:joined thread
[5.790s] INFO:colcon.colcon_core.shell:Creating prefix script '/home/greg/ros2_ws/install/local_setup.ps1'
[5.791s] INFO:colcon.colcon_core.shell:Creating prefix util module '/home/greg/ros2_ws/install/_local_setup_util_ps1.py'
[5.792s] INFO:colcon.colcon_core.shell:Creating prefix chain script '/home/greg/ros2_ws/install/setup.ps1'
[5.806s] INFO:colcon.colcon_core.shell:Creating prefix script '/home/greg/ros2_ws/install/local_setup.sh'
[5.806s] INFO:colcon.colcon_core.shell:Creating prefix util module '/home/greg/ros2_ws/install/_local_setup_util_sh.py'
[5.807s] INFO:colcon.colcon_core.shell:Creating prefix chain script '/home/greg/ros2_ws/install/setup.sh'
[5.819s] INFO:colcon.colcon_core.shell:Creating prefix script '/home/greg/ros2_ws/install/local_setup.bash'
[5.820s] INFO:colcon.colcon_core.shell:Creating prefix chain script '/home/greg/ros2_ws/install/setup.bash'
[5.832s] INFO:colcon.colcon_core.shell:Creating prefix script '/home/greg/ros2_ws/install/local_setup.zsh'
[5.832s] INFO:colcon.colcon_core.shell:Creating prefix chain script '/home/greg/ros2_ws/install/setup.zsh'
