[0.078s] Invoking command in '/home/greg/ros2_ws/build/wifibot_msgs': CMAKE_PREFIX_PATH=${CMAKE_PREFIX_PATH}:/opt/ros/humble /usr/bin/cmake /home/greg/ros2_ws/src/wifibot_msgs -DCMAKE_INSTALL_PREFIX=/home/greg/ros2_ws/install/wifibot_msgs
[0.122s] -- The C compiler identification is GNU 11.4.0
[0.171s] -- The CXX compiler identification is GNU 11.4.0
[0.176s] -- Detecting C compiler ABI info
[0.231s] -- Detecting C compiler ABI info - done
[0.239s] -- Check for working C compiler: /usr/bin/cc - skipped
[0.239s] -- Detecting C compile features
[0.240s] -- Detecting C compile features - done
[0.242s] -- Detecting CXX compiler ABI info
[0.316s] -- Detecting CXX compiler ABI info - done
[0.321s] -- Check for working CXX compiler: /usr/bin/c++ - skipped
[0.321s] -- Detecting CXX compile features
[0.321s] -- Detecting CXX compile features - done
[0.323s] -- Found ament_cmake: 1.3.5 (/opt/ros/humble/share/ament_cmake/cmake)
[0.455s] -- Found Python3: /usr/bin/python3.10 (found version "3.10.12") found components: Interpreter 
[0.511s] -- Found ament_lint_auto: 0.12.8 (/opt/ros/humble/share/ament_lint_auto/cmake)
[0.563s] -- Found rosidl_default_generators: 1.2.0 (/opt/ros/humble/share/rosidl_default_generators/cmake)
[0.566s] -- Using all available rosidl_typesupport_c: rosidl_typesupport_fastrtps_c;rosidl_typesupport_introspection_c
[0.569s] -- Found rosidl_adapter: 3.1.5 (/opt/ros/humble/share/rosidl_adapter/cmake)
[0.593s] -- Using all available rosidl_typesupport_cpp: rosidl_typesupport_fastrtps_cpp;rosidl_typesupport_introspection_cpp
[0.747s] -- Found ament_cmake_ros: 0.10.0 (/opt/ros/humble/share/ament_cmake_ros/cmake)
[0.899s] -- Using all available rosidl_typesupport_c: rosidl_typesupport_fastrtps_c;rosidl_typesupport_introspection_c
[1.073s] -- Using all available rosidl_typesupport_cpp: rosidl_typesupport_fastrtps_cpp;rosidl_typesupport_introspection_cpp
[1.090s] -- Found PythonInterp: /usr/bin/python3 (found suitable version "3.10.12", minimum required is "3.6") 
[1.091s] -- Found python_cmake_module: 0.10.0 (/opt/ros/humble/share/python_cmake_module/cmake)
[1.112s] -- Found PythonLibs: /usr/lib/x86_64-linux-gnu/libpython3.10.so (found suitable version "3.10.12", minimum required is "3.5") 
[1.113s] -- Using PYTHON_EXECUTABLE: /usr/bin/python3
[1.113s] -- Using PYTHON_INCLUDE_DIRS: /usr/include/python3.10
[1.113s] -- Using PYTHON_LIBRARIES: /usr/lib/x86_64-linux-gnu/libpython3.10.so
[1.128s] -- Found PythonExtra: .so  
[1.157s] -- Added test 'lint_cmake' to check CMake code style
[1.158s] -- Added test 'xmllint' to check XML markup files
[1.161s] -- Configuring done
[1.181s] -- Generating done
[1.182s] -- Build files have been written to: /home/greg/ros2_ws/build/wifibot_msgs
[1.187s] Invoked command in '/home/greg/ros2_ws/build/wifibot_msgs' returned '0': CMAKE_PREFIX_PATH=${CMAKE_PREFIX_PATH}:/opt/ros/humble /usr/bin/cmake /home/greg/ros2_ws/src/wifibot_msgs -DCMAKE_INSTALL_PREFIX=/home/greg/ros2_ws/install/wifibot_msgs
[1.188s] Invoking command in '/home/greg/ros2_ws/build/wifibot_msgs': CMAKE_PREFIX_PATH=${CMAKE_PREFIX_PATH}:/opt/ros/humble /usr/bin/cmake --build /home/greg/ros2_ws/build/wifibot_msgs -- -j16 -l16
[1.221s] [  3%] [34m[1mGenerating C code for ROS interfaces[0m
[1.229s] [  6%] [34m[1mGenerating C++ code for ROS interfaces[0m
[1.238s] [  6%] Built target ament_cmake_python_copy_wifibot_msgs
[1.408s] [  9%] [32mBuilding C object CMakeFiles/wifibot_msgs__rosidl_generator_c.dir/rosidl_generator_c/wifibot_msgs/msg/detail/status__functions.c.o[0m
[1.413s] running egg_info
[1.413s] creating wifibot_msgs.egg-info
[1.414s] writing wifibot_msgs.egg-info/PKG-INFO
[1.414s] writing dependency_links to wifibot_msgs.egg-info/dependency_links.txt
[1.414s] writing top-level names to wifibot_msgs.egg-info/top_level.txt
[1.414s] writing manifest file 'wifibot_msgs.egg-info/SOURCES.txt'
[1.415s] reading manifest file 'wifibot_msgs.egg-info/SOURCES.txt'
[1.416s] writing manifest file 'wifibot_msgs.egg-info/SOURCES.txt'
[1.417s] [  9%] Built target wifibot_msgs__cpp
[1.429s] [ 12%] [34m[1mGenerating C++ type support for eProsima Fast-RTPS[0m
[1.429s] [ 16%] [34m[1mGenerating C++ type support dispatch for ROS interfaces[0m
[1.432s] [ 19%] [34m[1mGenerating C++ introspection for ROS interfaces[0m
[1.440s] [ 19%] Built target ament_cmake_python_build_wifibot_msgs_egg
[1.446s] [ 22%] [32m[1mLinking C shared library libwifibot_msgs__rosidl_generator_c.so[0m
[1.517s] [ 22%] Built target wifibot_msgs__rosidl_generator_c
[1.532s] [ 25%] [34m[1mGenerating C type support dispatch for ROS interfaces[0m
[1.534s] [ 32%] [34m[1mGenerating C introspection for ROS interfaces[0m
[1.534s] [ 32%] [34m[1mGenerating C type support for eProsima Fast-RTPS[0m
[1.684s] [ 35%] [32mBuilding CXX object CMakeFiles/wifibot_msgs__rosidl_typesupport_cpp.dir/rosidl_typesupport_cpp/wifibot_msgs/msg/status__type_support.cpp.o[0m
[1.705s] [ 38%] [32mBuilding CXX object CMakeFiles/wifibot_msgs__rosidl_typesupport_fastrtps_cpp.dir/rosidl_typesupport_fastrtps_cpp/wifibot_msgs/msg/detail/dds_fastrtps/status__type_support.cpp.o[0m
[1.757s] [ 41%] [32mBuilding CXX object CMakeFiles/wifibot_msgs__rosidl_typesupport_introspection_cpp.dir/rosidl_typesupport_introspection_cpp/wifibot_msgs/msg/detail/status__type_support.cpp.o[0m
[1.816s] [ 45%] [32mBuilding CXX object CMakeFiles/wifibot_msgs__rosidl_typesupport_fastrtps_c.dir/rosidl_typesupport_fastrtps_c/wifibot_msgs/msg/detail/status__type_support_c.cpp.o[0m
[1.824s] [ 48%] [32mBuilding CXX object CMakeFiles/wifibot_msgs__rosidl_typesupport_c.dir/rosidl_typesupport_c/wifibot_msgs/msg/status__type_support.cpp.o[0m
[1.868s] [ 51%] [32mBuilding C object CMakeFiles/wifibot_msgs__rosidl_typesupport_introspection_c.dir/rosidl_typesupport_introspection_c/wifibot_msgs/msg/detail/status__type_support.c.o[0m
[1.883s] [ 54%] [32m[1mLinking CXX shared library libwifibot_msgs__rosidl_typesupport_c.so[0m
[1.961s] [ 58%] [32m[1mLinking C shared library libwifibot_msgs__rosidl_typesupport_introspection_c.so[0m
[1.971s] [ 58%] Built target wifibot_msgs__rosidl_typesupport_c
[2.011s] [ 58%] Built target wifibot_msgs__rosidl_typesupport_introspection_c
[2.261s] [ 61%] [32m[1mLinking CXX shared library libwifibot_msgs__rosidl_typesupport_cpp.so[0m
[2.343s] [ 61%] Built target wifibot_msgs__rosidl_typesupport_cpp
[2.417s] [ 64%] [32m[1mLinking CXX shared library libwifibot_msgs__rosidl_typesupport_fastrtps_cpp.so[0m
[2.422s] [ 67%] [32m[1mLinking CXX shared library libwifibot_msgs__rosidl_typesupport_introspection_cpp.so[0m
[2.451s] [ 70%] [32m[1mLinking CXX shared library libwifibot_msgs__rosidl_typesupport_fastrtps_c.so[0m
[2.467s] [ 70%] Built target wifibot_msgs__rosidl_typesupport_introspection_cpp
[2.501s] [ 70%] Built target wifibot_msgs__rosidl_typesupport_fastrtps_cpp
[2.565s] [ 70%] Built target wifibot_msgs__rosidl_typesupport_fastrtps_c
[2.611s] [ 70%] Built target wifibot_msgs
[2.763s] [ 74%] [34m[1mGenerating Python code for ROS interfaces[0m
[3.395s] [ 74%] Built target wifibot_msgs__py
[3.465s] [ 77%] [32mBuilding C object CMakeFiles/wifibot_msgs__rosidl_generator_py.dir/rosidl_generator_py/wifibot_msgs/msg/_status_s.c.o[0m
[3.615s] [ 80%] [32m[1mLinking C shared library rosidl_generator_py/wifibot_msgs/libwifibot_msgs__rosidl_generator_py.so[0m
[3.661s] [ 80%] Built target wifibot_msgs__rosidl_generator_py
[3.684s] [ 83%] [32mBuilding C object CMakeFiles/wifibot_msgs__rosidl_typesupport_introspection_c__pyext.dir/rosidl_generator_py/wifibot_msgs/_wifibot_msgs_s.ep.rosidl_typesupport_introspection_c.c.o[0m
[3.684s] [ 87%] [32mBuilding C object CMakeFiles/wifibot_msgs__rosidl_typesupport_fastrtps_c__pyext.dir/rosidl_generator_py/wifibot_msgs/_wifibot_msgs_s.ep.rosidl_typesupport_fastrtps_c.c.o[0m
[3.695s] [ 90%] [32mBuilding C object CMakeFiles/wifibot_msgs__rosidl_typesupport_c__pyext.dir/rosidl_generator_py/wifibot_msgs/_wifibot_msgs_s.ep.rosidl_typesupport_c.c.o[0m
[3.749s] [ 93%] [32m[1mLinking C shared library rosidl_generator_py/wifibot_msgs/wifibot_msgs_s__rosidl_typesupport_introspection_c.cpython-310-x86_64-linux-gnu.so[0m
[3.779s] [ 96%] [32m[1mLinking C shared library rosidl_generator_py/wifibot_msgs/wifibot_msgs_s__rosidl_typesupport_c.cpython-310-x86_64-linux-gnu.so[0m
[3.780s] [100%] [32m[1mLinking C shared library rosidl_generator_py/wifibot_msgs/wifibot_msgs_s__rosidl_typesupport_fastrtps_c.cpython-310-x86_64-linux-gnu.so[0m
[3.782s] [100%] Built target wifibot_msgs__rosidl_typesupport_introspection_c__pyext
[3.809s] [100%] Built target wifibot_msgs__rosidl_typesupport_c__pyext
[3.813s] [100%] Built target wifibot_msgs__rosidl_typesupport_fastrtps_c__pyext
[3.824s] Invoked command in '/home/greg/ros2_ws/build/wifibot_msgs' returned '0': CMAKE_PREFIX_PATH=${CMAKE_PREFIX_PATH}:/opt/ros/humble /usr/bin/cmake --build /home/greg/ros2_ws/build/wifibot_msgs -- -j16 -l16
[3.914s] Invoking command in '/home/greg/ros2_ws/build/wifibot_msgs': CMAKE_PREFIX_PATH=${CMAKE_PREFIX_PATH}:/opt/ros/humble /usr/bin/cmake --install /home/greg/ros2_ws/build/wifibot_msgs
[3.921s] -- Install configuration: ""
[3.921s] -- Installing: /home/greg/ros2_ws/install/wifibot_msgs/share/ament_index/resource_index/rosidl_interfaces/wifibot_msgs
[3.921s] -- Installing: /home/greg/ros2_ws/install/wifibot_msgs/include/wifibot_msgs/wifibot_msgs
[3.921s] -- Installing: /home/greg/ros2_ws/install/wifibot_msgs/include/wifibot_msgs/wifibot_msgs/msg
[3.921s] -- Installing: /home/greg/ros2_ws/install/wifibot_msgs/include/wifibot_msgs/wifibot_msgs/msg/status.h
[3.921s] -- Installing: /home/greg/ros2_ws/install/wifibot_msgs/include/wifibot_msgs/wifibot_msgs/msg/rosidl_generator_c__visibility_control.h
[3.921s] -- Installing: /home/greg/ros2_ws/install/wifibot_msgs/include/wifibot_msgs/wifibot_msgs/msg/detail
[3.921s] -- Installing: /home/greg/ros2_ws/install/wifibot_msgs/include/wifibot_msgs/wifibot_msgs/msg/detail/status__type_support.h
[3.921s] -- Installing: /home/greg/ros2_ws/install/wifibot_msgs/include/wifibot_msgs/wifibot_msgs/msg/detail/status__functions.h
[3.921s] -- Installing: /home/greg/ros2_ws/install/wifibot_msgs/include/wifibot_msgs/wifibot_msgs/msg/detail/status__struct.h
[3.921s] -- Installing: /home/greg/ros2_ws/install/wifibot_msgs/include/wifibot_msgs/wifibot_msgs/msg/detail/status__functions.c
[3.922s] -- Installing: /home/greg/ros2_ws/install/wifibot_msgs/share/wifibot_msgs/environment/library_path.sh
[3.922s] -- Installing: /home/greg/ros2_ws/install/wifibot_msgs/share/wifibot_msgs/environment/library_path.dsv
[3.922s] -- Installing: /home/greg/ros2_ws/install/wifibot_msgs/lib/libwifibot_msgs__rosidl_generator_c.so
[3.922s] -- Set runtime path of "/home/greg/ros2_ws/install/wifibot_msgs/lib/libwifibot_msgs__rosidl_generator_c.so" to ""
[3.922s] -- Up-to-date: /home/greg/ros2_ws/install/wifibot_msgs/include/wifibot_msgs/wifibot_msgs
[3.922s] -- Up-to-date: /home/greg/ros2_ws/install/wifibot_msgs/include/wifibot_msgs/wifibot_msgs/msg
[3.922s] -- Installing: /home/greg/ros2_ws/install/wifibot_msgs/include/wifibot_msgs/wifibot_msgs/msg/rosidl_typesupport_fastrtps_c__visibility_control.h
[3.922s] -- Up-to-date: /home/greg/ros2_ws/install/wifibot_msgs/include/wifibot_msgs/wifibot_msgs/msg/detail
[3.922s] -- Installing: /home/greg/ros2_ws/install/wifibot_msgs/include/wifibot_msgs/wifibot_msgs/msg/detail/status__rosidl_typesupport_fastrtps_c.h
[3.922s] -- Installing: /home/greg/ros2_ws/install/wifibot_msgs/lib/libwifibot_msgs__rosidl_typesupport_fastrtps_c.so
[3.922s] -- Set runtime path of "/home/greg/ros2_ws/install/wifibot_msgs/lib/libwifibot_msgs__rosidl_typesupport_fastrtps_c.so" to ""
[3.922s] -- Up-to-date: /home/greg/ros2_ws/install/wifibot_msgs/include/wifibot_msgs/wifibot_msgs
[3.923s] -- Up-to-date: /home/greg/ros2_ws/install/wifibot_msgs/include/wifibot_msgs/wifibot_msgs/msg
[3.923s] -- Installing: /home/greg/ros2_ws/install/wifibot_msgs/include/wifibot_msgs/wifibot_msgs/msg/rosidl_typesupport_introspection_c__visibility_control.h
[3.923s] -- Up-to-date: /home/greg/ros2_ws/install/wifibot_msgs/include/wifibot_msgs/wifibot_msgs/msg/detail
[3.923s] -- Installing: /home/greg/ros2_ws/install/wifibot_msgs/include/wifibot_msgs/wifibot_msgs/msg/detail/status__rosidl_typesupport_introspection_c.h
[3.923s] -- Installing: /home/greg/ros2_ws/install/wifibot_msgs/include/wifibot_msgs/wifibot_msgs/msg/detail/status__type_support.c
[3.923s] -- Installing: /home/greg/ros2_ws/install/wifibot_msgs/lib/libwifibot_msgs__rosidl_typesupport_introspection_c.so
[3.923s] -- Set runtime path of "/home/greg/ros2_ws/install/wifibot_msgs/lib/libwifibot_msgs__rosidl_typesupport_introspection_c.so" to ""
[3.923s] -- Installing: /home/greg/ros2_ws/install/wifibot_msgs/lib/libwifibot_msgs__rosidl_typesupport_c.so
[3.923s] -- Set runtime path of "/home/greg/ros2_ws/install/wifibot_msgs/lib/libwifibot_msgs__rosidl_typesupport_c.so" to ""
[3.923s] -- Up-to-date: /home/greg/ros2_ws/install/wifibot_msgs/include/wifibot_msgs/wifibot_msgs
[3.923s] -- Up-to-date: /home/greg/ros2_ws/install/wifibot_msgs/include/wifibot_msgs/wifibot_msgs/msg
[3.924s] -- Up-to-date: /home/greg/ros2_ws/install/wifibot_msgs/include/wifibot_msgs/wifibot_msgs/msg/detail
[3.924s] -- Installing: /home/greg/ros2_ws/install/wifibot_msgs/include/wifibot_msgs/wifibot_msgs/msg/detail/status__builder.hpp
[3.924s] -- Installing: /home/greg/ros2_ws/install/wifibot_msgs/include/wifibot_msgs/wifibot_msgs/msg/detail/status__traits.hpp
[3.924s] -- Installing: /home/greg/ros2_ws/install/wifibot_msgs/include/wifibot_msgs/wifibot_msgs/msg/detail/status__struct.hpp
[3.924s] -- Installing: /home/greg/ros2_ws/install/wifibot_msgs/include/wifibot_msgs/wifibot_msgs/msg/status.hpp
[3.924s] -- Up-to-date: /home/greg/ros2_ws/install/wifibot_msgs/include/wifibot_msgs/wifibot_msgs
[3.924s] -- Up-to-date: /home/greg/ros2_ws/install/wifibot_msgs/include/wifibot_msgs/wifibot_msgs/msg
[3.924s] -- Installing: /home/greg/ros2_ws/install/wifibot_msgs/include/wifibot_msgs/wifibot_msgs/msg/rosidl_typesupport_fastrtps_cpp__visibility_control.h
[3.924s] -- Up-to-date: /home/greg/ros2_ws/install/wifibot_msgs/include/wifibot_msgs/wifibot_msgs/msg/detail
[3.924s] -- Installing: /home/greg/ros2_ws/install/wifibot_msgs/include/wifibot_msgs/wifibot_msgs/msg/detail/status__rosidl_typesupport_fastrtps_cpp.hpp
[3.924s] -- Installing: /home/greg/ros2_ws/install/wifibot_msgs/include/wifibot_msgs/wifibot_msgs/msg/detail/dds_fastrtps
[3.925s] -- Installing: /home/greg/ros2_ws/install/wifibot_msgs/lib/libwifibot_msgs__rosidl_typesupport_fastrtps_cpp.so
[3.925s] -- Set runtime path of "/home/greg/ros2_ws/install/wifibot_msgs/lib/libwifibot_msgs__rosidl_typesupport_fastrtps_cpp.so" to ""
[3.925s] -- Up-to-date: /home/greg/ros2_ws/install/wifibot_msgs/include/wifibot_msgs/wifibot_msgs
[3.925s] -- Up-to-date: /home/greg/ros2_ws/install/wifibot_msgs/include/wifibot_msgs/wifibot_msgs/msg
[3.925s] -- Up-to-date: /home/greg/ros2_ws/install/wifibot_msgs/include/wifibot_msgs/wifibot_msgs/msg/detail
[3.925s] -- Installing: /home/greg/ros2_ws/install/wifibot_msgs/include/wifibot_msgs/wifibot_msgs/msg/detail/status__type_support.cpp
[3.925s] -- Installing: /home/greg/ros2_ws/install/wifibot_msgs/include/wifibot_msgs/wifibot_msgs/msg/detail/status__rosidl_typesupport_introspection_cpp.hpp
[3.925s] -- Installing: /home/greg/ros2_ws/install/wifibot_msgs/lib/libwifibot_msgs__rosidl_typesupport_introspection_cpp.so
[3.925s] -- Set runtime path of "/home/greg/ros2_ws/install/wifibot_msgs/lib/libwifibot_msgs__rosidl_typesupport_introspection_cpp.so" to ""
[3.925s] -- Installing: /home/greg/ros2_ws/install/wifibot_msgs/lib/libwifibot_msgs__rosidl_typesupport_cpp.so
[3.926s] -- Set runtime path of "/home/greg/ros2_ws/install/wifibot_msgs/lib/libwifibot_msgs__rosidl_typesupport_cpp.so" to ""
[3.926s] -- Installing: /home/greg/ros2_ws/install/wifibot_msgs/share/wifibot_msgs/environment/pythonpath.sh
[3.926s] -- Installing: /home/greg/ros2_ws/install/wifibot_msgs/share/wifibot_msgs/environment/pythonpath.dsv
[3.926s] -- Installing: /home/greg/ros2_ws/install/wifibot_msgs/local/lib/python3.10/dist-packages/wifibot_msgs-0.0.0-py3.10.egg-info
[3.926s] -- Installing: /home/greg/ros2_ws/install/wifibot_msgs/local/lib/python3.10/dist-packages/wifibot_msgs-0.0.0-py3.10.egg-info/dependency_links.txt
[3.926s] -- Installing: /home/greg/ros2_ws/install/wifibot_msgs/local/lib/python3.10/dist-packages/wifibot_msgs-0.0.0-py3.10.egg-info/SOURCES.txt
[3.926s] -- Installing: /home/greg/ros2_ws/install/wifibot_msgs/local/lib/python3.10/dist-packages/wifibot_msgs-0.0.0-py3.10.egg-info/PKG-INFO
[3.926s] -- Installing: /home/greg/ros2_ws/install/wifibot_msgs/local/lib/python3.10/dist-packages/wifibot_msgs-0.0.0-py3.10.egg-info/top_level.txt
[3.926s] -- Installing: /home/greg/ros2_ws/install/wifibot_msgs/local/lib/python3.10/dist-packages/wifibot_msgs
[3.926s] -- Installing: /home/greg/ros2_ws/install/wifibot_msgs/local/lib/python3.10/dist-packages/wifibot_msgs/wifibot_msgs_s__rosidl_typesupport_fastrtps_c.cpython-310-x86_64-linux-gnu.so
[3.927s] -- Installing: /home/greg/ros2_ws/install/wifibot_msgs/local/lib/python3.10/dist-packages/wifibot_msgs/libwifibot_msgs__rosidl_generator_py.so
[3.927s] -- Installing: /home/greg/ros2_ws/install/wifibot_msgs/local/lib/python3.10/dist-packages/wifibot_msgs/wifibot_msgs_s__rosidl_typesupport_c.cpython-310-x86_64-linux-gnu.so
[3.927s] -- Installing: /home/greg/ros2_ws/install/wifibot_msgs/local/lib/python3.10/dist-packages/wifibot_msgs/_wifibot_msgs_s.ep.rosidl_typesupport_c.c
[3.927s] -- Installing: /home/greg/ros2_ws/install/wifibot_msgs/local/lib/python3.10/dist-packages/wifibot_msgs/_wifibot_msgs_s.ep.rosidl_typesupport_introspection_c.c
[3.927s] -- Installing: /home/greg/ros2_ws/install/wifibot_msgs/local/lib/python3.10/dist-packages/wifibot_msgs/msg
[3.927s] -- Installing: /home/greg/ros2_ws/install/wifibot_msgs/local/lib/python3.10/dist-packages/wifibot_msgs/msg/_status_s.c
[3.927s] -- Installing: /home/greg/ros2_ws/install/wifibot_msgs/local/lib/python3.10/dist-packages/wifibot_msgs/msg/_status.py
[3.927s] -- Installing: /home/greg/ros2_ws/install/wifibot_msgs/local/lib/python3.10/dist-packages/wifibot_msgs/msg/__init__.py
[3.927s] -- Installing: /home/greg/ros2_ws/install/wifibot_msgs/local/lib/python3.10/dist-packages/wifibot_msgs/wifibot_msgs_s__rosidl_typesupport_introspection_c.cpython-310-x86_64-linux-gnu.so
[3.927s] -- Installing: /home/greg/ros2_ws/install/wifibot_msgs/local/lib/python3.10/dist-packages/wifibot_msgs/__init__.py
[3.927s] -- Installing: /home/greg/ros2_ws/install/wifibot_msgs/local/lib/python3.10/dist-packages/wifibot_msgs/_wifibot_msgs_s.ep.rosidl_typesupport_fastrtps_c.c
[3.953s] Listing '/home/greg/ros2_ws/install/wifibot_msgs/local/lib/python3.10/dist-packages/wifibot_msgs'...
[3.953s] Compiling '/home/greg/ros2_ws/install/wifibot_msgs/local/lib/python3.10/dist-packages/wifibot_msgs/__init__.py'...
[3.953s] Listing '/home/greg/ros2_ws/install/wifibot_msgs/local/lib/python3.10/dist-packages/wifibot_msgs/msg'...
[3.953s] Compiling '/home/greg/ros2_ws/install/wifibot_msgs/local/lib/python3.10/dist-packages/wifibot_msgs/msg/__init__.py'...
[3.953s] Compiling '/home/greg/ros2_ws/install/wifibot_msgs/local/lib/python3.10/dist-packages/wifibot_msgs/msg/_status.py'...
[3.956s] -- Installing: /home/greg/ros2_ws/install/wifibot_msgs/local/lib/python3.10/dist-packages/wifibot_msgs/wifibot_msgs_s__rosidl_typesupport_fastrtps_c.cpython-310-x86_64-linux-gnu.so
[3.956s] -- Set runtime path of "/home/greg/ros2_ws/install/wifibot_msgs/local/lib/python3.10/dist-packages/wifibot_msgs/wifibot_msgs_s__rosidl_typesupport_fastrtps_c.cpython-310-x86_64-linux-gnu.so" to ""
[3.956s] -- Installing: /home/greg/ros2_ws/install/wifibot_msgs/local/lib/python3.10/dist-packages/wifibot_msgs/wifibot_msgs_s__rosidl_typesupport_introspection_c.cpython-310-x86_64-linux-gnu.so
[3.957s] -- Set runtime path of "/home/greg/ros2_ws/install/wifibot_msgs/local/lib/python3.10/dist-packages/wifibot_msgs/wifibot_msgs_s__rosidl_typesupport_introspection_c.cpython-310-x86_64-linux-gnu.so" to ""
[3.957s] -- Installing: /home/greg/ros2_ws/install/wifibot_msgs/local/lib/python3.10/dist-packages/wifibot_msgs/wifibot_msgs_s__rosidl_typesupport_c.cpython-310-x86_64-linux-gnu.so
[3.957s] -- Set runtime path of "/home/greg/ros2_ws/install/wifibot_msgs/local/lib/python3.10/dist-packages/wifibot_msgs/wifibot_msgs_s__rosidl_typesupport_c.cpython-310-x86_64-linux-gnu.so" to ""
[3.957s] -- Installing: /home/greg/ros2_ws/install/wifibot_msgs/lib/libwifibot_msgs__rosidl_generator_py.so
[3.957s] -- Set runtime path of "/home/greg/ros2_ws/install/wifibot_msgs/lib/libwifibot_msgs__rosidl_generator_py.so" to ""
[3.958s] -- Installing: /home/greg/ros2_ws/install/wifibot_msgs/share/wifibot_msgs/msg/Status.idl
[3.958s] -- Installing: /home/greg/ros2_ws/install/wifibot_msgs/share/wifibot_msgs/msg/Status.msg
[3.958s] -- Installing: /home/greg/ros2_ws/install/wifibot_msgs/share/ament_index/resource_index/package_run_dependencies/wifibot_msgs
[3.958s] -- Installing: /home/greg/ros2_ws/install/wifibot_msgs/share/ament_index/resource_index/parent_prefix_path/wifibot_msgs
[3.958s] -- Installing: /home/greg/ros2_ws/install/wifibot_msgs/share/wifibot_msgs/environment/ament_prefix_path.sh
[3.958s] -- Installing: /home/greg/ros2_ws/install/wifibot_msgs/share/wifibot_msgs/environment/ament_prefix_path.dsv
[3.958s] -- Installing: /home/greg/ros2_ws/install/wifibot_msgs/share/wifibot_msgs/environment/path.sh
[3.958s] -- Installing: /home/greg/ros2_ws/install/wifibot_msgs/share/wifibot_msgs/environment/path.dsv
[3.959s] -- Installing: /home/greg/ros2_ws/install/wifibot_msgs/share/wifibot_msgs/local_setup.bash
[3.959s] -- Installing: /home/greg/ros2_ws/install/wifibot_msgs/share/wifibot_msgs/local_setup.sh
[3.959s] -- Installing: /home/greg/ros2_ws/install/wifibot_msgs/share/wifibot_msgs/local_setup.zsh
[3.959s] -- Installing: /home/greg/ros2_ws/install/wifibot_msgs/share/wifibot_msgs/local_setup.dsv
[3.959s] -- Installing: /home/greg/ros2_ws/install/wifibot_msgs/share/wifibot_msgs/package.dsv
[3.959s] -- Installing: /home/greg/ros2_ws/install/wifibot_msgs/share/ament_index/resource_index/packages/wifibot_msgs
[3.960s] -- Installing: /home/greg/ros2_ws/install/wifibot_msgs/share/wifibot_msgs/cmake/export_wifibot_msgs__rosidl_generator_cExport.cmake
[3.960s] -- Installing: /home/greg/ros2_ws/install/wifibot_msgs/share/wifibot_msgs/cmake/export_wifibot_msgs__rosidl_generator_cExport-noconfig.cmake
[3.960s] -- Installing: /home/greg/ros2_ws/install/wifibot_msgs/share/wifibot_msgs/cmake/export_wifibot_msgs__rosidl_typesupport_fastrtps_cExport.cmake
[3.960s] -- Installing: /home/greg/ros2_ws/install/wifibot_msgs/share/wifibot_msgs/cmake/export_wifibot_msgs__rosidl_typesupport_fastrtps_cExport-noconfig.cmake
[3.960s] -- Installing: /home/greg/ros2_ws/install/wifibot_msgs/share/wifibot_msgs/cmake/wifibot_msgs__rosidl_typesupport_introspection_cExport.cmake
[3.960s] -- Installing: /home/greg/ros2_ws/install/wifibot_msgs/share/wifibot_msgs/cmake/wifibot_msgs__rosidl_typesupport_introspection_cExport-noconfig.cmake
[3.960s] -- Installing: /home/greg/ros2_ws/install/wifibot_msgs/share/wifibot_msgs/cmake/wifibot_msgs__rosidl_typesupport_cExport.cmake
[3.961s] -- Installing: /home/greg/ros2_ws/install/wifibot_msgs/share/wifibot_msgs/cmake/wifibot_msgs__rosidl_typesupport_cExport-noconfig.cmake
[3.961s] -- Installing: /home/greg/ros2_ws/install/wifibot_msgs/share/wifibot_msgs/cmake/export_wifibot_msgs__rosidl_generator_cppExport.cmake
[3.961s] -- Installing: /home/greg/ros2_ws/install/wifibot_msgs/share/wifibot_msgs/cmake/export_wifibot_msgs__rosidl_typesupport_fastrtps_cppExport.cmake
[3.961s] -- Installing: /home/greg/ros2_ws/install/wifibot_msgs/share/wifibot_msgs/cmake/export_wifibot_msgs__rosidl_typesupport_fastrtps_cppExport-noconfig.cmake
[3.961s] -- Installing: /home/greg/ros2_ws/install/wifibot_msgs/share/wifibot_msgs/cmake/wifibot_msgs__rosidl_typesupport_introspection_cppExport.cmake
[3.961s] -- Installing: /home/greg/ros2_ws/install/wifibot_msgs/share/wifibot_msgs/cmake/wifibot_msgs__rosidl_typesupport_introspection_cppExport-noconfig.cmake
[3.961s] -- Installing: /home/greg/ros2_ws/install/wifibot_msgs/share/wifibot_msgs/cmake/wifibot_msgs__rosidl_typesupport_cppExport.cmake
[3.961s] -- Installing: /home/greg/ros2_ws/install/wifibot_msgs/share/wifibot_msgs/cmake/wifibot_msgs__rosidl_typesupport_cppExport-noconfig.cmake
[3.961s] -- Installing: /home/greg/ros2_ws/install/wifibot_msgs/share/wifibot_msgs/cmake/export_wifibot_msgs__rosidl_generator_pyExport.cmake
[3.961s] -- Installing: /home/greg/ros2_ws/install/wifibot_msgs/share/wifibot_msgs/cmake/export_wifibot_msgs__rosidl_generator_pyExport-noconfig.cmake
[3.961s] -- Installing: /home/greg/ros2_ws/install/wifibot_msgs/share/wifibot_msgs/cmake/rosidl_cmake-extras.cmake
[3.961s] -- Installing: /home/greg/ros2_ws/install/wifibot_msgs/share/wifibot_msgs/cmake/ament_cmake_export_include_directories-extras.cmake
[3.962s] -- Installing: /home/greg/ros2_ws/install/wifibot_msgs/share/wifibot_msgs/cmake/ament_cmake_export_libraries-extras.cmake
[3.962s] -- Installing: /home/greg/ros2_ws/install/wifibot_msgs/share/wifibot_msgs/cmake/ament_cmake_export_targets-extras.cmake
[3.962s] -- Installing: /home/greg/ros2_ws/install/wifibot_msgs/share/wifibot_msgs/cmake/rosidl_cmake_export_typesupport_targets-extras.cmake
[3.962s] -- Installing: /home/greg/ros2_ws/install/wifibot_msgs/share/wifibot_msgs/cmake/ament_cmake_export_dependencies-extras.cmake
[3.962s] -- Installing: /home/greg/ros2_ws/install/wifibot_msgs/share/wifibot_msgs/cmake/rosidl_cmake_export_typesupport_libraries-extras.cmake
[3.962s] -- Installing: /home/greg/ros2_ws/install/wifibot_msgs/share/wifibot_msgs/cmake/wifibot_msgsConfig.cmake
[3.962s] -- Installing: /home/greg/ros2_ws/install/wifibot_msgs/share/wifibot_msgs/cmake/wifibot_msgsConfig-version.cmake
[3.963s] -- Installing: /home/greg/ros2_ws/install/wifibot_msgs/share/wifibot_msgs/package.xml
[3.963s] Invoked command in '/home/greg/ros2_ws/build/wifibot_msgs' returned '0': CMAKE_PREFIX_PATH=${CMAKE_PREFIX_PATH}:/opt/ros/humble /usr/bin/cmake --install /home/greg/ros2_ws/build/wifibot_msgs
