[0.074s] Invoking command in '/home/greg/ros2_ws/build/arbotix_controllers': CMAKE_PREFIX_PATH=/home/greg/ros2_ws/install/arbotix_msgs:/home/greg/ros2_ws/install/arbotix:/home/greg/ros2_ws/install/arbotix_sensors:/home/greg/ros2_ws/install/arbotix_controllers:/home/greg/ros2_ws/install/arbotix_firmware:/home/greg/ros2_ws/install/roswifibot:/home/greg/ros2_ws/install/wifibot_msgs:/home/greg/ros2_ws/install/lib_wifibot:/home/greg/ros2_ws/install/joy2twist:/opt/ros/humble /usr/bin/cmake /home/greg/ros2_ws/src/arbotix_controllers -DCMAKE_INSTALL_PREFIX=/home/greg/ros2_ws/install/arbotix_controllers
[0.170s] -- The C compiler identification is GNU 11.4.0
[0.245s] -- The CXX compiler identification is GNU 11.4.0
[0.251s] -- Detecting C compiler ABI info
[0.339s] -- Detecting C compiler ABI info - done
[0.344s] -- Check for working C compiler: /usr/bin/cc - skipped
[0.344s] -- Detecting C compile features
[0.344s] -- Detecting C compile features - done
[0.346s] -- Detecting CXX compiler ABI info
[0.448s] -- Detecting CXX compiler ABI info - done
[0.453s] -- Check for working CXX compiler: /usr/bin/c++ - skipped
[0.453s] -- Detecting CXX compile features
[0.454s] -- Detecting CXX compile features - done
[0.455s] -- Found ament_cmake: 1.3.5 (/opt/ros/humble/share/ament_cmake/cmake)
[0.588s] -- Found Python3: /usr/bin/python3.10 (found version "3.10.12") found components: Interpreter 
[0.721s] -- Configuring done
[0.722s] -- Generating done
[0.724s] -- Build files have been written to: /home/greg/ros2_ws/build/arbotix_controllers
[0.728s] Invoked command in '/home/greg/ros2_ws/build/arbotix_controllers' returned '0': CMAKE_PREFIX_PATH=/home/greg/ros2_ws/install/arbotix_msgs:/home/greg/ros2_ws/install/arbotix:/home/greg/ros2_ws/install/arbotix_sensors:/home/greg/ros2_ws/install/arbotix_controllers:/home/greg/ros2_ws/install/arbotix_firmware:/home/greg/ros2_ws/install/roswifibot:/home/greg/ros2_ws/install/wifibot_msgs:/home/greg/ros2_ws/install/lib_wifibot:/home/greg/ros2_ws/install/joy2twist:/opt/ros/humble /usr/bin/cmake /home/greg/ros2_ws/src/arbotix_controllers -DCMAKE_INSTALL_PREFIX=/home/greg/ros2_ws/install/arbotix_controllers
[0.730s] Invoking command in '/home/greg/ros2_ws/build/arbotix_controllers': CMAKE_PREFIX_PATH=/home/greg/ros2_ws/install/arbotix_msgs:/home/greg/ros2_ws/install/arbotix:/home/greg/ros2_ws/install/arbotix_sensors:/home/greg/ros2_ws/install/arbotix_controllers:/home/greg/ros2_ws/install/arbotix_firmware:/home/greg/ros2_ws/install/roswifibot:/home/greg/ros2_ws/install/wifibot_msgs:/home/greg/ros2_ws/install/lib_wifibot:/home/greg/ros2_ws/install/joy2twist:/opt/ros/humble /usr/bin/cmake --build /home/greg/ros2_ws/build/arbotix_controllers -- -j16 -l16
[0.765s] Invoked command in '/home/greg/ros2_ws/build/arbotix_controllers' returned '0': CMAKE_PREFIX_PATH=/home/greg/ros2_ws/install/arbotix_msgs:/home/greg/ros2_ws/install/arbotix:/home/greg/ros2_ws/install/arbotix_sensors:/home/greg/ros2_ws/install/arbotix_controllers:/home/greg/ros2_ws/install/arbotix_firmware:/home/greg/ros2_ws/install/roswifibot:/home/greg/ros2_ws/install/wifibot_msgs:/home/greg/ros2_ws/install/lib_wifibot:/home/greg/ros2_ws/install/joy2twist:/opt/ros/humble /usr/bin/cmake --build /home/greg/ros2_ws/build/arbotix_controllers -- -j16 -l16
[0.793s] Invoking command in '/home/greg/ros2_ws/build/arbotix_controllers': CMAKE_PREFIX_PATH=/home/greg/ros2_ws/install/arbotix_msgs:/home/greg/ros2_ws/install/arbotix:/home/greg/ros2_ws/install/arbotix_sensors:/home/greg/ros2_ws/install/arbotix_controllers:/home/greg/ros2_ws/install/arbotix_firmware:/home/greg/ros2_ws/install/roswifibot:/home/greg/ros2_ws/install/wifibot_msgs:/home/greg/ros2_ws/install/lib_wifibot:/home/greg/ros2_ws/install/joy2twist:/opt/ros/humble /usr/bin/cmake --install /home/greg/ros2_ws/build/arbotix_controllers
[0.801s] -- Install configuration: ""
[0.801s] -- Installing: /home/greg/ros2_ws/install/arbotix_controllers/bin/arbotix_controllers/gripper_controller
[0.801s] -- Installing: /home/greg/ros2_ws/install/arbotix_controllers/bin/arbotix_controllers/one_side_gripper_controller.py
[0.802s] -- Installing: /home/greg/ros2_ws/install/arbotix_controllers/bin/arbotix_controllers/parallel_gripper_controller.py
[0.802s] -- Installing: /home/greg/ros2_ws/install/arbotix_controllers/bin/arbotix_controllers/parallel_single_servo_controller.py
[0.802s] -- Installing: /home/greg/ros2_ws/install/arbotix_controllers/share/ament_index/resource_index/package_run_dependencies/arbotix_controllers
[0.802s] -- Installing: /home/greg/ros2_ws/install/arbotix_controllers/share/ament_index/resource_index/parent_prefix_path/arbotix_controllers
[0.802s] -- Installing: /home/greg/ros2_ws/install/arbotix_controllers/share/arbotix_controllers/environment/ament_prefix_path.sh
[0.802s] -- Installing: /home/greg/ros2_ws/install/arbotix_controllers/share/arbotix_controllers/environment/ament_prefix_path.dsv
[0.802s] -- Installing: /home/greg/ros2_ws/install/arbotix_controllers/share/arbotix_controllers/environment/path.sh
[0.802s] -- Installing: /home/greg/ros2_ws/install/arbotix_controllers/share/arbotix_controllers/environment/path.dsv
[0.802s] -- Installing: /home/greg/ros2_ws/install/arbotix_controllers/share/arbotix_controllers/local_setup.bash
[0.802s] -- Installing: /home/greg/ros2_ws/install/arbotix_controllers/share/arbotix_controllers/local_setup.sh
[0.803s] -- Installing: /home/greg/ros2_ws/install/arbotix_controllers/share/arbotix_controllers/local_setup.zsh
[0.803s] -- Installing: /home/greg/ros2_ws/install/arbotix_controllers/share/arbotix_controllers/local_setup.dsv
[0.803s] -- Installing: /home/greg/ros2_ws/install/arbotix_controllers/share/arbotix_controllers/package.dsv
[0.803s] -- Installing: /home/greg/ros2_ws/install/arbotix_controllers/share/ament_index/resource_index/packages/arbotix_controllers
[0.803s] -- Installing: /home/greg/ros2_ws/install/arbotix_controllers/share/arbotix_controllers/cmake/arbotix_controllersConfig.cmake
[0.803s] -- Installing: /home/greg/ros2_ws/install/arbotix_controllers/share/arbotix_controllers/cmake/arbotix_controllersConfig-version.cmake
[0.803s] -- Installing: /home/greg/ros2_ws/install/arbotix_controllers/share/arbotix_controllers/package.xml
[0.804s] Invoked command in '/home/greg/ros2_ws/build/arbotix_controllers' returned '0': CMAKE_PREFIX_PATH=/home/greg/ros2_ws/install/arbotix_msgs:/home/greg/ros2_ws/install/arbotix:/home/greg/ros2_ws/install/arbotix_sensors:/home/greg/ros2_ws/install/arbotix_controllers:/home/greg/ros2_ws/install/arbotix_firmware:/home/greg/ros2_ws/install/roswifibot:/home/greg/ros2_ws/install/wifibot_msgs:/home/greg/ros2_ws/install/lib_wifibot:/home/greg/ros2_ws/install/joy2twist:/opt/ros/humble /usr/bin/cmake --install /home/greg/ros2_ws/build/arbotix_controllers
