[0.243s] Invoking command in '/home/greg/ros2_ws/src/build/wifibot_msgs': CMAKE_PREFIX_PATH=${CMAKE_PREFIX_PATH}:/opt/ros/humble /usr/bin/cmake /home/greg/ros2_ws/src/wifibot_msgs -DCMAKE_INSTALL_PREFIX=/home/greg/ros2_ws/src/install/wifibot_msgs
[0.372s] -- The C compiler identification is GNU 11.4.0
[0.496s] -- The CXX compiler identification is GNU 11.4.0
[0.511s] -- Detecting C compiler ABI info
[0.676s] -- Detecting C compiler ABI info - done
[0.683s] -- Check for working C compiler: /usr/bin/cc - skipped
[0.683s] -- Detecting C compile features
[0.684s] -- Detecting C compile features - done
[0.689s] -- Detecting CXX compiler ABI info
[0.876s] -- Detecting CXX compiler ABI info - done
[0.883s] -- Check for working CXX compiler: /usr/bin/c++ - skipped
[0.884s] -- Detecting CXX compile features
[0.884s] -- Detecting CXX compile features - done
[0.890s] -- Found ament_cmake: 1.3.5 (/opt/ros/humble/share/ament_cmake/cmake)
[1.133s] -- Found Python3: /usr/bin/python3.10 (found version "3.10.12") found components: Interpreter 
[1.293s] -- Found ament_lint_auto: 0.12.8 (/opt/ros/humble/share/ament_lint_auto/cmake)
[1.417s] -- Found rosidl_default_generators: 1.2.0 (/opt/ros/humble/share/rosidl_default_generators/cmake)
[1.424s] -- Using all available rosidl_typesupport_c: rosidl_typesupport_fastrtps_c;rosidl_typesupport_introspection_c
[1.440s] -- Found rosidl_adapter: 3.1.5 (/opt/ros/humble/share/rosidl_adapter/cmake)
[1.520s] -- Using all available rosidl_typesupport_cpp: rosidl_typesupport_fastrtps_cpp;rosidl_typesupport_introspection_cpp
[1.861s] -- Found ament_cmake_ros: 0.10.0 (/opt/ros/humble/share/ament_cmake_ros/cmake)
[2.142s] -- Using all available rosidl_typesupport_c: rosidl_typesupport_fastrtps_c;rosidl_typesupport_introspection_c
[2.489s] -- Using all available rosidl_typesupport_cpp: rosidl_typesupport_fastrtps_cpp;rosidl_typesupport_introspection_cpp
[2.521s] -- Found PythonInterp: /usr/bin/python3 (found suitable version "3.10.12", minimum required is "3.6") 
[2.525s] -- Found python_cmake_module: 0.10.0 (/opt/ros/humble/share/python_cmake_module/cmake)
[2.561s] -- Found PythonLibs: /usr/lib/x86_64-linux-gnu/libpython3.10.so (found suitable version "3.10.12", minimum required is "3.5") 
[2.561s] -- Using PYTHON_EXECUTABLE: /usr/bin/python3
[2.561s] -- Using PYTHON_INCLUDE_DIRS: /usr/include/python3.10
[2.561s] -- Using PYTHON_LIBRARIES: /usr/lib/x86_64-linux-gnu/libpython3.10.so
[2.589s] -- Found PythonExtra: .so  
[2.649s] -- Added test 'lint_cmake' to check CMake code style
[2.654s] -- Added test 'xmllint' to check XML markup files
[2.665s] -- Configuring done
[2.735s] -- Generating done
[2.739s] -- Build files have been written to: /home/greg/ros2_ws/src/build/wifibot_msgs
[2.750s] Invoked command in '/home/greg/ros2_ws/src/build/wifibot_msgs' returned '0': CMAKE_PREFIX_PATH=${CMAKE_PREFIX_PATH}:/opt/ros/humble /usr/bin/cmake /home/greg/ros2_ws/src/wifibot_msgs -DCMAKE_INSTALL_PREFIX=/home/greg/ros2_ws/src/install/wifibot_msgs
[2.754s] Invoking command in '/home/greg/ros2_ws/src/build/wifibot_msgs': CMAKE_PREFIX_PATH=${CMAKE_PREFIX_PATH}:/opt/ros/humble /usr/bin/cmake --build /home/greg/ros2_ws/src/build/wifibot_msgs -- -j16 -l16
[2.852s] [  3%] [34m[1mGenerating C code for ROS interfaces[0m
[2.878s] [  6%] [34m[1mGenerating C++ code for ROS interfaces[0m
[2.901s] [  6%] Built target ament_cmake_python_copy_wifibot_msgs
[3.179s] [  6%] Built target wifibot_msgs__cpp
[3.190s] [  9%] [32mBuilding C object CMakeFiles/wifibot_msgs__rosidl_generator_c.dir/rosidl_generator_c/wifibot_msgs/msg/detail/status__functions.c.o[0m
[3.206s] [ 12%] [34m[1mGenerating C++ type support for eProsima Fast-RTPS[0m
[3.209s] [ 16%] [34m[1mGenerating C++ type support dispatch for ROS interfaces[0m
[3.225s] [ 19%] [34m[1mGenerating C++ introspection for ROS interfaces[0m
[3.231s] running egg_info
[3.232s] creating wifibot_msgs.egg-info
[3.232s] writing wifibot_msgs.egg-info/PKG-INFO
[3.233s] writing dependency_links to wifibot_msgs.egg-info/dependency_links.txt
[3.233s] writing top-level names to wifibot_msgs.egg-info/top_level.txt
[3.233s] writing manifest file 'wifibot_msgs.egg-info/SOURCES.txt'
[3.235s] reading manifest file 'wifibot_msgs.egg-info/SOURCES.txt'
[3.236s] writing manifest file 'wifibot_msgs.egg-info/SOURCES.txt'
[3.274s] [ 19%] Built target ament_cmake_python_build_wifibot_msgs_egg
[3.297s] [ 22%] [32m[1mLinking C shared library libwifibot_msgs__rosidl_generator_c.so[0m
[3.436s] [ 22%] Built target wifibot_msgs__rosidl_generator_c
[3.475s] [ 25%] [34m[1mGenerating C introspection for ROS interfaces[0m
[3.475s] [ 29%] [34m[1mGenerating C type support for eProsima Fast-RTPS[0m
[3.498s] [ 32%] [34m[1mGenerating C type support dispatch for ROS interfaces[0m
[3.530s] [ 35%] [32mBuilding CXX object CMakeFiles/wifibot_msgs__rosidl_typesupport_cpp.dir/rosidl_typesupport_cpp/wifibot_msgs/msg/status__type_support.cpp.o[0m
[3.556s] [ 38%] [32mBuilding CXX object CMakeFiles/wifibot_msgs__rosidl_typesupport_fastrtps_cpp.dir/rosidl_typesupport_fastrtps_cpp/wifibot_msgs/msg/detail/dds_fastrtps/status__type_support.cpp.o[0m
[3.575s] [ 41%] [32mBuilding CXX object CMakeFiles/wifibot_msgs__rosidl_typesupport_introspection_cpp.dir/rosidl_typesupport_introspection_cpp/wifibot_msgs/msg/detail/status__type_support.cpp.o[0m
[3.818s] [ 45%] [32mBuilding CXX object CMakeFiles/wifibot_msgs__rosidl_typesupport_c.dir/rosidl_typesupport_c/wifibot_msgs/msg/status__type_support.cpp.o[0m
[3.821s] [ 48%] [32mBuilding C object CMakeFiles/wifibot_msgs__rosidl_typesupport_introspection_c.dir/rosidl_typesupport_introspection_c/wifibot_msgs/msg/detail/status__type_support.c.o[0m
[3.864s] [ 51%] [32mBuilding CXX object CMakeFiles/wifibot_msgs__rosidl_typesupport_fastrtps_c.dir/rosidl_typesupport_fastrtps_c/wifibot_msgs/msg/detail/status__type_support_c.cpp.o[0m
[3.908s] [ 54%] [32m[1mLinking CXX shared library libwifibot_msgs__rosidl_typesupport_c.so[0m
[3.941s] [ 58%] [32m[1mLinking C shared library libwifibot_msgs__rosidl_typesupport_introspection_c.so[0m
[4.040s] [ 58%] Built target wifibot_msgs__rosidl_typesupport_c
[4.051s] [ 58%] Built target wifibot_msgs__rosidl_typesupport_introspection_c
[4.055s] [ 61%] [32m[1mLinking CXX shared library libwifibot_msgs__rosidl_typesupport_cpp.so[0m
[4.164s] [ 61%] Built target wifibot_msgs__rosidl_typesupport_cpp
[4.191s] [ 64%] [32m[1mLinking CXX shared library libwifibot_msgs__rosidl_typesupport_fastrtps_cpp.so[0m
[4.210s] [ 67%] [32m[1mLinking CXX shared library libwifibot_msgs__rosidl_typesupport_introspection_cpp.so[0m
[4.321s] [ 67%] Built target wifibot_msgs__rosidl_typesupport_introspection_cpp
[4.363s] [ 67%] Built target wifibot_msgs__rosidl_typesupport_fastrtps_cpp
[4.454s] [ 70%] [32m[1mLinking CXX shared library libwifibot_msgs__rosidl_typesupport_fastrtps_c.so[0m
[4.619s] [ 70%] Built target wifibot_msgs__rosidl_typesupport_fastrtps_c
[4.674s] [ 70%] Built target wifibot_msgs
[4.728s] [ 74%] [34m[1mGenerating Python code for ROS interfaces[0m
[5.085s] [ 74%] Built target wifibot_msgs__py
[5.150s] [ 77%] [32mBuilding C object CMakeFiles/wifibot_msgs__rosidl_generator_py.dir/rosidl_generator_py/wifibot_msgs/msg/_status_s.c.o[0m
[5.355s] [ 80%] [32m[1mLinking C shared library rosidl_generator_py/wifibot_msgs/libwifibot_msgs__rosidl_generator_py.so[0m
[5.458s] [ 80%] Built target wifibot_msgs__rosidl_generator_py
[5.522s] [ 83%] [32mBuilding C object CMakeFiles/wifibot_msgs__rosidl_typesupport_fastrtps_c__pyext.dir/rosidl_generator_py/wifibot_msgs/_wifibot_msgs_s.ep.rosidl_typesupport_fastrtps_c.c.o[0m
[5.523s] [ 87%] [32mBuilding C object CMakeFiles/wifibot_msgs__rosidl_typesupport_introspection_c__pyext.dir/rosidl_generator_py/wifibot_msgs/_wifibot_msgs_s.ep.rosidl_typesupport_introspection_c.c.o[0m
[5.525s] [ 90%] [32mBuilding C object CMakeFiles/wifibot_msgs__rosidl_typesupport_c__pyext.dir/rosidl_generator_py/wifibot_msgs/_wifibot_msgs_s.ep.rosidl_typesupport_c.c.o[0m
[5.756s] [ 96%] [32m[1mLinking C shared library rosidl_generator_py/wifibot_msgs/wifibot_msgs_s__rosidl_typesupport_introspection_c.cpython-310-x86_64-linux-gnu.so[0m
[5.757s] [ 96%] [32m[1mLinking C shared library rosidl_generator_py/wifibot_msgs/wifibot_msgs_s__rosidl_typesupport_c.cpython-310-x86_64-linux-gnu.so[0m
[5.773s] [100%] [32m[1mLinking C shared library rosidl_generator_py/wifibot_msgs/wifibot_msgs_s__rosidl_typesupport_fastrtps_c.cpython-310-x86_64-linux-gnu.so[0m
[5.848s] [100%] Built target wifibot_msgs__rosidl_typesupport_c__pyext
[5.848s] [100%] Built target wifibot_msgs__rosidl_typesupport_introspection_c__pyext
[5.872s] [100%] Built target wifibot_msgs__rosidl_typesupport_fastrtps_c__pyext
[5.897s] Invoked command in '/home/greg/ros2_ws/src/build/wifibot_msgs' returned '0': CMAKE_PREFIX_PATH=${CMAKE_PREFIX_PATH}:/opt/ros/humble /usr/bin/cmake --build /home/greg/ros2_ws/src/build/wifibot_msgs -- -j16 -l16
[6.161s] Invoking command in '/home/greg/ros2_ws/src/build/wifibot_msgs': CMAKE_PREFIX_PATH=${CMAKE_PREFIX_PATH}:/opt/ros/humble /usr/bin/cmake --install /home/greg/ros2_ws/src/build/wifibot_msgs
[6.181s] -- Install configuration: ""
[6.181s] -- Installing: /home/greg/ros2_ws/src/install/wifibot_msgs/share/ament_index/resource_index/rosidl_interfaces/wifibot_msgs
[6.182s] -- Installing: /home/greg/ros2_ws/src/install/wifibot_msgs/include/wifibot_msgs/wifibot_msgs
[6.182s] -- Installing: /home/greg/ros2_ws/src/install/wifibot_msgs/include/wifibot_msgs/wifibot_msgs/msg
[6.182s] -- Installing: /home/greg/ros2_ws/src/install/wifibot_msgs/include/wifibot_msgs/wifibot_msgs/msg/status.h
[6.182s] -- Installing: /home/greg/ros2_ws/src/install/wifibot_msgs/include/wifibot_msgs/wifibot_msgs/msg/rosidl_generator_c__visibility_control.h
[6.183s] -- Installing: /home/greg/ros2_ws/src/install/wifibot_msgs/include/wifibot_msgs/wifibot_msgs/msg/detail
[6.183s] -- Installing: /home/greg/ros2_ws/src/install/wifibot_msgs/include/wifibot_msgs/wifibot_msgs/msg/detail/status__type_support.h
[6.183s] -- Installing: /home/greg/ros2_ws/src/install/wifibot_msgs/include/wifibot_msgs/wifibot_msgs/msg/detail/status__functions.h
[6.183s] -- Installing: /home/greg/ros2_ws/src/install/wifibot_msgs/include/wifibot_msgs/wifibot_msgs/msg/detail/status__struct.h
[6.184s] -- Installing: /home/greg/ros2_ws/src/install/wifibot_msgs/include/wifibot_msgs/wifibot_msgs/msg/detail/status__functions.c
[6.184s] -- Installing: /home/greg/ros2_ws/src/install/wifibot_msgs/share/wifibot_msgs/environment/library_path.sh
[6.185s] -- Installing: /home/greg/ros2_ws/src/install/wifibot_msgs/share/wifibot_msgs/environment/library_path.dsv
[6.185s] -- Installing: /home/greg/ros2_ws/src/install/wifibot_msgs/lib/libwifibot_msgs__rosidl_generator_c.so
[6.187s] -- Set runtime path of "/home/greg/ros2_ws/src/install/wifibot_msgs/lib/libwifibot_msgs__rosidl_generator_c.so" to ""
[6.188s] -- Up-to-date: /home/greg/ros2_ws/src/install/wifibot_msgs/include/wifibot_msgs/wifibot_msgs
[6.188s] -- Up-to-date: /home/greg/ros2_ws/src/install/wifibot_msgs/include/wifibot_msgs/wifibot_msgs/msg
[6.188s] -- Installing: /home/greg/ros2_ws/src/install/wifibot_msgs/include/wifibot_msgs/wifibot_msgs/msg/rosidl_typesupport_fastrtps_c__visibility_control.h
[6.188s] -- Up-to-date: /home/greg/ros2_ws/src/install/wifibot_msgs/include/wifibot_msgs/wifibot_msgs/msg/detail
[6.189s] -- Installing: /home/greg/ros2_ws/src/install/wifibot_msgs/include/wifibot_msgs/wifibot_msgs/msg/detail/status__rosidl_typesupport_fastrtps_c.h
[6.189s] -- Installing: /home/greg/ros2_ws/src/install/wifibot_msgs/lib/libwifibot_msgs__rosidl_typesupport_fastrtps_c.so
[6.191s] -- Set runtime path of "/home/greg/ros2_ws/src/install/wifibot_msgs/lib/libwifibot_msgs__rosidl_typesupport_fastrtps_c.so" to ""
[6.191s] -- Up-to-date: /home/greg/ros2_ws/src/install/wifibot_msgs/include/wifibot_msgs/wifibot_msgs
[6.192s] -- Up-to-date: /home/greg/ros2_ws/src/install/wifibot_msgs/include/wifibot_msgs/wifibot_msgs/msg
[6.192s] -- Installing: /home/greg/ros2_ws/src/install/wifibot_msgs/include/wifibot_msgs/wifibot_msgs/msg/rosidl_typesupport_introspection_c__visibility_control.h
[6.193s] -- Up-to-date: /home/greg/ros2_ws/src/install/wifibot_msgs/include/wifibot_msgs/wifibot_msgs/msg/detail
[6.193s] -- Installing: /home/greg/ros2_ws/src/install/wifibot_msgs/include/wifibot_msgs/wifibot_msgs/msg/detail/status__rosidl_typesupport_introspection_c.h
[6.193s] -- Installing: /home/greg/ros2_ws/src/install/wifibot_msgs/include/wifibot_msgs/wifibot_msgs/msg/detail/status__type_support.c
[6.193s] -- Installing: /home/greg/ros2_ws/src/install/wifibot_msgs/lib/libwifibot_msgs__rosidl_typesupport_introspection_c.so
[6.195s] -- Set runtime path of "/home/greg/ros2_ws/src/install/wifibot_msgs/lib/libwifibot_msgs__rosidl_typesupport_introspection_c.so" to ""
[6.195s] -- Installing: /home/greg/ros2_ws/src/install/wifibot_msgs/lib/libwifibot_msgs__rosidl_typesupport_c.so
[6.197s] -- Set runtime path of "/home/greg/ros2_ws/src/install/wifibot_msgs/lib/libwifibot_msgs__rosidl_typesupport_c.so" to ""
[6.198s] -- Up-to-date: /home/greg/ros2_ws/src/install/wifibot_msgs/include/wifibot_msgs/wifibot_msgs
[6.198s] -- Up-to-date: /home/greg/ros2_ws/src/install/wifibot_msgs/include/wifibot_msgs/wifibot_msgs/msg
[6.198s] -- Up-to-date: /home/greg/ros2_ws/src/install/wifibot_msgs/include/wifibot_msgs/wifibot_msgs/msg/detail
[6.198s] -- Installing: /home/greg/ros2_ws/src/install/wifibot_msgs/include/wifibot_msgs/wifibot_msgs/msg/detail/status__builder.hpp
[6.198s] -- Installing: /home/greg/ros2_ws/src/install/wifibot_msgs/include/wifibot_msgs/wifibot_msgs/msg/detail/status__traits.hpp
[6.199s] -- Installing: /home/greg/ros2_ws/src/install/wifibot_msgs/include/wifibot_msgs/wifibot_msgs/msg/detail/status__struct.hpp
[6.199s] -- Installing: /home/greg/ros2_ws/src/install/wifibot_msgs/include/wifibot_msgs/wifibot_msgs/msg/status.hpp
[6.199s] -- Up-to-date: /home/greg/ros2_ws/src/install/wifibot_msgs/include/wifibot_msgs/wifibot_msgs
[6.199s] -- Up-to-date: /home/greg/ros2_ws/src/install/wifibot_msgs/include/wifibot_msgs/wifibot_msgs/msg
[6.199s] -- Installing: /home/greg/ros2_ws/src/install/wifibot_msgs/include/wifibot_msgs/wifibot_msgs/msg/rosidl_typesupport_fastrtps_cpp__visibility_control.h
[6.200s] -- Up-to-date: /home/greg/ros2_ws/src/install/wifibot_msgs/include/wifibot_msgs/wifibot_msgs/msg/detail
[6.200s] -- Installing: /home/greg/ros2_ws/src/install/wifibot_msgs/include/wifibot_msgs/wifibot_msgs/msg/detail/status__rosidl_typesupport_fastrtps_cpp.hpp
[6.200s] -- Installing: /home/greg/ros2_ws/src/install/wifibot_msgs/include/wifibot_msgs/wifibot_msgs/msg/detail/dds_fastrtps
[6.200s] -- Installing: /home/greg/ros2_ws/src/install/wifibot_msgs/lib/libwifibot_msgs__rosidl_typesupport_fastrtps_cpp.so
[6.203s] -- Set runtime path of "/home/greg/ros2_ws/src/install/wifibot_msgs/lib/libwifibot_msgs__rosidl_typesupport_fastrtps_cpp.so" to ""
[6.203s] -- Up-to-date: /home/greg/ros2_ws/src/install/wifibot_msgs/include/wifibot_msgs/wifibot_msgs
[6.204s] -- Up-to-date: /home/greg/ros2_ws/src/install/wifibot_msgs/include/wifibot_msgs/wifibot_msgs/msg
[6.204s] -- Up-to-date: /home/greg/ros2_ws/src/install/wifibot_msgs/include/wifibot_msgs/wifibot_msgs/msg/detail
[6.204s] -- Installing: /home/greg/ros2_ws/src/install/wifibot_msgs/include/wifibot_msgs/wifibot_msgs/msg/detail/status__type_support.cpp
[6.204s] -- Installing: /home/greg/ros2_ws/src/install/wifibot_msgs/include/wifibot_msgs/wifibot_msgs/msg/detail/status__rosidl_typesupport_introspection_cpp.hpp
[6.204s] -- Installing: /home/greg/ros2_ws/src/install/wifibot_msgs/lib/libwifibot_msgs__rosidl_typesupport_introspection_cpp.so
[6.206s] -- Set runtime path of "/home/greg/ros2_ws/src/install/wifibot_msgs/lib/libwifibot_msgs__rosidl_typesupport_introspection_cpp.so" to ""
[6.206s] -- Installing: /home/greg/ros2_ws/src/install/wifibot_msgs/lib/libwifibot_msgs__rosidl_typesupport_cpp.so
[6.209s] -- Set runtime path of "/home/greg/ros2_ws/src/install/wifibot_msgs/lib/libwifibot_msgs__rosidl_typesupport_cpp.so" to ""
[6.209s] -- Installing: /home/greg/ros2_ws/src/install/wifibot_msgs/share/wifibot_msgs/environment/pythonpath.sh
[6.209s] -- Installing: /home/greg/ros2_ws/src/install/wifibot_msgs/share/wifibot_msgs/environment/pythonpath.dsv
[6.209s] -- Installing: /home/greg/ros2_ws/src/install/wifibot_msgs/local/lib/python3.10/dist-packages/wifibot_msgs-0.0.0-py3.10.egg-info
[6.210s] -- Installing: /home/greg/ros2_ws/src/install/wifibot_msgs/local/lib/python3.10/dist-packages/wifibot_msgs-0.0.0-py3.10.egg-info/dependency_links.txt
[6.211s] -- Installing: /home/greg/ros2_ws/src/install/wifibot_msgs/local/lib/python3.10/dist-packages/wifibot_msgs-0.0.0-py3.10.egg-info/SOURCES.txt
[6.211s] -- Installing: /home/greg/ros2_ws/src/install/wifibot_msgs/local/lib/python3.10/dist-packages/wifibot_msgs-0.0.0-py3.10.egg-info/PKG-INFO
[6.212s] -- Installing: /home/greg/ros2_ws/src/install/wifibot_msgs/local/lib/python3.10/dist-packages/wifibot_msgs-0.0.0-py3.10.egg-info/top_level.txt
[6.212s] -- Installing: /home/greg/ros2_ws/src/install/wifibot_msgs/local/lib/python3.10/dist-packages/wifibot_msgs
[6.212s] -- Installing: /home/greg/ros2_ws/src/install/wifibot_msgs/local/lib/python3.10/dist-packages/wifibot_msgs/wifibot_msgs_s__rosidl_typesupport_fastrtps_c.cpython-310-x86_64-linux-gnu.so
[6.212s] -- Installing: /home/greg/ros2_ws/src/install/wifibot_msgs/local/lib/python3.10/dist-packages/wifibot_msgs/libwifibot_msgs__rosidl_generator_py.so
[6.212s] -- Installing: /home/greg/ros2_ws/src/install/wifibot_msgs/local/lib/python3.10/dist-packages/wifibot_msgs/wifibot_msgs_s__rosidl_typesupport_c.cpython-310-x86_64-linux-gnu.so
[6.212s] -- Installing: /home/greg/ros2_ws/src/install/wifibot_msgs/local/lib/python3.10/dist-packages/wifibot_msgs/_wifibot_msgs_s.ep.rosidl_typesupport_c.c
[6.213s] -- Installing: /home/greg/ros2_ws/src/install/wifibot_msgs/local/lib/python3.10/dist-packages/wifibot_msgs/_wifibot_msgs_s.ep.rosidl_typesupport_introspection_c.c
[6.213s] -- Installing: /home/greg/ros2_ws/src/install/wifibot_msgs/local/lib/python3.10/dist-packages/wifibot_msgs/msg
[6.213s] -- Installing: /home/greg/ros2_ws/src/install/wifibot_msgs/local/lib/python3.10/dist-packages/wifibot_msgs/msg/_status_s.c
[6.214s] -- Installing: /home/greg/ros2_ws/src/install/wifibot_msgs/local/lib/python3.10/dist-packages/wifibot_msgs/msg/_status.py
[6.214s] -- Installing: /home/greg/ros2_ws/src/install/wifibot_msgs/local/lib/python3.10/dist-packages/wifibot_msgs/msg/__init__.py
[6.214s] -- Installing: /home/greg/ros2_ws/src/install/wifibot_msgs/local/lib/python3.10/dist-packages/wifibot_msgs/wifibot_msgs_s__rosidl_typesupport_introspection_c.cpython-310-x86_64-linux-gnu.so
[6.214s] -- Installing: /home/greg/ros2_ws/src/install/wifibot_msgs/local/lib/python3.10/dist-packages/wifibot_msgs/__init__.py
[6.215s] -- Installing: /home/greg/ros2_ws/src/install/wifibot_msgs/local/lib/python3.10/dist-packages/wifibot_msgs/_wifibot_msgs_s.ep.rosidl_typesupport_fastrtps_c.c
[6.273s] Listing '/home/greg/ros2_ws/src/install/wifibot_msgs/local/lib/python3.10/dist-packages/wifibot_msgs'...
[6.273s] Compiling '/home/greg/ros2_ws/src/install/wifibot_msgs/local/lib/python3.10/dist-packages/wifibot_msgs/__init__.py'...
[6.273s] Listing '/home/greg/ros2_ws/src/install/wifibot_msgs/local/lib/python3.10/dist-packages/wifibot_msgs/msg'...
[6.274s] Compiling '/home/greg/ros2_ws/src/install/wifibot_msgs/local/lib/python3.10/dist-packages/wifibot_msgs/msg/__init__.py'...
[6.274s] Compiling '/home/greg/ros2_ws/src/install/wifibot_msgs/local/lib/python3.10/dist-packages/wifibot_msgs/msg/_status.py'...
[6.279s] -- Installing: /home/greg/ros2_ws/src/install/wifibot_msgs/local/lib/python3.10/dist-packages/wifibot_msgs/wifibot_msgs_s__rosidl_typesupport_fastrtps_c.cpython-310-x86_64-linux-gnu.so
[6.281s] -- Set runtime path of "/home/greg/ros2_ws/src/install/wifibot_msgs/local/lib/python3.10/dist-packages/wifibot_msgs/wifibot_msgs_s__rosidl_typesupport_fastrtps_c.cpython-310-x86_64-linux-gnu.so" to ""
[6.282s] -- Installing: /home/greg/ros2_ws/src/install/wifibot_msgs/local/lib/python3.10/dist-packages/wifibot_msgs/wifibot_msgs_s__rosidl_typesupport_introspection_c.cpython-310-x86_64-linux-gnu.so
[6.284s] -- Set runtime path of "/home/greg/ros2_ws/src/install/wifibot_msgs/local/lib/python3.10/dist-packages/wifibot_msgs/wifibot_msgs_s__rosidl_typesupport_introspection_c.cpython-310-x86_64-linux-gnu.so" to ""
[6.285s] -- Installing: /home/greg/ros2_ws/src/install/wifibot_msgs/local/lib/python3.10/dist-packages/wifibot_msgs/wifibot_msgs_s__rosidl_typesupport_c.cpython-310-x86_64-linux-gnu.so
[6.288s] -- Set runtime path of "/home/greg/ros2_ws/src/install/wifibot_msgs/local/lib/python3.10/dist-packages/wifibot_msgs/wifibot_msgs_s__rosidl_typesupport_c.cpython-310-x86_64-linux-gnu.so" to ""
[6.288s] -- Installing: /home/greg/ros2_ws/src/install/wifibot_msgs/lib/libwifibot_msgs__rosidl_generator_py.so
[6.290s] -- Set runtime path of "/home/greg/ros2_ws/src/install/wifibot_msgs/lib/libwifibot_msgs__rosidl_generator_py.so" to ""
[6.290s] -- Installing: /home/greg/ros2_ws/src/install/wifibot_msgs/share/wifibot_msgs/msg/Status.idl
[6.291s] -- Installing: /home/greg/ros2_ws/src/install/wifibot_msgs/share/wifibot_msgs/msg/Status.msg
[6.291s] -- Installing: /home/greg/ros2_ws/src/install/wifibot_msgs/share/ament_index/resource_index/package_run_dependencies/wifibot_msgs
[6.292s] -- Installing: /home/greg/ros2_ws/src/install/wifibot_msgs/share/ament_index/resource_index/parent_prefix_path/wifibot_msgs
[6.292s] -- Installing: /home/greg/ros2_ws/src/install/wifibot_msgs/share/wifibot_msgs/environment/ament_prefix_path.sh
[6.293s] -- Installing: /home/greg/ros2_ws/src/install/wifibot_msgs/share/wifibot_msgs/environment/ament_prefix_path.dsv
[6.293s] -- Installing: /home/greg/ros2_ws/src/install/wifibot_msgs/share/wifibot_msgs/environment/path.sh
[6.293s] -- Installing: /home/greg/ros2_ws/src/install/wifibot_msgs/share/wifibot_msgs/environment/path.dsv
[6.294s] -- Installing: /home/greg/ros2_ws/src/install/wifibot_msgs/share/wifibot_msgs/local_setup.bash
[6.294s] -- Installing: /home/greg/ros2_ws/src/install/wifibot_msgs/share/wifibot_msgs/local_setup.sh
[6.294s] -- Installing: /home/greg/ros2_ws/src/install/wifibot_msgs/share/wifibot_msgs/local_setup.zsh
[6.295s] -- Installing: /home/greg/ros2_ws/src/install/wifibot_msgs/share/wifibot_msgs/local_setup.dsv
[6.295s] -- Installing: /home/greg/ros2_ws/src/install/wifibot_msgs/share/wifibot_msgs/package.dsv
[6.296s] -- Installing: /home/greg/ros2_ws/src/install/wifibot_msgs/share/ament_index/resource_index/packages/wifibot_msgs
[6.296s] -- Installing: /home/greg/ros2_ws/src/install/wifibot_msgs/share/wifibot_msgs/cmake/export_wifibot_msgs__rosidl_generator_cExport.cmake
[6.297s] -- Installing: /home/greg/ros2_ws/src/install/wifibot_msgs/share/wifibot_msgs/cmake/export_wifibot_msgs__rosidl_generator_cExport-noconfig.cmake
[6.297s] -- Installing: /home/greg/ros2_ws/src/install/wifibot_msgs/share/wifibot_msgs/cmake/export_wifibot_msgs__rosidl_typesupport_fastrtps_cExport.cmake
[6.297s] -- Installing: /home/greg/ros2_ws/src/install/wifibot_msgs/share/wifibot_msgs/cmake/export_wifibot_msgs__rosidl_typesupport_fastrtps_cExport-noconfig.cmake
[6.298s] -- Installing: /home/greg/ros2_ws/src/install/wifibot_msgs/share/wifibot_msgs/cmake/wifibot_msgs__rosidl_typesupport_introspection_cExport.cmake
[6.298s] -- Installing: /home/greg/ros2_ws/src/install/wifibot_msgs/share/wifibot_msgs/cmake/wifibot_msgs__rosidl_typesupport_introspection_cExport-noconfig.cmake
[6.299s] -- Installing: /home/greg/ros2_ws/src/install/wifibot_msgs/share/wifibot_msgs/cmake/wifibot_msgs__rosidl_typesupport_cExport.cmake
[6.299s] -- Installing: /home/greg/ros2_ws/src/install/wifibot_msgs/share/wifibot_msgs/cmake/wifibot_msgs__rosidl_typesupport_cExport-noconfig.cmake
[6.299s] -- Installing: /home/greg/ros2_ws/src/install/wifibot_msgs/share/wifibot_msgs/cmake/export_wifibot_msgs__rosidl_generator_cppExport.cmake
[6.300s] -- Installing: /home/greg/ros2_ws/src/install/wifibot_msgs/share/wifibot_msgs/cmake/export_wifibot_msgs__rosidl_typesupport_fastrtps_cppExport.cmake
[6.300s] -- Installing: /home/greg/ros2_ws/src/install/wifibot_msgs/share/wifibot_msgs/cmake/export_wifibot_msgs__rosidl_typesupport_fastrtps_cppExport-noconfig.cmake
[6.300s] -- Installing: /home/greg/ros2_ws/src/install/wifibot_msgs/share/wifibot_msgs/cmake/wifibot_msgs__rosidl_typesupport_introspection_cppExport.cmake
[6.301s] -- Installing: /home/greg/ros2_ws/src/install/wifibot_msgs/share/wifibot_msgs/cmake/wifibot_msgs__rosidl_typesupport_introspection_cppExport-noconfig.cmake
[6.301s] -- Installing: /home/greg/ros2_ws/src/install/wifibot_msgs/share/wifibot_msgs/cmake/wifibot_msgs__rosidl_typesupport_cppExport.cmake
[6.302s] -- Installing: /home/greg/ros2_ws/src/install/wifibot_msgs/share/wifibot_msgs/cmake/wifibot_msgs__rosidl_typesupport_cppExport-noconfig.cmake
[6.302s] -- Installing: /home/greg/ros2_ws/src/install/wifibot_msgs/share/wifibot_msgs/cmake/export_wifibot_msgs__rosidl_generator_pyExport.cmake
[6.302s] -- Installing: /home/greg/ros2_ws/src/install/wifibot_msgs/share/wifibot_msgs/cmake/export_wifibot_msgs__rosidl_generator_pyExport-noconfig.cmake
[6.303s] -- Installing: /home/greg/ros2_ws/src/install/wifibot_msgs/share/wifibot_msgs/cmake/rosidl_cmake-extras.cmake
[6.303s] -- Installing: /home/greg/ros2_ws/src/install/wifibot_msgs/share/wifibot_msgs/cmake/ament_cmake_export_include_directories-extras.cmake
[6.303s] -- Installing: /home/greg/ros2_ws/src/install/wifibot_msgs/share/wifibot_msgs/cmake/ament_cmake_export_libraries-extras.cmake
[6.304s] -- Installing: /home/greg/ros2_ws/src/install/wifibot_msgs/share/wifibot_msgs/cmake/ament_cmake_export_targets-extras.cmake
[6.304s] -- Installing: /home/greg/ros2_ws/src/install/wifibot_msgs/share/wifibot_msgs/cmake/rosidl_cmake_export_typesupport_targets-extras.cmake
[6.304s] -- Installing: /home/greg/ros2_ws/src/install/wifibot_msgs/share/wifibot_msgs/cmake/ament_cmake_export_dependencies-extras.cmake
[6.305s] -- Installing: /home/greg/ros2_ws/src/install/wifibot_msgs/share/wifibot_msgs/cmake/rosidl_cmake_export_typesupport_libraries-extras.cmake
[6.305s] -- Installing: /home/greg/ros2_ws/src/install/wifibot_msgs/share/wifibot_msgs/cmake/wifibot_msgsConfig.cmake
[6.306s] -- Installing: /home/greg/ros2_ws/src/install/wifibot_msgs/share/wifibot_msgs/cmake/wifibot_msgsConfig-version.cmake
[6.306s] -- Installing: /home/greg/ros2_ws/src/install/wifibot_msgs/share/wifibot_msgs/package.xml
[6.310s] Invoked command in '/home/greg/ros2_ws/src/build/wifibot_msgs' returned '0': CMAKE_PREFIX_PATH=${CMAKE_PREFIX_PATH}:/opt/ros/humble /usr/bin/cmake --install /home/greg/ros2_ws/src/build/wifibot_msgs
