[0.044s] Invoking command in '/home/greg/ros2_ws/build/arbotix_sensors': CMAKE_PREFIX_PATH=/home/greg/ros2_ws/install/arbotix_msgs:/home/greg/ros2_ws/install/arbotix:/home/greg/ros2_ws/install/arbotix_sensors:/home/greg/ros2_ws/install/arbotix_controllers:/home/greg/ros2_ws/install/arbotix_firmware:/home/greg/ros2_ws/install/roswifibot:/home/greg/ros2_ws/install/wifibot_msgs:/home/greg/ros2_ws/install/lib_wifibot:/home/greg/ros2_ws/install/joy2twist:/opt/ros/humble /usr/bin/cmake /home/greg/ros2_ws/src/arbotix_sensors -DCMAKE_INSTALL_PREFIX=/home/greg/ros2_ws/install/arbotix_sensors
[0.129s] -- The C compiler identification is GNU 11.4.0
[0.203s] -- The CXX compiler identification is GNU 11.4.0
[0.211s] -- Detecting C compiler ABI info
[0.308s] -- Detecting C compiler ABI info - done
[0.313s] -- Check for working C compiler: /usr/bin/cc - skipped
[0.313s] -- Detecting C compile features
[0.313s] -- Detecting C compile features - done
[0.316s] -- Detecting CXX compiler ABI info
[0.413s] -- Detecting CXX compiler ABI info - done
[0.417s] -- Check for working CXX compiler: /usr/bin/c++ - skipped
[0.417s] -- Detecting CXX compile features
[0.418s] -- Detecting CXX compile features - done
[0.419s] -- Found ament_cmake: 1.3.5 (/opt/ros/humble/share/ament_cmake/cmake)
[0.560s] -- Found Python3: /usr/bin/python3.10 (found version "3.10.12") found components: Interpreter 
[0.702s] -- Configuring done
[0.704s] -- Generating done
[0.705s] -- Build files have been written to: /home/greg/ros2_ws/build/arbotix_sensors
[0.708s] Invoked command in '/home/greg/ros2_ws/build/arbotix_sensors' returned '0': CMAKE_PREFIX_PATH=/home/greg/ros2_ws/install/arbotix_msgs:/home/greg/ros2_ws/install/arbotix:/home/greg/ros2_ws/install/arbotix_sensors:/home/greg/ros2_ws/install/arbotix_controllers:/home/greg/ros2_ws/install/arbotix_firmware:/home/greg/ros2_ws/install/roswifibot:/home/greg/ros2_ws/install/wifibot_msgs:/home/greg/ros2_ws/install/lib_wifibot:/home/greg/ros2_ws/install/joy2twist:/opt/ros/humble /usr/bin/cmake /home/greg/ros2_ws/src/arbotix_sensors -DCMAKE_INSTALL_PREFIX=/home/greg/ros2_ws/install/arbotix_sensors
[0.710s] Invoking command in '/home/greg/ros2_ws/build/arbotix_sensors': CMAKE_PREFIX_PATH=/home/greg/ros2_ws/install/arbotix_msgs:/home/greg/ros2_ws/install/arbotix:/home/greg/ros2_ws/install/arbotix_sensors:/home/greg/ros2_ws/install/arbotix_controllers:/home/greg/ros2_ws/install/arbotix_firmware:/home/greg/ros2_ws/install/roswifibot:/home/greg/ros2_ws/install/wifibot_msgs:/home/greg/ros2_ws/install/lib_wifibot:/home/greg/ros2_ws/install/joy2twist:/opt/ros/humble /usr/bin/cmake --build /home/greg/ros2_ws/build/arbotix_sensors -- -j16 -l16
[0.745s] Invoked command in '/home/greg/ros2_ws/build/arbotix_sensors' returned '0': CMAKE_PREFIX_PATH=/home/greg/ros2_ws/install/arbotix_msgs:/home/greg/ros2_ws/install/arbotix:/home/greg/ros2_ws/install/arbotix_sensors:/home/greg/ros2_ws/install/arbotix_controllers:/home/greg/ros2_ws/install/arbotix_firmware:/home/greg/ros2_ws/install/roswifibot:/home/greg/ros2_ws/install/wifibot_msgs:/home/greg/ros2_ws/install/lib_wifibot:/home/greg/ros2_ws/install/joy2twist:/opt/ros/humble /usr/bin/cmake --build /home/greg/ros2_ws/build/arbotix_sensors -- -j16 -l16
[0.802s] Invoking command in '/home/greg/ros2_ws/build/arbotix_sensors': CMAKE_PREFIX_PATH=/home/greg/ros2_ws/install/arbotix_msgs:/home/greg/ros2_ws/install/arbotix:/home/greg/ros2_ws/install/arbotix_sensors:/home/greg/ros2_ws/install/arbotix_controllers:/home/greg/ros2_ws/install/arbotix_firmware:/home/greg/ros2_ws/install/roswifibot:/home/greg/ros2_ws/install/wifibot_msgs:/home/greg/ros2_ws/install/lib_wifibot:/home/greg/ros2_ws/install/joy2twist:/opt/ros/humble /usr/bin/cmake --install /home/greg/ros2_ws/build/arbotix_sensors
[0.808s] -- Install configuration: ""
[0.808s] -- Installing: /home/greg/ros2_ws/install/arbotix_sensors/share/ament_index/resource_index/package_run_dependencies/arbotix_sensors
[0.808s] -- Installing: /home/greg/ros2_ws/install/arbotix_sensors/share/ament_index/resource_index/parent_prefix_path/arbotix_sensors
[0.808s] -- Installing: /home/greg/ros2_ws/install/arbotix_sensors/share/arbotix_sensors/environment/ament_prefix_path.sh
[0.808s] -- Installing: /home/greg/ros2_ws/install/arbotix_sensors/share/arbotix_sensors/environment/ament_prefix_path.dsv
[0.809s] -- Installing: /home/greg/ros2_ws/install/arbotix_sensors/share/arbotix_sensors/environment/path.sh
[0.809s] -- Installing: /home/greg/ros2_ws/install/arbotix_sensors/share/arbotix_sensors/environment/path.dsv
[0.809s] -- Installing: /home/greg/ros2_ws/install/arbotix_sensors/share/arbotix_sensors/local_setup.bash
[0.809s] -- Installing: /home/greg/ros2_ws/install/arbotix_sensors/share/arbotix_sensors/local_setup.sh
[0.809s] -- Installing: /home/greg/ros2_ws/install/arbotix_sensors/share/arbotix_sensors/local_setup.zsh
[0.809s] -- Installing: /home/greg/ros2_ws/install/arbotix_sensors/share/arbotix_sensors/local_setup.dsv
[0.810s] -- Installing: /home/greg/ros2_ws/install/arbotix_sensors/share/arbotix_sensors/package.dsv
[0.811s] -- Installing: /home/greg/ros2_ws/install/arbotix_sensors/share/ament_index/resource_index/packages/arbotix_sensors
[0.811s] -- Installing: /home/greg/ros2_ws/install/arbotix_sensors/share/arbotix_sensors/cmake/arbotix_sensorsConfig.cmake
[0.811s] -- Installing: /home/greg/ros2_ws/install/arbotix_sensors/share/arbotix_sensors/cmake/arbotix_sensorsConfig-version.cmake
[0.811s] -- Installing: /home/greg/ros2_ws/install/arbotix_sensors/share/arbotix_sensors/package.xml
[0.811s] -- Installing: /home/greg/ros2_ws/install/arbotix_sensors/bin/arbotix_sensors/ir_ranger.py
[0.812s] -- Installing: /home/greg/ros2_ws/install/arbotix_sensors/bin/arbotix_sensors/max_sonar.py
[0.812s] Invoked command in '/home/greg/ros2_ws/build/arbotix_sensors' returned '0': CMAKE_PREFIX_PATH=/home/greg/ros2_ws/install/arbotix_msgs:/home/greg/ros2_ws/install/arbotix:/home/greg/ros2_ws/install/arbotix_sensors:/home/greg/ros2_ws/install/arbotix_controllers:/home/greg/ros2_ws/install/arbotix_firmware:/home/greg/ros2_ws/install/roswifibot:/home/greg/ros2_ws/install/wifibot_msgs:/home/greg/ros2_ws/install/lib_wifibot:/home/greg/ros2_ws/install/joy2twist:/opt/ros/humble /usr/bin/cmake --install /home/greg/ros2_ws/build/arbotix_sensors
