[0.044s] Invoking command in '/home/greg/ros2_ws/build/arbotix': CMAKE_PREFIX_PATH=/home/greg/ros2_ws/install/arbotix_sensors:/home/greg/ros2_ws/install/arbotix_controllers:/home/greg/ros2_ws/install/arbotix_msgs:/home/greg/ros2_ws/install/arbotix_firmware:/home/greg/ros2_ws/install/arbotix:/home/greg/ros2_ws/install/roswifibot:/home/greg/ros2_ws/install/wifibot_msgs:/home/greg/ros2_ws/install/lib_wifibot:/home/greg/ros2_ws/install/joy2twist:/opt/ros/humble /usr/bin/cmake --build /home/greg/ros2_ws/build/arbotix -- -j16 -l16
[0.075s] Invoked command in '/home/greg/ros2_ws/build/arbotix' returned '0': CMAKE_PREFIX_PATH=/home/greg/ros2_ws/install/arbotix_sensors:/home/greg/ros2_ws/install/arbotix_controllers:/home/greg/ros2_ws/install/arbotix_msgs:/home/greg/ros2_ws/install/arbotix_firmware:/home/greg/ros2_ws/install/arbotix:/home/greg/ros2_ws/install/roswifibot:/home/greg/ros2_ws/install/wifibot_msgs:/home/greg/ros2_ws/install/lib_wifibot:/home/greg/ros2_ws/install/joy2twist:/opt/ros/humble /usr/bin/cmake --build /home/greg/ros2_ws/build/arbotix -- -j16 -l16
[0.099s] Invoking command in '/home/greg/ros2_ws/build/arbotix': CMAKE_PREFIX_PATH=/home/greg/ros2_ws/install/arbotix_sensors:/home/greg/ros2_ws/install/arbotix_controllers:/home/greg/ros2_ws/install/arbotix_msgs:/home/greg/ros2_ws/install/arbotix_firmware:/home/greg/ros2_ws/install/arbotix:/home/greg/ros2_ws/install/roswifibot:/home/greg/ros2_ws/install/wifibot_msgs:/home/greg/ros2_ws/install/lib_wifibot:/home/greg/ros2_ws/install/joy2twist:/opt/ros/humble /usr/bin/cmake --install /home/greg/ros2_ws/build/arbotix
[0.106s] -- Install configuration: ""
[0.106s] -- Up-to-date: /home/greg/ros2_ws/install/arbotix/share/ament_index/resource_index/package_run_dependencies/arbotix
[0.106s] -- Up-to-date: /home/greg/ros2_ws/install/arbotix/share/ament_index/resource_index/parent_prefix_path/arbotix
[0.106s] -- Up-to-date: /home/greg/ros2_ws/install/arbotix/share/arbotix/environment/ament_prefix_path.sh
[0.106s] -- Up-to-date: /home/greg/ros2_ws/install/arbotix/share/arbotix/environment/ament_prefix_path.dsv
[0.107s] -- Up-to-date: /home/greg/ros2_ws/install/arbotix/share/arbotix/environment/path.sh
[0.107s] -- Up-to-date: /home/greg/ros2_ws/install/arbotix/share/arbotix/environment/path.dsv
[0.107s] -- Up-to-date: /home/greg/ros2_ws/install/arbotix/share/arbotix/local_setup.bash
[0.107s] -- Up-to-date: /home/greg/ros2_ws/install/arbotix/share/arbotix/local_setup.sh
[0.107s] -- Up-to-date: /home/greg/ros2_ws/install/arbotix/share/arbotix/local_setup.zsh
[0.107s] -- Up-to-date: /home/greg/ros2_ws/install/arbotix/share/arbotix/local_setup.dsv
[0.108s] -- Up-to-date: /home/greg/ros2_ws/install/arbotix/share/arbotix/package.dsv
[0.108s] -- Up-to-date: /home/greg/ros2_ws/install/arbotix/share/ament_index/resource_index/packages/arbotix
[0.108s] -- Up-to-date: /home/greg/ros2_ws/install/arbotix/share/arbotix/cmake/arbotixConfig.cmake
[0.108s] -- Up-to-date: /home/greg/ros2_ws/install/arbotix/share/arbotix/cmake/arbotixConfig-version.cmake
[0.108s] -- Up-to-date: /home/greg/ros2_ws/install/arbotix/share/arbotix/package.xml
[0.109s] Invoked command in '/home/greg/ros2_ws/build/arbotix' returned '0': CMAKE_PREFIX_PATH=/home/greg/ros2_ws/install/arbotix_sensors:/home/greg/ros2_ws/install/arbotix_controllers:/home/greg/ros2_ws/install/arbotix_msgs:/home/greg/ros2_ws/install/arbotix_firmware:/home/greg/ros2_ws/install/arbotix:/home/greg/ros2_ws/install/roswifibot:/home/greg/ros2_ws/install/wifibot_msgs:/home/greg/ros2_ws/install/lib_wifibot:/home/greg/ros2_ws/install/joy2twist:/opt/ros/humble /usr/bin/cmake --install /home/greg/ros2_ws/build/arbotix
