[0.139s] Invoking command in '/home/greg/ros2_ws/build/arbotix_firmware': CMAKE_PREFIX_PATH=${CMAKE_PREFIX_PATH}:/opt/ros/humble /usr/bin/cmake --build /home/greg/ros2_ws/build/arbotix_firmware -- -j16 -l16
[0.171s] Invoked command in '/home/greg/ros2_ws/build/arbotix_firmware' returned '0': CMAKE_PREFIX_PATH=${CMAKE_PREFIX_PATH}:/opt/ros/humble /usr/bin/cmake --build /home/greg/ros2_ws/build/arbotix_firmware -- -j16 -l16
[0.218s] Invoking command in '/home/greg/ros2_ws/build/arbotix_firmware': CMAKE_PREFIX_PATH=${CMAKE_PREFIX_PATH}:/opt/ros/humble /usr/bin/cmake --install /home/greg/ros2_ws/build/arbotix_firmware
[0.224s] -- Install configuration: ""
[0.224s] -- Up-to-date: /home/greg/ros2_ws/install/arbotix_firmware/share/ament_index/resource_index/package_run_dependencies/arbotix_firmware
[0.224s] -- Up-to-date: /home/greg/ros2_ws/install/arbotix_firmware/share/ament_index/resource_index/parent_prefix_path/arbotix_firmware
[0.224s] -- Up-to-date: /home/greg/ros2_ws/install/arbotix_firmware/share/arbotix_firmware/environment/ament_prefix_path.sh
[0.224s] -- Up-to-date: /home/greg/ros2_ws/install/arbotix_firmware/share/arbotix_firmware/environment/ament_prefix_path.dsv
[0.224s] -- Up-to-date: /home/greg/ros2_ws/install/arbotix_firmware/share/arbotix_firmware/environment/path.sh
[0.224s] -- Up-to-date: /home/greg/ros2_ws/install/arbotix_firmware/share/arbotix_firmware/environment/path.dsv
[0.224s] -- Up-to-date: /home/greg/ros2_ws/install/arbotix_firmware/share/arbotix_firmware/local_setup.bash
[0.225s] -- Up-to-date: /home/greg/ros2_ws/install/arbotix_firmware/share/arbotix_firmware/local_setup.sh
[0.225s] -- Up-to-date: /home/greg/ros2_ws/install/arbotix_firmware/share/arbotix_firmware/local_setup.zsh
[0.225s] -- Up-to-date: /home/greg/ros2_ws/install/arbotix_firmware/share/arbotix_firmware/local_setup.dsv
[0.225s] -- Up-to-date: /home/greg/ros2_ws/install/arbotix_firmware/share/arbotix_firmware/package.dsv
[0.225s] -- Up-to-date: /home/greg/ros2_ws/install/arbotix_firmware/share/ament_index/resource_index/packages/arbotix_firmware
[0.225s] -- Up-to-date: /home/greg/ros2_ws/install/arbotix_firmware/share/arbotix_firmware/cmake/arbotix_firmwareConfig.cmake
[0.225s] -- Up-to-date: /home/greg/ros2_ws/install/arbotix_firmware/share/arbotix_firmware/cmake/arbotix_firmwareConfig-version.cmake
[0.225s] -- Up-to-date: /home/greg/ros2_ws/install/arbotix_firmware/share/arbotix_firmware/package.xml
[0.227s] Invoked command in '/home/greg/ros2_ws/build/arbotix_firmware' returned '0': CMAKE_PREFIX_PATH=${CMAKE_PREFIX_PATH}:/opt/ros/humble /usr/bin/cmake --install /home/greg/ros2_ws/build/arbotix_firmware
