[35m[1mConsolidate compiler generated dependencies of target lib_wifibot[0m
[100%] Built target lib_wifibot
-- Install configuration: ""
-- Up-to-date: /home/greg/ros2_ws/install/lib_wifibot/share/lib_wifibot/environment/library_path.sh
-- Up-to-date: /home/greg/ros2_ws/install/lib_wifibot/share/lib_wifibot/environment/library_path.dsv
-- Up-to-date: /home/greg/ros2_ws/install/lib_wifibot/include/lib_wifibot
-- Up-to-date: /home/greg/ros2_ws/install/lib_wifibot/include/lib_wifibot/libwifibot.h
-- Up-to-date: /home/greg/ros2_ws/install/lib_wifibot/lib/liblib_wifibot.a
-- Up-to-date: /home/greg/ros2_ws/install/lib_wifibot/share/ament_index/resource_index/package_run_dependencies/lib_wifibot
-- Up-to-date: /home/greg/ros2_ws/install/lib_wifibot/share/ament_index/resource_index/parent_prefix_path/lib_wifibot
-- Up-to-date: /home/greg/ros2_ws/install/lib_wifibot/share/lib_wifibot/environment/ament_prefix_path.sh
-- Up-to-date: /home/greg/ros2_ws/install/lib_wifibot/share/lib_wifibot/environment/ament_prefix_path.dsv
-- Up-to-date: /home/greg/ros2_ws/install/lib_wifibot/share/lib_wifibot/environment/path.sh
-- Up-to-date: /home/greg/ros2_ws/install/lib_wifibot/share/lib_wifibot/environment/path.dsv
-- Up-to-date: /home/greg/ros2_ws/install/lib_wifibot/share/lib_wifibot/local_setup.bash
-- Up-to-date: /home/greg/ros2_ws/install/lib_wifibot/share/lib_wifibot/local_setup.sh
-- Up-to-date: /home/greg/ros2_ws/install/lib_wifibot/share/lib_wifibot/local_setup.zsh
-- Up-to-date: /home/greg/ros2_ws/install/lib_wifibot/share/lib_wifibot/local_setup.dsv
-- Up-to-date: /home/greg/ros2_ws/install/lib_wifibot/share/lib_wifibot/package.dsv
-- Up-to-date: /home/greg/ros2_ws/install/lib_wifibot/share/ament_index/resource_index/packages/lib_wifibot
-- Up-to-date: /home/greg/ros2_ws/install/lib_wifibot/share/lib_wifibot/cmake/lib_wifibotExport.cmake
-- Up-to-date: /home/greg/ros2_ws/install/lib_wifibot/share/lib_wifibot/cmake/lib_wifibotExport-noconfig.cmake
-- Up-to-date: /home/greg/ros2_ws/install/lib_wifibot/share/lib_wifibot/cmake/ament_cmake_export_targets-extras.cmake
-- Up-to-date: /home/greg/ros2_ws/install/lib_wifibot/share/lib_wifibot/cmake/lib_wifibotConfig.cmake
-- Up-to-date: /home/greg/ros2_ws/install/lib_wifibot/share/lib_wifibot/cmake/lib_wifibotConfig-version.cmake
-- Up-to-date: /home/greg/ros2_ws/install/lib_wifibot/share/lib_wifibot/package.xml
