[0.056s] Invoking command in '/home/greg/ros2_ws/build/roswifibot': CMAKE_PREFIX_PATH=/home/greg/ros2_ws/install/wifibot_msgs:/home/greg/ros2_ws/install/roswifibot:/home/greg/ros2_ws/install/lib_wifibot:/home/greg/ros2_ws/install/joy2twist:/opt/ros/humble /usr/bin/cmake --build /home/greg/ros2_ws/build/roswifibot -- -j16 -l16
[0.105s] [35m[1mConsolidate compiler generated dependencies of target roswifibot_node[0m
[0.127s] [ 50%] [32mBuilding CXX object CMakeFiles/roswifibot_node.dir/src/wifibot.cpp.o[0m
[5.459s] [100%] [32m[1mLinking CXX executable roswifibot_node[0m
[5.725s] [100%] Built target roswifibot_node
[5.738s] Invoked command in '/home/greg/ros2_ws/build/roswifibot' returned '0': CMAKE_PREFIX_PATH=/home/greg/ros2_ws/install/wifibot_msgs:/home/greg/ros2_ws/install/roswifibot:/home/greg/ros2_ws/install/lib_wifibot:/home/greg/ros2_ws/install/joy2twist:/opt/ros/humble /usr/bin/cmake --build /home/greg/ros2_ws/build/roswifibot -- -j16 -l16
[5.785s] Invoking command in '/home/greg/ros2_ws/build/roswifibot': CMAKE_PREFIX_PATH=/home/greg/ros2_ws/install/wifibot_msgs:/home/greg/ros2_ws/install/roswifibot:/home/greg/ros2_ws/install/lib_wifibot:/home/greg/ros2_ws/install/joy2twist:/opt/ros/humble /usr/bin/cmake --install /home/greg/ros2_ws/build/roswifibot
[5.793s] -- Install configuration: ""
[5.793s] -- Installing: /home/greg/ros2_ws/install/roswifibot/lib/roswifibot/roswifibot_node
[5.795s] -- Set runtime path of "/home/greg/ros2_ws/install/roswifibot/lib/roswifibot/roswifibot_node" to ""
[5.795s] -- Up-to-date: /home/greg/ros2_ws/install/roswifibot/share/roswifibot//launch
[5.795s] -- Up-to-date: /home/greg/ros2_ws/install/roswifibot/share/roswifibot//launch/robot_launch.launch
[5.795s] -- Up-to-date: /home/greg/ros2_ws/install/roswifibot/share/roswifibot//launch/firewire.launch
[5.796s] -- Up-to-date: /home/greg/ros2_ws/install/roswifibot/share/roswifibot//launch/robot_launch.py
[5.796s] -- Up-to-date: /home/greg/ros2_ws/install/roswifibot/share/roswifibot//launch/joy_teleop.launch
[5.796s] -- Up-to-date: /home/greg/ros2_ws/install/roswifibot/share/roswifibot//launch/keyboard_teleop.launch
[5.796s] -- Up-to-date: /home/greg/ros2_ws/install/roswifibot/share/roswifibot//launch/hokuyo.launch
[5.796s] -- Up-to-date: /home/greg/ros2_ws/install/roswifibot/share/roswifibot//config
[5.796s] -- Up-to-date: /home/greg/ros2_ws/install/roswifibot/share/roswifibot//config/wifibot.yaml
[5.796s] -- Up-to-date: /home/greg/ros2_ws/install/roswifibot/share/ament_index/resource_index/package_run_dependencies/roswifibot
[5.797s] -- Up-to-date: /home/greg/ros2_ws/install/roswifibot/share/ament_index/resource_index/parent_prefix_path/roswifibot
[5.797s] -- Up-to-date: /home/greg/ros2_ws/install/roswifibot/share/roswifibot/environment/ament_prefix_path.sh
[5.797s] -- Up-to-date: /home/greg/ros2_ws/install/roswifibot/share/roswifibot/environment/ament_prefix_path.dsv
[5.797s] -- Up-to-date: /home/greg/ros2_ws/install/roswifibot/share/roswifibot/environment/path.sh
[5.797s] -- Up-to-date: /home/greg/ros2_ws/install/roswifibot/share/roswifibot/environment/path.dsv
[5.797s] -- Up-to-date: /home/greg/ros2_ws/install/roswifibot/share/roswifibot/local_setup.bash
[5.797s] -- Up-to-date: /home/greg/ros2_ws/install/roswifibot/share/roswifibot/local_setup.sh
[5.797s] -- Up-to-date: /home/greg/ros2_ws/install/roswifibot/share/roswifibot/local_setup.zsh
[5.797s] -- Up-to-date: /home/greg/ros2_ws/install/roswifibot/share/roswifibot/local_setup.dsv
[5.798s] -- Installing: /home/greg/ros2_ws/install/roswifibot/share/roswifibot/package.dsv
[5.798s] -- Up-to-date: /home/greg/ros2_ws/install/roswifibot/share/ament_index/resource_index/packages/roswifibot
[5.799s] -- Up-to-date: /home/greg/ros2_ws/install/roswifibot/share/roswifibot/cmake/ament_cmake_export_dependencies-extras.cmake
[5.799s] -- Up-to-date: /home/greg/ros2_ws/install/roswifibot/share/roswifibot/cmake/ament_cmake_export_include_directories-extras.cmake
[5.799s] -- Up-to-date: /home/greg/ros2_ws/install/roswifibot/share/roswifibot/cmake/roswifibotConfig.cmake
[5.799s] -- Up-to-date: /home/greg/ros2_ws/install/roswifibot/share/roswifibot/cmake/roswifibotConfig-version.cmake
[5.800s] -- Up-to-date: /home/greg/ros2_ws/install/roswifibot/share/roswifibot/package.xml
[5.801s] Invoked command in '/home/greg/ros2_ws/build/roswifibot' returned '0': CMAKE_PREFIX_PATH=/home/greg/ros2_ws/install/wifibot_msgs:/home/greg/ros2_ws/install/roswifibot:/home/greg/ros2_ws/install/lib_wifibot:/home/greg/ros2_ws/install/joy2twist:/opt/ros/humble /usr/bin/cmake --install /home/greg/ros2_ws/build/roswifibot
