[0.061s] Invoking command in '/home/greg/ros2_ws/build/lib_wifibot': CMAKE_PREFIX_PATH=${CMAKE_PREFIX_PATH}:/opt/ros/humble /usr/bin/cmake /home/greg/ros2_ws/src/lib_wifibot -DCMAKE_INSTALL_PREFIX=/home/greg/ros2_ws/install/lib_wifibot
[0.121s] -- The C compiler identification is GNU 11.4.0
[0.179s] -- The CXX compiler identification is GNU 11.4.0
[0.187s] -- Detecting C compiler ABI info
[0.272s] -- Detecting C compiler ABI info - done
[0.280s] -- Check for working C compiler: /usr/bin/cc - skipped
[0.281s] -- Detecting C compile features
[0.281s] -- Detecting C compile features - done
[0.285s] -- Detecting CXX compiler ABI info
[0.373s] -- Detecting CXX compiler ABI info - done
[0.380s] -- Check for working CXX compiler: /usr/bin/c++ - skipped
[0.381s] -- Detecting CXX compile features
[0.381s] -- Detecting CXX compile features - done
[0.383s] -- Found ament_cmake: 1.3.5 (/opt/ros/humble/share/ament_cmake/cmake)
[0.588s] -- Found Python3: /usr/bin/python3.10 (found version "3.10.12") found components: Interpreter 
[0.667s] -- Found ament_lint_auto: 0.12.8 (/opt/ros/humble/share/ament_lint_auto/cmake)
[0.738s] -- Found rosidl_default_generators: 1.2.0 (/opt/ros/humble/share/rosidl_default_generators/cmake)
[0.741s] -- Using all available rosidl_typesupport_c: rosidl_typesupport_fastrtps_c;rosidl_typesupport_introspection_c
[0.746s] -- Found rosidl_adapter: 3.1.5 (/opt/ros/humble/share/rosidl_adapter/cmake)
[0.779s] -- Using all available rosidl_typesupport_cpp: rosidl_typesupport_fastrtps_cpp;rosidl_typesupport_introspection_cpp
[0.815s] -- Added test 'cppcheck' to perform static code analysis on C / C++ code
[0.815s] -- Configured cppcheck include dirs: /home/greg/ros2_ws/src/lib_wifibot/include
[0.815s] -- Configured cppcheck exclude dirs and/or files: 
[0.816s] -- Added test 'lint_cmake' to check CMake code style
[0.816s] -- Added test 'uncrustify' to check C / C++ code style
[0.816s] -- Configured uncrustify additional arguments: 
[0.817s] -- Added test 'xmllint' to check XML markup files
[0.818s] -- Configuring done
[0.823s] -- Generating done
[0.824s] -- Build files have been written to: /home/greg/ros2_ws/build/lib_wifibot
[0.830s] Invoked command in '/home/greg/ros2_ws/build/lib_wifibot' returned '0': CMAKE_PREFIX_PATH=${CMAKE_PREFIX_PATH}:/opt/ros/humble /usr/bin/cmake /home/greg/ros2_ws/src/lib_wifibot -DCMAKE_INSTALL_PREFIX=/home/greg/ros2_ws/install/lib_wifibot
[0.832s] Invoking command in '/home/greg/ros2_ws/build/lib_wifibot': CMAKE_PREFIX_PATH=${CMAKE_PREFIX_PATH}:/opt/ros/humble /usr/bin/cmake --build /home/greg/ros2_ws/build/lib_wifibot -- -j16 -l16
[0.890s] [ 50%] [32mBuilding CXX object CMakeFiles/lib_wifibot.dir/src/libwifibot.cpp.o[0m
[1.157s] [100%] [32m[1mLinking CXX static library liblib_wifibot.a[0m
[1.193s] [100%] Built target lib_wifibot
[1.206s] Invoked command in '/home/greg/ros2_ws/build/lib_wifibot' returned '0': CMAKE_PREFIX_PATH=${CMAKE_PREFIX_PATH}:/opt/ros/humble /usr/bin/cmake --build /home/greg/ros2_ws/build/lib_wifibot -- -j16 -l16
[1.264s] Invoking command in '/home/greg/ros2_ws/build/lib_wifibot': CMAKE_PREFIX_PATH=${CMAKE_PREFIX_PATH}:/opt/ros/humble /usr/bin/cmake --install /home/greg/ros2_ws/build/lib_wifibot
[1.272s] -- Install configuration: ""
[1.272s] -- Installing: /home/greg/ros2_ws/install/lib_wifibot/share/lib_wifibot/environment/library_path.sh
[1.272s] -- Installing: /home/greg/ros2_ws/install/lib_wifibot/share/lib_wifibot/environment/library_path.dsv
[1.272s] -- Installing: /home/greg/ros2_ws/install/lib_wifibot/include/lib_wifibot
[1.273s] -- Installing: /home/greg/ros2_ws/install/lib_wifibot/include/lib_wifibot/libwifibot.h
[1.273s] -- Installing: /home/greg/ros2_ws/install/lib_wifibot/lib/liblib_wifibot.a
[1.273s] -- Installing: /home/greg/ros2_ws/install/lib_wifibot/share/ament_index/resource_index/package_run_dependencies/lib_wifibot
[1.273s] -- Installing: /home/greg/ros2_ws/install/lib_wifibot/share/ament_index/resource_index/parent_prefix_path/lib_wifibot
[1.273s] -- Installing: /home/greg/ros2_ws/install/lib_wifibot/share/lib_wifibot/environment/ament_prefix_path.sh
[1.274s] -- Installing: /home/greg/ros2_ws/install/lib_wifibot/share/lib_wifibot/environment/ament_prefix_path.dsv
[1.274s] -- Installing: /home/greg/ros2_ws/install/lib_wifibot/share/lib_wifibot/environment/path.sh
[1.274s] -- Installing: /home/greg/ros2_ws/install/lib_wifibot/share/lib_wifibot/environment/path.dsv
[1.274s] -- Installing: /home/greg/ros2_ws/install/lib_wifibot/share/lib_wifibot/local_setup.bash
[1.274s] -- Installing: /home/greg/ros2_ws/install/lib_wifibot/share/lib_wifibot/local_setup.sh
[1.274s] -- Installing: /home/greg/ros2_ws/install/lib_wifibot/share/lib_wifibot/local_setup.zsh
[1.274s] -- Installing: /home/greg/ros2_ws/install/lib_wifibot/share/lib_wifibot/local_setup.dsv
[1.275s] -- Installing: /home/greg/ros2_ws/install/lib_wifibot/share/lib_wifibot/package.dsv
[1.275s] -- Installing: /home/greg/ros2_ws/install/lib_wifibot/share/ament_index/resource_index/packages/lib_wifibot
[1.275s] -- Installing: /home/greg/ros2_ws/install/lib_wifibot/share/lib_wifibot/cmake/lib_wifibotExport.cmake
[1.275s] -- Installing: /home/greg/ros2_ws/install/lib_wifibot/share/lib_wifibot/cmake/lib_wifibotExport-noconfig.cmake
[1.275s] -- Installing: /home/greg/ros2_ws/install/lib_wifibot/share/lib_wifibot/cmake/ament_cmake_export_targets-extras.cmake
[1.275s] -- Installing: /home/greg/ros2_ws/install/lib_wifibot/share/lib_wifibot/cmake/lib_wifibotConfig.cmake
[1.275s] -- Installing: /home/greg/ros2_ws/install/lib_wifibot/share/lib_wifibot/cmake/lib_wifibotConfig-version.cmake
[1.275s] -- Installing: /home/greg/ros2_ws/install/lib_wifibot/share/lib_wifibot/package.xml
[1.277s] Invoked command in '/home/greg/ros2_ws/build/lib_wifibot' returned '0': CMAKE_PREFIX_PATH=${CMAKE_PREFIX_PATH}:/opt/ros/humble /usr/bin/cmake --install /home/greg/ros2_ws/build/lib_wifibot
