[0.036s] Invoking command in '/home/greg/ros2_ws/build/roswifibot': AMENT_PREFIX_PATH=/home/greg/ros2_ws/install/wifibot_msgs:${AMENT_PREFIX_PATH} CMAKE_PREFIX_PATH=/home/greg/ros2_ws/install/wifibot_msgs:/home/greg/ros2_ws/install/joy2twist:/home/greg/ros2_ws/install/arbotix_msgs:/opt/ros/humble LD_LIBRARY_PATH=/home/greg/ros2_ws/install/wifibot_msgs/lib:${LD_LIBRARY_PATH} PYTHONPATH=/home/greg/ros2_ws/install/wifibot_msgs/local/lib/python3.10/dist-packages:${PYTHONPATH} /usr/bin/cmake /home/greg/ros2_ws/src/roswifibot -DCMAKE_INSTALL_PREFIX=/home/greg/ros2_ws/install/roswifibot
[0.078s] -- The C compiler identification is GNU 11.4.0
[0.121s] -- The CXX compiler identification is GNU 11.4.0
[0.126s] -- Detecting C compiler ABI info
[0.177s] -- Detecting C compiler ABI info - done
[0.181s] -- Check for working C compiler: /usr/bin/cc - skipped
[0.182s] -- Detecting C compile features
[0.182s] -- Detecting C compile features - done
[0.183s] -- Detecting CXX compiler ABI info
[0.248s] -- Detecting CXX compiler ABI info - done
[0.252s] -- Check for working CXX compiler: /usr/bin/c++ - skipped
[0.254s] -- Detecting CXX compile features
[0.254s] -- Detecting CXX compile features - done
[0.254s] -- Found ament_cmake: 1.3.5 (/opt/ros/humble/share/ament_cmake/cmake)
[0.370s] -- Found Python3: /usr/bin/python3.10 (found version "3.10.12") found components: Interpreter 
[0.426s] -- Found rclcpp: 16.0.6 (/opt/ros/humble/share/rclcpp/cmake)
[0.448s] -- Found rosidl_generator_c: 3.1.5 (/opt/ros/humble/share/rosidl_generator_c/cmake)
[0.451s] -- Found rosidl_adapter: 3.1.5 (/opt/ros/humble/share/rosidl_adapter/cmake)
[0.456s] -- Found rosidl_generator_cpp: 3.1.5 (/opt/ros/humble/share/rosidl_generator_cpp/cmake)
[0.464s] -- Using all available rosidl_typesupport_c: rosidl_typesupport_fastrtps_c;rosidl_typesupport_introspection_c
[0.475s] -- Using all available rosidl_typesupport_cpp: rosidl_typesupport_fastrtps_cpp;rosidl_typesupport_introspection_cpp
[0.518s] -- Found rmw_implementation_cmake: 6.1.1 (/opt/ros/humble/share/rmw_implementation_cmake/cmake)
[0.520s] -- Found rmw_fastrtps_cpp: 6.2.4 (/opt/ros/humble/share/rmw_fastrtps_cpp/cmake)
[0.586s] -- Found OpenSSL: /usr/lib/x86_64-linux-gnu/libcrypto.so (found version "3.0.2")  
[0.602s] -- Found FastRTPS: /opt/ros/humble/include  
[0.629s] -- Using RMW implementation 'rmw_fastrtps_cpp' as default
[0.634s] -- Looking for pthread.h
[0.689s] -- Looking for pthread.h - found
[0.689s] -- Performing Test CMAKE_HAVE_LIBC_PTHREAD
[0.745s] -- Performing Test CMAKE_HAVE_LIBC_PTHREAD - Success
[0.745s] -- Found Threads: TRUE  
[0.842s] -- Found tf2: 0.25.4 (/opt/ros/humble/share/tf2/cmake)
[0.878s] -- Found tf2_ros: 0.25.4 (/opt/ros/humble/share/tf2_ros/cmake)
[1.094s] -- Found nav_msgs: 4.2.3 (/opt/ros/humble/share/nav_msgs/cmake)
[1.134s] -- Found wifibot_msgs: 0.0.0 (/home/greg/ros2_ws/install/wifibot_msgs/share/wifibot_msgs/cmake)
[1.146s] -- Configuring incomplete, errors occurred!
[1.146s] See also "/home/greg/ros2_ws/build/roswifibot/CMakeFiles/CMakeOutput.log".
[1.146s] [31mCMake Error at CMakeLists.txt:18 (find_package):
[1.146s]   By not providing "Findlib_wifibot.cmake" in CMAKE_MODULE_PATH this project
[1.147s]   has asked CMake to find a package configuration file provided by
[1.147s]   "lib_wifibot", but CMake did not find one.
[1.147s] 
[1.147s]   Could not find a package configuration file provided by "lib_wifibot" with
[1.147s]   any of the following names:
[1.147s] 
[1.147s]     lib_wifibotConfig.cmake
[1.147s]     lib_wifibot-config.cmake
[1.147s] 
[1.147s]   Add the installation prefix of "lib_wifibot" to CMAKE_PREFIX_PATH or set
[1.147s]   "lib_wifibot_DIR" to a directory containing one of the above files.  If
[1.147s]   "lib_wifibot" provides a separate development package or SDK, be sure it
[1.147s]   has been installed.
[1.147s] 
[1.147s] [0m
[1.153s] Invoked command in '/home/greg/ros2_ws/build/roswifibot' returned '1': AMENT_PREFIX_PATH=/home/greg/ros2_ws/install/wifibot_msgs:${AMENT_PREFIX_PATH} CMAKE_PREFIX_PATH=/home/greg/ros2_ws/install/wifibot_msgs:/home/greg/ros2_ws/install/joy2twist:/home/greg/ros2_ws/install/arbotix_msgs:/opt/ros/humble LD_LIBRARY_PATH=/home/greg/ros2_ws/install/wifibot_msgs/lib:${LD_LIBRARY_PATH} PYTHONPATH=/home/greg/ros2_ws/install/wifibot_msgs/local/lib/python3.10/dist-packages:${PYTHONPATH} /usr/bin/cmake /home/greg/ros2_ws/src/roswifibot -DCMAKE_INSTALL_PREFIX=/home/greg/ros2_ws/install/roswifibot
