[0.163s] Invoking command in '/home/greg/ros2_ws/build/arbotix_msgs': CMAKE_PREFIX_PATH=${CMAKE_PREFIX_PATH}:/opt/ros/humble /usr/bin/cmake --build /home/greg/ros2_ws/build/arbotix_msgs -- -j16 -l16
[0.205s] [35m[1mConsolidate compiler generated dependencies of target arbotix_msgs__rosidl_generator_c[0m
[0.213s] [  1%] Built target arbotix_msgs__cpp
[0.215s] [ 12%] Built target arbotix_msgs__rosidl_generator_c
[0.226s] [ 12%] Built target ament_cmake_python_copy_arbotix_msgs
[0.227s] [35m[1mConsolidate compiler generated dependencies of target arbotix_msgs__rosidl_typesupport_fastrtps_cpp[0m
[0.229s] [35m[1mConsolidate compiler generated dependencies of target arbotix_msgs__rosidl_typesupport_introspection_c[0m
[0.233s] [35m[1mConsolidate compiler generated dependencies of target arbotix_msgs__rosidl_typesupport_introspection_cpp[0m
[0.233s] [35m[1mConsolidate compiler generated dependencies of target arbotix_msgs__rosidl_typesupport_c[0m
[0.233s] [35m[1mConsolidate compiler generated dependencies of target arbotix_msgs__rosidl_typesupport_cpp[0m
[0.237s] [35m[1mConsolidate compiler generated dependencies of target arbotix_msgs__rosidl_typesupport_fastrtps_c[0m
[0.253s] [ 23%] Built target arbotix_msgs__rosidl_typesupport_introspection_c
[0.253s] [ 35%] Built target arbotix_msgs__rosidl_typesupport_c
[0.254s] [ 46%] Built target arbotix_msgs__rosidl_typesupport_fastrtps_cpp
[0.254s] [ 57%] Built target arbotix_msgs__rosidl_typesupport_introspection_cpp
[0.262s] [ 69%] Built target arbotix_msgs__rosidl_typesupport_cpp
[0.263s] [ 80%] Built target arbotix_msgs__rosidl_typesupport_fastrtps_c
[0.284s] [ 80%] Built target arbotix_msgs
[0.310s] [ 81%] Built target arbotix_msgs__py
[0.320s] [35m[1mConsolidate compiler generated dependencies of target arbotix_msgs__rosidl_generator_py[0m
[0.338s] [ 91%] Built target arbotix_msgs__rosidl_generator_py
[0.350s] [35m[1mConsolidate compiler generated dependencies of target arbotix_msgs__rosidl_typesupport_c__pyext[0m
[0.352s] [35m[1mConsolidate compiler generated dependencies of target arbotix_msgs__rosidl_typesupport_introspection_c__pyext[0m
[0.353s] [35m[1mConsolidate compiler generated dependencies of target arbotix_msgs__rosidl_typesupport_fastrtps_c__pyext[0m
[0.363s] [ 94%] Built target arbotix_msgs__rosidl_typesupport_c__pyext
[0.369s] [ 97%] Built target arbotix_msgs__rosidl_typesupport_introspection_c__pyext
[0.370s] [100%] Built target arbotix_msgs__rosidl_typesupport_fastrtps_c__pyext
[0.399s] running egg_info
[0.399s] writing arbotix_msgs.egg-info/PKG-INFO
[0.400s] writing dependency_links to arbotix_msgs.egg-info/dependency_links.txt
[0.400s] writing top-level names to arbotix_msgs.egg-info/top_level.txt
[0.401s] reading manifest file 'arbotix_msgs.egg-info/SOURCES.txt'
[0.402s] writing manifest file 'arbotix_msgs.egg-info/SOURCES.txt'
[0.424s] [100%] Built target ament_cmake_python_build_arbotix_msgs_egg
[0.508s] Invoked command in '/home/greg/ros2_ws/build/arbotix_msgs' returned '0': CMAKE_PREFIX_PATH=${CMAKE_PREFIX_PATH}:/opt/ros/humble /usr/bin/cmake --build /home/greg/ros2_ws/build/arbotix_msgs -- -j16 -l16
[0.735s] Invoking command in '/home/greg/ros2_ws/build/arbotix_msgs': CMAKE_PREFIX_PATH=${CMAKE_PREFIX_PATH}:/opt/ros/humble /usr/bin/cmake --install /home/greg/ros2_ws/build/arbotix_msgs
[0.741s] -- Install configuration: ""
[0.741s] -- Up-to-date: /home/greg/ros2_ws/install/arbotix_msgs/share/ament_index/resource_index/rosidl_interfaces/arbotix_msgs
[0.741s] -- Up-to-date: /home/greg/ros2_ws/install/arbotix_msgs/include/arbotix_msgs/arbotix_msgs
[0.741s] -- Up-to-date: /home/greg/ros2_ws/install/arbotix_msgs/include/arbotix_msgs/arbotix_msgs/msg
[0.742s] -- Up-to-date: /home/greg/ros2_ws/install/arbotix_msgs/include/arbotix_msgs/arbotix_msgs/msg/digital.h
[0.742s] -- Up-to-date: /home/greg/ros2_ws/install/arbotix_msgs/include/arbotix_msgs/arbotix_msgs/msg/rosidl_generator_c__visibility_control.h
[0.742s] -- Up-to-date: /home/greg/ros2_ws/install/arbotix_msgs/include/arbotix_msgs/arbotix_msgs/msg/detail
[0.742s] -- Up-to-date: /home/greg/ros2_ws/install/arbotix_msgs/include/arbotix_msgs/arbotix_msgs/msg/detail/digital__struct.h
[0.742s] -- Up-to-date: /home/greg/ros2_ws/install/arbotix_msgs/include/arbotix_msgs/arbotix_msgs/msg/detail/analog__functions.h
[0.742s] -- Up-to-date: /home/greg/ros2_ws/install/arbotix_msgs/include/arbotix_msgs/arbotix_msgs/msg/detail/digital__functions.c
[0.742s] -- Up-to-date: /home/greg/ros2_ws/install/arbotix_msgs/include/arbotix_msgs/arbotix_msgs/msg/detail/digital__type_support.h
[0.743s] -- Up-to-date: /home/greg/ros2_ws/install/arbotix_msgs/include/arbotix_msgs/arbotix_msgs/msg/detail/analog__type_support.h
[0.743s] -- Up-to-date: /home/greg/ros2_ws/install/arbotix_msgs/include/arbotix_msgs/arbotix_msgs/msg/detail/analog__struct.h
[0.743s] -- Up-to-date: /home/greg/ros2_ws/install/arbotix_msgs/include/arbotix_msgs/arbotix_msgs/msg/detail/digital__functions.h
[0.743s] -- Up-to-date: /home/greg/ros2_ws/install/arbotix_msgs/include/arbotix_msgs/arbotix_msgs/msg/detail/analog__functions.c
[0.743s] -- Up-to-date: /home/greg/ros2_ws/install/arbotix_msgs/include/arbotix_msgs/arbotix_msgs/msg/analog.h
[0.743s] -- Up-to-date: /home/greg/ros2_ws/install/arbotix_msgs/include/arbotix_msgs/arbotix_msgs/srv
[0.743s] -- Up-to-date: /home/greg/ros2_ws/install/arbotix_msgs/include/arbotix_msgs/arbotix_msgs/srv/enable.h
[0.744s] -- Up-to-date: /home/greg/ros2_ws/install/arbotix_msgs/include/arbotix_msgs/arbotix_msgs/srv/detail
[0.744s] -- Up-to-date: /home/greg/ros2_ws/install/arbotix_msgs/include/arbotix_msgs/arbotix_msgs/srv/detail/enable__functions.h
[0.744s] -- Up-to-date: /home/greg/ros2_ws/install/arbotix_msgs/include/arbotix_msgs/arbotix_msgs/srv/detail/setup_channel__functions.h
[0.744s] -- Up-to-date: /home/greg/ros2_ws/install/arbotix_msgs/include/arbotix_msgs/arbotix_msgs/srv/detail/setup_channel__functions.c
[0.744s] -- Up-to-date: /home/greg/ros2_ws/install/arbotix_msgs/include/arbotix_msgs/arbotix_msgs/srv/detail/setup_channel__struct.h
[0.744s] -- Up-to-date: /home/greg/ros2_ws/install/arbotix_msgs/include/arbotix_msgs/arbotix_msgs/srv/detail/set_speed__struct.h
[0.744s] -- Up-to-date: /home/greg/ros2_ws/install/arbotix_msgs/include/arbotix_msgs/arbotix_msgs/srv/detail/enable__type_support.h
[0.744s] -- Up-to-date: /home/greg/ros2_ws/install/arbotix_msgs/include/arbotix_msgs/arbotix_msgs/srv/detail/set_speed__type_support.h
[0.744s] -- Up-to-date: /home/greg/ros2_ws/install/arbotix_msgs/include/arbotix_msgs/arbotix_msgs/srv/detail/relax__type_support.h
[0.744s] -- Up-to-date: /home/greg/ros2_ws/install/arbotix_msgs/include/arbotix_msgs/arbotix_msgs/srv/detail/set_speed__functions.c
[0.744s] -- Up-to-date: /home/greg/ros2_ws/install/arbotix_msgs/include/arbotix_msgs/arbotix_msgs/srv/detail/set_speed__functions.h
[0.744s] -- Up-to-date: /home/greg/ros2_ws/install/arbotix_msgs/include/arbotix_msgs/arbotix_msgs/srv/detail/relax__functions.c
[0.744s] -- Up-to-date: /home/greg/ros2_ws/install/arbotix_msgs/include/arbotix_msgs/arbotix_msgs/srv/detail/enable__struct.h
[0.745s] -- Up-to-date: /home/greg/ros2_ws/install/arbotix_msgs/include/arbotix_msgs/arbotix_msgs/srv/detail/relax__functions.h
[0.745s] -- Up-to-date: /home/greg/ros2_ws/install/arbotix_msgs/include/arbotix_msgs/arbotix_msgs/srv/detail/enable__functions.c
[0.745s] -- Up-to-date: /home/greg/ros2_ws/install/arbotix_msgs/include/arbotix_msgs/arbotix_msgs/srv/detail/setup_channel__type_support.h
[0.745s] -- Up-to-date: /home/greg/ros2_ws/install/arbotix_msgs/include/arbotix_msgs/arbotix_msgs/srv/detail/relax__struct.h
[0.745s] -- Up-to-date: /home/greg/ros2_ws/install/arbotix_msgs/include/arbotix_msgs/arbotix_msgs/srv/setup_channel.h
[0.745s] -- Up-to-date: /home/greg/ros2_ws/install/arbotix_msgs/include/arbotix_msgs/arbotix_msgs/srv/set_speed.h
[0.745s] -- Up-to-date: /home/greg/ros2_ws/install/arbotix_msgs/include/arbotix_msgs/arbotix_msgs/srv/relax.h
[0.745s] -- Up-to-date: /home/greg/ros2_ws/install/arbotix_msgs/share/arbotix_msgs/environment/library_path.sh
[0.745s] -- Up-to-date: /home/greg/ros2_ws/install/arbotix_msgs/share/arbotix_msgs/environment/library_path.dsv
[0.745s] -- Up-to-date: /home/greg/ros2_ws/install/arbotix_msgs/lib/libarbotix_msgs__rosidl_generator_c.so
[0.746s] -- Up-to-date: /home/greg/ros2_ws/install/arbotix_msgs/include/arbotix_msgs/arbotix_msgs
[0.746s] -- Up-to-date: /home/greg/ros2_ws/install/arbotix_msgs/include/arbotix_msgs/arbotix_msgs/msg
[0.746s] -- Up-to-date: /home/greg/ros2_ws/install/arbotix_msgs/include/arbotix_msgs/arbotix_msgs/msg/rosidl_typesupport_fastrtps_c__visibility_control.h
[0.746s] -- Up-to-date: /home/greg/ros2_ws/install/arbotix_msgs/include/arbotix_msgs/arbotix_msgs/msg/detail
[0.746s] -- Up-to-date: /home/greg/ros2_ws/install/arbotix_msgs/include/arbotix_msgs/arbotix_msgs/msg/detail/analog__rosidl_typesupport_fastrtps_c.h
[0.746s] -- Up-to-date: /home/greg/ros2_ws/install/arbotix_msgs/include/arbotix_msgs/arbotix_msgs/msg/detail/digital__rosidl_typesupport_fastrtps_c.h
[0.746s] -- Up-to-date: /home/greg/ros2_ws/install/arbotix_msgs/include/arbotix_msgs/arbotix_msgs/srv
[0.746s] -- Up-to-date: /home/greg/ros2_ws/install/arbotix_msgs/include/arbotix_msgs/arbotix_msgs/srv/detail
[0.747s] -- Up-to-date: /home/greg/ros2_ws/install/arbotix_msgs/include/arbotix_msgs/arbotix_msgs/srv/detail/relax__rosidl_typesupport_fastrtps_c.h
[0.747s] -- Up-to-date: /home/greg/ros2_ws/install/arbotix_msgs/include/arbotix_msgs/arbotix_msgs/srv/detail/enable__rosidl_typesupport_fastrtps_c.h
[0.747s] -- Up-to-date: /home/greg/ros2_ws/install/arbotix_msgs/include/arbotix_msgs/arbotix_msgs/srv/detail/set_speed__rosidl_typesupport_fastrtps_c.h
[0.747s] -- Up-to-date: /home/greg/ros2_ws/install/arbotix_msgs/include/arbotix_msgs/arbotix_msgs/srv/detail/setup_channel__rosidl_typesupport_fastrtps_c.h
[0.747s] -- Up-to-date: /home/greg/ros2_ws/install/arbotix_msgs/lib/libarbotix_msgs__rosidl_typesupport_fastrtps_c.so
[0.747s] -- Up-to-date: /home/greg/ros2_ws/install/arbotix_msgs/include/arbotix_msgs/arbotix_msgs
[0.747s] -- Up-to-date: /home/greg/ros2_ws/install/arbotix_msgs/include/arbotix_msgs/arbotix_msgs/msg
[0.747s] -- Up-to-date: /home/greg/ros2_ws/install/arbotix_msgs/include/arbotix_msgs/arbotix_msgs/msg/analog.hpp
[0.747s] -- Up-to-date: /home/greg/ros2_ws/install/arbotix_msgs/include/arbotix_msgs/arbotix_msgs/msg/digital.hpp
[0.747s] -- Up-to-date: /home/greg/ros2_ws/install/arbotix_msgs/include/arbotix_msgs/arbotix_msgs/msg/detail
[0.747s] -- Up-to-date: /home/greg/ros2_ws/install/arbotix_msgs/include/arbotix_msgs/arbotix_msgs/msg/detail/analog__builder.hpp
[0.747s] -- Up-to-date: /home/greg/ros2_ws/install/arbotix_msgs/include/arbotix_msgs/arbotix_msgs/msg/detail/analog__traits.hpp
[0.747s] -- Up-to-date: /home/greg/ros2_ws/install/arbotix_msgs/include/arbotix_msgs/arbotix_msgs/msg/detail/digital__struct.hpp
[0.747s] -- Up-to-date: /home/greg/ros2_ws/install/arbotix_msgs/include/arbotix_msgs/arbotix_msgs/msg/detail/digital__traits.hpp
[0.748s] -- Up-to-date: /home/greg/ros2_ws/install/arbotix_msgs/include/arbotix_msgs/arbotix_msgs/msg/detail/digital__builder.hpp
[0.748s] -- Up-to-date: /home/greg/ros2_ws/install/arbotix_msgs/include/arbotix_msgs/arbotix_msgs/msg/detail/analog__struct.hpp
[0.748s] -- Up-to-date: /home/greg/ros2_ws/install/arbotix_msgs/include/arbotix_msgs/arbotix_msgs/srv
[0.748s] -- Up-to-date: /home/greg/ros2_ws/install/arbotix_msgs/include/arbotix_msgs/arbotix_msgs/srv/setup_channel.hpp
[0.748s] -- Up-to-date: /home/greg/ros2_ws/install/arbotix_msgs/include/arbotix_msgs/arbotix_msgs/srv/enable.hpp
[0.748s] -- Up-to-date: /home/greg/ros2_ws/install/arbotix_msgs/include/arbotix_msgs/arbotix_msgs/srv/detail
[0.748s] -- Up-to-date: /home/greg/ros2_ws/install/arbotix_msgs/include/arbotix_msgs/arbotix_msgs/srv/detail/set_speed__builder.hpp
[0.748s] -- Up-to-date: /home/greg/ros2_ws/install/arbotix_msgs/include/arbotix_msgs/arbotix_msgs/srv/detail/enable__struct.hpp
[0.748s] -- Up-to-date: /home/greg/ros2_ws/install/arbotix_msgs/include/arbotix_msgs/arbotix_msgs/srv/detail/setup_channel__builder.hpp
[0.748s] -- Up-to-date: /home/greg/ros2_ws/install/arbotix_msgs/include/arbotix_msgs/arbotix_msgs/srv/detail/enable__traits.hpp
[0.748s] -- Up-to-date: /home/greg/ros2_ws/install/arbotix_msgs/include/arbotix_msgs/arbotix_msgs/srv/detail/relax__builder.hpp
[0.748s] -- Up-to-date: /home/greg/ros2_ws/install/arbotix_msgs/include/arbotix_msgs/arbotix_msgs/srv/detail/setup_channel__traits.hpp
[0.748s] -- Up-to-date: /home/greg/ros2_ws/install/arbotix_msgs/include/arbotix_msgs/arbotix_msgs/srv/detail/relax__traits.hpp
[0.748s] -- Up-to-date: /home/greg/ros2_ws/install/arbotix_msgs/include/arbotix_msgs/arbotix_msgs/srv/detail/setup_channel__struct.hpp
[0.748s] -- Up-to-date: /home/greg/ros2_ws/install/arbotix_msgs/include/arbotix_msgs/arbotix_msgs/srv/detail/relax__struct.hpp
[0.748s] -- Up-to-date: /home/greg/ros2_ws/install/arbotix_msgs/include/arbotix_msgs/arbotix_msgs/srv/detail/enable__builder.hpp
[0.748s] -- Up-to-date: /home/greg/ros2_ws/install/arbotix_msgs/include/arbotix_msgs/arbotix_msgs/srv/detail/set_speed__struct.hpp
[0.748s] -- Up-to-date: /home/greg/ros2_ws/install/arbotix_msgs/include/arbotix_msgs/arbotix_msgs/srv/detail/set_speed__traits.hpp
[0.748s] -- Up-to-date: /home/greg/ros2_ws/install/arbotix_msgs/include/arbotix_msgs/arbotix_msgs/srv/relax.hpp
[0.748s] -- Up-to-date: /home/greg/ros2_ws/install/arbotix_msgs/include/arbotix_msgs/arbotix_msgs/srv/set_speed.hpp
[0.748s] -- Up-to-date: /home/greg/ros2_ws/install/arbotix_msgs/include/arbotix_msgs/arbotix_msgs
[0.748s] -- Up-to-date: /home/greg/ros2_ws/install/arbotix_msgs/include/arbotix_msgs/arbotix_msgs/msg
[0.748s] -- Up-to-date: /home/greg/ros2_ws/install/arbotix_msgs/include/arbotix_msgs/arbotix_msgs/msg/rosidl_typesupport_fastrtps_cpp__visibility_control.h
[0.748s] -- Up-to-date: /home/greg/ros2_ws/install/arbotix_msgs/include/arbotix_msgs/arbotix_msgs/msg/detail
[0.749s] -- Up-to-date: /home/greg/ros2_ws/install/arbotix_msgs/include/arbotix_msgs/arbotix_msgs/msg/detail/digital__rosidl_typesupport_fastrtps_cpp.hpp
[0.749s] -- Up-to-date: /home/greg/ros2_ws/install/arbotix_msgs/include/arbotix_msgs/arbotix_msgs/msg/detail/analog__rosidl_typesupport_fastrtps_cpp.hpp
[0.749s] -- Up-to-date: /home/greg/ros2_ws/install/arbotix_msgs/include/arbotix_msgs/arbotix_msgs/msg/detail/dds_fastrtps
[0.749s] -- Up-to-date: /home/greg/ros2_ws/install/arbotix_msgs/include/arbotix_msgs/arbotix_msgs/srv
[0.749s] -- Up-to-date: /home/greg/ros2_ws/install/arbotix_msgs/include/arbotix_msgs/arbotix_msgs/srv/detail
[0.749s] -- Up-to-date: /home/greg/ros2_ws/install/arbotix_msgs/include/arbotix_msgs/arbotix_msgs/srv/detail/enable__rosidl_typesupport_fastrtps_cpp.hpp
[0.749s] -- Up-to-date: /home/greg/ros2_ws/install/arbotix_msgs/include/arbotix_msgs/arbotix_msgs/srv/detail/set_speed__rosidl_typesupport_fastrtps_cpp.hpp
[0.749s] -- Up-to-date: /home/greg/ros2_ws/install/arbotix_msgs/include/arbotix_msgs/arbotix_msgs/srv/detail/relax__rosidl_typesupport_fastrtps_cpp.hpp
[0.749s] -- Up-to-date: /home/greg/ros2_ws/install/arbotix_msgs/include/arbotix_msgs/arbotix_msgs/srv/detail/setup_channel__rosidl_typesupport_fastrtps_cpp.hpp
[0.749s] -- Up-to-date: /home/greg/ros2_ws/install/arbotix_msgs/include/arbotix_msgs/arbotix_msgs/srv/detail/dds_fastrtps
[0.749s] -- Up-to-date: /home/greg/ros2_ws/install/arbotix_msgs/lib/libarbotix_msgs__rosidl_typesupport_fastrtps_cpp.so
[0.749s] -- Up-to-date: /home/greg/ros2_ws/install/arbotix_msgs/include/arbotix_msgs/arbotix_msgs
[0.749s] -- Up-to-date: /home/greg/ros2_ws/install/arbotix_msgs/include/arbotix_msgs/arbotix_msgs/msg
[0.749s] -- Up-to-date: /home/greg/ros2_ws/install/arbotix_msgs/include/arbotix_msgs/arbotix_msgs/msg/rosidl_typesupport_introspection_c__visibility_control.h
[0.749s] -- Up-to-date: /home/greg/ros2_ws/install/arbotix_msgs/include/arbotix_msgs/arbotix_msgs/msg/detail
[0.749s] -- Up-to-date: /home/greg/ros2_ws/install/arbotix_msgs/include/arbotix_msgs/arbotix_msgs/msg/detail/analog__rosidl_typesupport_introspection_c.h
[0.749s] -- Up-to-date: /home/greg/ros2_ws/install/arbotix_msgs/include/arbotix_msgs/arbotix_msgs/msg/detail/digital__rosidl_typesupport_introspection_c.h
[0.749s] -- Up-to-date: /home/greg/ros2_ws/install/arbotix_msgs/include/arbotix_msgs/arbotix_msgs/msg/detail/analog__type_support.c
[0.749s] -- Up-to-date: /home/greg/ros2_ws/install/arbotix_msgs/include/arbotix_msgs/arbotix_msgs/msg/detail/digital__type_support.c
[0.749s] -- Up-to-date: /home/greg/ros2_ws/install/arbotix_msgs/include/arbotix_msgs/arbotix_msgs/srv
[0.749s] -- Up-to-date: /home/greg/ros2_ws/install/arbotix_msgs/include/arbotix_msgs/arbotix_msgs/srv/detail
[0.749s] -- Up-to-date: /home/greg/ros2_ws/install/arbotix_msgs/include/arbotix_msgs/arbotix_msgs/srv/detail/setup_channel__rosidl_typesupport_introspection_c.h
[0.749s] -- Up-to-date: /home/greg/ros2_ws/install/arbotix_msgs/include/arbotix_msgs/arbotix_msgs/srv/detail/setup_channel__type_support.c
[0.749s] -- Up-to-date: /home/greg/ros2_ws/install/arbotix_msgs/include/arbotix_msgs/arbotix_msgs/srv/detail/relax__type_support.c
[0.749s] -- Up-to-date: /home/greg/ros2_ws/install/arbotix_msgs/include/arbotix_msgs/arbotix_msgs/srv/detail/enable__rosidl_typesupport_introspection_c.h
[0.749s] -- Up-to-date: /home/greg/ros2_ws/install/arbotix_msgs/include/arbotix_msgs/arbotix_msgs/srv/detail/set_speed__rosidl_typesupport_introspection_c.h
[0.749s] -- Up-to-date: /home/greg/ros2_ws/install/arbotix_msgs/include/arbotix_msgs/arbotix_msgs/srv/detail/relax__rosidl_typesupport_introspection_c.h
[0.750s] -- Up-to-date: /home/greg/ros2_ws/install/arbotix_msgs/include/arbotix_msgs/arbotix_msgs/srv/detail/set_speed__type_support.c
[0.750s] -- Up-to-date: /home/greg/ros2_ws/install/arbotix_msgs/include/arbotix_msgs/arbotix_msgs/srv/detail/enable__type_support.c
[0.750s] -- Up-to-date: /home/greg/ros2_ws/install/arbotix_msgs/lib/libarbotix_msgs__rosidl_typesupport_introspection_c.so
[0.750s] -- Up-to-date: /home/greg/ros2_ws/install/arbotix_msgs/lib/libarbotix_msgs__rosidl_typesupport_c.so
[0.750s] -- Up-to-date: /home/greg/ros2_ws/install/arbotix_msgs/include/arbotix_msgs/arbotix_msgs
[0.750s] -- Up-to-date: /home/greg/ros2_ws/install/arbotix_msgs/include/arbotix_msgs/arbotix_msgs/msg
[0.750s] -- Up-to-date: /home/greg/ros2_ws/install/arbotix_msgs/include/arbotix_msgs/arbotix_msgs/msg/detail
[0.750s] -- Up-to-date: /home/greg/ros2_ws/install/arbotix_msgs/include/arbotix_msgs/arbotix_msgs/msg/detail/digital__rosidl_typesupport_introspection_cpp.hpp
[0.750s] -- Up-to-date: /home/greg/ros2_ws/install/arbotix_msgs/include/arbotix_msgs/arbotix_msgs/msg/detail/digital__type_support.cpp
[0.750s] -- Up-to-date: /home/greg/ros2_ws/install/arbotix_msgs/include/arbotix_msgs/arbotix_msgs/msg/detail/analog__rosidl_typesupport_introspection_cpp.hpp
[0.750s] -- Up-to-date: /home/greg/ros2_ws/install/arbotix_msgs/include/arbotix_msgs/arbotix_msgs/msg/detail/analog__type_support.cpp
[0.750s] -- Up-to-date: /home/greg/ros2_ws/install/arbotix_msgs/include/arbotix_msgs/arbotix_msgs/srv
[0.750s] -- Up-to-date: /home/greg/ros2_ws/install/arbotix_msgs/include/arbotix_msgs/arbotix_msgs/srv/detail
[0.751s] -- Up-to-date: /home/greg/ros2_ws/install/arbotix_msgs/include/arbotix_msgs/arbotix_msgs/srv/detail/set_speed__type_support.cpp
[0.751s] -- Up-to-date: /home/greg/ros2_ws/install/arbotix_msgs/include/arbotix_msgs/arbotix_msgs/srv/detail/relax__rosidl_typesupport_introspection_cpp.hpp
[0.751s] -- Up-to-date: /home/greg/ros2_ws/install/arbotix_msgs/include/arbotix_msgs/arbotix_msgs/srv/detail/enable__type_support.cpp
[0.751s] -- Up-to-date: /home/greg/ros2_ws/install/arbotix_msgs/include/arbotix_msgs/arbotix_msgs/srv/detail/enable__rosidl_typesupport_introspection_cpp.hpp
[0.751s] -- Up-to-date: /home/greg/ros2_ws/install/arbotix_msgs/include/arbotix_msgs/arbotix_msgs/srv/detail/relax__type_support.cpp
[0.751s] -- Up-to-date: /home/greg/ros2_ws/install/arbotix_msgs/include/arbotix_msgs/arbotix_msgs/srv/detail/set_speed__rosidl_typesupport_introspection_cpp.hpp
[0.751s] -- Up-to-date: /home/greg/ros2_ws/install/arbotix_msgs/include/arbotix_msgs/arbotix_msgs/srv/detail/setup_channel__type_support.cpp
[0.751s] -- Up-to-date: /home/greg/ros2_ws/install/arbotix_msgs/include/arbotix_msgs/arbotix_msgs/srv/detail/setup_channel__rosidl_typesupport_introspection_cpp.hpp
[0.751s] -- Up-to-date: /home/greg/ros2_ws/install/arbotix_msgs/lib/libarbotix_msgs__rosidl_typesupport_introspection_cpp.so
[0.751s] -- Up-to-date: /home/greg/ros2_ws/install/arbotix_msgs/lib/libarbotix_msgs__rosidl_typesupport_cpp.so
[0.751s] -- Up-to-date: /home/greg/ros2_ws/install/arbotix_msgs/share/arbotix_msgs/environment/pythonpath.sh
[0.751s] -- Up-to-date: /home/greg/ros2_ws/install/arbotix_msgs/share/arbotix_msgs/environment/pythonpath.dsv
[0.751s] -- Up-to-date: /home/greg/ros2_ws/install/arbotix_msgs/local/lib/python3.10/dist-packages/arbotix_msgs-0.0.0-py3.10.egg-info
[0.751s] -- Installing: /home/greg/ros2_ws/install/arbotix_msgs/local/lib/python3.10/dist-packages/arbotix_msgs-0.0.0-py3.10.egg-info/dependency_links.txt
[0.751s] -- Installing: /home/greg/ros2_ws/install/arbotix_msgs/local/lib/python3.10/dist-packages/arbotix_msgs-0.0.0-py3.10.egg-info/SOURCES.txt
[0.751s] -- Installing: /home/greg/ros2_ws/install/arbotix_msgs/local/lib/python3.10/dist-packages/arbotix_msgs-0.0.0-py3.10.egg-info/PKG-INFO
[0.751s] -- Installing: /home/greg/ros2_ws/install/arbotix_msgs/local/lib/python3.10/dist-packages/arbotix_msgs-0.0.0-py3.10.egg-info/top_level.txt
[0.751s] -- Up-to-date: /home/greg/ros2_ws/install/arbotix_msgs/local/lib/python3.10/dist-packages/arbotix_msgs
[0.751s] -- Up-to-date: /home/greg/ros2_ws/install/arbotix_msgs/local/lib/python3.10/dist-packages/arbotix_msgs/_arbotix_msgs_s.ep.rosidl_typesupport_introspection_c.c
[0.751s] -- Up-to-date: /home/greg/ros2_ws/install/arbotix_msgs/local/lib/python3.10/dist-packages/arbotix_msgs/arbotix_msgs_s__rosidl_typesupport_c.cpython-310-x86_64-linux-gnu.so
[0.751s] -- Up-to-date: /home/greg/ros2_ws/install/arbotix_msgs/local/lib/python3.10/dist-packages/arbotix_msgs/arbotix_msgs_s__rosidl_typesupport_fastrtps_c.cpython-310-x86_64-linux-gnu.so
[0.751s] -- Up-to-date: /home/greg/ros2_ws/install/arbotix_msgs/local/lib/python3.10/dist-packages/arbotix_msgs/_arbotix_msgs_s.ep.rosidl_typesupport_c.c
[0.751s] -- Up-to-date: /home/greg/ros2_ws/install/arbotix_msgs/local/lib/python3.10/dist-packages/arbotix_msgs/_arbotix_msgs_s.ep.rosidl_typesupport_fastrtps_c.c
[0.751s] -- Up-to-date: /home/greg/ros2_ws/install/arbotix_msgs/local/lib/python3.10/dist-packages/arbotix_msgs/arbotix_msgs_s__rosidl_typesupport_introspection_c.cpython-310-x86_64-linux-gnu.so
[0.751s] -- Up-to-date: /home/greg/ros2_ws/install/arbotix_msgs/local/lib/python3.10/dist-packages/arbotix_msgs/libarbotix_msgs__rosidl_generator_py.so
[0.752s] -- Up-to-date: /home/greg/ros2_ws/install/arbotix_msgs/local/lib/python3.10/dist-packages/arbotix_msgs/msg
[0.752s] -- Up-to-date: /home/greg/ros2_ws/install/arbotix_msgs/local/lib/python3.10/dist-packages/arbotix_msgs/msg/_digital_s.c
[0.752s] -- Up-to-date: /home/greg/ros2_ws/install/arbotix_msgs/local/lib/python3.10/dist-packages/arbotix_msgs/msg/_analog.py
[0.752s] -- Up-to-date: /home/greg/ros2_ws/install/arbotix_msgs/local/lib/python3.10/dist-packages/arbotix_msgs/msg/_analog_s.c
[0.752s] -- Up-to-date: /home/greg/ros2_ws/install/arbotix_msgs/local/lib/python3.10/dist-packages/arbotix_msgs/msg/_digital.py
[0.752s] -- Up-to-date: /home/greg/ros2_ws/install/arbotix_msgs/local/lib/python3.10/dist-packages/arbotix_msgs/msg/__init__.py
[0.752s] -- Up-to-date: /home/greg/ros2_ws/install/arbotix_msgs/local/lib/python3.10/dist-packages/arbotix_msgs/srv
[0.752s] -- Up-to-date: /home/greg/ros2_ws/install/arbotix_msgs/local/lib/python3.10/dist-packages/arbotix_msgs/srv/_set_speed.py
[0.752s] -- Up-to-date: /home/greg/ros2_ws/install/arbotix_msgs/local/lib/python3.10/dist-packages/arbotix_msgs/srv/_set_speed_s.c
[0.752s] -- Up-to-date: /home/greg/ros2_ws/install/arbotix_msgs/local/lib/python3.10/dist-packages/arbotix_msgs/srv/_setup_channel_s.c
[0.752s] -- Up-to-date: /home/greg/ros2_ws/install/arbotix_msgs/local/lib/python3.10/dist-packages/arbotix_msgs/srv/_setup_channel.py
[0.752s] -- Up-to-date: /home/greg/ros2_ws/install/arbotix_msgs/local/lib/python3.10/dist-packages/arbotix_msgs/srv/_enable_s.c
[0.752s] -- Up-to-date: /home/greg/ros2_ws/install/arbotix_msgs/local/lib/python3.10/dist-packages/arbotix_msgs/srv/_relax.py
[0.752s] -- Up-to-date: /home/greg/ros2_ws/install/arbotix_msgs/local/lib/python3.10/dist-packages/arbotix_msgs/srv/_relax_s.c
[0.752s] -- Up-to-date: /home/greg/ros2_ws/install/arbotix_msgs/local/lib/python3.10/dist-packages/arbotix_msgs/srv/_enable.py
[0.752s] -- Up-to-date: /home/greg/ros2_ws/install/arbotix_msgs/local/lib/python3.10/dist-packages/arbotix_msgs/srv/__init__.py
[0.752s] -- Up-to-date: /home/greg/ros2_ws/install/arbotix_msgs/local/lib/python3.10/dist-packages/arbotix_msgs/__init__.py
[0.771s] Listing '/home/greg/ros2_ws/install/arbotix_msgs/local/lib/python3.10/dist-packages/arbotix_msgs'...
[0.771s] Listing '/home/greg/ros2_ws/install/arbotix_msgs/local/lib/python3.10/dist-packages/arbotix_msgs/msg'...
[0.771s] Listing '/home/greg/ros2_ws/install/arbotix_msgs/local/lib/python3.10/dist-packages/arbotix_msgs/srv'...
[0.774s] -- Up-to-date: /home/greg/ros2_ws/install/arbotix_msgs/local/lib/python3.10/dist-packages/arbotix_msgs/arbotix_msgs_s__rosidl_typesupport_fastrtps_c.cpython-310-x86_64-linux-gnu.so
[0.774s] -- Up-to-date: /home/greg/ros2_ws/install/arbotix_msgs/local/lib/python3.10/dist-packages/arbotix_msgs/arbotix_msgs_s__rosidl_typesupport_introspection_c.cpython-310-x86_64-linux-gnu.so
[0.775s] -- Up-to-date: /home/greg/ros2_ws/install/arbotix_msgs/local/lib/python3.10/dist-packages/arbotix_msgs/arbotix_msgs_s__rosidl_typesupport_c.cpython-310-x86_64-linux-gnu.so
[0.775s] -- Up-to-date: /home/greg/ros2_ws/install/arbotix_msgs/lib/libarbotix_msgs__rosidl_generator_py.so
[0.775s] -- Up-to-date: /home/greg/ros2_ws/install/arbotix_msgs/share/arbotix_msgs/msg/Analog.idl
[0.775s] -- Up-to-date: /home/greg/ros2_ws/install/arbotix_msgs/share/arbotix_msgs/msg/Digital.idl
[0.776s] -- Up-to-date: /home/greg/ros2_ws/install/arbotix_msgs/share/arbotix_msgs/srv/Enable.idl
[0.776s] -- Up-to-date: /home/greg/ros2_ws/install/arbotix_msgs/share/arbotix_msgs/srv/Relax.idl
[0.776s] -- Up-to-date: /home/greg/ros2_ws/install/arbotix_msgs/share/arbotix_msgs/srv/SetupChannel.idl
[0.776s] -- Up-to-date: /home/greg/ros2_ws/install/arbotix_msgs/share/arbotix_msgs/srv/SetSpeed.idl
[0.776s] -- Up-to-date: /home/greg/ros2_ws/install/arbotix_msgs/share/arbotix_msgs/msg/Analog.msg
[0.776s] -- Up-to-date: /home/greg/ros2_ws/install/arbotix_msgs/share/arbotix_msgs/msg/Digital.msg
[0.777s] -- Up-to-date: /home/greg/ros2_ws/install/arbotix_msgs/share/arbotix_msgs/srv/Enable.srv
[0.777s] -- Up-to-date: /home/greg/ros2_ws/install/arbotix_msgs/share/arbotix_msgs/srv/Enable_Request.msg
[0.777s] -- Up-to-date: /home/greg/ros2_ws/install/arbotix_msgs/share/arbotix_msgs/srv/Enable_Response.msg
[0.777s] -- Up-to-date: /home/greg/ros2_ws/install/arbotix_msgs/share/arbotix_msgs/srv/Relax.srv
[0.777s] -- Up-to-date: /home/greg/ros2_ws/install/arbotix_msgs/share/arbotix_msgs/srv/Relax_Request.msg
[0.777s] -- Up-to-date: /home/greg/ros2_ws/install/arbotix_msgs/share/arbotix_msgs/srv/Relax_Response.msg
[0.778s] -- Up-to-date: /home/greg/ros2_ws/install/arbotix_msgs/share/arbotix_msgs/srv/SetupChannel.srv
[0.778s] -- Up-to-date: /home/greg/ros2_ws/install/arbotix_msgs/share/arbotix_msgs/srv/SetupChannel_Request.msg
[0.778s] -- Up-to-date: /home/greg/ros2_ws/install/arbotix_msgs/share/arbotix_msgs/srv/SetupChannel_Response.msg
[0.778s] -- Up-to-date: /home/greg/ros2_ws/install/arbotix_msgs/share/arbotix_msgs/srv/SetSpeed.srv
[0.778s] -- Up-to-date: /home/greg/ros2_ws/install/arbotix_msgs/share/arbotix_msgs/srv/SetSpeed_Request.msg
[0.778s] -- Up-to-date: /home/greg/ros2_ws/install/arbotix_msgs/share/arbotix_msgs/srv/SetSpeed_Response.msg
[0.778s] -- Up-to-date: /home/greg/ros2_ws/install/arbotix_msgs/share/ament_index/resource_index/package_run_dependencies/arbotix_msgs
[0.778s] -- Up-to-date: /home/greg/ros2_ws/install/arbotix_msgs/share/ament_index/resource_index/parent_prefix_path/arbotix_msgs
[0.778s] -- Up-to-date: /home/greg/ros2_ws/install/arbotix_msgs/share/arbotix_msgs/environment/ament_prefix_path.sh
[0.778s] -- Up-to-date: /home/greg/ros2_ws/install/arbotix_msgs/share/arbotix_msgs/environment/ament_prefix_path.dsv
[0.779s] -- Up-to-date: /home/greg/ros2_ws/install/arbotix_msgs/share/arbotix_msgs/environment/path.sh
[0.779s] -- Up-to-date: /home/greg/ros2_ws/install/arbotix_msgs/share/arbotix_msgs/environment/path.dsv
[0.779s] -- Up-to-date: /home/greg/ros2_ws/install/arbotix_msgs/share/arbotix_msgs/local_setup.bash
[0.779s] -- Up-to-date: /home/greg/ros2_ws/install/arbotix_msgs/share/arbotix_msgs/local_setup.sh
[0.779s] -- Up-to-date: /home/greg/ros2_ws/install/arbotix_msgs/share/arbotix_msgs/local_setup.zsh
[0.779s] -- Up-to-date: /home/greg/ros2_ws/install/arbotix_msgs/share/arbotix_msgs/local_setup.dsv
[0.779s] -- Installing: /home/greg/ros2_ws/install/arbotix_msgs/share/arbotix_msgs/package.dsv
[0.779s] -- Up-to-date: /home/greg/ros2_ws/install/arbotix_msgs/share/ament_index/resource_index/packages/arbotix_msgs
[0.780s] -- Up-to-date: /home/greg/ros2_ws/install/arbotix_msgs/share/arbotix_msgs/cmake/export_arbotix_msgs__rosidl_generator_cExport.cmake
[0.780s] -- Up-to-date: /home/greg/ros2_ws/install/arbotix_msgs/share/arbotix_msgs/cmake/export_arbotix_msgs__rosidl_generator_cExport-noconfig.cmake
[0.780s] -- Up-to-date: /home/greg/ros2_ws/install/arbotix_msgs/share/arbotix_msgs/cmake/export_arbotix_msgs__rosidl_typesupport_fastrtps_cExport.cmake
[0.780s] -- Up-to-date: /home/greg/ros2_ws/install/arbotix_msgs/share/arbotix_msgs/cmake/export_arbotix_msgs__rosidl_typesupport_fastrtps_cExport-noconfig.cmake
[0.780s] -- Up-to-date: /home/greg/ros2_ws/install/arbotix_msgs/share/arbotix_msgs/cmake/export_arbotix_msgs__rosidl_generator_cppExport.cmake
[0.780s] -- Up-to-date: /home/greg/ros2_ws/install/arbotix_msgs/share/arbotix_msgs/cmake/export_arbotix_msgs__rosidl_typesupport_fastrtps_cppExport.cmake
[0.780s] -- Up-to-date: /home/greg/ros2_ws/install/arbotix_msgs/share/arbotix_msgs/cmake/export_arbotix_msgs__rosidl_typesupport_fastrtps_cppExport-noconfig.cmake
[0.780s] -- Up-to-date: /home/greg/ros2_ws/install/arbotix_msgs/share/arbotix_msgs/cmake/arbotix_msgs__rosidl_typesupport_introspection_cExport.cmake
[0.780s] -- Up-to-date: /home/greg/ros2_ws/install/arbotix_msgs/share/arbotix_msgs/cmake/arbotix_msgs__rosidl_typesupport_introspection_cExport-noconfig.cmake
[0.780s] -- Up-to-date: /home/greg/ros2_ws/install/arbotix_msgs/share/arbotix_msgs/cmake/arbotix_msgs__rosidl_typesupport_cExport.cmake
[0.780s] -- Up-to-date: /home/greg/ros2_ws/install/arbotix_msgs/share/arbotix_msgs/cmake/arbotix_msgs__rosidl_typesupport_cExport-noconfig.cmake
[0.780s] -- Up-to-date: /home/greg/ros2_ws/install/arbotix_msgs/share/arbotix_msgs/cmake/arbotix_msgs__rosidl_typesupport_introspection_cppExport.cmake
[0.781s] -- Up-to-date: /home/greg/ros2_ws/install/arbotix_msgs/share/arbotix_msgs/cmake/arbotix_msgs__rosidl_typesupport_introspection_cppExport-noconfig.cmake
[0.781s] -- Up-to-date: /home/greg/ros2_ws/install/arbotix_msgs/share/arbotix_msgs/cmake/arbotix_msgs__rosidl_typesupport_cppExport.cmake
[0.781s] -- Up-to-date: /home/greg/ros2_ws/install/arbotix_msgs/share/arbotix_msgs/cmake/arbotix_msgs__rosidl_typesupport_cppExport-noconfig.cmake
[0.781s] -- Up-to-date: /home/greg/ros2_ws/install/arbotix_msgs/share/arbotix_msgs/cmake/export_arbotix_msgs__rosidl_generator_pyExport.cmake
[0.781s] -- Up-to-date: /home/greg/ros2_ws/install/arbotix_msgs/share/arbotix_msgs/cmake/export_arbotix_msgs__rosidl_generator_pyExport-noconfig.cmake
[0.781s] -- Up-to-date: /home/greg/ros2_ws/install/arbotix_msgs/share/arbotix_msgs/cmake/rosidl_cmake-extras.cmake
[0.781s] -- Up-to-date: /home/greg/ros2_ws/install/arbotix_msgs/share/arbotix_msgs/cmake/ament_cmake_export_dependencies-extras.cmake
[0.782s] -- Up-to-date: /home/greg/ros2_ws/install/arbotix_msgs/share/arbotix_msgs/cmake/ament_cmake_export_include_directories-extras.cmake
[0.782s] -- Up-to-date: /home/greg/ros2_ws/install/arbotix_msgs/share/arbotix_msgs/cmake/ament_cmake_export_libraries-extras.cmake
[0.782s] -- Up-to-date: /home/greg/ros2_ws/install/arbotix_msgs/share/arbotix_msgs/cmake/ament_cmake_export_targets-extras.cmake
[0.782s] -- Up-to-date: /home/greg/ros2_ws/install/arbotix_msgs/share/arbotix_msgs/cmake/rosidl_cmake_export_typesupport_targets-extras.cmake
[0.782s] -- Up-to-date: /home/greg/ros2_ws/install/arbotix_msgs/share/arbotix_msgs/cmake/rosidl_cmake_export_typesupport_libraries-extras.cmake
[0.782s] -- Up-to-date: /home/greg/ros2_ws/install/arbotix_msgs/share/arbotix_msgs/cmake/arbotix_msgsConfig.cmake
[0.782s] -- Up-to-date: /home/greg/ros2_ws/install/arbotix_msgs/share/arbotix_msgs/cmake/arbotix_msgsConfig-version.cmake
[0.782s] -- Up-to-date: /home/greg/ros2_ws/install/arbotix_msgs/share/arbotix_msgs/package.xml
[0.847s] Invoked command in '/home/greg/ros2_ws/build/arbotix_msgs' returned '0': CMAKE_PREFIX_PATH=${CMAKE_PREFIX_PATH}:/opt/ros/humble /usr/bin/cmake --install /home/greg/ros2_ws/build/arbotix_msgs
