[0.060s] Invoking command in '/home/greg/ros2_ws/build/roswifibot': CMAKE_PREFIX_PATH=/home/greg/ros2_ws/install/wifibot_msgs:/home/greg/ros2_ws/install/roswifibot:/home/greg/ros2_ws/install/lib_wifibot:/home/greg/ros2_ws/install/joy2twist:/opt/ros/humble /usr/bin/cmake --build /home/greg/ros2_ws/build/roswifibot -- -j16 -l16
[0.112s] [35m[1mConsolidate compiler generated dependencies of target roswifibot_node[0m
[0.134s] [ 50%] [32mBuilding CXX object CMakeFiles/roswifibot_node.dir/src/wifibot.cpp.o[0m
[5.758s] [100%] [32m[1mLinking CXX executable roswifibot_node[0m
[6.048s] [100%] Built target roswifibot_node
[6.063s] Invoked command in '/home/greg/ros2_ws/build/roswifibot' returned '0': CMAKE_PREFIX_PATH=/home/greg/ros2_ws/install/wifibot_msgs:/home/greg/ros2_ws/install/roswifibot:/home/greg/ros2_ws/install/lib_wifibot:/home/greg/ros2_ws/install/joy2twist:/opt/ros/humble /usr/bin/cmake --build /home/greg/ros2_ws/build/roswifibot -- -j16 -l16
[6.105s] Invoking command in '/home/greg/ros2_ws/build/roswifibot': CMAKE_PREFIX_PATH=/home/greg/ros2_ws/install/wifibot_msgs:/home/greg/ros2_ws/install/roswifibot:/home/greg/ros2_ws/install/lib_wifibot:/home/greg/ros2_ws/install/joy2twist:/opt/ros/humble /usr/bin/cmake --install /home/greg/ros2_ws/build/roswifibot
[6.112s] -- Install configuration: ""
[6.112s] -- Installing: /home/greg/ros2_ws/install/roswifibot/lib/roswifibot/roswifibot_node
[6.114s] -- Set runtime path of "/home/greg/ros2_ws/install/roswifibot/lib/roswifibot/roswifibot_node" to ""
[6.115s] -- Up-to-date: /home/greg/ros2_ws/install/roswifibot/share/roswifibot//launch
[6.115s] -- Up-to-date: /home/greg/ros2_ws/install/roswifibot/share/roswifibot//launch/robot_launch.launch
[6.115s] -- Up-to-date: /home/greg/ros2_ws/install/roswifibot/share/roswifibot//launch/firewire.launch
[6.115s] -- Up-to-date: /home/greg/ros2_ws/install/roswifibot/share/roswifibot//launch/robot_launch.py
[6.115s] -- Up-to-date: /home/greg/ros2_ws/install/roswifibot/share/roswifibot//launch/joy_teleop.launch
[6.115s] -- Up-to-date: /home/greg/ros2_ws/install/roswifibot/share/roswifibot//launch/keyboard_teleop.launch
[6.115s] -- Up-to-date: /home/greg/ros2_ws/install/roswifibot/share/roswifibot//launch/hokuyo.launch
[6.116s] -- Up-to-date: /home/greg/ros2_ws/install/roswifibot/share/roswifibot//config
[6.116s] -- Installing: /home/greg/ros2_ws/install/roswifibot/share/roswifibot//config/wifibot.yaml
[6.116s] -- Up-to-date: /home/greg/ros2_ws/install/roswifibot/share/ament_index/resource_index/package_run_dependencies/roswifibot
[6.116s] -- Up-to-date: /home/greg/ros2_ws/install/roswifibot/share/ament_index/resource_index/parent_prefix_path/roswifibot
[6.116s] -- Up-to-date: /home/greg/ros2_ws/install/roswifibot/share/roswifibot/environment/ament_prefix_path.sh
[6.116s] -- Up-to-date: /home/greg/ros2_ws/install/roswifibot/share/roswifibot/environment/ament_prefix_path.dsv
[6.116s] -- Up-to-date: /home/greg/ros2_ws/install/roswifibot/share/roswifibot/environment/path.sh
[6.116s] -- Up-to-date: /home/greg/ros2_ws/install/roswifibot/share/roswifibot/environment/path.dsv
[6.116s] -- Up-to-date: /home/greg/ros2_ws/install/roswifibot/share/roswifibot/local_setup.bash
[6.116s] -- Up-to-date: /home/greg/ros2_ws/install/roswifibot/share/roswifibot/local_setup.sh
[6.116s] -- Up-to-date: /home/greg/ros2_ws/install/roswifibot/share/roswifibot/local_setup.zsh
[6.116s] -- Up-to-date: /home/greg/ros2_ws/install/roswifibot/share/roswifibot/local_setup.dsv
[6.116s] -- Installing: /home/greg/ros2_ws/install/roswifibot/share/roswifibot/package.dsv
[6.116s] -- Up-to-date: /home/greg/ros2_ws/install/roswifibot/share/ament_index/resource_index/packages/roswifibot
[6.116s] -- Up-to-date: /home/greg/ros2_ws/install/roswifibot/share/roswifibot/cmake/ament_cmake_export_dependencies-extras.cmake
[6.117s] -- Up-to-date: /home/greg/ros2_ws/install/roswifibot/share/roswifibot/cmake/ament_cmake_export_include_directories-extras.cmake
[6.117s] -- Up-to-date: /home/greg/ros2_ws/install/roswifibot/share/roswifibot/cmake/roswifibotConfig.cmake
[6.117s] -- Up-to-date: /home/greg/ros2_ws/install/roswifibot/share/roswifibot/cmake/roswifibotConfig-version.cmake
[6.117s] -- Up-to-date: /home/greg/ros2_ws/install/roswifibot/share/roswifibot/package.xml
[6.118s] Invoked command in '/home/greg/ros2_ws/build/roswifibot' returned '0': CMAKE_PREFIX_PATH=/home/greg/ros2_ws/install/wifibot_msgs:/home/greg/ros2_ws/install/roswifibot:/home/greg/ros2_ws/install/lib_wifibot:/home/greg/ros2_ws/install/joy2twist:/opt/ros/humble /usr/bin/cmake --install /home/greg/ros2_ws/build/roswifibot
