[0.155s] Invoking command in '/home/greg/ros2_ws/build/wifibot_msgs': CMAKE_PREFIX_PATH=${CMAKE_PREFIX_PATH}:/opt/ros/humble /usr/bin/cmake --build /home/greg/ros2_ws/build/wifibot_msgs -- -j16 -l16
[0.214s] [  3%] Built target wifibot_msgs__cpp
[0.215s] [ 12%] Built target wifibot_msgs__rosidl_generator_c
[0.227s] [ 12%] Built target ament_cmake_python_copy_wifibot_msgs
[0.247s] [ 32%] Built target wifibot_msgs__rosidl_typesupport_c
[0.247s] [ 32%] Built target wifibot_msgs__rosidl_typesupport_fastrtps_cpp
[0.248s] [ 41%] Built target wifibot_msgs__rosidl_typesupport_introspection_cpp
[0.249s] [ 51%] Built target wifibot_msgs__rosidl_typesupport_introspection_c
[0.249s] [ 61%] Built target wifibot_msgs__rosidl_typesupport_cpp
[0.249s] [ 70%] Built target wifibot_msgs__rosidl_typesupport_fastrtps_c
[0.276s] [ 70%] Built target wifibot_msgs
[0.303s] [ 74%] Built target wifibot_msgs__py
[0.326s] [ 80%] Built target wifibot_msgs__rosidl_generator_py
[0.355s] [ 87%] Built target wifibot_msgs__rosidl_typesupport_fastrtps_c__pyext
[0.357s] [ 96%] Built target wifibot_msgs__rosidl_typesupport_c__pyext
[0.357s] [100%] Built target wifibot_msgs__rosidl_typesupport_introspection_c__pyext
[0.450s] running egg_info
[0.452s] writing wifibot_msgs.egg-info/PKG-INFO
[0.452s] writing dependency_links to wifibot_msgs.egg-info/dependency_links.txt
[0.452s] writing top-level names to wifibot_msgs.egg-info/top_level.txt
[0.454s] reading manifest file 'wifibot_msgs.egg-info/SOURCES.txt'
[0.455s] writing manifest file 'wifibot_msgs.egg-info/SOURCES.txt'
[0.483s] [100%] Built target ament_cmake_python_build_wifibot_msgs_egg
[0.506s] Invoked command in '/home/greg/ros2_ws/build/wifibot_msgs' returned '0': CMAKE_PREFIX_PATH=${CMAKE_PREFIX_PATH}:/opt/ros/humble /usr/bin/cmake --build /home/greg/ros2_ws/build/wifibot_msgs -- -j16 -l16
[0.612s] Invoking command in '/home/greg/ros2_ws/build/wifibot_msgs': CMAKE_PREFIX_PATH=${CMAKE_PREFIX_PATH}:/opt/ros/humble /usr/bin/cmake --install /home/greg/ros2_ws/build/wifibot_msgs
[0.624s] -- Install configuration: ""
[0.624s] -- Up-to-date: /home/greg/ros2_ws/install/wifibot_msgs/share/ament_index/resource_index/rosidl_interfaces/wifibot_msgs
[0.624s] -- Up-to-date: /home/greg/ros2_ws/install/wifibot_msgs/include/wifibot_msgs/wifibot_msgs
[0.624s] -- Up-to-date: /home/greg/ros2_ws/install/wifibot_msgs/include/wifibot_msgs/wifibot_msgs/msg
[0.625s] -- Up-to-date: /home/greg/ros2_ws/install/wifibot_msgs/include/wifibot_msgs/wifibot_msgs/msg/status.h
[0.625s] -- Up-to-date: /home/greg/ros2_ws/install/wifibot_msgs/include/wifibot_msgs/wifibot_msgs/msg/rosidl_generator_c__visibility_control.h
[0.625s] -- Up-to-date: /home/greg/ros2_ws/install/wifibot_msgs/include/wifibot_msgs/wifibot_msgs/msg/detail
[0.625s] -- Up-to-date: /home/greg/ros2_ws/install/wifibot_msgs/include/wifibot_msgs/wifibot_msgs/msg/detail/status__type_support.h
[0.625s] -- Up-to-date: /home/greg/ros2_ws/install/wifibot_msgs/include/wifibot_msgs/wifibot_msgs/msg/detail/status__functions.h
[0.625s] -- Up-to-date: /home/greg/ros2_ws/install/wifibot_msgs/include/wifibot_msgs/wifibot_msgs/msg/detail/status__struct.h
[0.625s] -- Up-to-date: /home/greg/ros2_ws/install/wifibot_msgs/include/wifibot_msgs/wifibot_msgs/msg/detail/status__functions.c
[0.625s] -- Up-to-date: /home/greg/ros2_ws/install/wifibot_msgs/share/wifibot_msgs/environment/library_path.sh
[0.625s] -- Up-to-date: /home/greg/ros2_ws/install/wifibot_msgs/share/wifibot_msgs/environment/library_path.dsv
[0.625s] -- Up-to-date: /home/greg/ros2_ws/install/wifibot_msgs/lib/libwifibot_msgs__rosidl_generator_c.so
[0.626s] -- Up-to-date: /home/greg/ros2_ws/install/wifibot_msgs/include/wifibot_msgs/wifibot_msgs
[0.626s] -- Up-to-date: /home/greg/ros2_ws/install/wifibot_msgs/include/wifibot_msgs/wifibot_msgs/msg
[0.626s] -- Up-to-date: /home/greg/ros2_ws/install/wifibot_msgs/include/wifibot_msgs/wifibot_msgs/msg/rosidl_typesupport_fastrtps_c__visibility_control.h
[0.626s] -- Up-to-date: /home/greg/ros2_ws/install/wifibot_msgs/include/wifibot_msgs/wifibot_msgs/msg/detail
[0.626s] -- Up-to-date: /home/greg/ros2_ws/install/wifibot_msgs/include/wifibot_msgs/wifibot_msgs/msg/detail/status__rosidl_typesupport_fastrtps_c.h
[0.626s] -- Up-to-date: /home/greg/ros2_ws/install/wifibot_msgs/lib/libwifibot_msgs__rosidl_typesupport_fastrtps_c.so
[0.626s] -- Up-to-date: /home/greg/ros2_ws/install/wifibot_msgs/include/wifibot_msgs/wifibot_msgs
[0.627s] -- Up-to-date: /home/greg/ros2_ws/install/wifibot_msgs/include/wifibot_msgs/wifibot_msgs/msg
[0.627s] -- Up-to-date: /home/greg/ros2_ws/install/wifibot_msgs/include/wifibot_msgs/wifibot_msgs/msg/rosidl_typesupport_introspection_c__visibility_control.h
[0.627s] -- Up-to-date: /home/greg/ros2_ws/install/wifibot_msgs/include/wifibot_msgs/wifibot_msgs/msg/detail
[0.627s] -- Up-to-date: /home/greg/ros2_ws/install/wifibot_msgs/include/wifibot_msgs/wifibot_msgs/msg/detail/status__rosidl_typesupport_introspection_c.h
[0.627s] -- Up-to-date: /home/greg/ros2_ws/install/wifibot_msgs/include/wifibot_msgs/wifibot_msgs/msg/detail/status__type_support.c
[0.628s] -- Up-to-date: /home/greg/ros2_ws/install/wifibot_msgs/lib/libwifibot_msgs__rosidl_typesupport_introspection_c.so
[0.628s] -- Up-to-date: /home/greg/ros2_ws/install/wifibot_msgs/lib/libwifibot_msgs__rosidl_typesupport_c.so
[0.628s] -- Up-to-date: /home/greg/ros2_ws/install/wifibot_msgs/include/wifibot_msgs/wifibot_msgs
[0.628s] -- Up-to-date: /home/greg/ros2_ws/install/wifibot_msgs/include/wifibot_msgs/wifibot_msgs/msg
[0.628s] -- Up-to-date: /home/greg/ros2_ws/install/wifibot_msgs/include/wifibot_msgs/wifibot_msgs/msg/detail
[0.628s] -- Up-to-date: /home/greg/ros2_ws/install/wifibot_msgs/include/wifibot_msgs/wifibot_msgs/msg/detail/status__builder.hpp
[0.628s] -- Up-to-date: /home/greg/ros2_ws/install/wifibot_msgs/include/wifibot_msgs/wifibot_msgs/msg/detail/status__traits.hpp
[0.628s] -- Up-to-date: /home/greg/ros2_ws/install/wifibot_msgs/include/wifibot_msgs/wifibot_msgs/msg/detail/status__struct.hpp
[0.628s] -- Up-to-date: /home/greg/ros2_ws/install/wifibot_msgs/include/wifibot_msgs/wifibot_msgs/msg/status.hpp
[0.628s] -- Up-to-date: /home/greg/ros2_ws/install/wifibot_msgs/include/wifibot_msgs/wifibot_msgs
[0.628s] -- Up-to-date: /home/greg/ros2_ws/install/wifibot_msgs/include/wifibot_msgs/wifibot_msgs/msg
[0.628s] -- Up-to-date: /home/greg/ros2_ws/install/wifibot_msgs/include/wifibot_msgs/wifibot_msgs/msg/rosidl_typesupport_fastrtps_cpp__visibility_control.h
[0.629s] -- Up-to-date: /home/greg/ros2_ws/install/wifibot_msgs/include/wifibot_msgs/wifibot_msgs/msg/detail
[0.629s] -- Up-to-date: /home/greg/ros2_ws/install/wifibot_msgs/include/wifibot_msgs/wifibot_msgs/msg/detail/status__rosidl_typesupport_fastrtps_cpp.hpp
[0.629s] -- Up-to-date: /home/greg/ros2_ws/install/wifibot_msgs/include/wifibot_msgs/wifibot_msgs/msg/detail/dds_fastrtps
[0.629s] -- Up-to-date: /home/greg/ros2_ws/install/wifibot_msgs/lib/libwifibot_msgs__rosidl_typesupport_fastrtps_cpp.so
[0.629s] -- Up-to-date: /home/greg/ros2_ws/install/wifibot_msgs/include/wifibot_msgs/wifibot_msgs
[0.629s] -- Up-to-date: /home/greg/ros2_ws/install/wifibot_msgs/include/wifibot_msgs/wifibot_msgs/msg
[0.629s] -- Up-to-date: /home/greg/ros2_ws/install/wifibot_msgs/include/wifibot_msgs/wifibot_msgs/msg/detail
[0.629s] -- Up-to-date: /home/greg/ros2_ws/install/wifibot_msgs/include/wifibot_msgs/wifibot_msgs/msg/detail/status__type_support.cpp
[0.629s] -- Up-to-date: /home/greg/ros2_ws/install/wifibot_msgs/include/wifibot_msgs/wifibot_msgs/msg/detail/status__rosidl_typesupport_introspection_cpp.hpp
[0.629s] -- Up-to-date: /home/greg/ros2_ws/install/wifibot_msgs/lib/libwifibot_msgs__rosidl_typesupport_introspection_cpp.so
[0.629s] -- Up-to-date: /home/greg/ros2_ws/install/wifibot_msgs/lib/libwifibot_msgs__rosidl_typesupport_cpp.so
[0.629s] -- Up-to-date: /home/greg/ros2_ws/install/wifibot_msgs/share/wifibot_msgs/environment/pythonpath.sh
[0.629s] -- Up-to-date: /home/greg/ros2_ws/install/wifibot_msgs/share/wifibot_msgs/environment/pythonpath.dsv
[0.629s] -- Up-to-date: /home/greg/ros2_ws/install/wifibot_msgs/local/lib/python3.10/dist-packages/wifibot_msgs-0.0.0-py3.10.egg-info
[0.629s] -- Installing: /home/greg/ros2_ws/install/wifibot_msgs/local/lib/python3.10/dist-packages/wifibot_msgs-0.0.0-py3.10.egg-info/dependency_links.txt
[0.629s] -- Installing: /home/greg/ros2_ws/install/wifibot_msgs/local/lib/python3.10/dist-packages/wifibot_msgs-0.0.0-py3.10.egg-info/SOURCES.txt
[0.630s] -- Installing: /home/greg/ros2_ws/install/wifibot_msgs/local/lib/python3.10/dist-packages/wifibot_msgs-0.0.0-py3.10.egg-info/PKG-INFO
[0.630s] -- Installing: /home/greg/ros2_ws/install/wifibot_msgs/local/lib/python3.10/dist-packages/wifibot_msgs-0.0.0-py3.10.egg-info/top_level.txt
[0.630s] -- Up-to-date: /home/greg/ros2_ws/install/wifibot_msgs/local/lib/python3.10/dist-packages/wifibot_msgs
[0.630s] -- Up-to-date: /home/greg/ros2_ws/install/wifibot_msgs/local/lib/python3.10/dist-packages/wifibot_msgs/wifibot_msgs_s__rosidl_typesupport_fastrtps_c.cpython-310-x86_64-linux-gnu.so
[0.630s] -- Up-to-date: /home/greg/ros2_ws/install/wifibot_msgs/local/lib/python3.10/dist-packages/wifibot_msgs/libwifibot_msgs__rosidl_generator_py.so
[0.630s] -- Up-to-date: /home/greg/ros2_ws/install/wifibot_msgs/local/lib/python3.10/dist-packages/wifibot_msgs/wifibot_msgs_s__rosidl_typesupport_c.cpython-310-x86_64-linux-gnu.so
[0.630s] -- Up-to-date: /home/greg/ros2_ws/install/wifibot_msgs/local/lib/python3.10/dist-packages/wifibot_msgs/_wifibot_msgs_s.ep.rosidl_typesupport_c.c
[0.630s] -- Up-to-date: /home/greg/ros2_ws/install/wifibot_msgs/local/lib/python3.10/dist-packages/wifibot_msgs/_wifibot_msgs_s.ep.rosidl_typesupport_introspection_c.c
[0.630s] -- Up-to-date: /home/greg/ros2_ws/install/wifibot_msgs/local/lib/python3.10/dist-packages/wifibot_msgs/msg
[0.630s] -- Up-to-date: /home/greg/ros2_ws/install/wifibot_msgs/local/lib/python3.10/dist-packages/wifibot_msgs/msg/_status_s.c
[0.630s] -- Up-to-date: /home/greg/ros2_ws/install/wifibot_msgs/local/lib/python3.10/dist-packages/wifibot_msgs/msg/_status.py
[0.630s] -- Up-to-date: /home/greg/ros2_ws/install/wifibot_msgs/local/lib/python3.10/dist-packages/wifibot_msgs/msg/__init__.py
[0.630s] -- Up-to-date: /home/greg/ros2_ws/install/wifibot_msgs/local/lib/python3.10/dist-packages/wifibot_msgs/wifibot_msgs_s__rosidl_typesupport_introspection_c.cpython-310-x86_64-linux-gnu.so
[0.630s] -- Up-to-date: /home/greg/ros2_ws/install/wifibot_msgs/local/lib/python3.10/dist-packages/wifibot_msgs/__init__.py
[0.630s] -- Up-to-date: /home/greg/ros2_ws/install/wifibot_msgs/local/lib/python3.10/dist-packages/wifibot_msgs/_wifibot_msgs_s.ep.rosidl_typesupport_fastrtps_c.c
[0.661s] Listing '/home/greg/ros2_ws/install/wifibot_msgs/local/lib/python3.10/dist-packages/wifibot_msgs'...
[0.661s] Listing '/home/greg/ros2_ws/install/wifibot_msgs/local/lib/python3.10/dist-packages/wifibot_msgs/msg'...
[0.665s] -- Up-to-date: /home/greg/ros2_ws/install/wifibot_msgs/local/lib/python3.10/dist-packages/wifibot_msgs/wifibot_msgs_s__rosidl_typesupport_fastrtps_c.cpython-310-x86_64-linux-gnu.so
[0.665s] -- Up-to-date: /home/greg/ros2_ws/install/wifibot_msgs/local/lib/python3.10/dist-packages/wifibot_msgs/wifibot_msgs_s__rosidl_typesupport_introspection_c.cpython-310-x86_64-linux-gnu.so
[0.665s] -- Up-to-date: /home/greg/ros2_ws/install/wifibot_msgs/local/lib/python3.10/dist-packages/wifibot_msgs/wifibot_msgs_s__rosidl_typesupport_c.cpython-310-x86_64-linux-gnu.so
[0.666s] -- Up-to-date: /home/greg/ros2_ws/install/wifibot_msgs/lib/libwifibot_msgs__rosidl_generator_py.so
[0.666s] -- Up-to-date: /home/greg/ros2_ws/install/wifibot_msgs/share/wifibot_msgs/msg/Status.idl
[0.666s] -- Up-to-date: /home/greg/ros2_ws/install/wifibot_msgs/share/wifibot_msgs/msg/Status.msg
[0.666s] -- Up-to-date: /home/greg/ros2_ws/install/wifibot_msgs/share/ament_index/resource_index/package_run_dependencies/wifibot_msgs
[0.666s] -- Up-to-date: /home/greg/ros2_ws/install/wifibot_msgs/share/ament_index/resource_index/parent_prefix_path/wifibot_msgs
[0.666s] -- Up-to-date: /home/greg/ros2_ws/install/wifibot_msgs/share/wifibot_msgs/environment/ament_prefix_path.sh
[0.666s] -- Up-to-date: /home/greg/ros2_ws/install/wifibot_msgs/share/wifibot_msgs/environment/ament_prefix_path.dsv
[0.666s] -- Up-to-date: /home/greg/ros2_ws/install/wifibot_msgs/share/wifibot_msgs/environment/path.sh
[0.667s] -- Up-to-date: /home/greg/ros2_ws/install/wifibot_msgs/share/wifibot_msgs/environment/path.dsv
[0.667s] -- Up-to-date: /home/greg/ros2_ws/install/wifibot_msgs/share/wifibot_msgs/local_setup.bash
[0.667s] -- Up-to-date: /home/greg/ros2_ws/install/wifibot_msgs/share/wifibot_msgs/local_setup.sh
[0.668s] -- Up-to-date: /home/greg/ros2_ws/install/wifibot_msgs/share/wifibot_msgs/local_setup.zsh
[0.668s] -- Up-to-date: /home/greg/ros2_ws/install/wifibot_msgs/share/wifibot_msgs/local_setup.dsv
[0.668s] -- Installing: /home/greg/ros2_ws/install/wifibot_msgs/share/wifibot_msgs/package.dsv
[0.668s] -- Up-to-date: /home/greg/ros2_ws/install/wifibot_msgs/share/ament_index/resource_index/packages/wifibot_msgs
[0.668s] -- Up-to-date: /home/greg/ros2_ws/install/wifibot_msgs/share/wifibot_msgs/cmake/export_wifibot_msgs__rosidl_generator_cExport.cmake
[0.668s] -- Up-to-date: /home/greg/ros2_ws/install/wifibot_msgs/share/wifibot_msgs/cmake/export_wifibot_msgs__rosidl_generator_cExport-noconfig.cmake
[0.668s] -- Up-to-date: /home/greg/ros2_ws/install/wifibot_msgs/share/wifibot_msgs/cmake/export_wifibot_msgs__rosidl_typesupport_fastrtps_cExport.cmake
[0.668s] -- Up-to-date: /home/greg/ros2_ws/install/wifibot_msgs/share/wifibot_msgs/cmake/export_wifibot_msgs__rosidl_typesupport_fastrtps_cExport-noconfig.cmake
[0.668s] -- Up-to-date: /home/greg/ros2_ws/install/wifibot_msgs/share/wifibot_msgs/cmake/wifibot_msgs__rosidl_typesupport_introspection_cExport.cmake
[0.668s] -- Up-to-date: /home/greg/ros2_ws/install/wifibot_msgs/share/wifibot_msgs/cmake/wifibot_msgs__rosidl_typesupport_introspection_cExport-noconfig.cmake
[0.669s] -- Up-to-date: /home/greg/ros2_ws/install/wifibot_msgs/share/wifibot_msgs/cmake/wifibot_msgs__rosidl_typesupport_cExport.cmake
[0.669s] -- Up-to-date: /home/greg/ros2_ws/install/wifibot_msgs/share/wifibot_msgs/cmake/wifibot_msgs__rosidl_typesupport_cExport-noconfig.cmake
[0.669s] -- Up-to-date: /home/greg/ros2_ws/install/wifibot_msgs/share/wifibot_msgs/cmake/export_wifibot_msgs__rosidl_generator_cppExport.cmake
[0.669s] -- Up-to-date: /home/greg/ros2_ws/install/wifibot_msgs/share/wifibot_msgs/cmake/export_wifibot_msgs__rosidl_typesupport_fastrtps_cppExport.cmake
[0.669s] -- Up-to-date: /home/greg/ros2_ws/install/wifibot_msgs/share/wifibot_msgs/cmake/export_wifibot_msgs__rosidl_typesupport_fastrtps_cppExport-noconfig.cmake
[0.669s] -- Up-to-date: /home/greg/ros2_ws/install/wifibot_msgs/share/wifibot_msgs/cmake/wifibot_msgs__rosidl_typesupport_introspection_cppExport.cmake
[0.669s] -- Up-to-date: /home/greg/ros2_ws/install/wifibot_msgs/share/wifibot_msgs/cmake/wifibot_msgs__rosidl_typesupport_introspection_cppExport-noconfig.cmake
[0.669s] -- Up-to-date: /home/greg/ros2_ws/install/wifibot_msgs/share/wifibot_msgs/cmake/wifibot_msgs__rosidl_typesupport_cppExport.cmake
[0.669s] -- Up-to-date: /home/greg/ros2_ws/install/wifibot_msgs/share/wifibot_msgs/cmake/wifibot_msgs__rosidl_typesupport_cppExport-noconfig.cmake
[0.669s] -- Up-to-date: /home/greg/ros2_ws/install/wifibot_msgs/share/wifibot_msgs/cmake/export_wifibot_msgs__rosidl_generator_pyExport.cmake
[0.669s] -- Up-to-date: /home/greg/ros2_ws/install/wifibot_msgs/share/wifibot_msgs/cmake/export_wifibot_msgs__rosidl_generator_pyExport-noconfig.cmake
[0.669s] -- Up-to-date: /home/greg/ros2_ws/install/wifibot_msgs/share/wifibot_msgs/cmake/rosidl_cmake-extras.cmake
[0.669s] -- Up-to-date: /home/greg/ros2_ws/install/wifibot_msgs/share/wifibot_msgs/cmake/ament_cmake_export_include_directories-extras.cmake
[0.669s] -- Up-to-date: /home/greg/ros2_ws/install/wifibot_msgs/share/wifibot_msgs/cmake/ament_cmake_export_libraries-extras.cmake
[0.669s] -- Up-to-date: /home/greg/ros2_ws/install/wifibot_msgs/share/wifibot_msgs/cmake/ament_cmake_export_targets-extras.cmake
[0.669s] -- Up-to-date: /home/greg/ros2_ws/install/wifibot_msgs/share/wifibot_msgs/cmake/rosidl_cmake_export_typesupport_targets-extras.cmake
[0.669s] -- Up-to-date: /home/greg/ros2_ws/install/wifibot_msgs/share/wifibot_msgs/cmake/ament_cmake_export_dependencies-extras.cmake
[0.669s] -- Up-to-date: /home/greg/ros2_ws/install/wifibot_msgs/share/wifibot_msgs/cmake/rosidl_cmake_export_typesupport_libraries-extras.cmake
[0.669s] -- Up-to-date: /home/greg/ros2_ws/install/wifibot_msgs/share/wifibot_msgs/cmake/wifibot_msgsConfig.cmake
[0.669s] -- Up-to-date: /home/greg/ros2_ws/install/wifibot_msgs/share/wifibot_msgs/cmake/wifibot_msgsConfig-version.cmake
[0.670s] -- Up-to-date: /home/greg/ros2_ws/install/wifibot_msgs/share/wifibot_msgs/package.xml
[0.671s] Invoked command in '/home/greg/ros2_ws/build/wifibot_msgs' returned '0': CMAKE_PREFIX_PATH=${CMAKE_PREFIX_PATH}:/opt/ros/humble /usr/bin/cmake --install /home/greg/ros2_ws/build/wifibot_msgs
