[0.135s] Invoking command in '/home/greg/ros2_ws/build/arbotix_firmware': CMAKE_PREFIX_PATH=${CMAKE_PREFIX_PATH}:/opt/ros/humble /usr/bin/cmake /home/greg/ros2_ws/src/arbotix_firmware -DCMAKE_INSTALL_PREFIX=/home/greg/ros2_ws/install/arbotix_firmware
[0.181s] -- The C compiler identification is GNU 11.4.0
[0.226s] -- The CXX compiler identification is GNU 11.4.0
[0.234s] -- Detecting C compiler ABI info
[0.290s] -- Detecting C compiler ABI info - done
[0.295s] -- Check for working C compiler: /usr/bin/cc - skipped
[0.295s] -- Detecting C compile features
[0.295s] -- Detecting C compile features - done
[0.297s] -- Detecting CXX compiler ABI info
[0.373s] -- Detecting CXX compiler ABI info - done
[0.379s] -- Check for working CXX compiler: /usr/bin/c++ - skipped
[0.379s] -- Detecting CXX compile features
[0.380s] -- Detecting CXX compile features - done
[0.381s] -- Found ament_cmake: 1.3.5 (/opt/ros/humble/share/ament_cmake/cmake)
[0.508s] -- Found Python3: /usr/bin/python3.10 (found version "3.10.12") found components: Interpreter 
[0.613s] -- Configuring done
[0.615s] -- Generating done
[0.615s] -- Build files have been written to: /home/greg/ros2_ws/build/arbotix_firmware
[0.619s] Invoked command in '/home/greg/ros2_ws/build/arbotix_firmware' returned '0': CMAKE_PREFIX_PATH=${CMAKE_PREFIX_PATH}:/opt/ros/humble /usr/bin/cmake /home/greg/ros2_ws/src/arbotix_firmware -DCMAKE_INSTALL_PREFIX=/home/greg/ros2_ws/install/arbotix_firmware
[0.621s] Invoking command in '/home/greg/ros2_ws/build/arbotix_firmware': CMAKE_PREFIX_PATH=${CMAKE_PREFIX_PATH}:/opt/ros/humble /usr/bin/cmake --build /home/greg/ros2_ws/build/arbotix_firmware -- -j16 -l16
[0.651s] Invoked command in '/home/greg/ros2_ws/build/arbotix_firmware' returned '0': CMAKE_PREFIX_PATH=${CMAKE_PREFIX_PATH}:/opt/ros/humble /usr/bin/cmake --build /home/greg/ros2_ws/build/arbotix_firmware -- -j16 -l16
[0.682s] Invoking command in '/home/greg/ros2_ws/build/arbotix_firmware': CMAKE_PREFIX_PATH=${CMAKE_PREFIX_PATH}:/opt/ros/humble /usr/bin/cmake --install /home/greg/ros2_ws/build/arbotix_firmware
[0.689s] -- Install configuration: ""
[0.690s] -- Installing: /home/greg/ros2_ws/install/arbotix_firmware/share/ament_index/resource_index/package_run_dependencies/arbotix_firmware
[0.690s] -- Installing: /home/greg/ros2_ws/install/arbotix_firmware/share/ament_index/resource_index/parent_prefix_path/arbotix_firmware
[0.690s] -- Installing: /home/greg/ros2_ws/install/arbotix_firmware/share/arbotix_firmware/environment/ament_prefix_path.sh
[0.690s] -- Installing: /home/greg/ros2_ws/install/arbotix_firmware/share/arbotix_firmware/environment/ament_prefix_path.dsv
[0.690s] -- Installing: /home/greg/ros2_ws/install/arbotix_firmware/share/arbotix_firmware/environment/path.sh
[0.691s] -- Installing: /home/greg/ros2_ws/install/arbotix_firmware/share/arbotix_firmware/environment/path.dsv
[0.691s] -- Installing: /home/greg/ros2_ws/install/arbotix_firmware/share/arbotix_firmware/local_setup.bash
[0.692s] -- Installing: /home/greg/ros2_ws/install/arbotix_firmware/share/arbotix_firmware/local_setup.sh
[0.692s] -- Installing: /home/greg/ros2_ws/install/arbotix_firmware/share/arbotix_firmware/local_setup.zsh
[0.693s] -- Installing: /home/greg/ros2_ws/install/arbotix_firmware/share/arbotix_firmware/local_setup.dsv
[0.693s] -- Installing: /home/greg/ros2_ws/install/arbotix_firmware/share/arbotix_firmware/package.dsv
[0.693s] -- Installing: /home/greg/ros2_ws/install/arbotix_firmware/share/ament_index/resource_index/packages/arbotix_firmware
[0.693s] -- Installing: /home/greg/ros2_ws/install/arbotix_firmware/share/arbotix_firmware/cmake/arbotix_firmwareConfig.cmake
[0.694s] -- Installing: /home/greg/ros2_ws/install/arbotix_firmware/share/arbotix_firmware/cmake/arbotix_firmwareConfig-version.cmake
[0.694s] -- Installing: /home/greg/ros2_ws/install/arbotix_firmware/share/arbotix_firmware/package.xml
[0.698s] Invoked command in '/home/greg/ros2_ws/build/arbotix_firmware' returned '0': CMAKE_PREFIX_PATH=${CMAKE_PREFIX_PATH}:/opt/ros/humble /usr/bin/cmake --install /home/greg/ros2_ws/build/arbotix_firmware
