[0.072s] Invoking command in '/home/greg/ros2_ws/build/roswifibot': CMAKE_PREFIX_PATH=/home/greg/ros2_ws/install/wifibot_msgs:/home/greg/ros2_ws/install/roswifibot:/home/greg/ros2_ws/install/lib_wifibot:/home/greg/ros2_ws/install/joy2twist:/opt/ros/humble /usr/bin/cmake /home/greg/ros2_ws/src/roswifibot -DCMAKE_INSTALL_PREFIX=/home/greg/ros2_ws/install/roswifibot
[0.139s] -- The C compiler identification is GNU 11.4.0
[0.200s] -- The CXX compiler identification is GNU 11.4.0
[0.209s] -- Detecting C compiler ABI info
[0.290s] -- Detecting C compiler ABI info - done
[0.296s] -- Check for working C compiler: /usr/bin/cc - skipped
[0.296s] -- Detecting C compile features
[0.297s] -- Detecting C compile features - done
[0.300s] -- Detecting CXX compiler ABI info
[0.394s] -- Detecting CXX compiler ABI info - done
[0.400s] -- Check for working CXX compiler: /usr/bin/c++ - skipped
[0.400s] -- Detecting CXX compile features
[0.401s] -- Detecting CXX compile features - done
[0.402s] -- Found ament_cmake: 1.3.5 (/opt/ros/humble/share/ament_cmake/cmake)
[0.575s] -- Found Python3: /usr/bin/python3.10 (found version "3.10.12") found components: Interpreter 
[0.655s] -- Found rclcpp: 16.0.6 (/opt/ros/humble/share/rclcpp/cmake)
[0.688s] -- Found rosidl_generator_c: 3.1.5 (/opt/ros/humble/share/rosidl_generator_c/cmake)
[0.692s] -- Found rosidl_adapter: 3.1.5 (/opt/ros/humble/share/rosidl_adapter/cmake)
[0.699s] -- Found rosidl_generator_cpp: 3.1.5 (/opt/ros/humble/share/rosidl_generator_cpp/cmake)
[0.711s] -- Using all available rosidl_typesupport_c: rosidl_typesupport_fastrtps_c;rosidl_typesupport_introspection_c
[0.733s] -- Using all available rosidl_typesupport_cpp: rosidl_typesupport_fastrtps_cpp;rosidl_typesupport_introspection_cpp
[0.794s] -- Found rmw_implementation_cmake: 6.1.1 (/opt/ros/humble/share/rmw_implementation_cmake/cmake)
[0.796s] -- Found rmw_fastrtps_cpp: 6.2.4 (/opt/ros/humble/share/rmw_fastrtps_cpp/cmake)
[0.899s] -- Found OpenSSL: /usr/lib/x86_64-linux-gnu/libcrypto.so (found version "3.0.2")  
[0.922s] -- Found FastRTPS: /opt/ros/humble/include  
[0.965s] -- Using RMW implementation 'rmw_fastrtps_cpp' as default
[0.974s] -- Looking for pthread.h
[1.056s] -- Looking for pthread.h - found
[1.057s] -- Performing Test CMAKE_HAVE_LIBC_PTHREAD
[1.140s] -- Performing Test CMAKE_HAVE_LIBC_PTHREAD - Success
[1.141s] -- Found Threads: TRUE  
[1.287s] -- Found tf2: 0.25.4 (/opt/ros/humble/share/tf2/cmake)
[1.342s] -- Found tf2_ros: 0.25.4 (/opt/ros/humble/share/tf2_ros/cmake)
[1.660s] -- Found nav_msgs: 4.2.3 (/opt/ros/humble/share/nav_msgs/cmake)
[1.737s] -- Found wifibot_msgs: 0.0.0 (/home/greg/ros2_ws/install/wifibot_msgs/share/wifibot_msgs/cmake)
[1.751s] -- Found lib_wifibot: 0.0.0 (/home/greg/ros2_ws/install/lib_wifibot/share/lib_wifibot/cmake)
[1.753s] -- Found tf2_geometry_msgs: 0.25.4 (/opt/ros/humble/share/tf2_geometry_msgs/cmake)
[1.763s] -- Found eigen3_cmake_module: 0.1.1 (/opt/ros/humble/share/eigen3_cmake_module/cmake)
[1.765s] -- Found Eigen3: TRUE (found version "3.4.0") 
[1.765s] -- Ensuring Eigen3 include directory is part of orocos-kdl CMake target
[1.838s] -- Configuring done
[1.851s] -- Generating done
[1.852s] -- Build files have been written to: /home/greg/ros2_ws/build/roswifibot
[1.862s] Invoked command in '/home/greg/ros2_ws/build/roswifibot' returned '0': CMAKE_PREFIX_PATH=/home/greg/ros2_ws/install/wifibot_msgs:/home/greg/ros2_ws/install/roswifibot:/home/greg/ros2_ws/install/lib_wifibot:/home/greg/ros2_ws/install/joy2twist:/opt/ros/humble /usr/bin/cmake /home/greg/ros2_ws/src/roswifibot -DCMAKE_INSTALL_PREFIX=/home/greg/ros2_ws/install/roswifibot
[1.864s] Invoking command in '/home/greg/ros2_ws/build/roswifibot': CMAKE_PREFIX_PATH=/home/greg/ros2_ws/install/wifibot_msgs:/home/greg/ros2_ws/install/roswifibot:/home/greg/ros2_ws/install/lib_wifibot:/home/greg/ros2_ws/install/joy2twist:/opt/ros/humble /usr/bin/cmake --build /home/greg/ros2_ws/build/roswifibot -- -j16 -l16
[1.925s] [ 50%] [32mBuilding CXX object CMakeFiles/roswifibot_node.dir/src/wifibot.cpp.o[0m
[7.661s] [100%] [32m[1mLinking CXX executable roswifibot_node[0m
[7.935s] [100%] Built target roswifibot_node
[7.948s] Invoked command in '/home/greg/ros2_ws/build/roswifibot' returned '0': CMAKE_PREFIX_PATH=/home/greg/ros2_ws/install/wifibot_msgs:/home/greg/ros2_ws/install/roswifibot:/home/greg/ros2_ws/install/lib_wifibot:/home/greg/ros2_ws/install/joy2twist:/opt/ros/humble /usr/bin/cmake --build /home/greg/ros2_ws/build/roswifibot -- -j16 -l16
[7.993s] Invoking command in '/home/greg/ros2_ws/build/roswifibot': CMAKE_PREFIX_PATH=/home/greg/ros2_ws/install/wifibot_msgs:/home/greg/ros2_ws/install/roswifibot:/home/greg/ros2_ws/install/lib_wifibot:/home/greg/ros2_ws/install/joy2twist:/opt/ros/humble /usr/bin/cmake --install /home/greg/ros2_ws/build/roswifibot
[8.001s] -- Install configuration: ""
[8.001s] -- Installing: /home/greg/ros2_ws/install/roswifibot/lib/roswifibot/roswifibot_node
[8.003s] -- Set runtime path of "/home/greg/ros2_ws/install/roswifibot/lib/roswifibot/roswifibot_node" to ""
[8.003s] -- Installing: /home/greg/ros2_ws/install/roswifibot/share/roswifibot//launch
[8.003s] -- Installing: /home/greg/ros2_ws/install/roswifibot/share/roswifibot//launch/robot_launch.launch
[8.004s] -- Installing: /home/greg/ros2_ws/install/roswifibot/share/roswifibot//launch/firewire.launch
[8.004s] -- Installing: /home/greg/ros2_ws/install/roswifibot/share/roswifibot//launch/robot_launch.py
[8.004s] -- Installing: /home/greg/ros2_ws/install/roswifibot/share/roswifibot//launch/joy_teleop.launch
[8.004s] -- Installing: /home/greg/ros2_ws/install/roswifibot/share/roswifibot//launch/keyboard_teleop.launch
[8.004s] -- Installing: /home/greg/ros2_ws/install/roswifibot/share/roswifibot//launch/hokuyo.launch
[8.004s] -- Installing: /home/greg/ros2_ws/install/roswifibot/share/roswifibot//config
[8.004s] -- Installing: /home/greg/ros2_ws/install/roswifibot/share/roswifibot//config/wifibot.yaml
[8.004s] -- Installing: /home/greg/ros2_ws/install/roswifibot/share/ament_index/resource_index/package_run_dependencies/roswifibot
[8.004s] -- Installing: /home/greg/ros2_ws/install/roswifibot/share/ament_index/resource_index/parent_prefix_path/roswifibot
[8.005s] -- Installing: /home/greg/ros2_ws/install/roswifibot/share/roswifibot/environment/ament_prefix_path.sh
[8.005s] -- Installing: /home/greg/ros2_ws/install/roswifibot/share/roswifibot/environment/ament_prefix_path.dsv
[8.005s] -- Installing: /home/greg/ros2_ws/install/roswifibot/share/roswifibot/environment/path.sh
[8.005s] -- Installing: /home/greg/ros2_ws/install/roswifibot/share/roswifibot/environment/path.dsv
[8.005s] -- Installing: /home/greg/ros2_ws/install/roswifibot/share/roswifibot/local_setup.bash
[8.005s] -- Installing: /home/greg/ros2_ws/install/roswifibot/share/roswifibot/local_setup.sh
[8.005s] -- Installing: /home/greg/ros2_ws/install/roswifibot/share/roswifibot/local_setup.zsh
[8.005s] -- Installing: /home/greg/ros2_ws/install/roswifibot/share/roswifibot/local_setup.dsv
[8.006s] -- Installing: /home/greg/ros2_ws/install/roswifibot/share/roswifibot/package.dsv
[8.006s] -- Installing: /home/greg/ros2_ws/install/roswifibot/share/ament_index/resource_index/packages/roswifibot
[8.006s] -- Installing: /home/greg/ros2_ws/install/roswifibot/share/roswifibot/cmake/ament_cmake_export_dependencies-extras.cmake
[8.006s] -- Installing: /home/greg/ros2_ws/install/roswifibot/share/roswifibot/cmake/ament_cmake_export_include_directories-extras.cmake
[8.006s] -- Installing: /home/greg/ros2_ws/install/roswifibot/share/roswifibot/cmake/roswifibotConfig.cmake
[8.006s] -- Installing: /home/greg/ros2_ws/install/roswifibot/share/roswifibot/cmake/roswifibotConfig-version.cmake
[8.006s] -- Installing: /home/greg/ros2_ws/install/roswifibot/share/roswifibot/package.xml
[8.008s] Invoked command in '/home/greg/ros2_ws/build/roswifibot' returned '0': CMAKE_PREFIX_PATH=/home/greg/ros2_ws/install/wifibot_msgs:/home/greg/ros2_ws/install/roswifibot:/home/greg/ros2_ws/install/lib_wifibot:/home/greg/ros2_ws/install/joy2twist:/opt/ros/humble /usr/bin/cmake --install /home/greg/ros2_ws/build/roswifibot
