[0.157s] Invoking command in '/home/greg/ros2_ws/build/wifibot_msgs': CMAKE_PREFIX_PATH=${CMAKE_PREFIX_PATH}:/opt/ros/humble /usr/bin/cmake /home/greg/ros2_ws/src/wifibot_msgs -DCMAKE_INSTALL_PREFIX=/home/greg/ros2_ws/install/wifibot_msgs
[0.221s] -- The C compiler identification is GNU 11.4.0
[0.280s] -- The CXX compiler identification is GNU 11.4.0
[0.289s] -- Detecting C compiler ABI info
[0.374s] -- Detecting C compiler ABI info - done
[0.382s] -- Check for working C compiler: /usr/bin/cc - skipped
[0.382s] -- Detecting C compile features
[0.383s] -- Detecting C compile features - done
[0.386s] -- Detecting CXX compiler ABI info
[0.484s] -- Detecting CXX compiler ABI info - done
[0.493s] -- Check for working CXX compiler: /usr/bin/c++ - skipped
[0.493s] -- Detecting CXX compile features
[0.494s] -- Detecting CXX compile features - done
[0.496s] -- Found ament_cmake: 1.3.5 (/opt/ros/humble/share/ament_cmake/cmake)
[0.701s] -- Found Python3: /usr/bin/python3.10 (found version "3.10.12") found components: Interpreter 
[0.782s] -- Found ament_lint_auto: 0.12.8 (/opt/ros/humble/share/ament_lint_auto/cmake)
[0.854s] -- Found rosidl_default_generators: 1.2.0 (/opt/ros/humble/share/rosidl_default_generators/cmake)
[0.857s] -- Using all available rosidl_typesupport_c: rosidl_typesupport_fastrtps_c;rosidl_typesupport_introspection_c
[0.862s] -- Found rosidl_adapter: 3.1.5 (/opt/ros/humble/share/rosidl_adapter/cmake)
[0.893s] -- Using all available rosidl_typesupport_cpp: rosidl_typesupport_fastrtps_cpp;rosidl_typesupport_introspection_cpp
[1.108s] -- Found ament_cmake_ros: 0.10.0 (/opt/ros/humble/share/ament_cmake_ros/cmake)
[1.291s] -- Using all available rosidl_typesupport_c: rosidl_typesupport_fastrtps_c;rosidl_typesupport_introspection_c
[1.540s] -- Using all available rosidl_typesupport_cpp: rosidl_typesupport_fastrtps_cpp;rosidl_typesupport_introspection_cpp
[1.564s] -- Found PythonInterp: /usr/bin/python3 (found suitable version "3.10.12", minimum required is "3.6") 
[1.565s] -- Found python_cmake_module: 0.10.0 (/opt/ros/humble/share/python_cmake_module/cmake)
[1.591s] -- Found PythonLibs: /usr/lib/x86_64-linux-gnu/libpython3.10.so (found suitable version "3.10.12", minimum required is "3.5") 
[1.591s] -- Using PYTHON_EXECUTABLE: /usr/bin/python3
[1.591s] -- Using PYTHON_INCLUDE_DIRS: /usr/include/python3.10
[1.591s] -- Using PYTHON_LIBRARIES: /usr/lib/x86_64-linux-gnu/libpython3.10.so
[1.612s] -- Found PythonExtra: .so  
[1.648s] -- Added test 'lint_cmake' to check CMake code style
[1.649s] -- Added test 'xmllint' to check XML markup files
[1.654s] -- Configuring done
[1.681s] -- Generating done
[1.683s] -- Build files have been written to: /home/greg/ros2_ws/build/wifibot_msgs
[1.689s] Invoked command in '/home/greg/ros2_ws/build/wifibot_msgs' returned '0': CMAKE_PREFIX_PATH=${CMAKE_PREFIX_PATH}:/opt/ros/humble /usr/bin/cmake /home/greg/ros2_ws/src/wifibot_msgs -DCMAKE_INSTALL_PREFIX=/home/greg/ros2_ws/install/wifibot_msgs
[1.691s] Invoking command in '/home/greg/ros2_ws/build/wifibot_msgs': CMAKE_PREFIX_PATH=${CMAKE_PREFIX_PATH}:/opt/ros/humble /usr/bin/cmake --build /home/greg/ros2_ws/build/wifibot_msgs -- -j16 -l16
[1.736s] [  3%] [34m[1mGenerating C code for ROS interfaces[0m
[1.750s] [  6%] [34m[1mGenerating C++ code for ROS interfaces[0m
[1.762s] [  6%] Built target ament_cmake_python_copy_wifibot_msgs
[2.002s] [  9%] [32mBuilding C object CMakeFiles/wifibot_msgs__rosidl_generator_c.dir/rosidl_generator_c/wifibot_msgs/msg/detail/status__functions.c.o[0m
[2.002s] running egg_info
[2.003s] creating wifibot_msgs.egg-info
[2.003s] writing wifibot_msgs.egg-info/PKG-INFO
[2.003s] writing dependency_links to wifibot_msgs.egg-info/dependency_links.txt
[2.003s] writing top-level names to wifibot_msgs.egg-info/top_level.txt
[2.003s] writing manifest file 'wifibot_msgs.egg-info/SOURCES.txt'
[2.005s] reading manifest file 'wifibot_msgs.egg-info/SOURCES.txt'
[2.005s] writing manifest file 'wifibot_msgs.egg-info/SOURCES.txt'
[2.027s] [  9%] Built target wifibot_msgs__cpp
[2.038s] [  9%] Built target ament_cmake_python_build_wifibot_msgs_egg
[2.042s] [ 12%] [34m[1mGenerating C++ type support for eProsima Fast-RTPS[0m
[2.043s] [ 16%] [34m[1mGenerating C++ introspection for ROS interfaces[0m
[2.043s] [ 19%] [34m[1mGenerating C++ type support dispatch for ROS interfaces[0m
[2.060s] [ 22%] [32m[1mLinking C shared library libwifibot_msgs__rosidl_generator_c.so[0m
[2.107s] [ 22%] Built target wifibot_msgs__rosidl_generator_c
[2.121s] [ 25%] [34m[1mGenerating C type support for eProsima Fast-RTPS[0m
[2.122s] [ 29%] [34m[1mGenerating C introspection for ROS interfaces[0m
[2.123s] [ 32%] [34m[1mGenerating C type support dispatch for ROS interfaces[0m
[2.300s] [ 35%] [32mBuilding CXX object CMakeFiles/wifibot_msgs__rosidl_typesupport_cpp.dir/rosidl_typesupport_cpp/wifibot_msgs/msg/status__type_support.cpp.o[0m
[2.337s] [ 38%] [32mBuilding CXX object CMakeFiles/wifibot_msgs__rosidl_typesupport_introspection_cpp.dir/rosidl_typesupport_introspection_cpp/wifibot_msgs/msg/detail/status__type_support.cpp.o[0m
[2.348s] [ 41%] [32mBuilding CXX object CMakeFiles/wifibot_msgs__rosidl_typesupport_fastrtps_cpp.dir/rosidl_typesupport_fastrtps_cpp/wifibot_msgs/msg/detail/dds_fastrtps/status__type_support.cpp.o[0m
[2.379s] [ 45%] [32mBuilding C object CMakeFiles/wifibot_msgs__rosidl_typesupport_introspection_c.dir/rosidl_typesupport_introspection_c/wifibot_msgs/msg/detail/status__type_support.c.o[0m
[2.380s] [ 48%] [32mBuilding CXX object CMakeFiles/wifibot_msgs__rosidl_typesupport_c.dir/rosidl_typesupport_c/wifibot_msgs/msg/status__type_support.cpp.o[0m
[2.418s] [ 51%] [32m[1mLinking CXX shared library libwifibot_msgs__rosidl_typesupport_c.so[0m
[2.418s] [ 54%] [32m[1mLinking C shared library libwifibot_msgs__rosidl_typesupport_introspection_c.so[0m
[2.419s] [ 58%] [32mBuilding CXX object CMakeFiles/wifibot_msgs__rosidl_typesupport_fastrtps_c.dir/rosidl_typesupport_fastrtps_c/wifibot_msgs/msg/detail/status__type_support_c.cpp.o[0m
[2.465s] [ 58%] Built target wifibot_msgs__rosidl_typesupport_introspection_c
[2.480s] [ 58%] Built target wifibot_msgs__rosidl_typesupport_c
[2.553s] [ 61%] [32m[1mLinking CXX shared library libwifibot_msgs__rosidl_typesupport_cpp.so[0m
[2.604s] [ 61%] Built target wifibot_msgs__rosidl_typesupport_cpp
[2.705s] [ 64%] [32m[1mLinking CXX shared library libwifibot_msgs__rosidl_typesupport_fastrtps_cpp.so[0m
[2.706s] [ 67%] [32m[1mLinking CXX shared library libwifibot_msgs__rosidl_typesupport_introspection_cpp.so[0m
[2.746s] [ 70%] [32m[1mLinking CXX shared library libwifibot_msgs__rosidl_typesupport_fastrtps_c.so[0m
[2.752s] [ 70%] Built target wifibot_msgs__rosidl_typesupport_introspection_cpp
[2.779s] [ 70%] Built target wifibot_msgs__rosidl_typesupport_fastrtps_cpp
[2.820s] [ 70%] Built target wifibot_msgs__rosidl_typesupport_fastrtps_c
[2.844s] [ 70%] Built target wifibot_msgs
[2.872s] [ 74%] [34m[1mGenerating Python code for ROS interfaces[0m
[3.160s] [ 74%] Built target wifibot_msgs__py
[3.187s] [ 77%] [32mBuilding C object CMakeFiles/wifibot_msgs__rosidl_generator_py.dir/rosidl_generator_py/wifibot_msgs/msg/_status_s.c.o[0m
[3.292s] [ 80%] [32m[1mLinking C shared library rosidl_generator_py/wifibot_msgs/libwifibot_msgs__rosidl_generator_py.so[0m
[3.343s] [ 80%] Built target wifibot_msgs__rosidl_generator_py
[3.370s] [ 83%] [32mBuilding C object CMakeFiles/wifibot_msgs__rosidl_typesupport_introspection_c__pyext.dir/rosidl_generator_py/wifibot_msgs/_wifibot_msgs_s.ep.rosidl_typesupport_introspection_c.c.o[0m
[3.371s] [ 87%] [32mBuilding C object CMakeFiles/wifibot_msgs__rosidl_typesupport_fastrtps_c__pyext.dir/rosidl_generator_py/wifibot_msgs/_wifibot_msgs_s.ep.rosidl_typesupport_fastrtps_c.c.o[0m
[3.372s] [ 90%] [32mBuilding C object CMakeFiles/wifibot_msgs__rosidl_typesupport_c__pyext.dir/rosidl_generator_py/wifibot_msgs/_wifibot_msgs_s.ep.rosidl_typesupport_c.c.o[0m
[3.461s] [ 93%] [32m[1mLinking C shared library rosidl_generator_py/wifibot_msgs/wifibot_msgs_s__rosidl_typesupport_introspection_c.cpython-310-x86_64-linux-gnu.so[0m
[3.466s] [ 96%] [32m[1mLinking C shared library rosidl_generator_py/wifibot_msgs/wifibot_msgs_s__rosidl_typesupport_c.cpython-310-x86_64-linux-gnu.so[0m
[3.470s] [100%] [32m[1mLinking C shared library rosidl_generator_py/wifibot_msgs/wifibot_msgs_s__rosidl_typesupport_fastrtps_c.cpython-310-x86_64-linux-gnu.so[0m
[3.501s] [100%] Built target wifibot_msgs__rosidl_typesupport_introspection_c__pyext
[3.506s] [100%] Built target wifibot_msgs__rosidl_typesupport_c__pyext
[3.510s] [100%] Built target wifibot_msgs__rosidl_typesupport_fastrtps_c__pyext
[3.522s] Invoked command in '/home/greg/ros2_ws/build/wifibot_msgs' returned '0': CMAKE_PREFIX_PATH=${CMAKE_PREFIX_PATH}:/opt/ros/humble /usr/bin/cmake --build /home/greg/ros2_ws/build/wifibot_msgs -- -j16 -l16
[3.634s] Invoking command in '/home/greg/ros2_ws/build/wifibot_msgs': CMAKE_PREFIX_PATH=${CMAKE_PREFIX_PATH}:/opt/ros/humble /usr/bin/cmake --install /home/greg/ros2_ws/build/wifibot_msgs
[3.642s] -- Install configuration: ""
[3.643s] -- Installing: /home/greg/ros2_ws/install/wifibot_msgs/share/ament_index/resource_index/rosidl_interfaces/wifibot_msgs
[3.643s] -- Installing: /home/greg/ros2_ws/install/wifibot_msgs/include/wifibot_msgs/wifibot_msgs
[3.643s] -- Installing: /home/greg/ros2_ws/install/wifibot_msgs/include/wifibot_msgs/wifibot_msgs/msg
[3.643s] -- Installing: /home/greg/ros2_ws/install/wifibot_msgs/include/wifibot_msgs/wifibot_msgs/msg/status.h
[3.643s] -- Installing: /home/greg/ros2_ws/install/wifibot_msgs/include/wifibot_msgs/wifibot_msgs/msg/rosidl_generator_c__visibility_control.h
[3.644s] -- Installing: /home/greg/ros2_ws/install/wifibot_msgs/include/wifibot_msgs/wifibot_msgs/msg/detail
[3.644s] -- Installing: /home/greg/ros2_ws/install/wifibot_msgs/include/wifibot_msgs/wifibot_msgs/msg/detail/status__type_support.h
[3.644s] -- Installing: /home/greg/ros2_ws/install/wifibot_msgs/include/wifibot_msgs/wifibot_msgs/msg/detail/status__functions.h
[3.644s] -- Installing: /home/greg/ros2_ws/install/wifibot_msgs/include/wifibot_msgs/wifibot_msgs/msg/detail/status__struct.h
[3.644s] -- Installing: /home/greg/ros2_ws/install/wifibot_msgs/include/wifibot_msgs/wifibot_msgs/msg/detail/status__functions.c
[3.644s] -- Installing: /home/greg/ros2_ws/install/wifibot_msgs/share/wifibot_msgs/environment/library_path.sh
[3.644s] -- Installing: /home/greg/ros2_ws/install/wifibot_msgs/share/wifibot_msgs/environment/library_path.dsv
[3.644s] -- Installing: /home/greg/ros2_ws/install/wifibot_msgs/lib/libwifibot_msgs__rosidl_generator_c.so
[3.645s] -- Set runtime path of "/home/greg/ros2_ws/install/wifibot_msgs/lib/libwifibot_msgs__rosidl_generator_c.so" to ""
[3.645s] -- Up-to-date: /home/greg/ros2_ws/install/wifibot_msgs/include/wifibot_msgs/wifibot_msgs
[3.645s] -- Up-to-date: /home/greg/ros2_ws/install/wifibot_msgs/include/wifibot_msgs/wifibot_msgs/msg
[3.646s] -- Installing: /home/greg/ros2_ws/install/wifibot_msgs/include/wifibot_msgs/wifibot_msgs/msg/rosidl_typesupport_fastrtps_c__visibility_control.h
[3.646s] -- Up-to-date: /home/greg/ros2_ws/install/wifibot_msgs/include/wifibot_msgs/wifibot_msgs/msg/detail
[3.646s] -- Installing: /home/greg/ros2_ws/install/wifibot_msgs/include/wifibot_msgs/wifibot_msgs/msg/detail/status__rosidl_typesupport_fastrtps_c.h
[3.646s] -- Installing: /home/greg/ros2_ws/install/wifibot_msgs/lib/libwifibot_msgs__rosidl_typesupport_fastrtps_c.so
[3.646s] -- Set runtime path of "/home/greg/ros2_ws/install/wifibot_msgs/lib/libwifibot_msgs__rosidl_typesupport_fastrtps_c.so" to ""
[3.646s] -- Up-to-date: /home/greg/ros2_ws/install/wifibot_msgs/include/wifibot_msgs/wifibot_msgs
[3.646s] -- Up-to-date: /home/greg/ros2_ws/install/wifibot_msgs/include/wifibot_msgs/wifibot_msgs/msg
[3.646s] -- Installing: /home/greg/ros2_ws/install/wifibot_msgs/include/wifibot_msgs/wifibot_msgs/msg/rosidl_typesupport_introspection_c__visibility_control.h
[3.646s] -- Up-to-date: /home/greg/ros2_ws/install/wifibot_msgs/include/wifibot_msgs/wifibot_msgs/msg/detail
[3.646s] -- Installing: /home/greg/ros2_ws/install/wifibot_msgs/include/wifibot_msgs/wifibot_msgs/msg/detail/status__rosidl_typesupport_introspection_c.h
[3.646s] -- Installing: /home/greg/ros2_ws/install/wifibot_msgs/include/wifibot_msgs/wifibot_msgs/msg/detail/status__type_support.c
[3.646s] -- Installing: /home/greg/ros2_ws/install/wifibot_msgs/lib/libwifibot_msgs__rosidl_typesupport_introspection_c.so
[3.647s] -- Set runtime path of "/home/greg/ros2_ws/install/wifibot_msgs/lib/libwifibot_msgs__rosidl_typesupport_introspection_c.so" to ""
[3.647s] -- Installing: /home/greg/ros2_ws/install/wifibot_msgs/lib/libwifibot_msgs__rosidl_typesupport_c.so
[3.647s] -- Set runtime path of "/home/greg/ros2_ws/install/wifibot_msgs/lib/libwifibot_msgs__rosidl_typesupport_c.so" to ""
[3.647s] -- Up-to-date: /home/greg/ros2_ws/install/wifibot_msgs/include/wifibot_msgs/wifibot_msgs
[3.647s] -- Up-to-date: /home/greg/ros2_ws/install/wifibot_msgs/include/wifibot_msgs/wifibot_msgs/msg
[3.647s] -- Up-to-date: /home/greg/ros2_ws/install/wifibot_msgs/include/wifibot_msgs/wifibot_msgs/msg/detail
[3.647s] -- Installing: /home/greg/ros2_ws/install/wifibot_msgs/include/wifibot_msgs/wifibot_msgs/msg/detail/status__builder.hpp
[3.647s] -- Installing: /home/greg/ros2_ws/install/wifibot_msgs/include/wifibot_msgs/wifibot_msgs/msg/detail/status__traits.hpp
[3.647s] -- Installing: /home/greg/ros2_ws/install/wifibot_msgs/include/wifibot_msgs/wifibot_msgs/msg/detail/status__struct.hpp
[3.647s] -- Installing: /home/greg/ros2_ws/install/wifibot_msgs/include/wifibot_msgs/wifibot_msgs/msg/status.hpp
[3.647s] -- Up-to-date: /home/greg/ros2_ws/install/wifibot_msgs/include/wifibot_msgs/wifibot_msgs
[3.647s] -- Up-to-date: /home/greg/ros2_ws/install/wifibot_msgs/include/wifibot_msgs/wifibot_msgs/msg
[3.648s] -- Installing: /home/greg/ros2_ws/install/wifibot_msgs/include/wifibot_msgs/wifibot_msgs/msg/rosidl_typesupport_fastrtps_cpp__visibility_control.h
[3.648s] -- Up-to-date: /home/greg/ros2_ws/install/wifibot_msgs/include/wifibot_msgs/wifibot_msgs/msg/detail
[3.648s] -- Installing: /home/greg/ros2_ws/install/wifibot_msgs/include/wifibot_msgs/wifibot_msgs/msg/detail/status__rosidl_typesupport_fastrtps_cpp.hpp
[3.648s] -- Installing: /home/greg/ros2_ws/install/wifibot_msgs/include/wifibot_msgs/wifibot_msgs/msg/detail/dds_fastrtps
[3.648s] -- Installing: /home/greg/ros2_ws/install/wifibot_msgs/lib/libwifibot_msgs__rosidl_typesupport_fastrtps_cpp.so
[3.648s] -- Set runtime path of "/home/greg/ros2_ws/install/wifibot_msgs/lib/libwifibot_msgs__rosidl_typesupport_fastrtps_cpp.so" to ""
[3.648s] -- Up-to-date: /home/greg/ros2_ws/install/wifibot_msgs/include/wifibot_msgs/wifibot_msgs
[3.649s] -- Up-to-date: /home/greg/ros2_ws/install/wifibot_msgs/include/wifibot_msgs/wifibot_msgs/msg
[3.649s] -- Up-to-date: /home/greg/ros2_ws/install/wifibot_msgs/include/wifibot_msgs/wifibot_msgs/msg/detail
[3.649s] -- Installing: /home/greg/ros2_ws/install/wifibot_msgs/include/wifibot_msgs/wifibot_msgs/msg/detail/status__type_support.cpp
[3.649s] -- Installing: /home/greg/ros2_ws/install/wifibot_msgs/include/wifibot_msgs/wifibot_msgs/msg/detail/status__rosidl_typesupport_introspection_cpp.hpp
[3.650s] -- Installing: /home/greg/ros2_ws/install/wifibot_msgs/lib/libwifibot_msgs__rosidl_typesupport_introspection_cpp.so
[3.650s] -- Set runtime path of "/home/greg/ros2_ws/install/wifibot_msgs/lib/libwifibot_msgs__rosidl_typesupport_introspection_cpp.so" to ""
[3.650s] -- Installing: /home/greg/ros2_ws/install/wifibot_msgs/lib/libwifibot_msgs__rosidl_typesupport_cpp.so
[3.650s] -- Set runtime path of "/home/greg/ros2_ws/install/wifibot_msgs/lib/libwifibot_msgs__rosidl_typesupport_cpp.so" to ""
[3.650s] -- Installing: /home/greg/ros2_ws/install/wifibot_msgs/share/wifibot_msgs/environment/pythonpath.sh
[3.651s] -- Installing: /home/greg/ros2_ws/install/wifibot_msgs/share/wifibot_msgs/environment/pythonpath.dsv
[3.651s] -- Installing: /home/greg/ros2_ws/install/wifibot_msgs/local/lib/python3.10/dist-packages/wifibot_msgs-0.0.0-py3.10.egg-info
[3.651s] -- Installing: /home/greg/ros2_ws/install/wifibot_msgs/local/lib/python3.10/dist-packages/wifibot_msgs-0.0.0-py3.10.egg-info/dependency_links.txt
[3.651s] -- Installing: /home/greg/ros2_ws/install/wifibot_msgs/local/lib/python3.10/dist-packages/wifibot_msgs-0.0.0-py3.10.egg-info/SOURCES.txt
[3.651s] -- Installing: /home/greg/ros2_ws/install/wifibot_msgs/local/lib/python3.10/dist-packages/wifibot_msgs-0.0.0-py3.10.egg-info/PKG-INFO
[3.651s] -- Installing: /home/greg/ros2_ws/install/wifibot_msgs/local/lib/python3.10/dist-packages/wifibot_msgs-0.0.0-py3.10.egg-info/top_level.txt
[3.652s] -- Installing: /home/greg/ros2_ws/install/wifibot_msgs/local/lib/python3.10/dist-packages/wifibot_msgs
[3.652s] -- Installing: /home/greg/ros2_ws/install/wifibot_msgs/local/lib/python3.10/dist-packages/wifibot_msgs/wifibot_msgs_s__rosidl_typesupport_fastrtps_c.cpython-310-x86_64-linux-gnu.so
[3.652s] -- Installing: /home/greg/ros2_ws/install/wifibot_msgs/local/lib/python3.10/dist-packages/wifibot_msgs/libwifibot_msgs__rosidl_generator_py.so
[3.652s] -- Installing: /home/greg/ros2_ws/install/wifibot_msgs/local/lib/python3.10/dist-packages/wifibot_msgs/wifibot_msgs_s__rosidl_typesupport_c.cpython-310-x86_64-linux-gnu.so
[3.652s] -- Installing: /home/greg/ros2_ws/install/wifibot_msgs/local/lib/python3.10/dist-packages/wifibot_msgs/_wifibot_msgs_s.ep.rosidl_typesupport_c.c
[3.652s] -- Installing: /home/greg/ros2_ws/install/wifibot_msgs/local/lib/python3.10/dist-packages/wifibot_msgs/_wifibot_msgs_s.ep.rosidl_typesupport_introspection_c.c
[3.652s] -- Installing: /home/greg/ros2_ws/install/wifibot_msgs/local/lib/python3.10/dist-packages/wifibot_msgs/msg
[3.652s] -- Installing: /home/greg/ros2_ws/install/wifibot_msgs/local/lib/python3.10/dist-packages/wifibot_msgs/msg/_status_s.c
[3.652s] -- Installing: /home/greg/ros2_ws/install/wifibot_msgs/local/lib/python3.10/dist-packages/wifibot_msgs/msg/_status.py
[3.652s] -- Installing: /home/greg/ros2_ws/install/wifibot_msgs/local/lib/python3.10/dist-packages/wifibot_msgs/msg/__init__.py
[3.652s] -- Installing: /home/greg/ros2_ws/install/wifibot_msgs/local/lib/python3.10/dist-packages/wifibot_msgs/wifibot_msgs_s__rosidl_typesupport_introspection_c.cpython-310-x86_64-linux-gnu.so
[3.652s] -- Installing: /home/greg/ros2_ws/install/wifibot_msgs/local/lib/python3.10/dist-packages/wifibot_msgs/__init__.py
[3.652s] -- Installing: /home/greg/ros2_ws/install/wifibot_msgs/local/lib/python3.10/dist-packages/wifibot_msgs/_wifibot_msgs_s.ep.rosidl_typesupport_fastrtps_c.c
[3.689s] Listing '/home/greg/ros2_ws/install/wifibot_msgs/local/lib/python3.10/dist-packages/wifibot_msgs'...
[3.689s] Compiling '/home/greg/ros2_ws/install/wifibot_msgs/local/lib/python3.10/dist-packages/wifibot_msgs/__init__.py'...
[3.689s] Listing '/home/greg/ros2_ws/install/wifibot_msgs/local/lib/python3.10/dist-packages/wifibot_msgs/msg'...
[3.689s] Compiling '/home/greg/ros2_ws/install/wifibot_msgs/local/lib/python3.10/dist-packages/wifibot_msgs/msg/__init__.py'...
[3.689s] Compiling '/home/greg/ros2_ws/install/wifibot_msgs/local/lib/python3.10/dist-packages/wifibot_msgs/msg/_status.py'...
[3.693s] -- Installing: /home/greg/ros2_ws/install/wifibot_msgs/local/lib/python3.10/dist-packages/wifibot_msgs/wifibot_msgs_s__rosidl_typesupport_fastrtps_c.cpython-310-x86_64-linux-gnu.so
[3.693s] -- Set runtime path of "/home/greg/ros2_ws/install/wifibot_msgs/local/lib/python3.10/dist-packages/wifibot_msgs/wifibot_msgs_s__rosidl_typesupport_fastrtps_c.cpython-310-x86_64-linux-gnu.so" to ""
[3.693s] -- Installing: /home/greg/ros2_ws/install/wifibot_msgs/local/lib/python3.10/dist-packages/wifibot_msgs/wifibot_msgs_s__rosidl_typesupport_introspection_c.cpython-310-x86_64-linux-gnu.so
[3.694s] -- Set runtime path of "/home/greg/ros2_ws/install/wifibot_msgs/local/lib/python3.10/dist-packages/wifibot_msgs/wifibot_msgs_s__rosidl_typesupport_introspection_c.cpython-310-x86_64-linux-gnu.so" to ""
[3.694s] -- Installing: /home/greg/ros2_ws/install/wifibot_msgs/local/lib/python3.10/dist-packages/wifibot_msgs/wifibot_msgs_s__rosidl_typesupport_c.cpython-310-x86_64-linux-gnu.so
[3.694s] -- Set runtime path of "/home/greg/ros2_ws/install/wifibot_msgs/local/lib/python3.10/dist-packages/wifibot_msgs/wifibot_msgs_s__rosidl_typesupport_c.cpython-310-x86_64-linux-gnu.so" to ""
[3.694s] -- Installing: /home/greg/ros2_ws/install/wifibot_msgs/lib/libwifibot_msgs__rosidl_generator_py.so
[3.695s] -- Set runtime path of "/home/greg/ros2_ws/install/wifibot_msgs/lib/libwifibot_msgs__rosidl_generator_py.so" to ""
[3.695s] -- Installing: /home/greg/ros2_ws/install/wifibot_msgs/share/wifibot_msgs/msg/Status.idl
[3.695s] -- Installing: /home/greg/ros2_ws/install/wifibot_msgs/share/wifibot_msgs/msg/Status.msg
[3.695s] -- Installing: /home/greg/ros2_ws/install/wifibot_msgs/share/ament_index/resource_index/package_run_dependencies/wifibot_msgs
[3.695s] -- Installing: /home/greg/ros2_ws/install/wifibot_msgs/share/ament_index/resource_index/parent_prefix_path/wifibot_msgs
[3.696s] -- Installing: /home/greg/ros2_ws/install/wifibot_msgs/share/wifibot_msgs/environment/ament_prefix_path.sh
[3.696s] -- Installing: /home/greg/ros2_ws/install/wifibot_msgs/share/wifibot_msgs/environment/ament_prefix_path.dsv
[3.696s] -- Installing: /home/greg/ros2_ws/install/wifibot_msgs/share/wifibot_msgs/environment/path.sh
[3.696s] -- Installing: /home/greg/ros2_ws/install/wifibot_msgs/share/wifibot_msgs/environment/path.dsv
[3.696s] -- Installing: /home/greg/ros2_ws/install/wifibot_msgs/share/wifibot_msgs/local_setup.bash
[3.696s] -- Installing: /home/greg/ros2_ws/install/wifibot_msgs/share/wifibot_msgs/local_setup.sh
[3.697s] -- Installing: /home/greg/ros2_ws/install/wifibot_msgs/share/wifibot_msgs/local_setup.zsh
[3.697s] -- Installing: /home/greg/ros2_ws/install/wifibot_msgs/share/wifibot_msgs/local_setup.dsv
[3.697s] -- Installing: /home/greg/ros2_ws/install/wifibot_msgs/share/wifibot_msgs/package.dsv
[3.697s] -- Installing: /home/greg/ros2_ws/install/wifibot_msgs/share/ament_index/resource_index/packages/wifibot_msgs
[3.697s] -- Installing: /home/greg/ros2_ws/install/wifibot_msgs/share/wifibot_msgs/cmake/export_wifibot_msgs__rosidl_generator_cExport.cmake
[3.697s] -- Installing: /home/greg/ros2_ws/install/wifibot_msgs/share/wifibot_msgs/cmake/export_wifibot_msgs__rosidl_generator_cExport-noconfig.cmake
[3.698s] -- Installing: /home/greg/ros2_ws/install/wifibot_msgs/share/wifibot_msgs/cmake/export_wifibot_msgs__rosidl_typesupport_fastrtps_cExport.cmake
[3.698s] -- Installing: /home/greg/ros2_ws/install/wifibot_msgs/share/wifibot_msgs/cmake/export_wifibot_msgs__rosidl_typesupport_fastrtps_cExport-noconfig.cmake
[3.698s] -- Installing: /home/greg/ros2_ws/install/wifibot_msgs/share/wifibot_msgs/cmake/wifibot_msgs__rosidl_typesupport_introspection_cExport.cmake
[3.698s] -- Installing: /home/greg/ros2_ws/install/wifibot_msgs/share/wifibot_msgs/cmake/wifibot_msgs__rosidl_typesupport_introspection_cExport-noconfig.cmake
[3.698s] -- Installing: /home/greg/ros2_ws/install/wifibot_msgs/share/wifibot_msgs/cmake/wifibot_msgs__rosidl_typesupport_cExport.cmake
[3.698s] -- Installing: /home/greg/ros2_ws/install/wifibot_msgs/share/wifibot_msgs/cmake/wifibot_msgs__rosidl_typesupport_cExport-noconfig.cmake
[3.699s] -- Installing: /home/greg/ros2_ws/install/wifibot_msgs/share/wifibot_msgs/cmake/export_wifibot_msgs__rosidl_generator_cppExport.cmake
[3.699s] -- Installing: /home/greg/ros2_ws/install/wifibot_msgs/share/wifibot_msgs/cmake/export_wifibot_msgs__rosidl_typesupport_fastrtps_cppExport.cmake
[3.699s] -- Installing: /home/greg/ros2_ws/install/wifibot_msgs/share/wifibot_msgs/cmake/export_wifibot_msgs__rosidl_typesupport_fastrtps_cppExport-noconfig.cmake
[3.699s] -- Installing: /home/greg/ros2_ws/install/wifibot_msgs/share/wifibot_msgs/cmake/wifibot_msgs__rosidl_typesupport_introspection_cppExport.cmake
[3.699s] -- Installing: /home/greg/ros2_ws/install/wifibot_msgs/share/wifibot_msgs/cmake/wifibot_msgs__rosidl_typesupport_introspection_cppExport-noconfig.cmake
[3.699s] -- Installing: /home/greg/ros2_ws/install/wifibot_msgs/share/wifibot_msgs/cmake/wifibot_msgs__rosidl_typesupport_cppExport.cmake
[3.699s] -- Installing: /home/greg/ros2_ws/install/wifibot_msgs/share/wifibot_msgs/cmake/wifibot_msgs__rosidl_typesupport_cppExport-noconfig.cmake
[3.699s] -- Installing: /home/greg/ros2_ws/install/wifibot_msgs/share/wifibot_msgs/cmake/export_wifibot_msgs__rosidl_generator_pyExport.cmake
[3.700s] -- Installing: /home/greg/ros2_ws/install/wifibot_msgs/share/wifibot_msgs/cmake/export_wifibot_msgs__rosidl_generator_pyExport-noconfig.cmake
[3.700s] -- Installing: /home/greg/ros2_ws/install/wifibot_msgs/share/wifibot_msgs/cmake/rosidl_cmake-extras.cmake
[3.700s] -- Installing: /home/greg/ros2_ws/install/wifibot_msgs/share/wifibot_msgs/cmake/ament_cmake_export_include_directories-extras.cmake
[3.700s] -- Installing: /home/greg/ros2_ws/install/wifibot_msgs/share/wifibot_msgs/cmake/ament_cmake_export_libraries-extras.cmake
[3.700s] -- Installing: /home/greg/ros2_ws/install/wifibot_msgs/share/wifibot_msgs/cmake/ament_cmake_export_targets-extras.cmake
[3.700s] -- Installing: /home/greg/ros2_ws/install/wifibot_msgs/share/wifibot_msgs/cmake/rosidl_cmake_export_typesupport_targets-extras.cmake
[3.700s] -- Installing: /home/greg/ros2_ws/install/wifibot_msgs/share/wifibot_msgs/cmake/ament_cmake_export_dependencies-extras.cmake
[3.701s] -- Installing: /home/greg/ros2_ws/install/wifibot_msgs/share/wifibot_msgs/cmake/rosidl_cmake_export_typesupport_libraries-extras.cmake
[3.701s] -- Installing: /home/greg/ros2_ws/install/wifibot_msgs/share/wifibot_msgs/cmake/wifibot_msgsConfig.cmake
[3.701s] -- Installing: /home/greg/ros2_ws/install/wifibot_msgs/share/wifibot_msgs/cmake/wifibot_msgsConfig-version.cmake
[3.702s] -- Installing: /home/greg/ros2_ws/install/wifibot_msgs/share/wifibot_msgs/package.xml
[3.703s] Invoked command in '/home/greg/ros2_ws/build/wifibot_msgs' returned '0': CMAKE_PREFIX_PATH=${CMAKE_PREFIX_PATH}:/opt/ros/humble /usr/bin/cmake --install /home/greg/ros2_ws/build/wifibot_msgs
