[1.237s] DEBUG:colcon:Command line arguments: ['/usr/bin/colcon', 'build']
[1.238s] DEBUG:colcon:Parsed command line arguments: Namespace(log_base=None, log_level=None, verb_name='build', build_base='build', install_base='install', merge_install=False, symlink_install=False, test_result_base=None, continue_on_error=False, executor='parallel', parallel_workers=16, event_handlers=None, ignore_user_meta=False, metas=['./colcon.meta'], base_paths=['.'], packages_ignore=None, packages_ignore_regex=None, paths=None, packages_up_to=None, packages_up_to_regex=None, packages_above=None, packages_above_and_dependencies=None, packages_above_depth=None, packages_select_by_dep=None, packages_skip_by_dep=None, packages_skip_up_to=None, packages_select_build_failed=False, packages_skip_build_finished=False, packages_select_test_failures=False, packages_skip_test_passed=False, packages_select=None, packages_skip=None, packages_select_regex=None, packages_skip_regex=None, packages_start=None, packages_end=None, allow_overriding=[], cmake_args=None, cmake_target=None, cmake_target_skip_unavailable=False, cmake_clean_cache=False, cmake_clean_first=False, cmake_force_configure=False, ament_cmake_args=None, catkin_cmake_args=None, catkin_skip_building_tests=False, verb_parser=<colcon_defaults.argument_parser.defaults.DefaultArgumentsDecorator object at 0x7f9280e6c7f0>, verb_extension=<colcon_core.verb.build.BuildVerb object at 0x7f928116d6c0>, main=<bound method BuildVerb.main of <colcon_core.verb.build.BuildVerb object at 0x7f928116d6c0>>)
[1.299s] Level 1:colcon.colcon_core.package_discovery:discover_packages(colcon_meta) check parameters
[1.299s] Level 1:colcon.colcon_core.package_discovery:discover_packages(recursive) check parameters
[1.299s] Level 1:colcon.colcon_core.package_discovery:discover_packages(ignore) check parameters
[1.299s] Level 1:colcon.colcon_core.package_discovery:discover_packages(path) check parameters
[1.299s] Level 1:colcon.colcon_core.package_discovery:discover_packages(colcon_meta) discover
[1.299s] Level 1:colcon.colcon_core.package_discovery:discover_packages(recursive) discover
[1.299s] INFO:colcon.colcon_core.package_discovery:Crawling recursively for packages in '/home/greg/ros2_ws/src'
[1.299s] Level 1:colcon.colcon_core.package_identification:_identify(.) by extensions ['ignore', 'ignore_ament_install']
[1.299s] Level 1:colcon.colcon_core.package_identification:_identify(.) by extension 'ignore'
[1.299s] Level 1:colcon.colcon_core.package_identification:_identify(.) by extension 'ignore_ament_install'
[1.300s] Level 1:colcon.colcon_core.package_identification:_identify(.) by extensions ['colcon_pkg']
[1.300s] Level 1:colcon.colcon_core.package_identification:_identify(.) by extension 'colcon_pkg'
[1.300s] Level 1:colcon.colcon_core.package_identification:_identify(.) by extensions ['colcon_meta']
[1.300s] Level 1:colcon.colcon_core.package_identification:_identify(.) by extension 'colcon_meta'
[1.300s] Level 1:colcon.colcon_core.package_identification:_identify(.) by extensions ['ros']
[1.300s] Level 1:colcon.colcon_core.package_identification:_identify(.) by extension 'ros'
[1.314s] Level 1:colcon.colcon_core.package_identification:_identify(.) by extensions ['cmake', 'python']
[1.315s] Level 1:colcon.colcon_core.package_identification:_identify(.) by extension 'cmake'
[1.315s] Level 1:colcon.colcon_core.package_identification:_identify(.) by extension 'python'
[1.315s] Level 1:colcon.colcon_core.package_identification:_identify(.) by extensions ['python_setup_py']
[1.315s] Level 1:colcon.colcon_core.package_identification:_identify(.) by extension 'python_setup_py'
[1.315s] Level 1:colcon.colcon_core.package_identification:_identify(build) by extensions ['ignore', 'ignore_ament_install']
[1.315s] Level 1:colcon.colcon_core.package_identification:_identify(build) by extension 'ignore'
[1.315s] Level 1:colcon.colcon_core.package_identification:_identify(build) ignored
[1.315s] Level 1:colcon.colcon_core.package_identification:_identify(install) by extensions ['ignore', 'ignore_ament_install']
[1.315s] Level 1:colcon.colcon_core.package_identification:_identify(install) by extension 'ignore'
[1.315s] Level 1:colcon.colcon_core.package_identification:_identify(install) ignored
[1.316s] Level 1:colcon.colcon_core.package_identification:_identify(joy2twist) by extensions ['ignore', 'ignore_ament_install']
[1.316s] Level 1:colcon.colcon_core.package_identification:_identify(joy2twist) by extension 'ignore'
[1.316s] Level 1:colcon.colcon_core.package_identification:_identify(joy2twist) by extension 'ignore_ament_install'
[1.316s] Level 1:colcon.colcon_core.package_identification:_identify(joy2twist) by extensions ['colcon_pkg']
[1.316s] Level 1:colcon.colcon_core.package_identification:_identify(joy2twist) by extension 'colcon_pkg'
[1.316s] Level 1:colcon.colcon_core.package_identification:_identify(joy2twist) by extensions ['colcon_meta']
[1.316s] Level 1:colcon.colcon_core.package_identification:_identify(joy2twist) by extension 'colcon_meta'
[1.316s] Level 1:colcon.colcon_core.package_identification:_identify(joy2twist) by extensions ['ros']
[1.316s] Level 1:colcon.colcon_core.package_identification:_identify(joy2twist) by extension 'ros'
[1.316s] Level 1:colcon.colcon_core.package_identification:_identify(joy2twist) by extensions ['cmake', 'python']
[1.316s] Level 1:colcon.colcon_core.package_identification:_identify(joy2twist) by extension 'cmake'
[1.316s] Level 1:colcon.colcon_core.package_identification:_identify(joy2twist) by extension 'python'
[1.316s] Level 1:colcon.colcon_core.package_identification:_identify(joy2twist) by extensions ['python_setup_py']
[1.317s] Level 1:colcon.colcon_core.package_identification:_identify(joy2twist) by extension 'python_setup_py'
[1.317s] Level 1:colcon.colcon_core.package_identification:_identify(joy2twist/demo) by extensions ['ignore', 'ignore_ament_install']
[1.317s] Level 1:colcon.colcon_core.package_identification:_identify(joy2twist/demo) by extension 'ignore'
[1.317s] Level 1:colcon.colcon_core.package_identification:_identify(joy2twist/demo) by extension 'ignore_ament_install'
[1.317s] Level 1:colcon.colcon_core.package_identification:_identify(joy2twist/demo) by extensions ['colcon_pkg']
[1.317s] Level 1:colcon.colcon_core.package_identification:_identify(joy2twist/demo) by extension 'colcon_pkg'
[1.317s] Level 1:colcon.colcon_core.package_identification:_identify(joy2twist/demo) by extensions ['colcon_meta']
[1.317s] Level 1:colcon.colcon_core.package_identification:_identify(joy2twist/demo) by extension 'colcon_meta'
[1.317s] Level 1:colcon.colcon_core.package_identification:_identify(joy2twist/demo) by extensions ['ros']
[1.317s] Level 1:colcon.colcon_core.package_identification:_identify(joy2twist/demo) by extension 'ros'
[1.317s] Level 1:colcon.colcon_core.package_identification:_identify(joy2twist/demo) by extensions ['cmake', 'python']
[1.317s] Level 1:colcon.colcon_core.package_identification:_identify(joy2twist/demo) by extension 'cmake'
[1.318s] Level 1:colcon.colcon_core.package_identification:_identify(joy2twist/demo) by extension 'python'
[1.318s] Level 1:colcon.colcon_core.package_identification:_identify(joy2twist/demo) by extensions ['python_setup_py']
[1.318s] Level 1:colcon.colcon_core.package_identification:_identify(joy2twist/demo) by extension 'python_setup_py'
[1.318s] Level 1:colcon.colcon_core.package_identification:_identify(joy2twist/joy2twist) by extensions ['ignore', 'ignore_ament_install']
[1.318s] Level 1:colcon.colcon_core.package_identification:_identify(joy2twist/joy2twist) by extension 'ignore'
[1.318s] Level 1:colcon.colcon_core.package_identification:_identify(joy2twist/joy2twist) by extension 'ignore_ament_install'
[1.318s] Level 1:colcon.colcon_core.package_identification:_identify(joy2twist/joy2twist) by extensions ['colcon_pkg']
[1.318s] Level 1:colcon.colcon_core.package_identification:_identify(joy2twist/joy2twist) by extension 'colcon_pkg'
[1.318s] Level 1:colcon.colcon_core.package_identification:_identify(joy2twist/joy2twist) by extensions ['colcon_meta']
[1.318s] Level 1:colcon.colcon_core.package_identification:_identify(joy2twist/joy2twist) by extension 'colcon_meta'
[1.318s] Level 1:colcon.colcon_core.package_identification:_identify(joy2twist/joy2twist) by extensions ['ros']
[1.318s] Level 1:colcon.colcon_core.package_identification:_identify(joy2twist/joy2twist) by extension 'ros'
[1.321s] DEBUG:colcon.colcon_core.package_identification:Package 'joy2twist/joy2twist' with type 'ros.ament_cmake' and name 'joy2twist'
[1.322s] Level 1:colcon.colcon_core.package_identification:_identify(lib_wifibot) by extensions ['ignore', 'ignore_ament_install']
[1.322s] Level 1:colcon.colcon_core.package_identification:_identify(lib_wifibot) by extension 'ignore'
[1.322s] Level 1:colcon.colcon_core.package_identification:_identify(lib_wifibot) by extension 'ignore_ament_install'
[1.322s] Level 1:colcon.colcon_core.package_identification:_identify(lib_wifibot) by extensions ['colcon_pkg']
[1.322s] Level 1:colcon.colcon_core.package_identification:_identify(lib_wifibot) by extension 'colcon_pkg'
[1.322s] Level 1:colcon.colcon_core.package_identification:_identify(lib_wifibot) by extensions ['colcon_meta']
[1.322s] Level 1:colcon.colcon_core.package_identification:_identify(lib_wifibot) by extension 'colcon_meta'
[1.322s] Level 1:colcon.colcon_core.package_identification:_identify(lib_wifibot) by extensions ['ros']
[1.323s] Level 1:colcon.colcon_core.package_identification:_identify(lib_wifibot) by extension 'ros'
[1.323s] DEBUG:colcon.colcon_core.package_identification:Package 'lib_wifibot' with type 'ros.ament_cmake' and name 'lib_wifibot'
[1.323s] Level 1:colcon.colcon_core.package_identification:_identify(log) by extensions ['ignore', 'ignore_ament_install']
[1.323s] Level 1:colcon.colcon_core.package_identification:_identify(log) by extension 'ignore'
[1.323s] Level 1:colcon.colcon_core.package_identification:_identify(log) ignored
[1.324s] Level 1:colcon.colcon_core.package_identification:_identify(roswifibot) by extensions ['ignore', 'ignore_ament_install']
[1.324s] Level 1:colcon.colcon_core.package_identification:_identify(roswifibot) by extension 'ignore'
[1.324s] Level 1:colcon.colcon_core.package_identification:_identify(roswifibot) by extension 'ignore_ament_install'
[1.324s] Level 1:colcon.colcon_core.package_identification:_identify(roswifibot) by extensions ['colcon_pkg']
[1.324s] Level 1:colcon.colcon_core.package_identification:_identify(roswifibot) by extension 'colcon_pkg'
[1.324s] Level 1:colcon.colcon_core.package_identification:_identify(roswifibot) by extensions ['colcon_meta']
[1.324s] Level 1:colcon.colcon_core.package_identification:_identify(roswifibot) by extension 'colcon_meta'
[1.324s] Level 1:colcon.colcon_core.package_identification:_identify(roswifibot) by extensions ['ros']
[1.324s] Level 1:colcon.colcon_core.package_identification:_identify(roswifibot) by extension 'ros'
[1.325s] DEBUG:colcon.colcon_core.package_identification:Package 'roswifibot' with type 'ros.ament_cmake' and name 'roswifibot'
[1.325s] Level 1:colcon.colcon_core.package_identification:_identify(wifibot_msgs) by extensions ['ignore', 'ignore_ament_install']
[1.325s] Level 1:colcon.colcon_core.package_identification:_identify(wifibot_msgs) by extension 'ignore'
[1.325s] Level 1:colcon.colcon_core.package_identification:_identify(wifibot_msgs) by extension 'ignore_ament_install'
[1.325s] Level 1:colcon.colcon_core.package_identification:_identify(wifibot_msgs) by extensions ['colcon_pkg']
[1.326s] Level 1:colcon.colcon_core.package_identification:_identify(wifibot_msgs) by extension 'colcon_pkg'
[1.326s] Level 1:colcon.colcon_core.package_identification:_identify(wifibot_msgs) by extensions ['colcon_meta']
[1.326s] Level 1:colcon.colcon_core.package_identification:_identify(wifibot_msgs) by extension 'colcon_meta'
[1.326s] Level 1:colcon.colcon_core.package_identification:_identify(wifibot_msgs) by extensions ['ros']
[1.326s] Level 1:colcon.colcon_core.package_identification:_identify(wifibot_msgs) by extension 'ros'
[1.326s] DEBUG:colcon.colcon_core.package_identification:Package 'wifibot_msgs' with type 'ros.ament_cmake' and name 'wifibot_msgs'
[1.326s] Level 1:colcon.colcon_core.package_discovery:discover_packages(recursive) using defaults
[1.326s] Level 1:colcon.colcon_core.package_discovery:discover_packages(ignore) discover
[1.326s] Level 1:colcon.colcon_core.package_discovery:discover_packages(ignore) using defaults
[1.327s] Level 1:colcon.colcon_core.package_discovery:discover_packages(path) discover
[1.327s] Level 1:colcon.colcon_core.package_discovery:discover_packages(path) using defaults
[1.438s] Level 1:colcon.colcon_core.package_discovery:discover_packages(prefix_path) check parameters
[1.438s] Level 1:colcon.colcon_core.package_discovery:discover_packages(prefix_path) discover
[1.473s] DEBUG:colcon.colcon_installed_package_information.package_discovery:Found 4 installed packages in /home/greg/ros2_ws/install
[1.493s] DEBUG:colcon.colcon_installed_package_information.package_discovery:Found 184 installed packages in /opt/ros/humble
[1.494s] Level 1:colcon.colcon_core.package_discovery:discover_packages(prefix_path) using defaults
[1.582s] Level 5:colcon.colcon_core.verb:set package 'joy2twist' build argument 'cmake_args' from command line to 'None'
[1.582s] Level 5:colcon.colcon_core.verb:set package 'joy2twist' build argument 'cmake_target' from command line to 'None'
[1.582s] Level 5:colcon.colcon_core.verb:set package 'joy2twist' build argument 'cmake_target_skip_unavailable' from command line to 'False'
[1.582s] Level 5:colcon.colcon_core.verb:set package 'joy2twist' build argument 'cmake_clean_cache' from command line to 'False'
[1.582s] Level 5:colcon.colcon_core.verb:set package 'joy2twist' build argument 'cmake_clean_first' from command line to 'False'
[1.582s] Level 5:colcon.colcon_core.verb:set package 'joy2twist' build argument 'cmake_force_configure' from command line to 'False'
[1.582s] Level 5:colcon.colcon_core.verb:set package 'joy2twist' build argument 'ament_cmake_args' from command line to 'None'
[1.582s] Level 5:colcon.colcon_core.verb:set package 'joy2twist' build argument 'catkin_cmake_args' from command line to 'None'
[1.583s] Level 5:colcon.colcon_core.verb:set package 'joy2twist' build argument 'catkin_skip_building_tests' from command line to 'False'
[1.583s] DEBUG:colcon.colcon_core.verb:Building package 'joy2twist' with the following arguments: {'ament_cmake_args': None, 'build_base': '/home/greg/ros2_ws/src/build/joy2twist', 'catkin_cmake_args': None, 'catkin_skip_building_tests': False, 'cmake_args': None, 'cmake_clean_cache': False, 'cmake_clean_first': False, 'cmake_force_configure': False, 'cmake_target': None, 'cmake_target_skip_unavailable': False, 'install_base': '/home/greg/ros2_ws/src/install/joy2twist', 'merge_install': False, 'path': '/home/greg/ros2_ws/src/joy2twist/joy2twist', 'symlink_install': False, 'test_result_base': None}
[1.601s] Level 5:colcon.colcon_core.verb:set package 'lib_wifibot' build argument 'cmake_args' from command line to 'None'
[1.601s] Level 5:colcon.colcon_core.verb:set package 'lib_wifibot' build argument 'cmake_target' from command line to 'None'
[1.601s] Level 5:colcon.colcon_core.verb:set package 'lib_wifibot' build argument 'cmake_target_skip_unavailable' from command line to 'False'
[1.601s] Level 5:colcon.colcon_core.verb:set package 'lib_wifibot' build argument 'cmake_clean_cache' from command line to 'False'
[1.601s] Level 5:colcon.colcon_core.verb:set package 'lib_wifibot' build argument 'cmake_clean_first' from command line to 'False'
[1.602s] Level 5:colcon.colcon_core.verb:set package 'lib_wifibot' build argument 'cmake_force_configure' from command line to 'False'
[1.602s] Level 5:colcon.colcon_core.verb:set package 'lib_wifibot' build argument 'ament_cmake_args' from command line to 'None'
[1.602s] Level 5:colcon.colcon_core.verb:set package 'lib_wifibot' build argument 'catkin_cmake_args' from command line to 'None'
[1.602s] Level 5:colcon.colcon_core.verb:set package 'lib_wifibot' build argument 'catkin_skip_building_tests' from command line to 'False'
[1.602s] DEBUG:colcon.colcon_core.verb:Building package 'lib_wifibot' with the following arguments: {'ament_cmake_args': None, 'build_base': '/home/greg/ros2_ws/src/build/lib_wifibot', 'catkin_cmake_args': None, 'catkin_skip_building_tests': False, 'cmake_args': None, 'cmake_clean_cache': False, 'cmake_clean_first': False, 'cmake_force_configure': False, 'cmake_target': None, 'cmake_target_skip_unavailable': False, 'install_base': '/home/greg/ros2_ws/src/install/lib_wifibot', 'merge_install': False, 'path': '/home/greg/ros2_ws/src/lib_wifibot', 'symlink_install': False, 'test_result_base': None}
[1.619s] Level 5:colcon.colcon_core.verb:set package 'wifibot_msgs' build argument 'cmake_args' from command line to 'None'
[1.619s] Level 5:colcon.colcon_core.verb:set package 'wifibot_msgs' build argument 'cmake_target' from command line to 'None'
[1.619s] Level 5:colcon.colcon_core.verb:set package 'wifibot_msgs' build argument 'cmake_target_skip_unavailable' from command line to 'False'
[1.619s] Level 5:colcon.colcon_core.verb:set package 'wifibot_msgs' build argument 'cmake_clean_cache' from command line to 'False'
[1.619s] Level 5:colcon.colcon_core.verb:set package 'wifibot_msgs' build argument 'cmake_clean_first' from command line to 'False'
[1.619s] Level 5:colcon.colcon_core.verb:set package 'wifibot_msgs' build argument 'cmake_force_configure' from command line to 'False'
[1.619s] Level 5:colcon.colcon_core.verb:set package 'wifibot_msgs' build argument 'ament_cmake_args' from command line to 'None'
[1.619s] Level 5:colcon.colcon_core.verb:set package 'wifibot_msgs' build argument 'catkin_cmake_args' from command line to 'None'
[1.619s] Level 5:colcon.colcon_core.verb:set package 'wifibot_msgs' build argument 'catkin_skip_building_tests' from command line to 'False'
[1.619s] DEBUG:colcon.colcon_core.verb:Building package 'wifibot_msgs' with the following arguments: {'ament_cmake_args': None, 'build_base': '/home/greg/ros2_ws/src/build/wifibot_msgs', 'catkin_cmake_args': None, 'catkin_skip_building_tests': False, 'cmake_args': None, 'cmake_clean_cache': False, 'cmake_clean_first': False, 'cmake_force_configure': False, 'cmake_target': None, 'cmake_target_skip_unavailable': False, 'install_base': '/home/greg/ros2_ws/src/install/wifibot_msgs', 'merge_install': False, 'path': '/home/greg/ros2_ws/src/wifibot_msgs', 'symlink_install': False, 'test_result_base': None}
[1.639s] Level 5:colcon.colcon_core.verb:set package 'roswifibot' build argument 'cmake_args' from command line to 'None'
[1.639s] Level 5:colcon.colcon_core.verb:set package 'roswifibot' build argument 'cmake_target' from command line to 'None'
[1.639s] Level 5:colcon.colcon_core.verb:set package 'roswifibot' build argument 'cmake_target_skip_unavailable' from command line to 'False'
[1.639s] Level 5:colcon.colcon_core.verb:set package 'roswifibot' build argument 'cmake_clean_cache' from command line to 'False'
[1.639s] Level 5:colcon.colcon_core.verb:set package 'roswifibot' build argument 'cmake_clean_first' from command line to 'False'
[1.639s] Level 5:colcon.colcon_core.verb:set package 'roswifibot' build argument 'cmake_force_configure' from command line to 'False'
[1.639s] Level 5:colcon.colcon_core.verb:set package 'roswifibot' build argument 'ament_cmake_args' from command line to 'None'
[1.639s] Level 5:colcon.colcon_core.verb:set package 'roswifibot' build argument 'catkin_cmake_args' from command line to 'None'
[1.639s] Level 5:colcon.colcon_core.verb:set package 'roswifibot' build argument 'catkin_skip_building_tests' from command line to 'False'
[1.639s] DEBUG:colcon.colcon_core.verb:Building package 'roswifibot' with the following arguments: {'ament_cmake_args': None, 'build_base': '/home/greg/ros2_ws/src/build/roswifibot', 'catkin_cmake_args': None, 'catkin_skip_building_tests': False, 'cmake_args': None, 'cmake_clean_cache': False, 'cmake_clean_first': False, 'cmake_force_configure': False, 'cmake_target': None, 'cmake_target_skip_unavailable': False, 'install_base': '/home/greg/ros2_ws/src/install/roswifibot', 'merge_install': False, 'path': '/home/greg/ros2_ws/src/roswifibot', 'symlink_install': False, 'test_result_base': None}
[1.657s] INFO:colcon.colcon_core.executor:Executing jobs using 'parallel' executor
[1.676s] DEBUG:colcon.colcon_parallel_executor.executor.parallel:run_until_complete
[1.677s] INFO:colcon.colcon_ros.task.ament_cmake.build:Building ROS package in '/home/greg/ros2_ws/src/wifibot_msgs' with build type 'ament_cmake'
[1.677s] INFO:colcon.colcon_cmake.task.cmake.build:Building CMake package in '/home/greg/ros2_ws/src/wifibot_msgs'
[1.699s] INFO:colcon.colcon_core.plugin_system:Skipping extension 'colcon_core.shell.bat': Not used on non-Windows systems
[1.699s] INFO:colcon.colcon_core.shell:Skip shell extension 'powershell' for command environment: Not usable outside of PowerShell
[1.699s] DEBUG:colcon.colcon_core.shell:Skip shell extension 'dsv' for command environment
[1.761s] INFO:colcon.colcon_ros.task.ament_cmake.build:Building ROS package in '/home/greg/ros2_ws/src/joy2twist/joy2twist' with build type 'ament_cmake'
[1.762s] INFO:colcon.colcon_cmake.task.cmake.build:Building CMake package in '/home/greg/ros2_ws/src/joy2twist/joy2twist'
[1.780s] INFO:colcon.colcon_core.shell:Skip shell extension 'powershell' for command environment: Not usable outside of PowerShell
[1.780s] DEBUG:colcon.colcon_core.shell:Skip shell extension 'dsv' for command environment
[1.836s] INFO:colcon.colcon_ros.task.ament_cmake.build:Building ROS package in '/home/greg/ros2_ws/src/lib_wifibot' with build type 'ament_cmake'
[1.836s] INFO:colcon.colcon_cmake.task.cmake.build:Building CMake package in '/home/greg/ros2_ws/src/lib_wifibot'
[1.854s] INFO:colcon.colcon_core.shell:Skip shell extension 'powershell' for command environment: Not usable outside of PowerShell
[1.854s] DEBUG:colcon.colcon_core.shell:Skip shell extension 'dsv' for command environment
[1.922s] DEBUG:colcon.colcon_core.event_handler.log_command:Invoking command in '/home/greg/ros2_ws/src/build/wifibot_msgs': CMAKE_PREFIX_PATH=${CMAKE_PREFIX_PATH}:/opt/ros/humble /usr/bin/cmake /home/greg/ros2_ws/src/wifibot_msgs -DCMAKE_INSTALL_PREFIX=/home/greg/ros2_ws/src/install/wifibot_msgs
[1.931s] DEBUG:colcon.colcon_core.event_handler.log_command:Invoking command in '/home/greg/ros2_ws/src/build/joy2twist': CMAKE_PREFIX_PATH=${CMAKE_PREFIX_PATH}:/opt/ros/humble /usr/bin/cmake /home/greg/ros2_ws/src/joy2twist/joy2twist -DCMAKE_INSTALL_PREFIX=/home/greg/ros2_ws/src/install/joy2twist
[1.935s] DEBUG:colcon.colcon_core.event_handler.log_command:Invoking command in '/home/greg/ros2_ws/src/build/lib_wifibot': CMAKE_PREFIX_PATH=${CMAKE_PREFIX_PATH}:/opt/ros/humble /usr/bin/cmake /home/greg/ros2_ws/src/lib_wifibot -DCMAKE_INSTALL_PREFIX=/home/greg/ros2_ws/src/install/lib_wifibot
[3.326s] DEBUG:colcon.colcon_core.event_handler.log_command:Invoked command in '/home/greg/ros2_ws/src/build/lib_wifibot' returned '0': CMAKE_PREFIX_PATH=${CMAKE_PREFIX_PATH}:/opt/ros/humble /usr/bin/cmake /home/greg/ros2_ws/src/lib_wifibot -DCMAKE_INSTALL_PREFIX=/home/greg/ros2_ws/src/install/lib_wifibot
[3.331s] DEBUG:colcon.colcon_core.event_handler.log_command:Invoking command in '/home/greg/ros2_ws/src/build/lib_wifibot': CMAKE_PREFIX_PATH=${CMAKE_PREFIX_PATH}:/opt/ros/humble /usr/bin/cmake --build /home/greg/ros2_ws/src/build/lib_wifibot -- -j16 -l16
[3.955s] DEBUG:colcon.colcon_core.event_handler.log_command:Invoked command in '/home/greg/ros2_ws/src/build/lib_wifibot' returned '0': CMAKE_PREFIX_PATH=${CMAKE_PREFIX_PATH}:/opt/ros/humble /usr/bin/cmake --build /home/greg/ros2_ws/src/build/lib_wifibot -- -j16 -l16
[4.066s] DEBUG:colcon.colcon_core.event_handler.log_command:Invoking command in '/home/greg/ros2_ws/src/build/lib_wifibot': CMAKE_PREFIX_PATH=${CMAKE_PREFIX_PATH}:/opt/ros/humble /usr/bin/cmake --install /home/greg/ros2_ws/src/build/lib_wifibot
[4.093s] Level 1:colcon.colcon_core.environment:create_environment_scripts_only(lib_wifibot)
[4.096s] DEBUG:colcon.colcon_core.event_handler.log_command:Invoked command in '/home/greg/ros2_ws/src/build/lib_wifibot' returned '0': CMAKE_PREFIX_PATH=${CMAKE_PREFIX_PATH}:/opt/ros/humble /usr/bin/cmake --install /home/greg/ros2_ws/src/build/lib_wifibot
[4.115s] Level 1:colcon.colcon_core.environment:checking '/home/greg/ros2_ws/src/install/lib_wifibot' for CMake module files
[4.115s] Level 1:colcon.colcon_core.environment:checking '/home/greg/ros2_ws/src/install/lib_wifibot' for CMake config files
[4.116s] Level 1:colcon.colcon_core.shell:create_environment_hook('lib_wifibot', 'cmake_prefix_path')
[4.133s] INFO:colcon.colcon_core.shell:Creating environment hook '/home/greg/ros2_ws/src/install/lib_wifibot/share/lib_wifibot/hook/cmake_prefix_path.ps1'
[4.134s] INFO:colcon.colcon_core.shell:Creating environment descriptor '/home/greg/ros2_ws/src/install/lib_wifibot/share/lib_wifibot/hook/cmake_prefix_path.dsv'
[4.134s] INFO:colcon.colcon_core.shell:Creating environment hook '/home/greg/ros2_ws/src/install/lib_wifibot/share/lib_wifibot/hook/cmake_prefix_path.sh'
[4.135s] Level 1:colcon.colcon_core.environment:checking '/home/greg/ros2_ws/src/install/lib_wifibot/lib'
[4.135s] Level 1:colcon.colcon_core.environment:checking '/home/greg/ros2_ws/src/install/lib_wifibot/bin'
[4.136s] Level 1:colcon.colcon_core.environment:checking '/home/greg/ros2_ws/src/install/lib_wifibot/lib/pkgconfig/lib_wifibot.pc'
[4.136s] Level 1:colcon.colcon_core.environment:checking '/home/greg/ros2_ws/src/install/lib_wifibot/lib/python3.10/site-packages'
[4.136s] Level 1:colcon.colcon_core.environment:checking '/home/greg/ros2_ws/src/install/lib_wifibot/bin'
[4.152s] INFO:colcon.colcon_core.shell:Creating package script '/home/greg/ros2_ws/src/install/lib_wifibot/share/lib_wifibot/package.ps1'
[4.153s] INFO:colcon.colcon_core.shell:Creating package descriptor '/home/greg/ros2_ws/src/install/lib_wifibot/share/lib_wifibot/package.dsv'
[4.154s] INFO:colcon.colcon_core.shell:Creating package script '/home/greg/ros2_ws/src/install/lib_wifibot/share/lib_wifibot/package.sh'
[4.154s] INFO:colcon.colcon_core.shell:Creating package script '/home/greg/ros2_ws/src/install/lib_wifibot/share/lib_wifibot/package.bash'
[4.155s] INFO:colcon.colcon_core.shell:Creating package script '/home/greg/ros2_ws/src/install/lib_wifibot/share/lib_wifibot/package.zsh'
[4.156s] Level 1:colcon.colcon_core.environment:create_file_with_runtime_dependencies(/home/greg/ros2_ws/src/install/lib_wifibot/share/colcon-core/packages/lib_wifibot)
[4.262s] Level 1:colcon.colcon_core.environment:create_environment_scripts_only(lib_wifibot)
[4.278s] Level 1:colcon.colcon_core.environment:checking '/home/greg/ros2_ws/src/install/lib_wifibot' for CMake module files
[4.279s] Level 1:colcon.colcon_core.environment:checking '/home/greg/ros2_ws/src/install/lib_wifibot' for CMake config files
[4.279s] Level 1:colcon.colcon_core.shell:create_environment_hook('lib_wifibot', 'cmake_prefix_path')
[4.297s] INFO:colcon.colcon_core.shell:Creating environment hook '/home/greg/ros2_ws/src/install/lib_wifibot/share/lib_wifibot/hook/cmake_prefix_path.ps1'
[4.298s] INFO:colcon.colcon_core.shell:Creating environment descriptor '/home/greg/ros2_ws/src/install/lib_wifibot/share/lib_wifibot/hook/cmake_prefix_path.dsv'
[4.298s] INFO:colcon.colcon_core.shell:Creating environment hook '/home/greg/ros2_ws/src/install/lib_wifibot/share/lib_wifibot/hook/cmake_prefix_path.sh'
[4.299s] Level 1:colcon.colcon_core.environment:checking '/home/greg/ros2_ws/src/install/lib_wifibot/lib'
[4.299s] Level 1:colcon.colcon_core.environment:checking '/home/greg/ros2_ws/src/install/lib_wifibot/bin'
[4.299s] Level 1:colcon.colcon_core.environment:checking '/home/greg/ros2_ws/src/install/lib_wifibot/lib/pkgconfig/lib_wifibot.pc'
[4.299s] Level 1:colcon.colcon_core.environment:checking '/home/greg/ros2_ws/src/install/lib_wifibot/lib/python3.10/site-packages'
[4.299s] Level 1:colcon.colcon_core.environment:checking '/home/greg/ros2_ws/src/install/lib_wifibot/bin'
[4.316s] INFO:colcon.colcon_core.shell:Creating package script '/home/greg/ros2_ws/src/install/lib_wifibot/share/lib_wifibot/package.ps1'
[4.317s] INFO:colcon.colcon_core.shell:Creating package descriptor '/home/greg/ros2_ws/src/install/lib_wifibot/share/lib_wifibot/package.dsv'
[4.317s] INFO:colcon.colcon_core.shell:Creating package script '/home/greg/ros2_ws/src/install/lib_wifibot/share/lib_wifibot/package.sh'
[4.318s] INFO:colcon.colcon_core.shell:Creating package script '/home/greg/ros2_ws/src/install/lib_wifibot/share/lib_wifibot/package.bash'
[4.319s] INFO:colcon.colcon_core.shell:Creating package script '/home/greg/ros2_ws/src/install/lib_wifibot/share/lib_wifibot/package.zsh'
[4.319s] Level 1:colcon.colcon_core.environment:create_file_with_runtime_dependencies(/home/greg/ros2_ws/src/install/lib_wifibot/share/colcon-core/packages/lib_wifibot)
[4.431s] DEBUG:colcon.colcon_core.event_handler.log_command:Invoked command in '/home/greg/ros2_ws/src/build/wifibot_msgs' returned '0': CMAKE_PREFIX_PATH=${CMAKE_PREFIX_PATH}:/opt/ros/humble /usr/bin/cmake /home/greg/ros2_ws/src/wifibot_msgs -DCMAKE_INSTALL_PREFIX=/home/greg/ros2_ws/src/install/wifibot_msgs
[4.432s] DEBUG:colcon.colcon_core.event_handler.log_command:Invoking command in '/home/greg/ros2_ws/src/build/wifibot_msgs': CMAKE_PREFIX_PATH=${CMAKE_PREFIX_PATH}:/opt/ros/humble /usr/bin/cmake --build /home/greg/ros2_ws/src/build/wifibot_msgs -- -j16 -l16
[4.591s] DEBUG:colcon.colcon_core.event_handler.log_command:Invoked command in '/home/greg/ros2_ws/src/build/joy2twist' returned '0': CMAKE_PREFIX_PATH=${CMAKE_PREFIX_PATH}:/opt/ros/humble /usr/bin/cmake /home/greg/ros2_ws/src/joy2twist/joy2twist -DCMAKE_INSTALL_PREFIX=/home/greg/ros2_ws/src/install/joy2twist
[4.592s] DEBUG:colcon.colcon_core.event_handler.log_command:Invoking command in '/home/greg/ros2_ws/src/build/joy2twist': CMAKE_PREFIX_PATH=${CMAKE_PREFIX_PATH}:/opt/ros/humble /usr/bin/cmake --build /home/greg/ros2_ws/src/build/joy2twist -- -j16 -l16
[7.575s] DEBUG:colcon.colcon_core.event_handler.log_command:Invoked command in '/home/greg/ros2_ws/src/build/wifibot_msgs' returned '0': CMAKE_PREFIX_PATH=${CMAKE_PREFIX_PATH}:/opt/ros/humble /usr/bin/cmake --build /home/greg/ros2_ws/src/build/wifibot_msgs -- -j16 -l16
[7.839s] DEBUG:colcon.colcon_core.event_handler.log_command:Invoking command in '/home/greg/ros2_ws/src/build/wifibot_msgs': CMAKE_PREFIX_PATH=${CMAKE_PREFIX_PATH}:/opt/ros/humble /usr/bin/cmake --install /home/greg/ros2_ws/src/build/wifibot_msgs
[7.988s] Level 1:colcon.colcon_core.environment:create_environment_scripts_only(wifibot_msgs)
[7.988s] DEBUG:colcon.colcon_core.event_handler.log_command:Invoked command in '/home/greg/ros2_ws/src/build/wifibot_msgs' returned '0': CMAKE_PREFIX_PATH=${CMAKE_PREFIX_PATH}:/opt/ros/humble /usr/bin/cmake --install /home/greg/ros2_ws/src/build/wifibot_msgs
[8.005s] Level 1:colcon.colcon_core.environment:checking '/home/greg/ros2_ws/src/install/wifibot_msgs' for CMake module files
[8.007s] Level 1:colcon.colcon_core.environment:checking '/home/greg/ros2_ws/src/install/wifibot_msgs' for CMake config files
[8.007s] Level 1:colcon.colcon_core.shell:create_environment_hook('wifibot_msgs', 'cmake_prefix_path')
[8.025s] INFO:colcon.colcon_core.shell:Creating environment hook '/home/greg/ros2_ws/src/install/wifibot_msgs/share/wifibot_msgs/hook/cmake_prefix_path.ps1'
[8.026s] INFO:colcon.colcon_core.shell:Creating environment descriptor '/home/greg/ros2_ws/src/install/wifibot_msgs/share/wifibot_msgs/hook/cmake_prefix_path.dsv'
[8.026s] INFO:colcon.colcon_core.shell:Creating environment hook '/home/greg/ros2_ws/src/install/wifibot_msgs/share/wifibot_msgs/hook/cmake_prefix_path.sh'
[8.027s] Level 1:colcon.colcon_core.environment:checking '/home/greg/ros2_ws/src/install/wifibot_msgs/lib'
[8.027s] Level 1:colcon.colcon_core.shell:create_environment_hook('wifibot_msgs', 'ld_library_path_lib')
[8.044s] INFO:colcon.colcon_core.shell:Creating environment hook '/home/greg/ros2_ws/src/install/wifibot_msgs/share/wifibot_msgs/hook/ld_library_path_lib.ps1'
[8.045s] INFO:colcon.colcon_core.shell:Creating environment descriptor '/home/greg/ros2_ws/src/install/wifibot_msgs/share/wifibot_msgs/hook/ld_library_path_lib.dsv'
[8.045s] INFO:colcon.colcon_core.shell:Creating environment hook '/home/greg/ros2_ws/src/install/wifibot_msgs/share/wifibot_msgs/hook/ld_library_path_lib.sh'
[8.046s] Level 1:colcon.colcon_core.environment:checking '/home/greg/ros2_ws/src/install/wifibot_msgs/bin'
[8.046s] Level 1:colcon.colcon_core.environment:checking '/home/greg/ros2_ws/src/install/wifibot_msgs/lib/pkgconfig/wifibot_msgs.pc'
[8.047s] Level 1:colcon.colcon_core.environment:checking '/home/greg/ros2_ws/src/install/wifibot_msgs/lib/python3.10/site-packages'
[8.047s] Level 1:colcon.colcon_core.environment:checking '/home/greg/ros2_ws/src/install/wifibot_msgs/bin'
[8.068s] INFO:colcon.colcon_core.shell:Creating package script '/home/greg/ros2_ws/src/install/wifibot_msgs/share/wifibot_msgs/package.ps1'
[8.069s] INFO:colcon.colcon_core.shell:Creating package descriptor '/home/greg/ros2_ws/src/install/wifibot_msgs/share/wifibot_msgs/package.dsv'
[8.069s] INFO:colcon.colcon_core.shell:Creating package script '/home/greg/ros2_ws/src/install/wifibot_msgs/share/wifibot_msgs/package.sh'
[8.070s] INFO:colcon.colcon_core.shell:Creating package script '/home/greg/ros2_ws/src/install/wifibot_msgs/share/wifibot_msgs/package.bash'
[8.071s] INFO:colcon.colcon_core.shell:Creating package script '/home/greg/ros2_ws/src/install/wifibot_msgs/share/wifibot_msgs/package.zsh'
[8.071s] Level 1:colcon.colcon_core.environment:create_file_with_runtime_dependencies(/home/greg/ros2_ws/src/install/wifibot_msgs/share/colcon-core/packages/wifibot_msgs)
[8.383s] Level 1:colcon.colcon_core.environment:create_environment_scripts_only(wifibot_msgs)
[8.400s] Level 1:colcon.colcon_core.environment:checking '/home/greg/ros2_ws/src/install/wifibot_msgs' for CMake module files
[8.401s] Level 1:colcon.colcon_core.environment:checking '/home/greg/ros2_ws/src/install/wifibot_msgs' for CMake config files
[8.401s] Level 1:colcon.colcon_core.shell:create_environment_hook('wifibot_msgs', 'cmake_prefix_path')
[8.419s] INFO:colcon.colcon_core.shell:Creating environment hook '/home/greg/ros2_ws/src/install/wifibot_msgs/share/wifibot_msgs/hook/cmake_prefix_path.ps1'
[8.419s] INFO:colcon.colcon_core.shell:Creating environment descriptor '/home/greg/ros2_ws/src/install/wifibot_msgs/share/wifibot_msgs/hook/cmake_prefix_path.dsv'
[8.420s] INFO:colcon.colcon_core.shell:Creating environment hook '/home/greg/ros2_ws/src/install/wifibot_msgs/share/wifibot_msgs/hook/cmake_prefix_path.sh'
[8.421s] Level 1:colcon.colcon_core.environment:checking '/home/greg/ros2_ws/src/install/wifibot_msgs/lib'
[8.421s] Level 1:colcon.colcon_core.shell:create_environment_hook('wifibot_msgs', 'ld_library_path_lib')
[8.437s] INFO:colcon.colcon_core.shell:Creating environment hook '/home/greg/ros2_ws/src/install/wifibot_msgs/share/wifibot_msgs/hook/ld_library_path_lib.ps1'
[8.438s] INFO:colcon.colcon_core.shell:Creating environment descriptor '/home/greg/ros2_ws/src/install/wifibot_msgs/share/wifibot_msgs/hook/ld_library_path_lib.dsv'
[8.439s] INFO:colcon.colcon_core.shell:Creating environment hook '/home/greg/ros2_ws/src/install/wifibot_msgs/share/wifibot_msgs/hook/ld_library_path_lib.sh'
[8.439s] Level 1:colcon.colcon_core.environment:checking '/home/greg/ros2_ws/src/install/wifibot_msgs/bin'
[8.439s] Level 1:colcon.colcon_core.environment:checking '/home/greg/ros2_ws/src/install/wifibot_msgs/lib/pkgconfig/wifibot_msgs.pc'
[8.440s] Level 1:colcon.colcon_core.environment:checking '/home/greg/ros2_ws/src/install/wifibot_msgs/lib/python3.10/site-packages'
[8.440s] Level 1:colcon.colcon_core.environment:checking '/home/greg/ros2_ws/src/install/wifibot_msgs/bin'
[8.458s] INFO:colcon.colcon_core.shell:Creating package script '/home/greg/ros2_ws/src/install/wifibot_msgs/share/wifibot_msgs/package.ps1'
[8.459s] INFO:colcon.colcon_core.shell:Creating package descriptor '/home/greg/ros2_ws/src/install/wifibot_msgs/share/wifibot_msgs/package.dsv'
[8.459s] INFO:colcon.colcon_core.shell:Creating package script '/home/greg/ros2_ws/src/install/wifibot_msgs/share/wifibot_msgs/package.sh'
[8.460s] INFO:colcon.colcon_core.shell:Creating package script '/home/greg/ros2_ws/src/install/wifibot_msgs/share/wifibot_msgs/package.bash'
[8.461s] INFO:colcon.colcon_core.shell:Creating package script '/home/greg/ros2_ws/src/install/wifibot_msgs/share/wifibot_msgs/package.zsh'
[8.462s] Level 1:colcon.colcon_core.environment:create_file_with_runtime_dependencies(/home/greg/ros2_ws/src/install/wifibot_msgs/share/colcon-core/packages/wifibot_msgs)
[8.462s] INFO:colcon.colcon_ros.task.ament_cmake.build:Building ROS package in '/home/greg/ros2_ws/src/roswifibot' with build type 'ament_cmake'
[8.463s] INFO:colcon.colcon_cmake.task.cmake.build:Building CMake package in '/home/greg/ros2_ws/src/roswifibot'
[8.481s] INFO:colcon.colcon_core.shell:Skip shell extension 'powershell' for command environment: Not usable outside of PowerShell
[8.482s] DEBUG:colcon.colcon_core.shell:Skip shell extension 'dsv' for command environment
[8.559s] DEBUG:colcon.colcon_core.event_handler.log_command:Invoking command in '/home/greg/ros2_ws/src/build/roswifibot': AMENT_PREFIX_PATH=/home/greg/ros2_ws/src/install/wifibot_msgs:${AMENT_PREFIX_PATH} CMAKE_PREFIX_PATH=/home/greg/ros2_ws/src/install/wifibot_msgs:/home/greg/ros2_ws/install/roswifibot:/home/greg/ros2_ws/install/joy2twist:/home/greg/ros2_ws/install/wifibot_msgs:/home/greg/ros2_ws/install/lib_wifibot:/opt/ros/humble LD_LIBRARY_PATH=/home/greg/ros2_ws/src/install/wifibot_msgs/lib:${LD_LIBRARY_PATH} PYTHONPATH=/home/greg/ros2_ws/src/install/wifibot_msgs/local/lib/python3.10/dist-packages:${PYTHONPATH} /usr/bin/cmake /home/greg/ros2_ws/src/roswifibot -DCMAKE_INSTALL_PREFIX=/home/greg/ros2_ws/src/install/roswifibot
[12.097s] DEBUG:colcon.colcon_core.event_handler.log_command:Invoked command in '/home/greg/ros2_ws/src/build/roswifibot' returned '0': AMENT_PREFIX_PATH=/home/greg/ros2_ws/src/install/wifibot_msgs:${AMENT_PREFIX_PATH} CMAKE_PREFIX_PATH=/home/greg/ros2_ws/src/install/wifibot_msgs:/home/greg/ros2_ws/install/roswifibot:/home/greg/ros2_ws/install/joy2twist:/home/greg/ros2_ws/install/wifibot_msgs:/home/greg/ros2_ws/install/lib_wifibot:/opt/ros/humble LD_LIBRARY_PATH=/home/greg/ros2_ws/src/install/wifibot_msgs/lib:${LD_LIBRARY_PATH} PYTHONPATH=/home/greg/ros2_ws/src/install/wifibot_msgs/local/lib/python3.10/dist-packages:${PYTHONPATH} /usr/bin/cmake /home/greg/ros2_ws/src/roswifibot -DCMAKE_INSTALL_PREFIX=/home/greg/ros2_ws/src/install/roswifibot
[12.100s] DEBUG:colcon.colcon_core.event_handler.log_command:Invoking command in '/home/greg/ros2_ws/src/build/roswifibot': AMENT_PREFIX_PATH=/home/greg/ros2_ws/src/install/wifibot_msgs:${AMENT_PREFIX_PATH} CMAKE_PREFIX_PATH=/home/greg/ros2_ws/src/install/wifibot_msgs:/home/greg/ros2_ws/install/roswifibot:/home/greg/ros2_ws/install/joy2twist:/home/greg/ros2_ws/install/wifibot_msgs:/home/greg/ros2_ws/install/lib_wifibot:/opt/ros/humble LD_LIBRARY_PATH=/home/greg/ros2_ws/src/install/wifibot_msgs/lib:${LD_LIBRARY_PATH} PYTHONPATH=/home/greg/ros2_ws/src/install/wifibot_msgs/local/lib/python3.10/dist-packages:${PYTHONPATH} /usr/bin/cmake --build /home/greg/ros2_ws/src/build/roswifibot -- -j16 -l16
[16.367s] DEBUG:colcon.colcon_core.event_handler.log_command:Invoked command in '/home/greg/ros2_ws/src/build/joy2twist' returned '0': CMAKE_PREFIX_PATH=${CMAKE_PREFIX_PATH}:/opt/ros/humble /usr/bin/cmake --build /home/greg/ros2_ws/src/build/joy2twist -- -j16 -l16
[16.469s] DEBUG:colcon.colcon_core.event_handler.log_command:Invoking command in '/home/greg/ros2_ws/src/build/joy2twist': CMAKE_PREFIX_PATH=${CMAKE_PREFIX_PATH}:/opt/ros/humble /usr/bin/cmake --install /home/greg/ros2_ws/src/build/joy2twist
[16.510s] Level 1:colcon.colcon_core.environment:create_environment_scripts_only(joy2twist)
[16.511s] DEBUG:colcon.colcon_core.event_handler.log_command:Invoked command in '/home/greg/ros2_ws/src/build/joy2twist' returned '0': CMAKE_PREFIX_PATH=${CMAKE_PREFIX_PATH}:/opt/ros/humble /usr/bin/cmake --install /home/greg/ros2_ws/src/build/joy2twist
[16.528s] Level 1:colcon.colcon_core.environment:checking '/home/greg/ros2_ws/src/install/joy2twist' for CMake module files
[16.528s] Level 1:colcon.colcon_core.environment:checking '/home/greg/ros2_ws/src/install/joy2twist' for CMake config files
[16.529s] Level 1:colcon.colcon_core.shell:create_environment_hook('joy2twist', 'cmake_prefix_path')
[16.545s] INFO:colcon.colcon_core.shell:Creating environment hook '/home/greg/ros2_ws/src/install/joy2twist/share/joy2twist/hook/cmake_prefix_path.ps1'
[16.546s] INFO:colcon.colcon_core.shell:Creating environment descriptor '/home/greg/ros2_ws/src/install/joy2twist/share/joy2twist/hook/cmake_prefix_path.dsv'
[16.546s] INFO:colcon.colcon_core.shell:Creating environment hook '/home/greg/ros2_ws/src/install/joy2twist/share/joy2twist/hook/cmake_prefix_path.sh'
[16.547s] Level 1:colcon.colcon_core.environment:checking '/home/greg/ros2_ws/src/install/joy2twist/lib'
[16.547s] Level 1:colcon.colcon_core.environment:checking '/home/greg/ros2_ws/src/install/joy2twist/bin'
[16.547s] Level 1:colcon.colcon_core.environment:checking '/home/greg/ros2_ws/src/install/joy2twist/lib/pkgconfig/joy2twist.pc'
[16.547s] Level 1:colcon.colcon_core.environment:checking '/home/greg/ros2_ws/src/install/joy2twist/lib/python3.10/site-packages'
[16.547s] Level 1:colcon.colcon_core.environment:checking '/home/greg/ros2_ws/src/install/joy2twist/bin'
[16.564s] INFO:colcon.colcon_core.shell:Creating package script '/home/greg/ros2_ws/src/install/joy2twist/share/joy2twist/package.ps1'
[16.564s] INFO:colcon.colcon_core.shell:Creating package descriptor '/home/greg/ros2_ws/src/install/joy2twist/share/joy2twist/package.dsv'
[16.565s] INFO:colcon.colcon_core.shell:Creating package script '/home/greg/ros2_ws/src/install/joy2twist/share/joy2twist/package.sh'
[16.566s] INFO:colcon.colcon_core.shell:Creating package script '/home/greg/ros2_ws/src/install/joy2twist/share/joy2twist/package.bash'
[16.566s] INFO:colcon.colcon_core.shell:Creating package script '/home/greg/ros2_ws/src/install/joy2twist/share/joy2twist/package.zsh'
[16.566s] Level 1:colcon.colcon_core.environment:create_file_with_runtime_dependencies(/home/greg/ros2_ws/src/install/joy2twist/share/colcon-core/packages/joy2twist)
[16.686s] Level 1:colcon.colcon_core.environment:create_environment_scripts_only(joy2twist)
[16.703s] Level 1:colcon.colcon_core.environment:checking '/home/greg/ros2_ws/src/install/joy2twist' for CMake module files
[16.704s] Level 1:colcon.colcon_core.environment:checking '/home/greg/ros2_ws/src/install/joy2twist' for CMake config files
[16.705s] Level 1:colcon.colcon_core.shell:create_environment_hook('joy2twist', 'cmake_prefix_path')
[16.721s] INFO:colcon.colcon_core.shell:Creating environment hook '/home/greg/ros2_ws/src/install/joy2twist/share/joy2twist/hook/cmake_prefix_path.ps1'
[16.721s] INFO:colcon.colcon_core.shell:Creating environment descriptor '/home/greg/ros2_ws/src/install/joy2twist/share/joy2twist/hook/cmake_prefix_path.dsv'
[16.722s] INFO:colcon.colcon_core.shell:Creating environment hook '/home/greg/ros2_ws/src/install/joy2twist/share/joy2twist/hook/cmake_prefix_path.sh'
[16.723s] Level 1:colcon.colcon_core.environment:checking '/home/greg/ros2_ws/src/install/joy2twist/lib'
[16.723s] Level 1:colcon.colcon_core.environment:checking '/home/greg/ros2_ws/src/install/joy2twist/bin'
[16.723s] Level 1:colcon.colcon_core.environment:checking '/home/greg/ros2_ws/src/install/joy2twist/lib/pkgconfig/joy2twist.pc'
[16.723s] Level 1:colcon.colcon_core.environment:checking '/home/greg/ros2_ws/src/install/joy2twist/lib/python3.10/site-packages'
[16.723s] Level 1:colcon.colcon_core.environment:checking '/home/greg/ros2_ws/src/install/joy2twist/bin'
[16.740s] INFO:colcon.colcon_core.shell:Creating package script '/home/greg/ros2_ws/src/install/joy2twist/share/joy2twist/package.ps1'
[16.741s] INFO:colcon.colcon_core.shell:Creating package descriptor '/home/greg/ros2_ws/src/install/joy2twist/share/joy2twist/package.dsv'
[16.741s] INFO:colcon.colcon_core.shell:Creating package script '/home/greg/ros2_ws/src/install/joy2twist/share/joy2twist/package.sh'
[16.742s] INFO:colcon.colcon_core.shell:Creating package script '/home/greg/ros2_ws/src/install/joy2twist/share/joy2twist/package.bash'
[16.743s] INFO:colcon.colcon_core.shell:Creating package script '/home/greg/ros2_ws/src/install/joy2twist/share/joy2twist/package.zsh'
[16.744s] Level 1:colcon.colcon_core.environment:create_file_with_runtime_dependencies(/home/greg/ros2_ws/src/install/joy2twist/share/colcon-core/packages/joy2twist)
[20.334s] DEBUG:colcon.colcon_core.event_handler.log_command:Invoked command in '/home/greg/ros2_ws/src/build/roswifibot' returned '0': AMENT_PREFIX_PATH=/home/greg/ros2_ws/src/install/wifibot_msgs:${AMENT_PREFIX_PATH} CMAKE_PREFIX_PATH=/home/greg/ros2_ws/src/install/wifibot_msgs:/home/greg/ros2_ws/install/roswifibot:/home/greg/ros2_ws/install/joy2twist:/home/greg/ros2_ws/install/wifibot_msgs:/home/greg/ros2_ws/install/lib_wifibot:/opt/ros/humble LD_LIBRARY_PATH=/home/greg/ros2_ws/src/install/wifibot_msgs/lib:${LD_LIBRARY_PATH} PYTHONPATH=/home/greg/ros2_ws/src/install/wifibot_msgs/local/lib/python3.10/dist-packages:${PYTHONPATH} /usr/bin/cmake --build /home/greg/ros2_ws/src/build/roswifibot -- -j16 -l16
[20.427s] DEBUG:colcon.colcon_core.event_handler.log_command:Invoking command in '/home/greg/ros2_ws/src/build/roswifibot': AMENT_PREFIX_PATH=/home/greg/ros2_ws/src/install/wifibot_msgs:${AMENT_PREFIX_PATH} CMAKE_PREFIX_PATH=/home/greg/ros2_ws/src/install/wifibot_msgs:/home/greg/ros2_ws/install/roswifibot:/home/greg/ros2_ws/install/joy2twist:/home/greg/ros2_ws/install/wifibot_msgs:/home/greg/ros2_ws/install/lib_wifibot:/opt/ros/humble LD_LIBRARY_PATH=/home/greg/ros2_ws/src/install/wifibot_msgs/lib:${LD_LIBRARY_PATH} PYTHONPATH=/home/greg/ros2_ws/src/install/wifibot_msgs/local/lib/python3.10/dist-packages:${PYTHONPATH} /usr/bin/cmake --install /home/greg/ros2_ws/src/build/roswifibot
[20.454s] Level 1:colcon.colcon_core.environment:create_environment_scripts_only(roswifibot)
[20.455s] DEBUG:colcon.colcon_core.event_handler.log_command:Invoked command in '/home/greg/ros2_ws/src/build/roswifibot' returned '0': AMENT_PREFIX_PATH=/home/greg/ros2_ws/src/install/wifibot_msgs:${AMENT_PREFIX_PATH} CMAKE_PREFIX_PATH=/home/greg/ros2_ws/src/install/wifibot_msgs:/home/greg/ros2_ws/install/roswifibot:/home/greg/ros2_ws/install/joy2twist:/home/greg/ros2_ws/install/wifibot_msgs:/home/greg/ros2_ws/install/lib_wifibot:/opt/ros/humble LD_LIBRARY_PATH=/home/greg/ros2_ws/src/install/wifibot_msgs/lib:${LD_LIBRARY_PATH} PYTHONPATH=/home/greg/ros2_ws/src/install/wifibot_msgs/local/lib/python3.10/dist-packages:${PYTHONPATH} /usr/bin/cmake --install /home/greg/ros2_ws/src/build/roswifibot
[20.472s] Level 1:colcon.colcon_core.environment:checking '/home/greg/ros2_ws/src/install/roswifibot' for CMake module files
[20.473s] Level 1:colcon.colcon_core.environment:checking '/home/greg/ros2_ws/src/install/roswifibot' for CMake config files
[20.473s] Level 1:colcon.colcon_core.shell:create_environment_hook('roswifibot', 'cmake_prefix_path')
[20.490s] INFO:colcon.colcon_core.shell:Creating environment hook '/home/greg/ros2_ws/src/install/roswifibot/share/roswifibot/hook/cmake_prefix_path.ps1'
[20.490s] INFO:colcon.colcon_core.shell:Creating environment descriptor '/home/greg/ros2_ws/src/install/roswifibot/share/roswifibot/hook/cmake_prefix_path.dsv'
[20.491s] INFO:colcon.colcon_core.shell:Creating environment hook '/home/greg/ros2_ws/src/install/roswifibot/share/roswifibot/hook/cmake_prefix_path.sh'
[20.491s] Level 1:colcon.colcon_core.environment:checking '/home/greg/ros2_ws/src/install/roswifibot/bin'
[20.491s] Level 1:colcon.colcon_core.environment:checking '/home/greg/ros2_ws/src/install/roswifibot/lib/pkgconfig/roswifibot.pc'
[20.491s] Level 1:colcon.colcon_core.environment:checking '/home/greg/ros2_ws/src/install/roswifibot/lib/python3.10/site-packages'
[20.492s] Level 1:colcon.colcon_core.environment:checking '/home/greg/ros2_ws/src/install/roswifibot/bin'
[20.508s] INFO:colcon.colcon_core.shell:Creating package script '/home/greg/ros2_ws/src/install/roswifibot/share/roswifibot/package.ps1'
[20.509s] INFO:colcon.colcon_core.shell:Creating package descriptor '/home/greg/ros2_ws/src/install/roswifibot/share/roswifibot/package.dsv'
[20.510s] INFO:colcon.colcon_core.shell:Creating package script '/home/greg/ros2_ws/src/install/roswifibot/share/roswifibot/package.sh'
[20.510s] INFO:colcon.colcon_core.shell:Creating package script '/home/greg/ros2_ws/src/install/roswifibot/share/roswifibot/package.bash'
[20.511s] INFO:colcon.colcon_core.shell:Creating package script '/home/greg/ros2_ws/src/install/roswifibot/share/roswifibot/package.zsh'
[20.511s] Level 1:colcon.colcon_core.environment:create_file_with_runtime_dependencies(/home/greg/ros2_ws/src/install/roswifibot/share/colcon-core/packages/roswifibot)
[20.620s] Level 1:colcon.colcon_core.environment:create_environment_scripts_only(roswifibot)
[20.636s] Level 1:colcon.colcon_core.environment:checking '/home/greg/ros2_ws/src/install/roswifibot' for CMake module files
[20.637s] Level 1:colcon.colcon_core.environment:checking '/home/greg/ros2_ws/src/install/roswifibot' for CMake config files
[20.638s] Level 1:colcon.colcon_core.shell:create_environment_hook('roswifibot', 'cmake_prefix_path')
[20.654s] INFO:colcon.colcon_core.shell:Creating environment hook '/home/greg/ros2_ws/src/install/roswifibot/share/roswifibot/hook/cmake_prefix_path.ps1'
[20.655s] INFO:colcon.colcon_core.shell:Creating environment descriptor '/home/greg/ros2_ws/src/install/roswifibot/share/roswifibot/hook/cmake_prefix_path.dsv'
[20.655s] INFO:colcon.colcon_core.shell:Creating environment hook '/home/greg/ros2_ws/src/install/roswifibot/share/roswifibot/hook/cmake_prefix_path.sh'
[20.656s] Level 1:colcon.colcon_core.environment:checking '/home/greg/ros2_ws/src/install/roswifibot/bin'
[20.656s] Level 1:colcon.colcon_core.environment:checking '/home/greg/ros2_ws/src/install/roswifibot/lib/pkgconfig/roswifibot.pc'
[20.656s] Level 1:colcon.colcon_core.environment:checking '/home/greg/ros2_ws/src/install/roswifibot/lib/python3.10/site-packages'
[20.657s] Level 1:colcon.colcon_core.environment:checking '/home/greg/ros2_ws/src/install/roswifibot/bin'
[20.682s] INFO:colcon.colcon_core.shell:Creating package script '/home/greg/ros2_ws/src/install/roswifibot/share/roswifibot/package.ps1'
[20.683s] INFO:colcon.colcon_core.shell:Creating package descriptor '/home/greg/ros2_ws/src/install/roswifibot/share/roswifibot/package.dsv'
[20.684s] INFO:colcon.colcon_core.shell:Creating package script '/home/greg/ros2_ws/src/install/roswifibot/share/roswifibot/package.sh'
[20.685s] INFO:colcon.colcon_core.shell:Creating package script '/home/greg/ros2_ws/src/install/roswifibot/share/roswifibot/package.bash'
[20.685s] INFO:colcon.colcon_core.shell:Creating package script '/home/greg/ros2_ws/src/install/roswifibot/share/roswifibot/package.zsh'
[20.686s] Level 1:colcon.colcon_core.environment:create_file_with_runtime_dependencies(/home/greg/ros2_ws/src/install/roswifibot/share/colcon-core/packages/roswifibot)
[20.686s] DEBUG:colcon.colcon_parallel_executor.executor.parallel:closing loop
[20.687s] DEBUG:colcon.colcon_parallel_executor.executor.parallel:loop closed
[20.687s] DEBUG:colcon.colcon_parallel_executor.executor.parallel:run_until_complete finished with '0'
[20.687s] DEBUG:colcon.colcon_core.event_reactor:joining thread
[20.713s] INFO:colcon.colcon_core.plugin_system:Skipping extension 'colcon_notification.desktop_notification.terminal_notifier': Not used on non-Darwin systems
[20.714s] INFO:colcon.colcon_core.plugin_system:Skipping extension 'colcon_notification.desktop_notification.win32': Not used on non-Windows systems
[20.714s] INFO:colcon.colcon_notification.desktop_notification:Sending desktop notification using 'notify2'
[20.736s] DEBUG:colcon.colcon_core.event_reactor:joined thread
[20.755s] INFO:colcon.colcon_core.shell:Creating prefix script '/home/greg/ros2_ws/src/install/local_setup.ps1'
[20.756s] INFO:colcon.colcon_core.shell:Creating prefix util module '/home/greg/ros2_ws/src/install/_local_setup_util_ps1.py'
[20.757s] INFO:colcon.colcon_core.shell:Creating prefix chain script '/home/greg/ros2_ws/src/install/setup.ps1'
[20.776s] INFO:colcon.colcon_core.shell:Creating prefix script '/home/greg/ros2_ws/src/install/local_setup.sh'
[20.776s] INFO:colcon.colcon_core.shell:Creating prefix util module '/home/greg/ros2_ws/src/install/_local_setup_util_sh.py'
[20.777s] INFO:colcon.colcon_core.shell:Creating prefix chain script '/home/greg/ros2_ws/src/install/setup.sh'
[20.797s] INFO:colcon.colcon_core.shell:Creating prefix script '/home/greg/ros2_ws/src/install/local_setup.bash'
[20.797s] INFO:colcon.colcon_core.shell:Creating prefix chain script '/home/greg/ros2_ws/src/install/setup.bash'
[20.816s] INFO:colcon.colcon_core.shell:Creating prefix script '/home/greg/ros2_ws/src/install/local_setup.zsh'
[20.816s] INFO:colcon.colcon_core.shell:Creating prefix chain script '/home/greg/ros2_ws/src/install/setup.zsh'
