[0.034s] Invoking command in '/home/greg/ros2_ws/build/joy2twist': CMAKE_PREFIX_PATH=${CMAKE_PREFIX_PATH}:/opt/ros/humble /usr/bin/cmake /home/greg/ros2_ws/src/joy2twist/joy2twist -DCMAKE_INSTALL_PREFIX=/home/greg/ros2_ws/install/joy2twist
[0.079s] -- The C compiler identification is GNU 11.4.0
[0.118s] -- The CXX compiler identification is GNU 11.4.0
[0.124s] -- Detecting C compiler ABI info
[0.178s] -- Detecting C compiler ABI info - done
[0.181s] -- Check for working C compiler: /usr/bin/cc - skipped
[0.181s] -- Detecting C compile features
[0.182s] -- Detecting C compile features - done
[0.183s] -- Detecting CXX compiler ABI info
[0.242s] -- Detecting CXX compiler ABI info - done
[0.246s] -- Check for working CXX compiler: /usr/bin/c++ - skipped
[0.246s] -- Detecting CXX compile features
[0.246s] -- Detecting CXX compile features - done
[0.248s] -- Found ament_cmake: 1.3.5 (/opt/ros/humble/share/ament_cmake/cmake)
[0.357s] -- Found Python3: /usr/bin/python3.10 (found version "3.10.12") found components: Interpreter 
[0.406s] -- Found ament_index_cpp: 1.4.0 (/opt/ros/humble/share/ament_index_cpp/cmake)
[0.406s] -- Found rclcpp: 16.0.6 (/opt/ros/humble/share/rclcpp/cmake)
[0.427s] -- Found rosidl_generator_c: 3.1.5 (/opt/ros/humble/share/rosidl_generator_c/cmake)
[0.430s] -- Found rosidl_adapter: 3.1.5 (/opt/ros/humble/share/rosidl_adapter/cmake)
[0.434s] -- Found rosidl_generator_cpp: 3.1.5 (/opt/ros/humble/share/rosidl_generator_cpp/cmake)
[0.442s] -- Using all available rosidl_typesupport_c: rosidl_typesupport_fastrtps_c;rosidl_typesupport_introspection_c
[0.453s] -- Using all available rosidl_typesupport_cpp: rosidl_typesupport_fastrtps_cpp;rosidl_typesupport_introspection_cpp
[0.492s] -- Found rmw_implementation_cmake: 6.1.1 (/opt/ros/humble/share/rmw_implementation_cmake/cmake)
[0.493s] -- Found rmw_fastrtps_cpp: 6.2.4 (/opt/ros/humble/share/rmw_fastrtps_cpp/cmake)
[0.568s] -- Found OpenSSL: /usr/lib/x86_64-linux-gnu/libcrypto.so (found version "3.0.2")  
[0.585s] -- Found FastRTPS: /opt/ros/humble/include  
[0.611s] -- Using RMW implementation 'rmw_fastrtps_cpp' as default
[0.616s] -- Looking for pthread.h
[0.675s] -- Looking for pthread.h - found
[0.675s] -- Performing Test CMAKE_HAVE_LIBC_PTHREAD
[0.730s] -- Performing Test CMAKE_HAVE_LIBC_PTHREAD - Success
[0.730s] -- Found Threads: TRUE  
[0.825s] -- Found geometry_msgs: 4.2.3 (/opt/ros/humble/share/geometry_msgs/cmake)
[0.851s] -- Found sensor_msgs: 4.2.3 (/opt/ros/humble/share/sensor_msgs/cmake)
[0.905s] -- Found joy_linux: 3.1.0 (/opt/ros/humble/share/joy_linux/cmake)
[0.906s] -- Found ament_lint_auto: 0.12.8 (/opt/ros/humble/share/ament_lint_auto/cmake)
[0.949s] -- Configuring done
[0.955s] -- Generating done
[0.956s] -- Build files have been written to: /home/greg/ros2_ws/build/joy2twist
[0.964s] Invoked command in '/home/greg/ros2_ws/build/joy2twist' returned '0': CMAKE_PREFIX_PATH=${CMAKE_PREFIX_PATH}:/opt/ros/humble /usr/bin/cmake /home/greg/ros2_ws/src/joy2twist/joy2twist -DCMAKE_INSTALL_PREFIX=/home/greg/ros2_ws/install/joy2twist
[0.964s] Invoking command in '/home/greg/ros2_ws/build/joy2twist': CMAKE_PREFIX_PATH=${CMAKE_PREFIX_PATH}:/opt/ros/humble /usr/bin/cmake --build /home/greg/ros2_ws/build/joy2twist -- -j16 -l16
[1.000s] [ 66%] [32mBuilding CXX object CMakeFiles/joy2twist.dir/src/joy2twist_node.cpp.o[0m
[1.001s] [ 66%] [32mBuilding CXX object CMakeFiles/joy2twist.dir/src/main.cpp.o[0m
[6.494s] [100%] [32m[1mLinking CXX executable joy2twist[0m
[6.758s] [100%] Built target joy2twist
[6.766s] Invoked command in '/home/greg/ros2_ws/build/joy2twist' returned '0': CMAKE_PREFIX_PATH=${CMAKE_PREFIX_PATH}:/opt/ros/humble /usr/bin/cmake --build /home/greg/ros2_ws/build/joy2twist -- -j16 -l16
[6.807s] Invoking command in '/home/greg/ros2_ws/build/joy2twist': CMAKE_PREFIX_PATH=${CMAKE_PREFIX_PATH}:/opt/ros/humble /usr/bin/cmake --install /home/greg/ros2_ws/build/joy2twist
[6.812s] -- Install configuration: ""
[6.812s] -- Installing: /home/greg/ros2_ws/install/joy2twist/lib/joy2twist/joy2twist
[6.815s] -- Set runtime path of "/home/greg/ros2_ws/install/joy2twist/lib/joy2twist/joy2twist" to ""
[6.815s] -- Installing: /home/greg/ros2_ws/install/joy2twist/share/joy2twist//launch
[6.815s] -- Installing: /home/greg/ros2_ws/install/joy2twist/share/joy2twist//launch/joy2twist.launch.py
[6.815s] -- Installing: /home/greg/ros2_ws/install/joy2twist/share/joy2twist//launch/gamepad_controller.launch.py
[6.815s] -- Installing: /home/greg/ros2_ws/install/joy2twist/share/joy2twist//config
[6.816s] -- Installing: /home/greg/ros2_ws/install/joy2twist/share/joy2twist//config/joy2twist.yaml
[6.816s] -- Installing: /home/greg/ros2_ws/install/joy2twist/share/joy2twist//config/joy2twist_panther.yaml
[6.816s] -- Installing: /home/greg/ros2_ws/install/joy2twist/share/ament_index/resource_index/package_run_dependencies/joy2twist
[6.816s] -- Installing: /home/greg/ros2_ws/install/joy2twist/share/ament_index/resource_index/parent_prefix_path/joy2twist
[6.816s] -- Installing: /home/greg/ros2_ws/install/joy2twist/share/joy2twist/environment/ament_prefix_path.sh
[6.816s] -- Installing: /home/greg/ros2_ws/install/joy2twist/share/joy2twist/environment/ament_prefix_path.dsv
[6.816s] -- Installing: /home/greg/ros2_ws/install/joy2twist/share/joy2twist/environment/path.sh
[6.816s] -- Installing: /home/greg/ros2_ws/install/joy2twist/share/joy2twist/environment/path.dsv
[6.816s] -- Installing: /home/greg/ros2_ws/install/joy2twist/share/joy2twist/local_setup.bash
[6.816s] -- Installing: /home/greg/ros2_ws/install/joy2twist/share/joy2twist/local_setup.sh
[6.816s] -- Installing: /home/greg/ros2_ws/install/joy2twist/share/joy2twist/local_setup.zsh
[6.816s] -- Installing: /home/greg/ros2_ws/install/joy2twist/share/joy2twist/local_setup.dsv
[6.816s] -- Installing: /home/greg/ros2_ws/install/joy2twist/share/joy2twist/package.dsv
[6.817s] -- Installing: /home/greg/ros2_ws/install/joy2twist/share/ament_index/resource_index/packages/joy2twist
[6.817s] -- Installing: /home/greg/ros2_ws/install/joy2twist/share/joy2twist/cmake/ament_cmake_export_include_directories-extras.cmake
[6.817s] -- Installing: /home/greg/ros2_ws/install/joy2twist/share/joy2twist/cmake/joy2twistConfig.cmake
[6.817s] -- Installing: /home/greg/ros2_ws/install/joy2twist/share/joy2twist/cmake/joy2twistConfig-version.cmake
[6.817s] -- Installing: /home/greg/ros2_ws/install/joy2twist/share/joy2twist/package.xml
[6.818s] Invoked command in '/home/greg/ros2_ws/build/joy2twist' returned '0': CMAKE_PREFIX_PATH=${CMAKE_PREFIX_PATH}:/opt/ros/humble /usr/bin/cmake --install /home/greg/ros2_ws/build/joy2twist
