[0.793s] DEBUG:colcon:Command line arguments: ['/usr/bin/colcon', 'build']
[0.793s] DEBUG:colcon:Parsed command line arguments: Namespace(log_base=None, log_level=None, verb_name='build', build_base='build', install_base='install', merge_install=False, symlink_install=False, test_result_base=None, continue_on_error=False, executor='parallel', parallel_workers=16, event_handlers=None, ignore_user_meta=False, metas=['./colcon.meta'], base_paths=['.'], packages_ignore=None, packages_ignore_regex=None, paths=None, packages_up_to=None, packages_up_to_regex=None, packages_above=None, packages_above_and_dependencies=None, packages_above_depth=None, packages_select_by_dep=None, packages_skip_by_dep=None, packages_skip_up_to=None, packages_select_build_failed=False, packages_skip_build_finished=False, packages_select_test_failures=False, packages_skip_test_passed=False, packages_select=None, packages_skip=None, packages_select_regex=None, packages_skip_regex=None, packages_start=None, packages_end=None, allow_overriding=[], cmake_args=None, cmake_target=None, cmake_target_skip_unavailable=False, cmake_clean_cache=False, cmake_clean_first=False, cmake_force_configure=False, ament_cmake_args=None, catkin_cmake_args=None, catkin_skip_building_tests=False, verb_parser=<colcon_defaults.argument_parser.defaults.DefaultArgumentsDecorator object at 0x7f4370635510>, verb_extension=<colcon_core.verb.build.BuildVerb object at 0x7f4370878e20>, main=<bound method BuildVerb.main of <colcon_core.verb.build.BuildVerb object at 0x7f4370878e20>>)
[0.833s] Level 1:colcon.colcon_core.package_discovery:discover_packages(colcon_meta) check parameters
[0.833s] Level 1:colcon.colcon_core.package_discovery:discover_packages(recursive) check parameters
[0.833s] Level 1:colcon.colcon_core.package_discovery:discover_packages(ignore) check parameters
[0.833s] Level 1:colcon.colcon_core.package_discovery:discover_packages(path) check parameters
[0.833s] Level 1:colcon.colcon_core.package_discovery:discover_packages(colcon_meta) discover
[0.834s] Level 1:colcon.colcon_core.package_discovery:discover_packages(recursive) discover
[0.834s] INFO:colcon.colcon_core.package_discovery:Crawling recursively for packages in '/home/greg/ros2_ws'
[0.834s] Level 1:colcon.colcon_core.package_identification:_identify(.) by extensions ['ignore', 'ignore_ament_install']
[0.834s] Level 1:colcon.colcon_core.package_identification:_identify(.) by extension 'ignore'
[0.834s] Level 1:colcon.colcon_core.package_identification:_identify(.) by extension 'ignore_ament_install'
[0.834s] Level 1:colcon.colcon_core.package_identification:_identify(.) by extensions ['colcon_pkg']
[0.834s] Level 1:colcon.colcon_core.package_identification:_identify(.) by extension 'colcon_pkg'
[0.834s] Level 1:colcon.colcon_core.package_identification:_identify(.) by extensions ['colcon_meta']
[0.834s] Level 1:colcon.colcon_core.package_identification:_identify(.) by extension 'colcon_meta'
[0.834s] Level 1:colcon.colcon_core.package_identification:_identify(.) by extensions ['ros']
[0.834s] Level 1:colcon.colcon_core.package_identification:_identify(.) by extension 'ros'
[0.846s] Level 1:colcon.colcon_core.package_identification:_identify(.) by extensions ['cmake', 'python']
[0.846s] Level 1:colcon.colcon_core.package_identification:_identify(.) by extension 'cmake'
[0.847s] Level 1:colcon.colcon_core.package_identification:_identify(.) by extension 'python'
[0.847s] Level 1:colcon.colcon_core.package_identification:_identify(.) by extensions ['python_setup_py']
[0.847s] Level 1:colcon.colcon_core.package_identification:_identify(.) by extension 'python_setup_py'
[0.847s] Level 1:colcon.colcon_core.package_identification:_identify(build) by extensions ['ignore', 'ignore_ament_install']
[0.847s] Level 1:colcon.colcon_core.package_identification:_identify(build) by extension 'ignore'
[0.847s] Level 1:colcon.colcon_core.package_identification:_identify(build) ignored
[0.847s] Level 1:colcon.colcon_core.package_identification:_identify(install) by extensions ['ignore', 'ignore_ament_install']
[0.847s] Level 1:colcon.colcon_core.package_identification:_identify(install) by extension 'ignore'
[0.847s] Level 1:colcon.colcon_core.package_identification:_identify(install) ignored
[0.847s] Level 1:colcon.colcon_core.package_identification:_identify(log) by extensions ['ignore', 'ignore_ament_install']
[0.847s] Level 1:colcon.colcon_core.package_identification:_identify(log) by extension 'ignore'
[0.847s] Level 1:colcon.colcon_core.package_identification:_identify(log) ignored
[0.847s] Level 1:colcon.colcon_core.package_identification:_identify(src) by extensions ['ignore', 'ignore_ament_install']
[0.847s] Level 1:colcon.colcon_core.package_identification:_identify(src) by extension 'ignore'
[0.847s] Level 1:colcon.colcon_core.package_identification:_identify(src) by extension 'ignore_ament_install'
[0.847s] Level 1:colcon.colcon_core.package_identification:_identify(src) by extensions ['colcon_pkg']
[0.848s] Level 1:colcon.colcon_core.package_identification:_identify(src) by extension 'colcon_pkg'
[0.848s] Level 1:colcon.colcon_core.package_identification:_identify(src) by extensions ['colcon_meta']
[0.848s] Level 1:colcon.colcon_core.package_identification:_identify(src) by extension 'colcon_meta'
[0.848s] Level 1:colcon.colcon_core.package_identification:_identify(src) by extensions ['ros']
[0.848s] Level 1:colcon.colcon_core.package_identification:_identify(src) by extension 'ros'
[0.848s] Level 1:colcon.colcon_core.package_identification:_identify(src) by extensions ['cmake', 'python']
[0.848s] Level 1:colcon.colcon_core.package_identification:_identify(src) by extension 'cmake'
[0.848s] Level 1:colcon.colcon_core.package_identification:_identify(src) by extension 'python'
[0.848s] Level 1:colcon.colcon_core.package_identification:_identify(src) by extensions ['python_setup_py']
[0.848s] Level 1:colcon.colcon_core.package_identification:_identify(src) by extension 'python_setup_py'
[0.848s] Level 1:colcon.colcon_core.package_identification:_identify(src/build) by extensions ['ignore', 'ignore_ament_install']
[0.848s] Level 1:colcon.colcon_core.package_identification:_identify(src/build) by extension 'ignore'
[0.848s] Level 1:colcon.colcon_core.package_identification:_identify(src/build) ignored
[0.848s] Level 1:colcon.colcon_core.package_identification:_identify(src/install) by extensions ['ignore', 'ignore_ament_install']
[0.848s] Level 1:colcon.colcon_core.package_identification:_identify(src/install) by extension 'ignore'
[0.848s] Level 1:colcon.colcon_core.package_identification:_identify(src/install) ignored
[0.848s] Level 1:colcon.colcon_core.package_identification:_identify(src/joy2twist) by extensions ['ignore', 'ignore_ament_install']
[0.848s] Level 1:colcon.colcon_core.package_identification:_identify(src/joy2twist) by extension 'ignore'
[0.848s] Level 1:colcon.colcon_core.package_identification:_identify(src/joy2twist) by extension 'ignore_ament_install'
[0.848s] Level 1:colcon.colcon_core.package_identification:_identify(src/joy2twist) by extensions ['colcon_pkg']
[0.848s] Level 1:colcon.colcon_core.package_identification:_identify(src/joy2twist) by extension 'colcon_pkg'
[0.848s] Level 1:colcon.colcon_core.package_identification:_identify(src/joy2twist) by extensions ['colcon_meta']
[0.848s] Level 1:colcon.colcon_core.package_identification:_identify(src/joy2twist) by extension 'colcon_meta'
[0.849s] Level 1:colcon.colcon_core.package_identification:_identify(src/joy2twist) by extensions ['ros']
[0.849s] Level 1:colcon.colcon_core.package_identification:_identify(src/joy2twist) by extension 'ros'
[0.849s] Level 1:colcon.colcon_core.package_identification:_identify(src/joy2twist) by extensions ['cmake', 'python']
[0.849s] Level 1:colcon.colcon_core.package_identification:_identify(src/joy2twist) by extension 'cmake'
[0.849s] Level 1:colcon.colcon_core.package_identification:_identify(src/joy2twist) by extension 'python'
[0.849s] Level 1:colcon.colcon_core.package_identification:_identify(src/joy2twist) by extensions ['python_setup_py']
[0.849s] Level 1:colcon.colcon_core.package_identification:_identify(src/joy2twist) by extension 'python_setup_py'
[0.849s] Level 1:colcon.colcon_core.package_identification:_identify(src/joy2twist/demo) by extensions ['ignore', 'ignore_ament_install']
[0.849s] Level 1:colcon.colcon_core.package_identification:_identify(src/joy2twist/demo) by extension 'ignore'
[0.849s] Level 1:colcon.colcon_core.package_identification:_identify(src/joy2twist/demo) by extension 'ignore_ament_install'
[0.849s] Level 1:colcon.colcon_core.package_identification:_identify(src/joy2twist/demo) by extensions ['colcon_pkg']
[0.849s] Level 1:colcon.colcon_core.package_identification:_identify(src/joy2twist/demo) by extension 'colcon_pkg'
[0.849s] Level 1:colcon.colcon_core.package_identification:_identify(src/joy2twist/demo) by extensions ['colcon_meta']
[0.849s] Level 1:colcon.colcon_core.package_identification:_identify(src/joy2twist/demo) by extension 'colcon_meta'
[0.849s] Level 1:colcon.colcon_core.package_identification:_identify(src/joy2twist/demo) by extensions ['ros']
[0.849s] Level 1:colcon.colcon_core.package_identification:_identify(src/joy2twist/demo) by extension 'ros'
[0.849s] Level 1:colcon.colcon_core.package_identification:_identify(src/joy2twist/demo) by extensions ['cmake', 'python']
[0.849s] Level 1:colcon.colcon_core.package_identification:_identify(src/joy2twist/demo) by extension 'cmake'
[0.849s] Level 1:colcon.colcon_core.package_identification:_identify(src/joy2twist/demo) by extension 'python'
[0.849s] Level 1:colcon.colcon_core.package_identification:_identify(src/joy2twist/demo) by extensions ['python_setup_py']
[0.849s] Level 1:colcon.colcon_core.package_identification:_identify(src/joy2twist/demo) by extension 'python_setup_py'
[0.850s] Level 1:colcon.colcon_core.package_identification:_identify(src/joy2twist/joy2twist) by extensions ['ignore', 'ignore_ament_install']
[0.850s] Level 1:colcon.colcon_core.package_identification:_identify(src/joy2twist/joy2twist) by extension 'ignore'
[0.850s] Level 1:colcon.colcon_core.package_identification:_identify(src/joy2twist/joy2twist) by extension 'ignore_ament_install'
[0.850s] Level 1:colcon.colcon_core.package_identification:_identify(src/joy2twist/joy2twist) by extensions ['colcon_pkg']
[0.850s] Level 1:colcon.colcon_core.package_identification:_identify(src/joy2twist/joy2twist) by extension 'colcon_pkg'
[0.850s] Level 1:colcon.colcon_core.package_identification:_identify(src/joy2twist/joy2twist) by extensions ['colcon_meta']
[0.850s] Level 1:colcon.colcon_core.package_identification:_identify(src/joy2twist/joy2twist) by extension 'colcon_meta'
[0.850s] Level 1:colcon.colcon_core.package_identification:_identify(src/joy2twist/joy2twist) by extensions ['ros']
[0.850s] Level 1:colcon.colcon_core.package_identification:_identify(src/joy2twist/joy2twist) by extension 'ros'
[0.853s] DEBUG:colcon.colcon_core.package_identification:Package 'src/joy2twist/joy2twist' with type 'ros.ament_cmake' and name 'joy2twist'
[0.853s] Level 1:colcon.colcon_core.package_identification:_identify(src/lib_wifibot) by extensions ['ignore', 'ignore_ament_install']
[0.853s] Level 1:colcon.colcon_core.package_identification:_identify(src/lib_wifibot) by extension 'ignore'
[0.853s] Level 1:colcon.colcon_core.package_identification:_identify(src/lib_wifibot) by extension 'ignore_ament_install'
[0.853s] Level 1:colcon.colcon_core.package_identification:_identify(src/lib_wifibot) by extensions ['colcon_pkg']
[0.853s] Level 1:colcon.colcon_core.package_identification:_identify(src/lib_wifibot) by extension 'colcon_pkg'
[0.853s] Level 1:colcon.colcon_core.package_identification:_identify(src/lib_wifibot) by extensions ['colcon_meta']
[0.853s] Level 1:colcon.colcon_core.package_identification:_identify(src/lib_wifibot) by extension 'colcon_meta'
[0.853s] Level 1:colcon.colcon_core.package_identification:_identify(src/lib_wifibot) by extensions ['ros']
[0.854s] Level 1:colcon.colcon_core.package_identification:_identify(src/lib_wifibot) by extension 'ros'
[0.854s] DEBUG:colcon.colcon_core.package_identification:Package 'src/lib_wifibot' with type 'ros.ament_cmake' and name 'lib_wifibot'
[0.854s] Level 1:colcon.colcon_core.package_identification:_identify(src/log) by extensions ['ignore', 'ignore_ament_install']
[0.854s] Level 1:colcon.colcon_core.package_identification:_identify(src/log) by extension 'ignore'
[0.854s] Level 1:colcon.colcon_core.package_identification:_identify(src/log) ignored
[0.854s] Level 1:colcon.colcon_core.package_identification:_identify(src/roswifibot) by extensions ['ignore', 'ignore_ament_install']
[0.855s] Level 1:colcon.colcon_core.package_identification:_identify(src/roswifibot) by extension 'ignore'
[0.855s] Level 1:colcon.colcon_core.package_identification:_identify(src/roswifibot) by extension 'ignore_ament_install'
[0.855s] Level 1:colcon.colcon_core.package_identification:_identify(src/roswifibot) by extensions ['colcon_pkg']
[0.855s] Level 1:colcon.colcon_core.package_identification:_identify(src/roswifibot) by extension 'colcon_pkg'
[0.855s] Level 1:colcon.colcon_core.package_identification:_identify(src/roswifibot) by extensions ['colcon_meta']
[0.855s] Level 1:colcon.colcon_core.package_identification:_identify(src/roswifibot) by extension 'colcon_meta'
[0.855s] Level 1:colcon.colcon_core.package_identification:_identify(src/roswifibot) by extensions ['ros']
[0.855s] Level 1:colcon.colcon_core.package_identification:_identify(src/roswifibot) by extension 'ros'
[0.856s] DEBUG:colcon.colcon_core.package_identification:Package 'src/roswifibot' with type 'ros.ament_cmake' and name 'roswifibot'
[0.856s] Level 1:colcon.colcon_core.package_identification:_identify(src/wifibot_msgs) by extensions ['ignore', 'ignore_ament_install']
[0.856s] Level 1:colcon.colcon_core.package_identification:_identify(src/wifibot_msgs) by extension 'ignore'
[0.856s] Level 1:colcon.colcon_core.package_identification:_identify(src/wifibot_msgs) by extension 'ignore_ament_install'
[0.856s] Level 1:colcon.colcon_core.package_identification:_identify(src/wifibot_msgs) by extensions ['colcon_pkg']
[0.856s] Level 1:colcon.colcon_core.package_identification:_identify(src/wifibot_msgs) by extension 'colcon_pkg'
[0.856s] Level 1:colcon.colcon_core.package_identification:_identify(src/wifibot_msgs) by extensions ['colcon_meta']
[0.856s] Level 1:colcon.colcon_core.package_identification:_identify(src/wifibot_msgs) by extension 'colcon_meta'
[0.856s] Level 1:colcon.colcon_core.package_identification:_identify(src/wifibot_msgs) by extensions ['ros']
[0.856s] Level 1:colcon.colcon_core.package_identification:_identify(src/wifibot_msgs) by extension 'ros'
[0.857s] DEBUG:colcon.colcon_core.package_identification:Package 'src/wifibot_msgs' with type 'ros.ament_cmake' and name 'wifibot_msgs'
[0.857s] Level 1:colcon.colcon_core.package_discovery:discover_packages(recursive) using defaults
[0.857s] Level 1:colcon.colcon_core.package_discovery:discover_packages(ignore) discover
[0.857s] Level 1:colcon.colcon_core.package_discovery:discover_packages(ignore) using defaults
[0.857s] Level 1:colcon.colcon_core.package_discovery:discover_packages(path) discover
[0.857s] Level 1:colcon.colcon_core.package_discovery:discover_packages(path) using defaults
[0.939s] Level 1:colcon.colcon_core.package_discovery:discover_packages(prefix_path) check parameters
[0.939s] Level 1:colcon.colcon_core.package_discovery:discover_packages(prefix_path) discover
[0.952s] WARNING:colcon.colcon_ros.prefix_path.ament:The path '/home/greg/ros2_ws/install/roswifibot' in the environment variable AMENT_PREFIX_PATH doesn't exist
[0.952s] WARNING:colcon.colcon_ros.prefix_path.ament:The path '/home/greg/ros2_ws/install/wifibot_msgs' in the environment variable AMENT_PREFIX_PATH doesn't exist
[0.952s] WARNING:colcon.colcon_ros.prefix_path.ament:The path '/home/greg/ros2_ws/install/lib_wifibot' in the environment variable AMENT_PREFIX_PATH doesn't exist
[0.952s] WARNING:colcon.colcon_ros.prefix_path.ament:The path '/home/greg/ros2_ws/install/joy2twist' in the environment variable AMENT_PREFIX_PATH doesn't exist
[0.952s] WARNING:colcon.colcon_ros.prefix_path.catkin:The path '/home/greg/ros2_ws/install/roswifibot' in the environment variable CMAKE_PREFIX_PATH doesn't exist
[0.952s] WARNING:colcon.colcon_ros.prefix_path.catkin:The path '/home/greg/ros2_ws/install/wifibot_msgs' in the environment variable CMAKE_PREFIX_PATH doesn't exist
[0.952s] WARNING:colcon.colcon_ros.prefix_path.catkin:The path '/home/greg/ros2_ws/install/lib_wifibot' in the environment variable CMAKE_PREFIX_PATH doesn't exist
[0.952s] WARNING:colcon.colcon_ros.prefix_path.catkin:The path '/home/greg/ros2_ws/install/joy2twist' in the environment variable CMAKE_PREFIX_PATH doesn't exist
[0.964s] DEBUG:colcon.colcon_installed_package_information.package_discovery:Found 0 installed packages in /home/greg/ros2_ws/install
[0.976s] DEBUG:colcon.colcon_installed_package_information.package_discovery:Found 226 installed packages in /opt/ros/humble
[0.977s] Level 1:colcon.colcon_core.package_discovery:discover_packages(prefix_path) using defaults
[1.045s] Level 5:colcon.colcon_core.verb:set package 'joy2twist' build argument 'cmake_args' from command line to 'None'
[1.045s] Level 5:colcon.colcon_core.verb:set package 'joy2twist' build argument 'cmake_target' from command line to 'None'
[1.045s] Level 5:colcon.colcon_core.verb:set package 'joy2twist' build argument 'cmake_target_skip_unavailable' from command line to 'False'
[1.045s] Level 5:colcon.colcon_core.verb:set package 'joy2twist' build argument 'cmake_clean_cache' from command line to 'False'
[1.045s] Level 5:colcon.colcon_core.verb:set package 'joy2twist' build argument 'cmake_clean_first' from command line to 'False'
[1.045s] Level 5:colcon.colcon_core.verb:set package 'joy2twist' build argument 'cmake_force_configure' from command line to 'False'
[1.045s] Level 5:colcon.colcon_core.verb:set package 'joy2twist' build argument 'ament_cmake_args' from command line to 'None'
[1.045s] Level 5:colcon.colcon_core.verb:set package 'joy2twist' build argument 'catkin_cmake_args' from command line to 'None'
[1.045s] Level 5:colcon.colcon_core.verb:set package 'joy2twist' build argument 'catkin_skip_building_tests' from command line to 'False'
[1.045s] DEBUG:colcon.colcon_core.verb:Building package 'joy2twist' with the following arguments: {'ament_cmake_args': None, 'build_base': '/home/greg/ros2_ws/build/joy2twist', 'catkin_cmake_args': None, 'catkin_skip_building_tests': False, 'cmake_args': None, 'cmake_clean_cache': False, 'cmake_clean_first': False, 'cmake_force_configure': False, 'cmake_target': None, 'cmake_target_skip_unavailable': False, 'install_base': '/home/greg/ros2_ws/install/joy2twist', 'merge_install': False, 'path': '/home/greg/ros2_ws/src/joy2twist/joy2twist', 'symlink_install': False, 'test_result_base': None}
[1.057s] Level 5:colcon.colcon_core.verb:set package 'lib_wifibot' build argument 'cmake_args' from command line to 'None'
[1.057s] Level 5:colcon.colcon_core.verb:set package 'lib_wifibot' build argument 'cmake_target' from command line to 'None'
[1.057s] Level 5:colcon.colcon_core.verb:set package 'lib_wifibot' build argument 'cmake_target_skip_unavailable' from command line to 'False'
[1.057s] Level 5:colcon.colcon_core.verb:set package 'lib_wifibot' build argument 'cmake_clean_cache' from command line to 'False'
[1.057s] Level 5:colcon.colcon_core.verb:set package 'lib_wifibot' build argument 'cmake_clean_first' from command line to 'False'
[1.058s] Level 5:colcon.colcon_core.verb:set package 'lib_wifibot' build argument 'cmake_force_configure' from command line to 'False'
[1.058s] Level 5:colcon.colcon_core.verb:set package 'lib_wifibot' build argument 'ament_cmake_args' from command line to 'None'
[1.058s] Level 5:colcon.colcon_core.verb:set package 'lib_wifibot' build argument 'catkin_cmake_args' from command line to 'None'
[1.058s] Level 5:colcon.colcon_core.verb:set package 'lib_wifibot' build argument 'catkin_skip_building_tests' from command line to 'False'
[1.058s] DEBUG:colcon.colcon_core.verb:Building package 'lib_wifibot' with the following arguments: {'ament_cmake_args': None, 'build_base': '/home/greg/ros2_ws/build/lib_wifibot', 'catkin_cmake_args': None, 'catkin_skip_building_tests': False, 'cmake_args': None, 'cmake_clean_cache': False, 'cmake_clean_first': False, 'cmake_force_configure': False, 'cmake_target': None, 'cmake_target_skip_unavailable': False, 'install_base': '/home/greg/ros2_ws/install/lib_wifibot', 'merge_install': False, 'path': '/home/greg/ros2_ws/src/lib_wifibot', 'symlink_install': False, 'test_result_base': None}
[1.069s] Level 5:colcon.colcon_core.verb:set package 'wifibot_msgs' build argument 'cmake_args' from command line to 'None'
[1.070s] Level 5:colcon.colcon_core.verb:set package 'wifibot_msgs' build argument 'cmake_target' from command line to 'None'
[1.070s] Level 5:colcon.colcon_core.verb:set package 'wifibot_msgs' build argument 'cmake_target_skip_unavailable' from command line to 'False'
[1.070s] Level 5:colcon.colcon_core.verb:set package 'wifibot_msgs' build argument 'cmake_clean_cache' from command line to 'False'
[1.070s] Level 5:colcon.colcon_core.verb:set package 'wifibot_msgs' build argument 'cmake_clean_first' from command line to 'False'
[1.070s] Level 5:colcon.colcon_core.verb:set package 'wifibot_msgs' build argument 'cmake_force_configure' from command line to 'False'
[1.070s] Level 5:colcon.colcon_core.verb:set package 'wifibot_msgs' build argument 'ament_cmake_args' from command line to 'None'
[1.070s] Level 5:colcon.colcon_core.verb:set package 'wifibot_msgs' build argument 'catkin_cmake_args' from command line to 'None'
[1.070s] Level 5:colcon.colcon_core.verb:set package 'wifibot_msgs' build argument 'catkin_skip_building_tests' from command line to 'False'
[1.070s] DEBUG:colcon.colcon_core.verb:Building package 'wifibot_msgs' with the following arguments: {'ament_cmake_args': None, 'build_base': '/home/greg/ros2_ws/build/wifibot_msgs', 'catkin_cmake_args': None, 'catkin_skip_building_tests': False, 'cmake_args': None, 'cmake_clean_cache': False, 'cmake_clean_first': False, 'cmake_force_configure': False, 'cmake_target': None, 'cmake_target_skip_unavailable': False, 'install_base': '/home/greg/ros2_ws/install/wifibot_msgs', 'merge_install': False, 'path': '/home/greg/ros2_ws/src/wifibot_msgs', 'symlink_install': False, 'test_result_base': None}
[1.081s] Level 5:colcon.colcon_core.verb:set package 'roswifibot' build argument 'cmake_args' from command line to 'None'
[1.081s] Level 5:colcon.colcon_core.verb:set package 'roswifibot' build argument 'cmake_target' from command line to 'None'
[1.081s] Level 5:colcon.colcon_core.verb:set package 'roswifibot' build argument 'cmake_target_skip_unavailable' from command line to 'False'
[1.081s] Level 5:colcon.colcon_core.verb:set package 'roswifibot' build argument 'cmake_clean_cache' from command line to 'False'
[1.081s] Level 5:colcon.colcon_core.verb:set package 'roswifibot' build argument 'cmake_clean_first' from command line to 'False'
[1.081s] Level 5:colcon.colcon_core.verb:set package 'roswifibot' build argument 'cmake_force_configure' from command line to 'False'
[1.081s] Level 5:colcon.colcon_core.verb:set package 'roswifibot' build argument 'ament_cmake_args' from command line to 'None'
[1.081s] Level 5:colcon.colcon_core.verb:set package 'roswifibot' build argument 'catkin_cmake_args' from command line to 'None'
[1.081s] Level 5:colcon.colcon_core.verb:set package 'roswifibot' build argument 'catkin_skip_building_tests' from command line to 'False'
[1.081s] DEBUG:colcon.colcon_core.verb:Building package 'roswifibot' with the following arguments: {'ament_cmake_args': None, 'build_base': '/home/greg/ros2_ws/build/roswifibot', 'catkin_cmake_args': None, 'catkin_skip_building_tests': False, 'cmake_args': None, 'cmake_clean_cache': False, 'cmake_clean_first': False, 'cmake_force_configure': False, 'cmake_target': None, 'cmake_target_skip_unavailable': False, 'install_base': '/home/greg/ros2_ws/install/roswifibot', 'merge_install': False, 'path': '/home/greg/ros2_ws/src/roswifibot', 'symlink_install': False, 'test_result_base': None}
[1.092s] INFO:colcon.colcon_core.executor:Executing jobs using 'parallel' executor
[1.104s] DEBUG:colcon.colcon_parallel_executor.executor.parallel:run_until_complete
[1.105s] INFO:colcon.colcon_ros.task.ament_cmake.build:Building ROS package in '/home/greg/ros2_ws/src/wifibot_msgs' with build type 'ament_cmake'
[1.105s] INFO:colcon.colcon_cmake.task.cmake.build:Building CMake package in '/home/greg/ros2_ws/src/wifibot_msgs'
[1.118s] INFO:colcon.colcon_core.plugin_system:Skipping extension 'colcon_core.shell.bat': Not used on non-Windows systems
[1.118s] INFO:colcon.colcon_core.shell:Skip shell extension 'powershell' for command environment: Not usable outside of PowerShell
[1.118s] DEBUG:colcon.colcon_core.shell:Skip shell extension 'dsv' for command environment
[1.157s] INFO:colcon.colcon_ros.task.ament_cmake.build:Building ROS package in '/home/greg/ros2_ws/src/joy2twist/joy2twist' with build type 'ament_cmake'
[1.157s] INFO:colcon.colcon_cmake.task.cmake.build:Building CMake package in '/home/greg/ros2_ws/src/joy2twist/joy2twist'
[1.171s] INFO:colcon.colcon_core.shell:Skip shell extension 'powershell' for command environment: Not usable outside of PowerShell
[1.172s] DEBUG:colcon.colcon_core.shell:Skip shell extension 'dsv' for command environment
[1.208s] INFO:colcon.colcon_ros.task.ament_cmake.build:Building ROS package in '/home/greg/ros2_ws/src/lib_wifibot' with build type 'ament_cmake'
[1.208s] INFO:colcon.colcon_cmake.task.cmake.build:Building CMake package in '/home/greg/ros2_ws/src/lib_wifibot'
[1.220s] INFO:colcon.colcon_core.shell:Skip shell extension 'powershell' for command environment: Not usable outside of PowerShell
[1.220s] DEBUG:colcon.colcon_core.shell:Skip shell extension 'dsv' for command environment
[1.264s] DEBUG:colcon.colcon_core.event_handler.log_command:Invoking command in '/home/greg/ros2_ws/build/wifibot_msgs': CMAKE_PREFIX_PATH=${CMAKE_PREFIX_PATH}:/opt/ros/humble /usr/bin/cmake /home/greg/ros2_ws/src/wifibot_msgs -DCMAKE_INSTALL_PREFIX=/home/greg/ros2_ws/install/wifibot_msgs
[1.265s] DEBUG:colcon.colcon_core.event_handler.log_command:Invoking command in '/home/greg/ros2_ws/build/joy2twist': CMAKE_PREFIX_PATH=${CMAKE_PREFIX_PATH}:/opt/ros/humble /usr/bin/cmake /home/greg/ros2_ws/src/joy2twist/joy2twist -DCMAKE_INSTALL_PREFIX=/home/greg/ros2_ws/install/joy2twist
[1.270s] DEBUG:colcon.colcon_core.event_handler.log_command:Invoking command in '/home/greg/ros2_ws/build/lib_wifibot': CMAKE_PREFIX_PATH=${CMAKE_PREFIX_PATH}:/opt/ros/humble /usr/bin/cmake /home/greg/ros2_ws/src/lib_wifibot -DCMAKE_INSTALL_PREFIX=/home/greg/ros2_ws/install/lib_wifibot
[2.038s] DEBUG:colcon.colcon_core.event_handler.log_command:Invoked command in '/home/greg/ros2_ws/build/lib_wifibot' returned '0': CMAKE_PREFIX_PATH=${CMAKE_PREFIX_PATH}:/opt/ros/humble /usr/bin/cmake /home/greg/ros2_ws/src/lib_wifibot -DCMAKE_INSTALL_PREFIX=/home/greg/ros2_ws/install/lib_wifibot
[2.041s] DEBUG:colcon.colcon_core.event_handler.log_command:Invoking command in '/home/greg/ros2_ws/build/lib_wifibot': CMAKE_PREFIX_PATH=${CMAKE_PREFIX_PATH}:/opt/ros/humble /usr/bin/cmake --build /home/greg/ros2_ws/build/lib_wifibot -- -j16 -l16
[2.415s] DEBUG:colcon.colcon_core.event_handler.log_command:Invoked command in '/home/greg/ros2_ws/build/lib_wifibot' returned '0': CMAKE_PREFIX_PATH=${CMAKE_PREFIX_PATH}:/opt/ros/humble /usr/bin/cmake --build /home/greg/ros2_ws/build/lib_wifibot -- -j16 -l16
[2.473s] DEBUG:colcon.colcon_core.event_handler.log_command:Invoking command in '/home/greg/ros2_ws/build/lib_wifibot': CMAKE_PREFIX_PATH=${CMAKE_PREFIX_PATH}:/opt/ros/humble /usr/bin/cmake --install /home/greg/ros2_ws/build/lib_wifibot
[2.485s] Level 1:colcon.colcon_core.environment:create_environment_scripts_only(lib_wifibot)
[2.486s] DEBUG:colcon.colcon_core.event_handler.log_command:Invoked command in '/home/greg/ros2_ws/build/lib_wifibot' returned '0': CMAKE_PREFIX_PATH=${CMAKE_PREFIX_PATH}:/opt/ros/humble /usr/bin/cmake --install /home/greg/ros2_ws/build/lib_wifibot
[2.498s] Level 1:colcon.colcon_core.environment:checking '/home/greg/ros2_ws/install/lib_wifibot' for CMake module files
[2.498s] Level 1:colcon.colcon_core.environment:checking '/home/greg/ros2_ws/install/lib_wifibot' for CMake config files
[2.498s] Level 1:colcon.colcon_core.shell:create_environment_hook('lib_wifibot', 'cmake_prefix_path')
[2.510s] INFO:colcon.colcon_core.shell:Creating environment hook '/home/greg/ros2_ws/install/lib_wifibot/share/lib_wifibot/hook/cmake_prefix_path.ps1'
[2.511s] INFO:colcon.colcon_core.shell:Creating environment descriptor '/home/greg/ros2_ws/install/lib_wifibot/share/lib_wifibot/hook/cmake_prefix_path.dsv'
[2.511s] INFO:colcon.colcon_core.shell:Creating environment hook '/home/greg/ros2_ws/install/lib_wifibot/share/lib_wifibot/hook/cmake_prefix_path.sh'
[2.512s] Level 1:colcon.colcon_core.environment:checking '/home/greg/ros2_ws/install/lib_wifibot/lib'
[2.512s] Level 1:colcon.colcon_core.environment:checking '/home/greg/ros2_ws/install/lib_wifibot/bin'
[2.512s] Level 1:colcon.colcon_core.environment:checking '/home/greg/ros2_ws/install/lib_wifibot/lib/pkgconfig/lib_wifibot.pc'
[2.512s] Level 1:colcon.colcon_core.environment:checking '/home/greg/ros2_ws/install/lib_wifibot/lib/python3.10/site-packages'
[2.513s] Level 1:colcon.colcon_core.environment:checking '/home/greg/ros2_ws/install/lib_wifibot/bin'
[2.522s] INFO:colcon.colcon_core.shell:Creating package script '/home/greg/ros2_ws/install/lib_wifibot/share/lib_wifibot/package.ps1'
[2.523s] INFO:colcon.colcon_core.shell:Creating package descriptor '/home/greg/ros2_ws/install/lib_wifibot/share/lib_wifibot/package.dsv'
[2.524s] INFO:colcon.colcon_core.shell:Creating package script '/home/greg/ros2_ws/install/lib_wifibot/share/lib_wifibot/package.sh'
[2.525s] INFO:colcon.colcon_core.shell:Creating package script '/home/greg/ros2_ws/install/lib_wifibot/share/lib_wifibot/package.bash'
[2.525s] INFO:colcon.colcon_core.shell:Creating package script '/home/greg/ros2_ws/install/lib_wifibot/share/lib_wifibot/package.zsh'
[2.525s] Level 1:colcon.colcon_core.environment:create_file_with_runtime_dependencies(/home/greg/ros2_ws/install/lib_wifibot/share/colcon-core/packages/lib_wifibot)
[2.580s] Level 1:colcon.colcon_core.environment:create_environment_scripts_only(lib_wifibot)
[2.593s] Level 1:colcon.colcon_core.environment:checking '/home/greg/ros2_ws/install/lib_wifibot' for CMake module files
[2.593s] Level 1:colcon.colcon_core.environment:checking '/home/greg/ros2_ws/install/lib_wifibot' for CMake config files
[2.594s] Level 1:colcon.colcon_core.shell:create_environment_hook('lib_wifibot', 'cmake_prefix_path')
[2.607s] INFO:colcon.colcon_core.shell:Creating environment hook '/home/greg/ros2_ws/install/lib_wifibot/share/lib_wifibot/hook/cmake_prefix_path.ps1'
[2.608s] INFO:colcon.colcon_core.shell:Creating environment descriptor '/home/greg/ros2_ws/install/lib_wifibot/share/lib_wifibot/hook/cmake_prefix_path.dsv'
[2.608s] INFO:colcon.colcon_core.shell:Creating environment hook '/home/greg/ros2_ws/install/lib_wifibot/share/lib_wifibot/hook/cmake_prefix_path.sh'
[2.609s] Level 1:colcon.colcon_core.environment:checking '/home/greg/ros2_ws/install/lib_wifibot/lib'
[2.609s] Level 1:colcon.colcon_core.environment:checking '/home/greg/ros2_ws/install/lib_wifibot/bin'
[2.609s] Level 1:colcon.colcon_core.environment:checking '/home/greg/ros2_ws/install/lib_wifibot/lib/pkgconfig/lib_wifibot.pc'
[2.609s] Level 1:colcon.colcon_core.environment:checking '/home/greg/ros2_ws/install/lib_wifibot/lib/python3.10/site-packages'
[2.609s] Level 1:colcon.colcon_core.environment:checking '/home/greg/ros2_ws/install/lib_wifibot/bin'
[2.621s] INFO:colcon.colcon_core.shell:Creating package script '/home/greg/ros2_ws/install/lib_wifibot/share/lib_wifibot/package.ps1'
[2.621s] INFO:colcon.colcon_core.shell:Creating package descriptor '/home/greg/ros2_ws/install/lib_wifibot/share/lib_wifibot/package.dsv'
[2.622s] INFO:colcon.colcon_core.shell:Creating package script '/home/greg/ros2_ws/install/lib_wifibot/share/lib_wifibot/package.sh'
[2.623s] INFO:colcon.colcon_core.shell:Creating package script '/home/greg/ros2_ws/install/lib_wifibot/share/lib_wifibot/package.bash'
[2.623s] INFO:colcon.colcon_core.shell:Creating package script '/home/greg/ros2_ws/install/lib_wifibot/share/lib_wifibot/package.zsh'
[2.624s] Level 1:colcon.colcon_core.environment:create_file_with_runtime_dependencies(/home/greg/ros2_ws/install/lib_wifibot/share/colcon-core/packages/lib_wifibot)
[2.772s] DEBUG:colcon.colcon_core.event_handler.log_command:Invoked command in '/home/greg/ros2_ws/build/joy2twist' returned '0': CMAKE_PREFIX_PATH=${CMAKE_PREFIX_PATH}:/opt/ros/humble /usr/bin/cmake /home/greg/ros2_ws/src/joy2twist/joy2twist -DCMAKE_INSTALL_PREFIX=/home/greg/ros2_ws/install/joy2twist
[2.774s] DEBUG:colcon.colcon_core.event_handler.log_command:Invoking command in '/home/greg/ros2_ws/build/joy2twist': CMAKE_PREFIX_PATH=${CMAKE_PREFIX_PATH}:/opt/ros/humble /usr/bin/cmake --build /home/greg/ros2_ws/build/joy2twist -- -j16 -l16
[2.795s] DEBUG:colcon.colcon_core.event_handler.log_command:Invoked command in '/home/greg/ros2_ws/build/wifibot_msgs' returned '0': CMAKE_PREFIX_PATH=${CMAKE_PREFIX_PATH}:/opt/ros/humble /usr/bin/cmake /home/greg/ros2_ws/src/wifibot_msgs -DCMAKE_INSTALL_PREFIX=/home/greg/ros2_ws/install/wifibot_msgs
[2.797s] DEBUG:colcon.colcon_core.event_handler.log_command:Invoking command in '/home/greg/ros2_ws/build/wifibot_msgs': CMAKE_PREFIX_PATH=${CMAKE_PREFIX_PATH}:/opt/ros/humble /usr/bin/cmake --build /home/greg/ros2_ws/build/wifibot_msgs -- -j16 -l16
[4.628s] DEBUG:colcon.colcon_core.event_handler.log_command:Invoked command in '/home/greg/ros2_ws/build/wifibot_msgs' returned '0': CMAKE_PREFIX_PATH=${CMAKE_PREFIX_PATH}:/opt/ros/humble /usr/bin/cmake --build /home/greg/ros2_ws/build/wifibot_msgs -- -j16 -l16
[4.740s] DEBUG:colcon.colcon_core.event_handler.log_command:Invoking command in '/home/greg/ros2_ws/build/wifibot_msgs': CMAKE_PREFIX_PATH=${CMAKE_PREFIX_PATH}:/opt/ros/humble /usr/bin/cmake --install /home/greg/ros2_ws/build/wifibot_msgs
[4.809s] Level 1:colcon.colcon_core.environment:create_environment_scripts_only(wifibot_msgs)
[4.809s] DEBUG:colcon.colcon_core.event_handler.log_command:Invoked command in '/home/greg/ros2_ws/build/wifibot_msgs' returned '0': CMAKE_PREFIX_PATH=${CMAKE_PREFIX_PATH}:/opt/ros/humble /usr/bin/cmake --install /home/greg/ros2_ws/build/wifibot_msgs
[4.821s] Level 1:colcon.colcon_core.environment:checking '/home/greg/ros2_ws/install/wifibot_msgs' for CMake module files
[4.821s] Level 1:colcon.colcon_core.environment:checking '/home/greg/ros2_ws/install/wifibot_msgs' for CMake config files
[4.822s] Level 1:colcon.colcon_core.shell:create_environment_hook('wifibot_msgs', 'cmake_prefix_path')
[4.832s] INFO:colcon.colcon_core.shell:Creating environment hook '/home/greg/ros2_ws/install/wifibot_msgs/share/wifibot_msgs/hook/cmake_prefix_path.ps1'
[4.832s] INFO:colcon.colcon_core.shell:Creating environment descriptor '/home/greg/ros2_ws/install/wifibot_msgs/share/wifibot_msgs/hook/cmake_prefix_path.dsv'
[4.833s] INFO:colcon.colcon_core.shell:Creating environment hook '/home/greg/ros2_ws/install/wifibot_msgs/share/wifibot_msgs/hook/cmake_prefix_path.sh'
[4.833s] Level 1:colcon.colcon_core.environment:checking '/home/greg/ros2_ws/install/wifibot_msgs/lib'
[4.833s] Level 1:colcon.colcon_core.shell:create_environment_hook('wifibot_msgs', 'ld_library_path_lib')
[4.844s] INFO:colcon.colcon_core.shell:Creating environment hook '/home/greg/ros2_ws/install/wifibot_msgs/share/wifibot_msgs/hook/ld_library_path_lib.ps1'
[4.845s] INFO:colcon.colcon_core.shell:Creating environment descriptor '/home/greg/ros2_ws/install/wifibot_msgs/share/wifibot_msgs/hook/ld_library_path_lib.dsv'
[4.845s] INFO:colcon.colcon_core.shell:Creating environment hook '/home/greg/ros2_ws/install/wifibot_msgs/share/wifibot_msgs/hook/ld_library_path_lib.sh'
[4.845s] Level 1:colcon.colcon_core.environment:checking '/home/greg/ros2_ws/install/wifibot_msgs/bin'
[4.846s] Level 1:colcon.colcon_core.environment:checking '/home/greg/ros2_ws/install/wifibot_msgs/lib/pkgconfig/wifibot_msgs.pc'
[4.846s] Level 1:colcon.colcon_core.environment:checking '/home/greg/ros2_ws/install/wifibot_msgs/lib/python3.10/site-packages'
[4.846s] Level 1:colcon.colcon_core.environment:checking '/home/greg/ros2_ws/install/wifibot_msgs/bin'
[4.857s] INFO:colcon.colcon_core.shell:Creating package script '/home/greg/ros2_ws/install/wifibot_msgs/share/wifibot_msgs/package.ps1'
[4.857s] INFO:colcon.colcon_core.shell:Creating package descriptor '/home/greg/ros2_ws/install/wifibot_msgs/share/wifibot_msgs/package.dsv'
[4.858s] INFO:colcon.colcon_core.shell:Creating package script '/home/greg/ros2_ws/install/wifibot_msgs/share/wifibot_msgs/package.sh'
[4.859s] INFO:colcon.colcon_core.shell:Creating package script '/home/greg/ros2_ws/install/wifibot_msgs/share/wifibot_msgs/package.bash'
[4.859s] INFO:colcon.colcon_core.shell:Creating package script '/home/greg/ros2_ws/install/wifibot_msgs/share/wifibot_msgs/package.zsh'
[4.859s] Level 1:colcon.colcon_core.environment:create_file_with_runtime_dependencies(/home/greg/ros2_ws/install/wifibot_msgs/share/colcon-core/packages/wifibot_msgs)
[4.980s] Level 1:colcon.colcon_core.environment:create_environment_scripts_only(wifibot_msgs)
[4.990s] Level 1:colcon.colcon_core.environment:checking '/home/greg/ros2_ws/install/wifibot_msgs' for CMake module files
[4.991s] Level 1:colcon.colcon_core.environment:checking '/home/greg/ros2_ws/install/wifibot_msgs' for CMake config files
[4.991s] Level 1:colcon.colcon_core.shell:create_environment_hook('wifibot_msgs', 'cmake_prefix_path')
[5.001s] INFO:colcon.colcon_core.shell:Creating environment hook '/home/greg/ros2_ws/install/wifibot_msgs/share/wifibot_msgs/hook/cmake_prefix_path.ps1'
[5.002s] INFO:colcon.colcon_core.shell:Creating environment descriptor '/home/greg/ros2_ws/install/wifibot_msgs/share/wifibot_msgs/hook/cmake_prefix_path.dsv'
[5.002s] INFO:colcon.colcon_core.shell:Creating environment hook '/home/greg/ros2_ws/install/wifibot_msgs/share/wifibot_msgs/hook/cmake_prefix_path.sh'
[5.003s] Level 1:colcon.colcon_core.environment:checking '/home/greg/ros2_ws/install/wifibot_msgs/lib'
[5.003s] Level 1:colcon.colcon_core.shell:create_environment_hook('wifibot_msgs', 'ld_library_path_lib')
[5.013s] INFO:colcon.colcon_core.shell:Creating environment hook '/home/greg/ros2_ws/install/wifibot_msgs/share/wifibot_msgs/hook/ld_library_path_lib.ps1'
[5.014s] INFO:colcon.colcon_core.shell:Creating environment descriptor '/home/greg/ros2_ws/install/wifibot_msgs/share/wifibot_msgs/hook/ld_library_path_lib.dsv'
[5.014s] INFO:colcon.colcon_core.shell:Creating environment hook '/home/greg/ros2_ws/install/wifibot_msgs/share/wifibot_msgs/hook/ld_library_path_lib.sh'
[5.015s] Level 1:colcon.colcon_core.environment:checking '/home/greg/ros2_ws/install/wifibot_msgs/bin'
[5.015s] Level 1:colcon.colcon_core.environment:checking '/home/greg/ros2_ws/install/wifibot_msgs/lib/pkgconfig/wifibot_msgs.pc'
[5.015s] Level 1:colcon.colcon_core.environment:checking '/home/greg/ros2_ws/install/wifibot_msgs/lib/python3.10/site-packages'
[5.015s] Level 1:colcon.colcon_core.environment:checking '/home/greg/ros2_ws/install/wifibot_msgs/bin'
[5.025s] INFO:colcon.colcon_core.shell:Creating package script '/home/greg/ros2_ws/install/wifibot_msgs/share/wifibot_msgs/package.ps1'
[5.026s] INFO:colcon.colcon_core.shell:Creating package descriptor '/home/greg/ros2_ws/install/wifibot_msgs/share/wifibot_msgs/package.dsv'
[5.027s] INFO:colcon.colcon_core.shell:Creating package script '/home/greg/ros2_ws/install/wifibot_msgs/share/wifibot_msgs/package.sh'
[5.027s] INFO:colcon.colcon_core.shell:Creating package script '/home/greg/ros2_ws/install/wifibot_msgs/share/wifibot_msgs/package.bash'
[5.028s] INFO:colcon.colcon_core.shell:Creating package script '/home/greg/ros2_ws/install/wifibot_msgs/share/wifibot_msgs/package.zsh'
[5.028s] Level 1:colcon.colcon_core.environment:create_file_with_runtime_dependencies(/home/greg/ros2_ws/install/wifibot_msgs/share/colcon-core/packages/wifibot_msgs)
[5.029s] INFO:colcon.colcon_ros.task.ament_cmake.build:Building ROS package in '/home/greg/ros2_ws/src/roswifibot' with build type 'ament_cmake'
[5.029s] INFO:colcon.colcon_cmake.task.cmake.build:Building CMake package in '/home/greg/ros2_ws/src/roswifibot'
[5.040s] INFO:colcon.colcon_core.shell:Skip shell extension 'powershell' for command environment: Not usable outside of PowerShell
[5.041s] DEBUG:colcon.colcon_core.shell:Skip shell extension 'dsv' for command environment
[5.102s] DEBUG:colcon.colcon_core.event_handler.log_command:Invoking command in '/home/greg/ros2_ws/build/roswifibot': CMAKE_PREFIX_PATH=/home/greg/ros2_ws/install/wifibot_msgs:/home/greg/ros2_ws/install/roswifibot:/home/greg/ros2_ws/install/lib_wifibot:/home/greg/ros2_ws/install/joy2twist:/opt/ros/humble /usr/bin/cmake /home/greg/ros2_ws/src/roswifibot -DCMAKE_INSTALL_PREFIX=/home/greg/ros2_ws/install/roswifibot
[6.892s] DEBUG:colcon.colcon_core.event_handler.log_command:Invoked command in '/home/greg/ros2_ws/build/roswifibot' returned '0': CMAKE_PREFIX_PATH=/home/greg/ros2_ws/install/wifibot_msgs:/home/greg/ros2_ws/install/roswifibot:/home/greg/ros2_ws/install/lib_wifibot:/home/greg/ros2_ws/install/joy2twist:/opt/ros/humble /usr/bin/cmake /home/greg/ros2_ws/src/roswifibot -DCMAKE_INSTALL_PREFIX=/home/greg/ros2_ws/install/roswifibot
[6.894s] DEBUG:colcon.colcon_core.event_handler.log_command:Invoking command in '/home/greg/ros2_ws/build/roswifibot': CMAKE_PREFIX_PATH=/home/greg/ros2_ws/install/wifibot_msgs:/home/greg/ros2_ws/install/roswifibot:/home/greg/ros2_ws/install/lib_wifibot:/home/greg/ros2_ws/install/joy2twist:/opt/ros/humble /usr/bin/cmake --build /home/greg/ros2_ws/build/roswifibot -- -j16 -l16
[11.184s] DEBUG:colcon.colcon_core.event_handler.log_command:Invoked command in '/home/greg/ros2_ws/build/joy2twist' returned '0': CMAKE_PREFIX_PATH=${CMAKE_PREFIX_PATH}:/opt/ros/humble /usr/bin/cmake --build /home/greg/ros2_ws/build/joy2twist -- -j16 -l16
[11.229s] DEBUG:colcon.colcon_core.event_handler.log_command:Invoking command in '/home/greg/ros2_ws/build/joy2twist': CMAKE_PREFIX_PATH=${CMAKE_PREFIX_PATH}:/opt/ros/humble /usr/bin/cmake --install /home/greg/ros2_ws/build/joy2twist
[11.246s] Level 1:colcon.colcon_core.environment:create_environment_scripts_only(joy2twist)
[11.246s] DEBUG:colcon.colcon_core.event_handler.log_command:Invoked command in '/home/greg/ros2_ws/build/joy2twist' returned '0': CMAKE_PREFIX_PATH=${CMAKE_PREFIX_PATH}:/opt/ros/humble /usr/bin/cmake --install /home/greg/ros2_ws/build/joy2twist
[11.257s] Level 1:colcon.colcon_core.environment:checking '/home/greg/ros2_ws/install/joy2twist' for CMake module files
[11.257s] Level 1:colcon.colcon_core.environment:checking '/home/greg/ros2_ws/install/joy2twist' for CMake config files
[11.257s] Level 1:colcon.colcon_core.shell:create_environment_hook('joy2twist', 'cmake_prefix_path')
[11.269s] INFO:colcon.colcon_core.shell:Creating environment hook '/home/greg/ros2_ws/install/joy2twist/share/joy2twist/hook/cmake_prefix_path.ps1'
[11.269s] INFO:colcon.colcon_core.shell:Creating environment descriptor '/home/greg/ros2_ws/install/joy2twist/share/joy2twist/hook/cmake_prefix_path.dsv'
[11.269s] INFO:colcon.colcon_core.shell:Creating environment hook '/home/greg/ros2_ws/install/joy2twist/share/joy2twist/hook/cmake_prefix_path.sh'
[11.270s] Level 1:colcon.colcon_core.environment:checking '/home/greg/ros2_ws/install/joy2twist/lib'
[11.270s] Level 1:colcon.colcon_core.environment:checking '/home/greg/ros2_ws/install/joy2twist/bin'
[11.270s] Level 1:colcon.colcon_core.environment:checking '/home/greg/ros2_ws/install/joy2twist/lib/pkgconfig/joy2twist.pc'
[11.270s] Level 1:colcon.colcon_core.environment:checking '/home/greg/ros2_ws/install/joy2twist/lib/python3.10/site-packages'
[11.271s] Level 1:colcon.colcon_core.environment:checking '/home/greg/ros2_ws/install/joy2twist/bin'
[11.282s] INFO:colcon.colcon_core.shell:Creating package script '/home/greg/ros2_ws/install/joy2twist/share/joy2twist/package.ps1'
[11.282s] INFO:colcon.colcon_core.shell:Creating package descriptor '/home/greg/ros2_ws/install/joy2twist/share/joy2twist/package.dsv'
[11.283s] INFO:colcon.colcon_core.shell:Creating package script '/home/greg/ros2_ws/install/joy2twist/share/joy2twist/package.sh'
[11.284s] INFO:colcon.colcon_core.shell:Creating package script '/home/greg/ros2_ws/install/joy2twist/share/joy2twist/package.bash'
[11.284s] INFO:colcon.colcon_core.shell:Creating package script '/home/greg/ros2_ws/install/joy2twist/share/joy2twist/package.zsh'
[11.284s] Level 1:colcon.colcon_core.environment:create_file_with_runtime_dependencies(/home/greg/ros2_ws/install/joy2twist/share/colcon-core/packages/joy2twist)
[11.340s] Level 1:colcon.colcon_core.environment:create_environment_scripts_only(joy2twist)
[11.352s] Level 1:colcon.colcon_core.environment:checking '/home/greg/ros2_ws/install/joy2twist' for CMake module files
[11.353s] Level 1:colcon.colcon_core.environment:checking '/home/greg/ros2_ws/install/joy2twist' for CMake config files
[11.353s] Level 1:colcon.colcon_core.shell:create_environment_hook('joy2twist', 'cmake_prefix_path')
[11.365s] INFO:colcon.colcon_core.shell:Creating environment hook '/home/greg/ros2_ws/install/joy2twist/share/joy2twist/hook/cmake_prefix_path.ps1'
[11.366s] INFO:colcon.colcon_core.shell:Creating environment descriptor '/home/greg/ros2_ws/install/joy2twist/share/joy2twist/hook/cmake_prefix_path.dsv'
[11.366s] INFO:colcon.colcon_core.shell:Creating environment hook '/home/greg/ros2_ws/install/joy2twist/share/joy2twist/hook/cmake_prefix_path.sh'
[11.368s] Level 1:colcon.colcon_core.environment:checking '/home/greg/ros2_ws/install/joy2twist/lib'
[11.368s] Level 1:colcon.colcon_core.environment:checking '/home/greg/ros2_ws/install/joy2twist/bin'
[11.368s] Level 1:colcon.colcon_core.environment:checking '/home/greg/ros2_ws/install/joy2twist/lib/pkgconfig/joy2twist.pc'
[11.368s] Level 1:colcon.colcon_core.environment:checking '/home/greg/ros2_ws/install/joy2twist/lib/python3.10/site-packages'
[11.369s] Level 1:colcon.colcon_core.environment:checking '/home/greg/ros2_ws/install/joy2twist/bin'
[11.383s] INFO:colcon.colcon_core.shell:Creating package script '/home/greg/ros2_ws/install/joy2twist/share/joy2twist/package.ps1'
[11.384s] INFO:colcon.colcon_core.shell:Creating package descriptor '/home/greg/ros2_ws/install/joy2twist/share/joy2twist/package.dsv'
[11.385s] INFO:colcon.colcon_core.shell:Creating package script '/home/greg/ros2_ws/install/joy2twist/share/joy2twist/package.sh'
[11.385s] INFO:colcon.colcon_core.shell:Creating package script '/home/greg/ros2_ws/install/joy2twist/share/joy2twist/package.bash'
[11.386s] INFO:colcon.colcon_core.shell:Creating package script '/home/greg/ros2_ws/install/joy2twist/share/joy2twist/package.zsh'
[11.386s] Level 1:colcon.colcon_core.environment:create_file_with_runtime_dependencies(/home/greg/ros2_ws/install/joy2twist/share/colcon-core/packages/joy2twist)
[12.978s] DEBUG:colcon.colcon_core.event_handler.log_command:Invoked command in '/home/greg/ros2_ws/build/roswifibot' returned '0': CMAKE_PREFIX_PATH=/home/greg/ros2_ws/install/wifibot_msgs:/home/greg/ros2_ws/install/roswifibot:/home/greg/ros2_ws/install/lib_wifibot:/home/greg/ros2_ws/install/joy2twist:/opt/ros/humble /usr/bin/cmake --build /home/greg/ros2_ws/build/roswifibot -- -j16 -l16
[13.023s] DEBUG:colcon.colcon_core.event_handler.log_command:Invoking command in '/home/greg/ros2_ws/build/roswifibot': CMAKE_PREFIX_PATH=/home/greg/ros2_ws/install/wifibot_msgs:/home/greg/ros2_ws/install/roswifibot:/home/greg/ros2_ws/install/lib_wifibot:/home/greg/ros2_ws/install/joy2twist:/opt/ros/humble /usr/bin/cmake --install /home/greg/ros2_ws/build/roswifibot
[13.037s] Level 1:colcon.colcon_core.environment:create_environment_scripts_only(roswifibot)
[13.038s] DEBUG:colcon.colcon_core.event_handler.log_command:Invoked command in '/home/greg/ros2_ws/build/roswifibot' returned '0': CMAKE_PREFIX_PATH=/home/greg/ros2_ws/install/wifibot_msgs:/home/greg/ros2_ws/install/roswifibot:/home/greg/ros2_ws/install/lib_wifibot:/home/greg/ros2_ws/install/joy2twist:/opt/ros/humble /usr/bin/cmake --install /home/greg/ros2_ws/build/roswifibot
[13.053s] Level 1:colcon.colcon_core.environment:checking '/home/greg/ros2_ws/install/roswifibot' for CMake module files
[13.053s] Level 1:colcon.colcon_core.environment:checking '/home/greg/ros2_ws/install/roswifibot' for CMake config files
[13.053s] Level 1:colcon.colcon_core.shell:create_environment_hook('roswifibot', 'cmake_prefix_path')
[13.065s] INFO:colcon.colcon_core.shell:Creating environment hook '/home/greg/ros2_ws/install/roswifibot/share/roswifibot/hook/cmake_prefix_path.ps1'
[13.066s] INFO:colcon.colcon_core.shell:Creating environment descriptor '/home/greg/ros2_ws/install/roswifibot/share/roswifibot/hook/cmake_prefix_path.dsv'
[13.066s] INFO:colcon.colcon_core.shell:Creating environment hook '/home/greg/ros2_ws/install/roswifibot/share/roswifibot/hook/cmake_prefix_path.sh'
[13.066s] Level 1:colcon.colcon_core.environment:checking '/home/greg/ros2_ws/install/roswifibot/lib'
[13.067s] Level 1:colcon.colcon_core.environment:checking '/home/greg/ros2_ws/install/roswifibot/bin'
[13.067s] Level 1:colcon.colcon_core.environment:checking '/home/greg/ros2_ws/install/roswifibot/lib/pkgconfig/roswifibot.pc'
[13.067s] Level 1:colcon.colcon_core.environment:checking '/home/greg/ros2_ws/install/roswifibot/lib/python3.10/site-packages'
[13.067s] Level 1:colcon.colcon_core.environment:checking '/home/greg/ros2_ws/install/roswifibot/bin'
[13.078s] INFO:colcon.colcon_core.shell:Creating package script '/home/greg/ros2_ws/install/roswifibot/share/roswifibot/package.ps1'
[13.079s] INFO:colcon.colcon_core.shell:Creating package descriptor '/home/greg/ros2_ws/install/roswifibot/share/roswifibot/package.dsv'
[13.079s] INFO:colcon.colcon_core.shell:Creating package script '/home/greg/ros2_ws/install/roswifibot/share/roswifibot/package.sh'
[13.080s] INFO:colcon.colcon_core.shell:Creating package script '/home/greg/ros2_ws/install/roswifibot/share/roswifibot/package.bash'
[13.080s] INFO:colcon.colcon_core.shell:Creating package script '/home/greg/ros2_ws/install/roswifibot/share/roswifibot/package.zsh'
[13.080s] Level 1:colcon.colcon_core.environment:create_file_with_runtime_dependencies(/home/greg/ros2_ws/install/roswifibot/share/colcon-core/packages/roswifibot)
[13.136s] Level 1:colcon.colcon_core.environment:create_environment_scripts_only(roswifibot)
[13.148s] Level 1:colcon.colcon_core.environment:checking '/home/greg/ros2_ws/install/roswifibot' for CMake module files
[13.148s] Level 1:colcon.colcon_core.environment:checking '/home/greg/ros2_ws/install/roswifibot' for CMake config files
[13.149s] Level 1:colcon.colcon_core.shell:create_environment_hook('roswifibot', 'cmake_prefix_path')
[13.160s] INFO:colcon.colcon_core.shell:Creating environment hook '/home/greg/ros2_ws/install/roswifibot/share/roswifibot/hook/cmake_prefix_path.ps1'
[13.161s] INFO:colcon.colcon_core.shell:Creating environment descriptor '/home/greg/ros2_ws/install/roswifibot/share/roswifibot/hook/cmake_prefix_path.dsv'
[13.161s] INFO:colcon.colcon_core.shell:Creating environment hook '/home/greg/ros2_ws/install/roswifibot/share/roswifibot/hook/cmake_prefix_path.sh'
[13.162s] Level 1:colcon.colcon_core.environment:checking '/home/greg/ros2_ws/install/roswifibot/lib'
[13.162s] Level 1:colcon.colcon_core.environment:checking '/home/greg/ros2_ws/install/roswifibot/bin'
[13.162s] Level 1:colcon.colcon_core.environment:checking '/home/greg/ros2_ws/install/roswifibot/lib/pkgconfig/roswifibot.pc'
[13.162s] Level 1:colcon.colcon_core.environment:checking '/home/greg/ros2_ws/install/roswifibot/lib/python3.10/site-packages'
[13.162s] Level 1:colcon.colcon_core.environment:checking '/home/greg/ros2_ws/install/roswifibot/bin'
[13.175s] INFO:colcon.colcon_core.shell:Creating package script '/home/greg/ros2_ws/install/roswifibot/share/roswifibot/package.ps1'
[13.175s] INFO:colcon.colcon_core.shell:Creating package descriptor '/home/greg/ros2_ws/install/roswifibot/share/roswifibot/package.dsv'
[13.176s] INFO:colcon.colcon_core.shell:Creating package script '/home/greg/ros2_ws/install/roswifibot/share/roswifibot/package.sh'
[13.177s] INFO:colcon.colcon_core.shell:Creating package script '/home/greg/ros2_ws/install/roswifibot/share/roswifibot/package.bash'
[13.177s] INFO:colcon.colcon_core.shell:Creating package script '/home/greg/ros2_ws/install/roswifibot/share/roswifibot/package.zsh'
[13.178s] Level 1:colcon.colcon_core.environment:create_file_with_runtime_dependencies(/home/greg/ros2_ws/install/roswifibot/share/colcon-core/packages/roswifibot)
[13.178s] DEBUG:colcon.colcon_parallel_executor.executor.parallel:closing loop
[13.179s] DEBUG:colcon.colcon_parallel_executor.executor.parallel:loop closed
[13.179s] DEBUG:colcon.colcon_parallel_executor.executor.parallel:run_until_complete finished with '0'
[13.180s] DEBUG:colcon.colcon_core.event_reactor:joining thread
[13.197s] INFO:colcon.colcon_core.plugin_system:Skipping extension 'colcon_notification.desktop_notification.terminal_notifier': Not used on non-Darwin systems
[13.197s] INFO:colcon.colcon_core.plugin_system:Skipping extension 'colcon_notification.desktop_notification.win32': Not used on non-Windows systems
[13.197s] INFO:colcon.colcon_notification.desktop_notification:Sending desktop notification using 'notify2'
[13.211s] DEBUG:colcon.colcon_core.event_reactor:joined thread
[13.223s] INFO:colcon.colcon_core.shell:Creating prefix script '/home/greg/ros2_ws/install/local_setup.ps1'
[13.224s] INFO:colcon.colcon_core.shell:Creating prefix util module '/home/greg/ros2_ws/install/_local_setup_util_ps1.py'
[13.225s] INFO:colcon.colcon_core.shell:Creating prefix chain script '/home/greg/ros2_ws/install/setup.ps1'
[13.237s] INFO:colcon.colcon_core.shell:Creating prefix script '/home/greg/ros2_ws/install/local_setup.sh'
[13.238s] INFO:colcon.colcon_core.shell:Creating prefix util module '/home/greg/ros2_ws/install/_local_setup_util_sh.py'
[13.238s] INFO:colcon.colcon_core.shell:Creating prefix chain script '/home/greg/ros2_ws/install/setup.sh'
[13.250s] INFO:colcon.colcon_core.shell:Creating prefix script '/home/greg/ros2_ws/install/local_setup.bash'
[13.251s] INFO:colcon.colcon_core.shell:Creating prefix chain script '/home/greg/ros2_ws/install/setup.bash'
[13.262s] INFO:colcon.colcon_core.shell:Creating prefix script '/home/greg/ros2_ws/install/local_setup.zsh'
[13.263s] INFO:colcon.colcon_core.shell:Creating prefix chain script '/home/greg/ros2_ws/install/setup.zsh'
