[0.805s] DEBUG:colcon:Command line arguments: ['/usr/bin/colcon', 'build']
[0.805s] DEBUG:colcon:Parsed command line arguments: Namespace(log_base=None, log_level=None, verb_name='build', build_base='build', install_base='install', merge_install=False, symlink_install=False, test_result_base=None, continue_on_error=False, executor='parallel', parallel_workers=16, event_handlers=None, ignore_user_meta=False, metas=['./colcon.meta'], base_paths=['.'], packages_ignore=None, packages_ignore_regex=None, paths=None, packages_up_to=None, packages_up_to_regex=None, packages_above=None, packages_above_and_dependencies=None, packages_above_depth=None, packages_select_by_dep=None, packages_skip_by_dep=None, packages_skip_up_to=None, packages_select_build_failed=False, packages_skip_build_finished=False, packages_select_test_failures=False, packages_skip_test_passed=False, packages_select=None, packages_skip=None, packages_select_regex=None, packages_skip_regex=None, packages_start=None, packages_end=None, allow_overriding=[], cmake_args=None, cmake_target=None, cmake_target_skip_unavailable=False, cmake_clean_cache=False, cmake_clean_first=False, cmake_force_configure=False, ament_cmake_args=None, catkin_cmake_args=None, catkin_skip_building_tests=False, verb_parser=<colcon_defaults.argument_parser.defaults.DefaultArgumentsDecorator object at 0x7f7732e395d0>, verb_extension=<colcon_core.verb.build.BuildVerb object at 0x7f773307ace0>, main=<bound method BuildVerb.main of <colcon_core.verb.build.BuildVerb object at 0x7f773307ace0>>)
[0.845s] Level 1:colcon.colcon_core.package_discovery:discover_packages(colcon_meta) check parameters
[0.845s] Level 1:colcon.colcon_core.package_discovery:discover_packages(recursive) check parameters
[0.845s] Level 1:colcon.colcon_core.package_discovery:discover_packages(ignore) check parameters
[0.845s] Level 1:colcon.colcon_core.package_discovery:discover_packages(path) check parameters
[0.845s] Level 1:colcon.colcon_core.package_discovery:discover_packages(colcon_meta) discover
[0.845s] Level 1:colcon.colcon_core.package_discovery:discover_packages(recursive) discover
[0.845s] INFO:colcon.colcon_core.package_discovery:Crawling recursively for packages in '/home/greg/ros2_ws'
[0.845s] Level 1:colcon.colcon_core.package_identification:_identify(.) by extensions ['ignore', 'ignore_ament_install']
[0.845s] Level 1:colcon.colcon_core.package_identification:_identify(.) by extension 'ignore'
[0.846s] Level 1:colcon.colcon_core.package_identification:_identify(.) by extension 'ignore_ament_install'
[0.846s] Level 1:colcon.colcon_core.package_identification:_identify(.) by extensions ['colcon_pkg']
[0.846s] Level 1:colcon.colcon_core.package_identification:_identify(.) by extension 'colcon_pkg'
[0.846s] Level 1:colcon.colcon_core.package_identification:_identify(.) by extensions ['colcon_meta']
[0.846s] Level 1:colcon.colcon_core.package_identification:_identify(.) by extension 'colcon_meta'
[0.846s] Level 1:colcon.colcon_core.package_identification:_identify(.) by extensions ['ros']
[0.846s] Level 1:colcon.colcon_core.package_identification:_identify(.) by extension 'ros'
[0.857s] Level 1:colcon.colcon_core.package_identification:_identify(.) by extensions ['cmake', 'python']
[0.857s] Level 1:colcon.colcon_core.package_identification:_identify(.) by extension 'cmake'
[0.857s] Level 1:colcon.colcon_core.package_identification:_identify(.) by extension 'python'
[0.857s] Level 1:colcon.colcon_core.package_identification:_identify(.) by extensions ['python_setup_py']
[0.857s] Level 1:colcon.colcon_core.package_identification:_identify(.) by extension 'python_setup_py'
[0.858s] Level 1:colcon.colcon_core.package_identification:_identify(build) by extensions ['ignore', 'ignore_ament_install']
[0.858s] Level 1:colcon.colcon_core.package_identification:_identify(build) by extension 'ignore'
[0.858s] Level 1:colcon.colcon_core.package_identification:_identify(build) ignored
[0.858s] Level 1:colcon.colcon_core.package_identification:_identify(install) by extensions ['ignore', 'ignore_ament_install']
[0.858s] Level 1:colcon.colcon_core.package_identification:_identify(install) by extension 'ignore'
[0.858s] Level 1:colcon.colcon_core.package_identification:_identify(install) ignored
[0.858s] Level 1:colcon.colcon_core.package_identification:_identify(log) by extensions ['ignore', 'ignore_ament_install']
[0.858s] Level 1:colcon.colcon_core.package_identification:_identify(log) by extension 'ignore'
[0.858s] Level 1:colcon.colcon_core.package_identification:_identify(log) ignored
[0.858s] Level 1:colcon.colcon_core.package_identification:_identify(src) by extensions ['ignore', 'ignore_ament_install']
[0.858s] Level 1:colcon.colcon_core.package_identification:_identify(src) by extension 'ignore'
[0.858s] Level 1:colcon.colcon_core.package_identification:_identify(src) by extension 'ignore_ament_install'
[0.858s] Level 1:colcon.colcon_core.package_identification:_identify(src) by extensions ['colcon_pkg']
[0.858s] Level 1:colcon.colcon_core.package_identification:_identify(src) by extension 'colcon_pkg'
[0.858s] Level 1:colcon.colcon_core.package_identification:_identify(src) by extensions ['colcon_meta']
[0.858s] Level 1:colcon.colcon_core.package_identification:_identify(src) by extension 'colcon_meta'
[0.859s] Level 1:colcon.colcon_core.package_identification:_identify(src) by extensions ['ros']
[0.859s] Level 1:colcon.colcon_core.package_identification:_identify(src) by extension 'ros'
[0.859s] Level 1:colcon.colcon_core.package_identification:_identify(src) by extensions ['cmake', 'python']
[0.859s] Level 1:colcon.colcon_core.package_identification:_identify(src) by extension 'cmake'
[0.859s] Level 1:colcon.colcon_core.package_identification:_identify(src) by extension 'python'
[0.859s] Level 1:colcon.colcon_core.package_identification:_identify(src) by extensions ['python_setup_py']
[0.859s] Level 1:colcon.colcon_core.package_identification:_identify(src) by extension 'python_setup_py'
[0.859s] Level 1:colcon.colcon_core.package_identification:_identify(src/build) by extensions ['ignore', 'ignore_ament_install']
[0.859s] Level 1:colcon.colcon_core.package_identification:_identify(src/build) by extension 'ignore'
[0.859s] Level 1:colcon.colcon_core.package_identification:_identify(src/build) ignored
[0.859s] Level 1:colcon.colcon_core.package_identification:_identify(src/install) by extensions ['ignore', 'ignore_ament_install']
[0.859s] Level 1:colcon.colcon_core.package_identification:_identify(src/install) by extension 'ignore'
[0.859s] Level 1:colcon.colcon_core.package_identification:_identify(src/install) ignored
[0.859s] Level 1:colcon.colcon_core.package_identification:_identify(src/joy2twist) by extensions ['ignore', 'ignore_ament_install']
[0.859s] Level 1:colcon.colcon_core.package_identification:_identify(src/joy2twist) by extension 'ignore'
[0.859s] Level 1:colcon.colcon_core.package_identification:_identify(src/joy2twist) by extension 'ignore_ament_install'
[0.859s] Level 1:colcon.colcon_core.package_identification:_identify(src/joy2twist) by extensions ['colcon_pkg']
[0.859s] Level 1:colcon.colcon_core.package_identification:_identify(src/joy2twist) by extension 'colcon_pkg'
[0.860s] Level 1:colcon.colcon_core.package_identification:_identify(src/joy2twist) by extensions ['colcon_meta']
[0.860s] Level 1:colcon.colcon_core.package_identification:_identify(src/joy2twist) by extension 'colcon_meta'
[0.860s] Level 1:colcon.colcon_core.package_identification:_identify(src/joy2twist) by extensions ['ros']
[0.860s] Level 1:colcon.colcon_core.package_identification:_identify(src/joy2twist) by extension 'ros'
[0.860s] Level 1:colcon.colcon_core.package_identification:_identify(src/joy2twist) by extensions ['cmake', 'python']
[0.860s] Level 1:colcon.colcon_core.package_identification:_identify(src/joy2twist) by extension 'cmake'
[0.860s] Level 1:colcon.colcon_core.package_identification:_identify(src/joy2twist) by extension 'python'
[0.860s] Level 1:colcon.colcon_core.package_identification:_identify(src/joy2twist) by extensions ['python_setup_py']
[0.860s] Level 1:colcon.colcon_core.package_identification:_identify(src/joy2twist) by extension 'python_setup_py'
[0.860s] Level 1:colcon.colcon_core.package_identification:_identify(src/joy2twist/demo) by extensions ['ignore', 'ignore_ament_install']
[0.860s] Level 1:colcon.colcon_core.package_identification:_identify(src/joy2twist/demo) by extension 'ignore'
[0.860s] Level 1:colcon.colcon_core.package_identification:_identify(src/joy2twist/demo) by extension 'ignore_ament_install'
[0.860s] Level 1:colcon.colcon_core.package_identification:_identify(src/joy2twist/demo) by extensions ['colcon_pkg']
[0.860s] Level 1:colcon.colcon_core.package_identification:_identify(src/joy2twist/demo) by extension 'colcon_pkg'
[0.860s] Level 1:colcon.colcon_core.package_identification:_identify(src/joy2twist/demo) by extensions ['colcon_meta']
[0.860s] Level 1:colcon.colcon_core.package_identification:_identify(src/joy2twist/demo) by extension 'colcon_meta'
[0.860s] Level 1:colcon.colcon_core.package_identification:_identify(src/joy2twist/demo) by extensions ['ros']
[0.860s] Level 1:colcon.colcon_core.package_identification:_identify(src/joy2twist/demo) by extension 'ros'
[0.860s] Level 1:colcon.colcon_core.package_identification:_identify(src/joy2twist/demo) by extensions ['cmake', 'python']
[0.860s] Level 1:colcon.colcon_core.package_identification:_identify(src/joy2twist/demo) by extension 'cmake'
[0.861s] Level 1:colcon.colcon_core.package_identification:_identify(src/joy2twist/demo) by extension 'python'
[0.861s] Level 1:colcon.colcon_core.package_identification:_identify(src/joy2twist/demo) by extensions ['python_setup_py']
[0.861s] Level 1:colcon.colcon_core.package_identification:_identify(src/joy2twist/demo) by extension 'python_setup_py'
[0.861s] Level 1:colcon.colcon_core.package_identification:_identify(src/joy2twist/joy2twist) by extensions ['ignore', 'ignore_ament_install']
[0.861s] Level 1:colcon.colcon_core.package_identification:_identify(src/joy2twist/joy2twist) by extension 'ignore'
[0.861s] Level 1:colcon.colcon_core.package_identification:_identify(src/joy2twist/joy2twist) by extension 'ignore_ament_install'
[0.861s] Level 1:colcon.colcon_core.package_identification:_identify(src/joy2twist/joy2twist) by extensions ['colcon_pkg']
[0.861s] Level 1:colcon.colcon_core.package_identification:_identify(src/joy2twist/joy2twist) by extension 'colcon_pkg'
[0.861s] Level 1:colcon.colcon_core.package_identification:_identify(src/joy2twist/joy2twist) by extensions ['colcon_meta']
[0.861s] Level 1:colcon.colcon_core.package_identification:_identify(src/joy2twist/joy2twist) by extension 'colcon_meta'
[0.861s] Level 1:colcon.colcon_core.package_identification:_identify(src/joy2twist/joy2twist) by extensions ['ros']
[0.861s] Level 1:colcon.colcon_core.package_identification:_identify(src/joy2twist/joy2twist) by extension 'ros'
[0.863s] DEBUG:colcon.colcon_core.package_identification:Package 'src/joy2twist/joy2twist' with type 'ros.ament_cmake' and name 'joy2twist'
[0.864s] Level 1:colcon.colcon_core.package_identification:_identify(src/lib_wifibot) by extensions ['ignore', 'ignore_ament_install']
[0.864s] Level 1:colcon.colcon_core.package_identification:_identify(src/lib_wifibot) by extension 'ignore'
[0.864s] Level 1:colcon.colcon_core.package_identification:_identify(src/lib_wifibot) by extension 'ignore_ament_install'
[0.864s] Level 1:colcon.colcon_core.package_identification:_identify(src/lib_wifibot) by extensions ['colcon_pkg']
[0.864s] Level 1:colcon.colcon_core.package_identification:_identify(src/lib_wifibot) by extension 'colcon_pkg'
[0.864s] Level 1:colcon.colcon_core.package_identification:_identify(src/lib_wifibot) by extensions ['colcon_meta']
[0.864s] Level 1:colcon.colcon_core.package_identification:_identify(src/lib_wifibot) by extension 'colcon_meta'
[0.864s] Level 1:colcon.colcon_core.package_identification:_identify(src/lib_wifibot) by extensions ['ros']
[0.864s] Level 1:colcon.colcon_core.package_identification:_identify(src/lib_wifibot) by extension 'ros'
[0.864s] DEBUG:colcon.colcon_core.package_identification:Package 'src/lib_wifibot' with type 'ros.ament_cmake' and name 'lib_wifibot'
[0.864s] Level 1:colcon.colcon_core.package_identification:_identify(src/log) by extensions ['ignore', 'ignore_ament_install']
[0.865s] Level 1:colcon.colcon_core.package_identification:_identify(src/log) by extension 'ignore'
[0.865s] Level 1:colcon.colcon_core.package_identification:_identify(src/log) ignored
[0.865s] Level 1:colcon.colcon_core.package_identification:_identify(src/roswifibot) by extensions ['ignore', 'ignore_ament_install']
[0.865s] Level 1:colcon.colcon_core.package_identification:_identify(src/roswifibot) by extension 'ignore'
[0.865s] Level 1:colcon.colcon_core.package_identification:_identify(src/roswifibot) by extension 'ignore_ament_install'
[0.865s] Level 1:colcon.colcon_core.package_identification:_identify(src/roswifibot) by extensions ['colcon_pkg']
[0.865s] Level 1:colcon.colcon_core.package_identification:_identify(src/roswifibot) by extension 'colcon_pkg'
[0.865s] Level 1:colcon.colcon_core.package_identification:_identify(src/roswifibot) by extensions ['colcon_meta']
[0.865s] Level 1:colcon.colcon_core.package_identification:_identify(src/roswifibot) by extension 'colcon_meta'
[0.865s] Level 1:colcon.colcon_core.package_identification:_identify(src/roswifibot) by extensions ['ros']
[0.865s] Level 1:colcon.colcon_core.package_identification:_identify(src/roswifibot) by extension 'ros'
[0.866s] DEBUG:colcon.colcon_core.package_identification:Package 'src/roswifibot' with type 'ros.ament_cmake' and name 'roswifibot'
[0.866s] Level 1:colcon.colcon_core.package_identification:_identify(src/wifibot_msgs) by extensions ['ignore', 'ignore_ament_install']
[0.866s] Level 1:colcon.colcon_core.package_identification:_identify(src/wifibot_msgs) by extension 'ignore'
[0.866s] Level 1:colcon.colcon_core.package_identification:_identify(src/wifibot_msgs) by extension 'ignore_ament_install'
[0.866s] Level 1:colcon.colcon_core.package_identification:_identify(src/wifibot_msgs) by extensions ['colcon_pkg']
[0.866s] Level 1:colcon.colcon_core.package_identification:_identify(src/wifibot_msgs) by extension 'colcon_pkg'
[0.866s] Level 1:colcon.colcon_core.package_identification:_identify(src/wifibot_msgs) by extensions ['colcon_meta']
[0.866s] Level 1:colcon.colcon_core.package_identification:_identify(src/wifibot_msgs) by extension 'colcon_meta'
[0.866s] Level 1:colcon.colcon_core.package_identification:_identify(src/wifibot_msgs) by extensions ['ros']
[0.866s] Level 1:colcon.colcon_core.package_identification:_identify(src/wifibot_msgs) by extension 'ros'
[0.866s] DEBUG:colcon.colcon_core.package_identification:Package 'src/wifibot_msgs' with type 'ros.ament_cmake' and name 'wifibot_msgs'
[0.867s] Level 1:colcon.colcon_core.package_discovery:discover_packages(recursive) using defaults
[0.867s] Level 1:colcon.colcon_core.package_discovery:discover_packages(ignore) discover
[0.867s] Level 1:colcon.colcon_core.package_discovery:discover_packages(ignore) using defaults
[0.867s] Level 1:colcon.colcon_core.package_discovery:discover_packages(path) discover
[0.867s] Level 1:colcon.colcon_core.package_discovery:discover_packages(path) using defaults
[0.950s] Level 1:colcon.colcon_core.package_discovery:discover_packages(prefix_path) check parameters
[0.950s] Level 1:colcon.colcon_core.package_discovery:discover_packages(prefix_path) discover
[0.974s] DEBUG:colcon.colcon_installed_package_information.package_discovery:Found 4 installed packages in /home/greg/ros2_ws/install
[0.987s] DEBUG:colcon.colcon_installed_package_information.package_discovery:Found 226 installed packages in /opt/ros/humble
[0.988s] Level 1:colcon.colcon_core.package_discovery:discover_packages(prefix_path) using defaults
[1.065s] Level 5:colcon.colcon_core.verb:set package 'joy2twist' build argument 'cmake_args' from command line to 'None'
[1.065s] Level 5:colcon.colcon_core.verb:set package 'joy2twist' build argument 'cmake_target' from command line to 'None'
[1.065s] Level 5:colcon.colcon_core.verb:set package 'joy2twist' build argument 'cmake_target_skip_unavailable' from command line to 'False'
[1.065s] Level 5:colcon.colcon_core.verb:set package 'joy2twist' build argument 'cmake_clean_cache' from command line to 'False'
[1.065s] Level 5:colcon.colcon_core.verb:set package 'joy2twist' build argument 'cmake_clean_first' from command line to 'False'
[1.065s] Level 5:colcon.colcon_core.verb:set package 'joy2twist' build argument 'cmake_force_configure' from command line to 'False'
[1.065s] Level 5:colcon.colcon_core.verb:set package 'joy2twist' build argument 'ament_cmake_args' from command line to 'None'
[1.065s] Level 5:colcon.colcon_core.verb:set package 'joy2twist' build argument 'catkin_cmake_args' from command line to 'None'
[1.065s] Level 5:colcon.colcon_core.verb:set package 'joy2twist' build argument 'catkin_skip_building_tests' from command line to 'False'
[1.065s] DEBUG:colcon.colcon_core.verb:Building package 'joy2twist' with the following arguments: {'ament_cmake_args': None, 'build_base': '/home/greg/ros2_ws/build/joy2twist', 'catkin_cmake_args': None, 'catkin_skip_building_tests': False, 'cmake_args': None, 'cmake_clean_cache': False, 'cmake_clean_first': False, 'cmake_force_configure': False, 'cmake_target': None, 'cmake_target_skip_unavailable': False, 'install_base': '/home/greg/ros2_ws/install/joy2twist', 'merge_install': False, 'path': '/home/greg/ros2_ws/src/joy2twist/joy2twist', 'symlink_install': False, 'test_result_base': None}
[1.078s] Level 5:colcon.colcon_core.verb:set package 'lib_wifibot' build argument 'cmake_args' from command line to 'None'
[1.078s] Level 5:colcon.colcon_core.verb:set package 'lib_wifibot' build argument 'cmake_target' from command line to 'None'
[1.078s] Level 5:colcon.colcon_core.verb:set package 'lib_wifibot' build argument 'cmake_target_skip_unavailable' from command line to 'False'
[1.078s] Level 5:colcon.colcon_core.verb:set package 'lib_wifibot' build argument 'cmake_clean_cache' from command line to 'False'
[1.078s] Level 5:colcon.colcon_core.verb:set package 'lib_wifibot' build argument 'cmake_clean_first' from command line to 'False'
[1.078s] Level 5:colcon.colcon_core.verb:set package 'lib_wifibot' build argument 'cmake_force_configure' from command line to 'False'
[1.078s] Level 5:colcon.colcon_core.verb:set package 'lib_wifibot' build argument 'ament_cmake_args' from command line to 'None'
[1.078s] Level 5:colcon.colcon_core.verb:set package 'lib_wifibot' build argument 'catkin_cmake_args' from command line to 'None'
[1.078s] Level 5:colcon.colcon_core.verb:set package 'lib_wifibot' build argument 'catkin_skip_building_tests' from command line to 'False'
[1.078s] DEBUG:colcon.colcon_core.verb:Building package 'lib_wifibot' with the following arguments: {'ament_cmake_args': None, 'build_base': '/home/greg/ros2_ws/build/lib_wifibot', 'catkin_cmake_args': None, 'catkin_skip_building_tests': False, 'cmake_args': None, 'cmake_clean_cache': False, 'cmake_clean_first': False, 'cmake_force_configure': False, 'cmake_target': None, 'cmake_target_skip_unavailable': False, 'install_base': '/home/greg/ros2_ws/install/lib_wifibot', 'merge_install': False, 'path': '/home/greg/ros2_ws/src/lib_wifibot', 'symlink_install': False, 'test_result_base': None}
[1.090s] Level 5:colcon.colcon_core.verb:set package 'wifibot_msgs' build argument 'cmake_args' from command line to 'None'
[1.090s] Level 5:colcon.colcon_core.verb:set package 'wifibot_msgs' build argument 'cmake_target' from command line to 'None'
[1.090s] Level 5:colcon.colcon_core.verb:set package 'wifibot_msgs' build argument 'cmake_target_skip_unavailable' from command line to 'False'
[1.090s] Level 5:colcon.colcon_core.verb:set package 'wifibot_msgs' build argument 'cmake_clean_cache' from command line to 'False'
[1.090s] Level 5:colcon.colcon_core.verb:set package 'wifibot_msgs' build argument 'cmake_clean_first' from command line to 'False'
[1.090s] Level 5:colcon.colcon_core.verb:set package 'wifibot_msgs' build argument 'cmake_force_configure' from command line to 'False'
[1.090s] Level 5:colcon.colcon_core.verb:set package 'wifibot_msgs' build argument 'ament_cmake_args' from command line to 'None'
[1.090s] Level 5:colcon.colcon_core.verb:set package 'wifibot_msgs' build argument 'catkin_cmake_args' from command line to 'None'
[1.090s] Level 5:colcon.colcon_core.verb:set package 'wifibot_msgs' build argument 'catkin_skip_building_tests' from command line to 'False'
[1.090s] DEBUG:colcon.colcon_core.verb:Building package 'wifibot_msgs' with the following arguments: {'ament_cmake_args': None, 'build_base': '/home/greg/ros2_ws/build/wifibot_msgs', 'catkin_cmake_args': None, 'catkin_skip_building_tests': False, 'cmake_args': None, 'cmake_clean_cache': False, 'cmake_clean_first': False, 'cmake_force_configure': False, 'cmake_target': None, 'cmake_target_skip_unavailable': False, 'install_base': '/home/greg/ros2_ws/install/wifibot_msgs', 'merge_install': False, 'path': '/home/greg/ros2_ws/src/wifibot_msgs', 'symlink_install': False, 'test_result_base': None}
[1.101s] Level 5:colcon.colcon_core.verb:set package 'roswifibot' build argument 'cmake_args' from command line to 'None'
[1.101s] Level 5:colcon.colcon_core.verb:set package 'roswifibot' build argument 'cmake_target' from command line to 'None'
[1.101s] Level 5:colcon.colcon_core.verb:set package 'roswifibot' build argument 'cmake_target_skip_unavailable' from command line to 'False'
[1.101s] Level 5:colcon.colcon_core.verb:set package 'roswifibot' build argument 'cmake_clean_cache' from command line to 'False'
[1.101s] Level 5:colcon.colcon_core.verb:set package 'roswifibot' build argument 'cmake_clean_first' from command line to 'False'
[1.101s] Level 5:colcon.colcon_core.verb:set package 'roswifibot' build argument 'cmake_force_configure' from command line to 'False'
[1.101s] Level 5:colcon.colcon_core.verb:set package 'roswifibot' build argument 'ament_cmake_args' from command line to 'None'
[1.101s] Level 5:colcon.colcon_core.verb:set package 'roswifibot' build argument 'catkin_cmake_args' from command line to 'None'
[1.101s] Level 5:colcon.colcon_core.verb:set package 'roswifibot' build argument 'catkin_skip_building_tests' from command line to 'False'
[1.101s] DEBUG:colcon.colcon_core.verb:Building package 'roswifibot' with the following arguments: {'ament_cmake_args': None, 'build_base': '/home/greg/ros2_ws/build/roswifibot', 'catkin_cmake_args': None, 'catkin_skip_building_tests': False, 'cmake_args': None, 'cmake_clean_cache': False, 'cmake_clean_first': False, 'cmake_force_configure': False, 'cmake_target': None, 'cmake_target_skip_unavailable': False, 'install_base': '/home/greg/ros2_ws/install/roswifibot', 'merge_install': False, 'path': '/home/greg/ros2_ws/src/roswifibot', 'symlink_install': False, 'test_result_base': None}
[1.115s] INFO:colcon.colcon_core.executor:Executing jobs using 'parallel' executor
[1.129s] DEBUG:colcon.colcon_parallel_executor.executor.parallel:run_until_complete
[1.129s] INFO:colcon.colcon_ros.task.ament_cmake.build:Building ROS package in '/home/greg/ros2_ws/src/wifibot_msgs' with build type 'ament_cmake'
[1.129s] INFO:colcon.colcon_cmake.task.cmake.build:Building CMake package in '/home/greg/ros2_ws/src/wifibot_msgs'
[1.147s] INFO:colcon.colcon_core.plugin_system:Skipping extension 'colcon_core.shell.bat': Not used on non-Windows systems
[1.148s] INFO:colcon.colcon_core.shell:Skip shell extension 'powershell' for command environment: Not usable outside of PowerShell
[1.148s] DEBUG:colcon.colcon_core.shell:Skip shell extension 'dsv' for command environment
[1.187s] INFO:colcon.colcon_ros.task.ament_cmake.build:Building ROS package in '/home/greg/ros2_ws/src/joy2twist/joy2twist' with build type 'ament_cmake'
[1.187s] INFO:colcon.colcon_cmake.task.cmake.build:Building CMake package in '/home/greg/ros2_ws/src/joy2twist/joy2twist'
[1.199s] INFO:colcon.colcon_core.shell:Skip shell extension 'powershell' for command environment: Not usable outside of PowerShell
[1.199s] DEBUG:colcon.colcon_core.shell:Skip shell extension 'dsv' for command environment
[1.239s] INFO:colcon.colcon_ros.task.ament_cmake.build:Building ROS package in '/home/greg/ros2_ws/src/lib_wifibot' with build type 'ament_cmake'
[1.240s] INFO:colcon.colcon_cmake.task.cmake.build:Building CMake package in '/home/greg/ros2_ws/src/lib_wifibot'
[1.252s] INFO:colcon.colcon_core.shell:Skip shell extension 'powershell' for command environment: Not usable outside of PowerShell
[1.252s] DEBUG:colcon.colcon_core.shell:Skip shell extension 'dsv' for command environment
[1.297s] DEBUG:colcon.colcon_core.event_handler.log_command:Invoking command in '/home/greg/ros2_ws/build/wifibot_msgs': CMAKE_PREFIX_PATH=${CMAKE_PREFIX_PATH}:/opt/ros/humble /usr/bin/cmake --build /home/greg/ros2_ws/build/wifibot_msgs -- -j16 -l16
[1.303s] DEBUG:colcon.colcon_core.event_handler.log_command:Invoking command in '/home/greg/ros2_ws/build/joy2twist': CMAKE_PREFIX_PATH=${CMAKE_PREFIX_PATH}:/opt/ros/humble /usr/bin/cmake --build /home/greg/ros2_ws/build/joy2twist -- -j16 -l16
[1.307s] DEBUG:colcon.colcon_core.event_handler.log_command:Invoking command in '/home/greg/ros2_ws/build/lib_wifibot': CMAKE_PREFIX_PATH=${CMAKE_PREFIX_PATH}:/opt/ros/humble /usr/bin/cmake --build /home/greg/ros2_ws/build/lib_wifibot -- -j16 -l16
[1.384s] DEBUG:colcon.colcon_core.event_handler.log_command:Invoked command in '/home/greg/ros2_ws/build/lib_wifibot' returned '0': CMAKE_PREFIX_PATH=${CMAKE_PREFIX_PATH}:/opt/ros/humble /usr/bin/cmake --build /home/greg/ros2_ws/build/lib_wifibot -- -j16 -l16
[1.396s] DEBUG:colcon.colcon_core.event_handler.log_command:Invoked command in '/home/greg/ros2_ws/build/joy2twist' returned '0': CMAKE_PREFIX_PATH=${CMAKE_PREFIX_PATH}:/opt/ros/humble /usr/bin/cmake --build /home/greg/ros2_ws/build/joy2twist -- -j16 -l16
[1.440s] DEBUG:colcon.colcon_core.event_handler.log_command:Invoking command in '/home/greg/ros2_ws/build/lib_wifibot': CMAKE_PREFIX_PATH=${CMAKE_PREFIX_PATH}:/opt/ros/humble /usr/bin/cmake --install /home/greg/ros2_ws/build/lib_wifibot
[1.443s] DEBUG:colcon.colcon_core.event_handler.log_command:Invoking command in '/home/greg/ros2_ws/build/joy2twist': CMAKE_PREFIX_PATH=${CMAKE_PREFIX_PATH}:/opt/ros/humble /usr/bin/cmake --install /home/greg/ros2_ws/build/joy2twist
[1.453s] Level 1:colcon.colcon_core.environment:create_environment_scripts_only(lib_wifibot)
[1.459s] DEBUG:colcon.colcon_core.event_handler.log_command:Invoked command in '/home/greg/ros2_ws/build/lib_wifibot' returned '0': CMAKE_PREFIX_PATH=${CMAKE_PREFIX_PATH}:/opt/ros/humble /usr/bin/cmake --install /home/greg/ros2_ws/build/lib_wifibot
[1.472s] Level 1:colcon.colcon_core.environment:checking '/home/greg/ros2_ws/install/lib_wifibot' for CMake module files
[1.473s] Level 1:colcon.colcon_core.environment:checking '/home/greg/ros2_ws/install/lib_wifibot' for CMake config files
[1.473s] Level 1:colcon.colcon_core.shell:create_environment_hook('lib_wifibot', 'cmake_prefix_path')
[1.483s] INFO:colcon.colcon_core.shell:Creating environment hook '/home/greg/ros2_ws/install/lib_wifibot/share/lib_wifibot/hook/cmake_prefix_path.ps1'
[1.484s] INFO:colcon.colcon_core.shell:Creating environment descriptor '/home/greg/ros2_ws/install/lib_wifibot/share/lib_wifibot/hook/cmake_prefix_path.dsv'
[1.484s] INFO:colcon.colcon_core.shell:Creating environment hook '/home/greg/ros2_ws/install/lib_wifibot/share/lib_wifibot/hook/cmake_prefix_path.sh'
[1.486s] Level 1:colcon.colcon_core.environment:checking '/home/greg/ros2_ws/install/lib_wifibot/lib'
[1.486s] Level 1:colcon.colcon_core.environment:checking '/home/greg/ros2_ws/install/lib_wifibot/bin'
[1.486s] Level 1:colcon.colcon_core.environment:checking '/home/greg/ros2_ws/install/lib_wifibot/lib/pkgconfig/lib_wifibot.pc'
[1.486s] Level 1:colcon.colcon_core.environment:checking '/home/greg/ros2_ws/install/lib_wifibot/lib/python3.10/site-packages'
[1.486s] Level 1:colcon.colcon_core.environment:checking '/home/greg/ros2_ws/install/lib_wifibot/bin'
[1.501s] INFO:colcon.colcon_core.shell:Creating package script '/home/greg/ros2_ws/install/lib_wifibot/share/lib_wifibot/package.ps1'
[1.502s] INFO:colcon.colcon_core.shell:Creating package descriptor '/home/greg/ros2_ws/install/lib_wifibot/share/lib_wifibot/package.dsv'
[1.503s] INFO:colcon.colcon_core.shell:Creating package script '/home/greg/ros2_ws/install/lib_wifibot/share/lib_wifibot/package.sh'
[1.505s] INFO:colcon.colcon_core.shell:Creating package script '/home/greg/ros2_ws/install/lib_wifibot/share/lib_wifibot/package.bash'
[1.506s] INFO:colcon.colcon_core.shell:Creating package script '/home/greg/ros2_ws/install/lib_wifibot/share/lib_wifibot/package.zsh'
[1.507s] Level 1:colcon.colcon_core.environment:create_file_with_runtime_dependencies(/home/greg/ros2_ws/install/lib_wifibot/share/colcon-core/packages/lib_wifibot)
[1.509s] Level 1:colcon.colcon_core.environment:create_environment_scripts_only(joy2twist)
[1.510s] DEBUG:colcon.colcon_core.event_handler.log_command:Invoked command in '/home/greg/ros2_ws/build/joy2twist' returned '0': CMAKE_PREFIX_PATH=${CMAKE_PREFIX_PATH}:/opt/ros/humble /usr/bin/cmake --install /home/greg/ros2_ws/build/joy2twist
[1.525s] Level 1:colcon.colcon_core.environment:checking '/home/greg/ros2_ws/install/joy2twist' for CMake module files
[1.526s] Level 1:colcon.colcon_core.environment:checking '/home/greg/ros2_ws/install/joy2twist' for CMake config files
[1.526s] Level 1:colcon.colcon_core.shell:create_environment_hook('joy2twist', 'cmake_prefix_path')
[1.537s] INFO:colcon.colcon_core.shell:Creating environment hook '/home/greg/ros2_ws/install/joy2twist/share/joy2twist/hook/cmake_prefix_path.ps1'
[1.538s] INFO:colcon.colcon_core.shell:Creating environment descriptor '/home/greg/ros2_ws/install/joy2twist/share/joy2twist/hook/cmake_prefix_path.dsv'
[1.538s] INFO:colcon.colcon_core.shell:Creating environment hook '/home/greg/ros2_ws/install/joy2twist/share/joy2twist/hook/cmake_prefix_path.sh'
[1.539s] Level 1:colcon.colcon_core.environment:checking '/home/greg/ros2_ws/install/joy2twist/lib'
[1.539s] Level 1:colcon.colcon_core.environment:checking '/home/greg/ros2_ws/install/joy2twist/bin'
[1.539s] Level 1:colcon.colcon_core.environment:checking '/home/greg/ros2_ws/install/joy2twist/lib/pkgconfig/joy2twist.pc'
[1.539s] Level 1:colcon.colcon_core.environment:checking '/home/greg/ros2_ws/install/joy2twist/lib/python3.10/site-packages'
[1.539s] Level 1:colcon.colcon_core.environment:checking '/home/greg/ros2_ws/install/joy2twist/bin'
[1.550s] INFO:colcon.colcon_core.shell:Creating package script '/home/greg/ros2_ws/install/joy2twist/share/joy2twist/package.ps1'
[1.551s] INFO:colcon.colcon_core.shell:Creating package descriptor '/home/greg/ros2_ws/install/joy2twist/share/joy2twist/package.dsv'
[1.552s] INFO:colcon.colcon_core.shell:Creating package script '/home/greg/ros2_ws/install/joy2twist/share/joy2twist/package.sh'
[1.552s] INFO:colcon.colcon_core.shell:Creating package script '/home/greg/ros2_ws/install/joy2twist/share/joy2twist/package.bash'
[1.553s] INFO:colcon.colcon_core.shell:Creating package script '/home/greg/ros2_ws/install/joy2twist/share/joy2twist/package.zsh'
[1.553s] Level 1:colcon.colcon_core.environment:create_file_with_runtime_dependencies(/home/greg/ros2_ws/install/joy2twist/share/colcon-core/packages/joy2twist)
[1.565s] Level 1:colcon.colcon_core.environment:create_environment_scripts_only(lib_wifibot)
[1.578s] Level 1:colcon.colcon_core.environment:checking '/home/greg/ros2_ws/install/lib_wifibot' for CMake module files
[1.578s] Level 1:colcon.colcon_core.environment:checking '/home/greg/ros2_ws/install/lib_wifibot' for CMake config files
[1.578s] Level 1:colcon.colcon_core.shell:create_environment_hook('lib_wifibot', 'cmake_prefix_path')
[1.589s] INFO:colcon.colcon_core.shell:Creating environment hook '/home/greg/ros2_ws/install/lib_wifibot/share/lib_wifibot/hook/cmake_prefix_path.ps1'
[1.590s] INFO:colcon.colcon_core.shell:Creating environment descriptor '/home/greg/ros2_ws/install/lib_wifibot/share/lib_wifibot/hook/cmake_prefix_path.dsv'
[1.591s] INFO:colcon.colcon_core.shell:Creating environment hook '/home/greg/ros2_ws/install/lib_wifibot/share/lib_wifibot/hook/cmake_prefix_path.sh'
[1.591s] Level 1:colcon.colcon_core.environment:checking '/home/greg/ros2_ws/install/lib_wifibot/lib'
[1.591s] Level 1:colcon.colcon_core.environment:checking '/home/greg/ros2_ws/install/lib_wifibot/bin'
[1.591s] Level 1:colcon.colcon_core.environment:checking '/home/greg/ros2_ws/install/lib_wifibot/lib/pkgconfig/lib_wifibot.pc'
[1.592s] Level 1:colcon.colcon_core.environment:checking '/home/greg/ros2_ws/install/lib_wifibot/lib/python3.10/site-packages'
[1.592s] Level 1:colcon.colcon_core.environment:checking '/home/greg/ros2_ws/install/lib_wifibot/bin'
[1.603s] INFO:colcon.colcon_core.shell:Creating package script '/home/greg/ros2_ws/install/lib_wifibot/share/lib_wifibot/package.ps1'
[1.604s] INFO:colcon.colcon_core.shell:Creating package descriptor '/home/greg/ros2_ws/install/lib_wifibot/share/lib_wifibot/package.dsv'
[1.606s] INFO:colcon.colcon_core.shell:Creating package script '/home/greg/ros2_ws/install/lib_wifibot/share/lib_wifibot/package.sh'
[1.606s] INFO:colcon.colcon_core.shell:Creating package script '/home/greg/ros2_ws/install/lib_wifibot/share/lib_wifibot/package.bash'
[1.607s] INFO:colcon.colcon_core.shell:Creating package script '/home/greg/ros2_ws/install/lib_wifibot/share/lib_wifibot/package.zsh'
[1.608s] Level 1:colcon.colcon_core.environment:create_file_with_runtime_dependencies(/home/greg/ros2_ws/install/lib_wifibot/share/colcon-core/packages/lib_wifibot)
[1.623s] Level 1:colcon.colcon_core.environment:create_environment_scripts_only(joy2twist)
[1.636s] Level 1:colcon.colcon_core.environment:checking '/home/greg/ros2_ws/install/joy2twist' for CMake module files
[1.637s] Level 1:colcon.colcon_core.environment:checking '/home/greg/ros2_ws/install/joy2twist' for CMake config files
[1.637s] Level 1:colcon.colcon_core.shell:create_environment_hook('joy2twist', 'cmake_prefix_path')
[1.650s] INFO:colcon.colcon_core.shell:Creating environment hook '/home/greg/ros2_ws/install/joy2twist/share/joy2twist/hook/cmake_prefix_path.ps1'
[1.650s] INFO:colcon.colcon_core.shell:Creating environment descriptor '/home/greg/ros2_ws/install/joy2twist/share/joy2twist/hook/cmake_prefix_path.dsv'
[1.651s] INFO:colcon.colcon_core.shell:Creating environment hook '/home/greg/ros2_ws/install/joy2twist/share/joy2twist/hook/cmake_prefix_path.sh'
[1.651s] Level 1:colcon.colcon_core.environment:checking '/home/greg/ros2_ws/install/joy2twist/lib'
[1.651s] Level 1:colcon.colcon_core.environment:checking '/home/greg/ros2_ws/install/joy2twist/bin'
[1.651s] Level 1:colcon.colcon_core.environment:checking '/home/greg/ros2_ws/install/joy2twist/lib/pkgconfig/joy2twist.pc'
[1.652s] Level 1:colcon.colcon_core.environment:checking '/home/greg/ros2_ws/install/joy2twist/lib/python3.10/site-packages'
[1.652s] Level 1:colcon.colcon_core.environment:checking '/home/greg/ros2_ws/install/joy2twist/bin'
[1.663s] INFO:colcon.colcon_core.shell:Creating package script '/home/greg/ros2_ws/install/joy2twist/share/joy2twist/package.ps1'
[1.664s] INFO:colcon.colcon_core.shell:Creating package descriptor '/home/greg/ros2_ws/install/joy2twist/share/joy2twist/package.dsv'
[1.664s] INFO:colcon.colcon_core.shell:Creating package script '/home/greg/ros2_ws/install/joy2twist/share/joy2twist/package.sh'
[1.665s] INFO:colcon.colcon_core.shell:Creating package script '/home/greg/ros2_ws/install/joy2twist/share/joy2twist/package.bash'
[1.665s] INFO:colcon.colcon_core.shell:Creating package script '/home/greg/ros2_ws/install/joy2twist/share/joy2twist/package.zsh'
[1.666s] Level 1:colcon.colcon_core.environment:create_file_with_runtime_dependencies(/home/greg/ros2_ws/install/joy2twist/share/colcon-core/packages/joy2twist)
[1.669s] DEBUG:colcon.colcon_core.event_handler.log_command:Invoked command in '/home/greg/ros2_ws/build/wifibot_msgs' returned '0': CMAKE_PREFIX_PATH=${CMAKE_PREFIX_PATH}:/opt/ros/humble /usr/bin/cmake --build /home/greg/ros2_ws/build/wifibot_msgs -- -j16 -l16
[1.784s] DEBUG:colcon.colcon_core.event_handler.log_command:Invoking command in '/home/greg/ros2_ws/build/wifibot_msgs': CMAKE_PREFIX_PATH=${CMAKE_PREFIX_PATH}:/opt/ros/humble /usr/bin/cmake --install /home/greg/ros2_ws/build/wifibot_msgs
[1.838s] Level 1:colcon.colcon_core.environment:create_environment_scripts_only(wifibot_msgs)
[1.839s] DEBUG:colcon.colcon_core.event_handler.log_command:Invoked command in '/home/greg/ros2_ws/build/wifibot_msgs' returned '0': CMAKE_PREFIX_PATH=${CMAKE_PREFIX_PATH}:/opt/ros/humble /usr/bin/cmake --install /home/greg/ros2_ws/build/wifibot_msgs
[1.849s] Level 1:colcon.colcon_core.environment:checking '/home/greg/ros2_ws/install/wifibot_msgs' for CMake module files
[1.850s] Level 1:colcon.colcon_core.environment:checking '/home/greg/ros2_ws/install/wifibot_msgs' for CMake config files
[1.850s] Level 1:colcon.colcon_core.shell:create_environment_hook('wifibot_msgs', 'cmake_prefix_path')
[1.860s] INFO:colcon.colcon_core.shell:Creating environment hook '/home/greg/ros2_ws/install/wifibot_msgs/share/wifibot_msgs/hook/cmake_prefix_path.ps1'
[1.860s] INFO:colcon.colcon_core.shell:Creating environment descriptor '/home/greg/ros2_ws/install/wifibot_msgs/share/wifibot_msgs/hook/cmake_prefix_path.dsv'
[1.861s] INFO:colcon.colcon_core.shell:Creating environment hook '/home/greg/ros2_ws/install/wifibot_msgs/share/wifibot_msgs/hook/cmake_prefix_path.sh'
[1.862s] Level 1:colcon.colcon_core.environment:checking '/home/greg/ros2_ws/install/wifibot_msgs/lib'
[1.862s] Level 1:colcon.colcon_core.shell:create_environment_hook('wifibot_msgs', 'ld_library_path_lib')
[1.873s] INFO:colcon.colcon_core.shell:Creating environment hook '/home/greg/ros2_ws/install/wifibot_msgs/share/wifibot_msgs/hook/ld_library_path_lib.ps1'
[1.873s] INFO:colcon.colcon_core.shell:Creating environment descriptor '/home/greg/ros2_ws/install/wifibot_msgs/share/wifibot_msgs/hook/ld_library_path_lib.dsv'
[1.874s] INFO:colcon.colcon_core.shell:Creating environment hook '/home/greg/ros2_ws/install/wifibot_msgs/share/wifibot_msgs/hook/ld_library_path_lib.sh'
[1.874s] Level 1:colcon.colcon_core.environment:checking '/home/greg/ros2_ws/install/wifibot_msgs/bin'
[1.874s] Level 1:colcon.colcon_core.environment:checking '/home/greg/ros2_ws/install/wifibot_msgs/lib/pkgconfig/wifibot_msgs.pc'
[1.875s] Level 1:colcon.colcon_core.environment:checking '/home/greg/ros2_ws/install/wifibot_msgs/lib/python3.10/site-packages'
[1.875s] Level 1:colcon.colcon_core.environment:checking '/home/greg/ros2_ws/install/wifibot_msgs/bin'
[1.897s] INFO:colcon.colcon_core.shell:Creating package script '/home/greg/ros2_ws/install/wifibot_msgs/share/wifibot_msgs/package.ps1'
[1.898s] INFO:colcon.colcon_core.shell:Creating package descriptor '/home/greg/ros2_ws/install/wifibot_msgs/share/wifibot_msgs/package.dsv'
[1.898s] INFO:colcon.colcon_core.shell:Creating package script '/home/greg/ros2_ws/install/wifibot_msgs/share/wifibot_msgs/package.sh'
[1.899s] INFO:colcon.colcon_core.shell:Creating package script '/home/greg/ros2_ws/install/wifibot_msgs/share/wifibot_msgs/package.bash'
[1.899s] INFO:colcon.colcon_core.shell:Creating package script '/home/greg/ros2_ws/install/wifibot_msgs/share/wifibot_msgs/package.zsh'
[1.900s] Level 1:colcon.colcon_core.environment:create_file_with_runtime_dependencies(/home/greg/ros2_ws/install/wifibot_msgs/share/colcon-core/packages/wifibot_msgs)
[2.024s] Level 1:colcon.colcon_core.environment:create_environment_scripts_only(wifibot_msgs)
[2.035s] Level 1:colcon.colcon_core.environment:checking '/home/greg/ros2_ws/install/wifibot_msgs' for CMake module files
[2.036s] Level 1:colcon.colcon_core.environment:checking '/home/greg/ros2_ws/install/wifibot_msgs' for CMake config files
[2.036s] Level 1:colcon.colcon_core.shell:create_environment_hook('wifibot_msgs', 'cmake_prefix_path')
[2.047s] INFO:colcon.colcon_core.shell:Creating environment hook '/home/greg/ros2_ws/install/wifibot_msgs/share/wifibot_msgs/hook/cmake_prefix_path.ps1'
[2.048s] INFO:colcon.colcon_core.shell:Creating environment descriptor '/home/greg/ros2_ws/install/wifibot_msgs/share/wifibot_msgs/hook/cmake_prefix_path.dsv'
[2.048s] INFO:colcon.colcon_core.shell:Creating environment hook '/home/greg/ros2_ws/install/wifibot_msgs/share/wifibot_msgs/hook/cmake_prefix_path.sh'
[2.049s] Level 1:colcon.colcon_core.environment:checking '/home/greg/ros2_ws/install/wifibot_msgs/lib'
[2.049s] Level 1:colcon.colcon_core.shell:create_environment_hook('wifibot_msgs', 'ld_library_path_lib')
[2.060s] INFO:colcon.colcon_core.shell:Creating environment hook '/home/greg/ros2_ws/install/wifibot_msgs/share/wifibot_msgs/hook/ld_library_path_lib.ps1'
[2.061s] INFO:colcon.colcon_core.shell:Creating environment descriptor '/home/greg/ros2_ws/install/wifibot_msgs/share/wifibot_msgs/hook/ld_library_path_lib.dsv'
[2.061s] INFO:colcon.colcon_core.shell:Creating environment hook '/home/greg/ros2_ws/install/wifibot_msgs/share/wifibot_msgs/hook/ld_library_path_lib.sh'
[2.062s] Level 1:colcon.colcon_core.environment:checking '/home/greg/ros2_ws/install/wifibot_msgs/bin'
[2.062s] Level 1:colcon.colcon_core.environment:checking '/home/greg/ros2_ws/install/wifibot_msgs/lib/pkgconfig/wifibot_msgs.pc'
[2.062s] Level 1:colcon.colcon_core.environment:checking '/home/greg/ros2_ws/install/wifibot_msgs/lib/python3.10/site-packages'
[2.063s] Level 1:colcon.colcon_core.environment:checking '/home/greg/ros2_ws/install/wifibot_msgs/bin'
[2.074s] INFO:colcon.colcon_core.shell:Creating package script '/home/greg/ros2_ws/install/wifibot_msgs/share/wifibot_msgs/package.ps1'
[2.075s] INFO:colcon.colcon_core.shell:Creating package descriptor '/home/greg/ros2_ws/install/wifibot_msgs/share/wifibot_msgs/package.dsv'
[2.076s] INFO:colcon.colcon_core.shell:Creating package script '/home/greg/ros2_ws/install/wifibot_msgs/share/wifibot_msgs/package.sh'
[2.076s] INFO:colcon.colcon_core.shell:Creating package script '/home/greg/ros2_ws/install/wifibot_msgs/share/wifibot_msgs/package.bash'
[2.077s] INFO:colcon.colcon_core.shell:Creating package script '/home/greg/ros2_ws/install/wifibot_msgs/share/wifibot_msgs/package.zsh'
[2.077s] Level 1:colcon.colcon_core.environment:create_file_with_runtime_dependencies(/home/greg/ros2_ws/install/wifibot_msgs/share/colcon-core/packages/wifibot_msgs)
[2.078s] INFO:colcon.colcon_ros.task.ament_cmake.build:Building ROS package in '/home/greg/ros2_ws/src/roswifibot' with build type 'ament_cmake'
[2.078s] INFO:colcon.colcon_cmake.task.cmake.build:Building CMake package in '/home/greg/ros2_ws/src/roswifibot'
[2.090s] INFO:colcon.colcon_core.shell:Skip shell extension 'powershell' for command environment: Not usable outside of PowerShell
[2.090s] DEBUG:colcon.colcon_core.shell:Skip shell extension 'dsv' for command environment
[2.140s] DEBUG:colcon.colcon_core.event_handler.log_command:Invoking command in '/home/greg/ros2_ws/build/roswifibot': CMAKE_PREFIX_PATH=/home/greg/ros2_ws/install/wifibot_msgs:/home/greg/ros2_ws/install/roswifibot:/home/greg/ros2_ws/install/lib_wifibot:/home/greg/ros2_ws/install/joy2twist:/opt/ros/humble /usr/bin/cmake --build /home/greg/ros2_ws/build/roswifibot -- -j16 -l16
[5.877s] DEBUG:colcon.colcon_core.event_handler.log_command:Invoked command in '/home/greg/ros2_ws/build/roswifibot' returned '2': CMAKE_PREFIX_PATH=/home/greg/ros2_ws/install/wifibot_msgs:/home/greg/ros2_ws/install/roswifibot:/home/greg/ros2_ws/install/lib_wifibot:/home/greg/ros2_ws/install/joy2twist:/opt/ros/humble /usr/bin/cmake --build /home/greg/ros2_ws/build/roswifibot -- -j16 -l16
[5.932s] Level 1:colcon.colcon_core.environment:create_environment_scripts_only(roswifibot)
[5.943s] Level 1:colcon.colcon_core.environment:checking '/home/greg/ros2_ws/install/roswifibot' for CMake module files
[5.943s] Level 1:colcon.colcon_core.environment:checking '/home/greg/ros2_ws/install/roswifibot' for CMake config files
[5.944s] Level 1:colcon.colcon_core.shell:create_environment_hook('roswifibot', 'cmake_prefix_path')
[5.957s] INFO:colcon.colcon_core.shell:Creating environment hook '/home/greg/ros2_ws/install/roswifibot/share/roswifibot/hook/cmake_prefix_path.ps1'
[5.958s] INFO:colcon.colcon_core.shell:Creating environment descriptor '/home/greg/ros2_ws/install/roswifibot/share/roswifibot/hook/cmake_prefix_path.dsv'
[5.958s] INFO:colcon.colcon_core.shell:Creating environment hook '/home/greg/ros2_ws/install/roswifibot/share/roswifibot/hook/cmake_prefix_path.sh'
[5.959s] Level 1:colcon.colcon_core.environment:checking '/home/greg/ros2_ws/install/roswifibot/lib'
[5.959s] Level 1:colcon.colcon_core.environment:checking '/home/greg/ros2_ws/install/roswifibot/bin'
[5.959s] Level 1:colcon.colcon_core.environment:checking '/home/greg/ros2_ws/install/roswifibot/lib/pkgconfig/roswifibot.pc'
[5.960s] Level 1:colcon.colcon_core.environment:checking '/home/greg/ros2_ws/install/roswifibot/lib/python3.10/site-packages'
[5.960s] Level 1:colcon.colcon_core.environment:checking '/home/greg/ros2_ws/install/roswifibot/bin'
[5.975s] INFO:colcon.colcon_core.shell:Creating package script '/home/greg/ros2_ws/install/roswifibot/share/roswifibot/package.ps1'
[5.976s] INFO:colcon.colcon_core.shell:Creating package descriptor '/home/greg/ros2_ws/install/roswifibot/share/roswifibot/package.dsv'
[5.977s] INFO:colcon.colcon_core.shell:Creating package script '/home/greg/ros2_ws/install/roswifibot/share/roswifibot/package.sh'
[5.977s] INFO:colcon.colcon_core.shell:Creating package script '/home/greg/ros2_ws/install/roswifibot/share/roswifibot/package.bash'
[5.978s] INFO:colcon.colcon_core.shell:Creating package script '/home/greg/ros2_ws/install/roswifibot/share/roswifibot/package.zsh'
[5.978s] Level 1:colcon.colcon_core.environment:create_file_with_runtime_dependencies(/home/greg/ros2_ws/install/roswifibot/share/colcon-core/packages/roswifibot)
[5.979s] DEBUG:colcon.colcon_parallel_executor.executor.parallel:closing loop
[5.980s] DEBUG:colcon.colcon_parallel_executor.executor.parallel:loop closed
[5.980s] DEBUG:colcon.colcon_parallel_executor.executor.parallel:run_until_complete finished with '2'
[5.980s] DEBUG:colcon.colcon_core.event_reactor:joining thread
[5.997s] INFO:colcon.colcon_core.plugin_system:Skipping extension 'colcon_notification.desktop_notification.terminal_notifier': Not used on non-Darwin systems
[5.997s] INFO:colcon.colcon_core.plugin_system:Skipping extension 'colcon_notification.desktop_notification.win32': Not used on non-Windows systems
[5.997s] INFO:colcon.colcon_notification.desktop_notification:Sending desktop notification using 'notify2'
[6.012s] DEBUG:colcon.colcon_core.event_reactor:joined thread
[6.024s] INFO:colcon.colcon_core.shell:Creating prefix script '/home/greg/ros2_ws/install/local_setup.ps1'
[6.025s] INFO:colcon.colcon_core.shell:Creating prefix util module '/home/greg/ros2_ws/install/_local_setup_util_ps1.py'
[6.027s] INFO:colcon.colcon_core.shell:Creating prefix chain script '/home/greg/ros2_ws/install/setup.ps1'
[6.038s] INFO:colcon.colcon_core.shell:Creating prefix script '/home/greg/ros2_ws/install/local_setup.sh'
[6.039s] INFO:colcon.colcon_core.shell:Creating prefix util module '/home/greg/ros2_ws/install/_local_setup_util_sh.py'
[6.040s] INFO:colcon.colcon_core.shell:Creating prefix chain script '/home/greg/ros2_ws/install/setup.sh'
[6.051s] INFO:colcon.colcon_core.shell:Creating prefix script '/home/greg/ros2_ws/install/local_setup.bash'
[6.052s] INFO:colcon.colcon_core.shell:Creating prefix chain script '/home/greg/ros2_ws/install/setup.bash'
[6.064s] INFO:colcon.colcon_core.shell:Creating prefix script '/home/greg/ros2_ws/install/local_setup.zsh'
[6.065s] INFO:colcon.colcon_core.shell:Creating prefix chain script '/home/greg/ros2_ws/install/setup.zsh'
