[0.042s] Invoking command in '/home/greg/ros2_ws/build/lib_wifibot': CMAKE_PREFIX_PATH=${CMAKE_PREFIX_PATH}:/opt/ros/humble /usr/bin/cmake /home/greg/ros2_ws/src/lib_wifibot -DCMAKE_INSTALL_PREFIX=/home/greg/ros2_ws/install/lib_wifibot
[0.088s] -- The C compiler identification is GNU 11.4.0
[0.128s] -- The CXX compiler identification is GNU 11.4.0
[0.133s] -- Detecting C compiler ABI info
[0.189s] -- Detecting C compiler ABI info - done
[0.194s] -- Check for working C compiler: /usr/bin/cc - skipped
[0.194s] -- Detecting C compile features
[0.194s] -- Detecting C compile features - done
[0.196s] -- Detecting CXX compiler ABI info
[0.257s] -- Detecting CXX compiler ABI info - done
[0.261s] -- Check for working CXX compiler: /usr/bin/c++ - skipped
[0.261s] -- Detecting CXX compile features
[0.262s] -- Detecting CXX compile features - done
[0.263s] -- Found ament_cmake: 1.3.5 (/opt/ros/humble/share/ament_cmake/cmake)
[0.382s] -- Found Python3: /usr/bin/python3.10 (found version "3.10.12") found components: Interpreter 
[0.434s] -- Found ament_lint_auto: 0.12.8 (/opt/ros/humble/share/ament_lint_auto/cmake)
[0.481s] -- Found rosidl_default_generators: 1.2.0 (/opt/ros/humble/share/rosidl_default_generators/cmake)
[0.483s] -- Using all available rosidl_typesupport_c: rosidl_typesupport_fastrtps_c;rosidl_typesupport_introspection_c
[0.487s] -- Found rosidl_adapter: 3.1.5 (/opt/ros/humble/share/rosidl_adapter/cmake)
[0.520s] -- Using all available rosidl_typesupport_cpp: rosidl_typesupport_fastrtps_cpp;rosidl_typesupport_introspection_cpp
[0.530s] -- Added test 'cppcheck' to perform static code analysis on C / C++ code
[0.530s] -- Configured cppcheck include dirs: /home/greg/ros2_ws/src/lib_wifibot/include
[0.530s] -- Configured cppcheck exclude dirs and/or files: 
[0.531s] -- Added test 'lint_cmake' to check CMake code style
[0.531s] -- Added test 'uncrustify' to check C / C++ code style
[0.531s] -- Configured uncrustify additional arguments: 
[0.532s] -- Added test 'xmllint' to check XML markup files
[0.533s] -- Configuring done
[0.536s] -- Generating done
[0.537s] -- Build files have been written to: /home/greg/ros2_ws/build/lib_wifibot
[0.540s] Invoked command in '/home/greg/ros2_ws/build/lib_wifibot' returned '0': CMAKE_PREFIX_PATH=${CMAKE_PREFIX_PATH}:/opt/ros/humble /usr/bin/cmake /home/greg/ros2_ws/src/lib_wifibot -DCMAKE_INSTALL_PREFIX=/home/greg/ros2_ws/install/lib_wifibot
[0.541s] Invoking command in '/home/greg/ros2_ws/build/lib_wifibot': CMAKE_PREFIX_PATH=${CMAKE_PREFIX_PATH}:/opt/ros/humble /usr/bin/cmake --build /home/greg/ros2_ws/build/lib_wifibot -- -j16 -l16
[0.582s] [ 50%] [32mBuilding CXX object CMakeFiles/lib_wifibot.dir/src/libwifibot.cpp.o[0m
[0.752s] [100%] [32m[1mLinking CXX static library liblib_wifibot.a[0m
[0.776s] [100%] Built target lib_wifibot
[0.787s] Invoked command in '/home/greg/ros2_ws/build/lib_wifibot' returned '0': CMAKE_PREFIX_PATH=${CMAKE_PREFIX_PATH}:/opt/ros/humble /usr/bin/cmake --build /home/greg/ros2_ws/build/lib_wifibot -- -j16 -l16
[0.815s] Invoking command in '/home/greg/ros2_ws/build/lib_wifibot': CMAKE_PREFIX_PATH=${CMAKE_PREFIX_PATH}:/opt/ros/humble /usr/bin/cmake --install /home/greg/ros2_ws/build/lib_wifibot
[0.821s] -- Install configuration: ""
[0.821s] -- Installing: /home/greg/ros2_ws/install/lib_wifibot/share/lib_wifibot/environment/library_path.sh
[0.821s] -- Installing: /home/greg/ros2_ws/install/lib_wifibot/share/lib_wifibot/environment/library_path.dsv
[0.821s] -- Installing: /home/greg/ros2_ws/install/lib_wifibot/include/lib_wifibot
[0.821s] -- Installing: /home/greg/ros2_ws/install/lib_wifibot/include/lib_wifibot/libwifibot.h
[0.821s] -- Installing: /home/greg/ros2_ws/install/lib_wifibot/lib/liblib_wifibot.a
[0.822s] -- Installing: /home/greg/ros2_ws/install/lib_wifibot/share/ament_index/resource_index/package_run_dependencies/lib_wifibot
[0.822s] -- Installing: /home/greg/ros2_ws/install/lib_wifibot/share/ament_index/resource_index/parent_prefix_path/lib_wifibot
[0.822s] -- Installing: /home/greg/ros2_ws/install/lib_wifibot/share/lib_wifibot/environment/ament_prefix_path.sh
[0.822s] -- Installing: /home/greg/ros2_ws/install/lib_wifibot/share/lib_wifibot/environment/ament_prefix_path.dsv
[0.822s] -- Installing: /home/greg/ros2_ws/install/lib_wifibot/share/lib_wifibot/environment/path.sh
[0.822s] -- Installing: /home/greg/ros2_ws/install/lib_wifibot/share/lib_wifibot/environment/path.dsv
[0.822s] -- Installing: /home/greg/ros2_ws/install/lib_wifibot/share/lib_wifibot/local_setup.bash
[0.822s] -- Installing: /home/greg/ros2_ws/install/lib_wifibot/share/lib_wifibot/local_setup.sh
[0.822s] -- Installing: /home/greg/ros2_ws/install/lib_wifibot/share/lib_wifibot/local_setup.zsh
[0.822s] -- Installing: /home/greg/ros2_ws/install/lib_wifibot/share/lib_wifibot/local_setup.dsv
[0.823s] -- Installing: /home/greg/ros2_ws/install/lib_wifibot/share/lib_wifibot/package.dsv
[0.823s] -- Installing: /home/greg/ros2_ws/install/lib_wifibot/share/ament_index/resource_index/packages/lib_wifibot
[0.823s] -- Installing: /home/greg/ros2_ws/install/lib_wifibot/share/lib_wifibot/cmake/lib_wifibotExport.cmake
[0.823s] -- Installing: /home/greg/ros2_ws/install/lib_wifibot/share/lib_wifibot/cmake/lib_wifibotExport-noconfig.cmake
[0.823s] -- Installing: /home/greg/ros2_ws/install/lib_wifibot/share/lib_wifibot/cmake/ament_cmake_export_targets-extras.cmake
[0.823s] -- Installing: /home/greg/ros2_ws/install/lib_wifibot/share/lib_wifibot/cmake/lib_wifibotConfig.cmake
[0.823s] -- Installing: /home/greg/ros2_ws/install/lib_wifibot/share/lib_wifibot/cmake/lib_wifibotConfig-version.cmake
[0.823s] -- Installing: /home/greg/ros2_ws/install/lib_wifibot/share/lib_wifibot/package.xml
[0.825s] Invoked command in '/home/greg/ros2_ws/build/lib_wifibot' returned '0': CMAKE_PREFIX_PATH=${CMAKE_PREFIX_PATH}:/opt/ros/humble /usr/bin/cmake --install /home/greg/ros2_ws/build/lib_wifibot
